# gmm-acc-stats-ali exp/tri1_aug/19.mdl "ark,s,cs:apply-cmvn  --utt2spk=ark:data/train_sp3/split4/3/utt2spk scp:data/train_sp3/split4/3/cmvn.scp scp:data/train_sp3/split4/3/feats.scp ark:- | add-deltas  ark:- ark:- |" "ark,s,cs:gunzip -c exp/tri1_aug/ali.3.gz|" exp/tri1_aug/19.3.acc 
# Started at Mon Feb 15 12:16:59 IST 2021
#
gmm-acc-stats-ali exp/tri1_aug/19.mdl 'ark,s,cs:apply-cmvn  --utt2spk=ark:data/train_sp3/split4/3/utt2spk scp:data/train_sp3/split4/3/cmvn.scp scp:data/train_sp3/split4/3/feats.scp ark:- | add-deltas  ark:- ark:- |' 'ark,s,cs:gunzip -c exp/tri1_aug/ali.3.gz|' exp/tri1_aug/19.3.acc 
add-deltas ark:- ark:- 
apply-cmvn --utt2spk=ark:data/train_sp3/split4/3/utt2spk scp:data/train_sp3/split4/3/cmvn.scp scp:data/train_sp3/split4/3/feats.scp ark:- 
LOG (gmm-acc-stats-ali[5.5.883~1-3eea3]:main():gmm-acc-stats-ali.cc:105) Processed 50 utterances; for utterance sp0.9-SWH-05-20101109_emission_swahili_05h30_-_06h00_tu_20101109_part143 avg. like is -96.5265 over 275 frames.
LOG (gmm-acc-stats-ali[5.5.883~1-3eea3]:main():gmm-acc-stats-ali.cc:105) Processed 100 utterances; for utterance sp0.9-SWH-05-20101109_emission_swahili_05h30_-_06h00_tu_20101109_part189 avg. like is -104.239 over 261 frames.
LOG (gmm-acc-stats-ali[5.5.883~1-3eea3]:main():gmm-acc-stats-ali.cc:105) Processed 150 utterances; for utterance sp0.9-SWH-05-20101109_emission_swahili_05h30_-_06h00_tu_20101109_part24 avg. like is -100.008 over 596 frames.
LOG (gmm-acc-stats-ali[5.5.883~1-3eea3]:main():gmm-acc-stats-ali.cc:105) Processed 200 utterances; for utterance sp0.9-SWH-05-20101109_emission_swahili_05h30_-_06h00_tu_20101109_part7 avg. like is -99.1544 over 277 frames.
WARNING (gmm-acc-stats-ali[5.5.883~1-3eea3]:main():gmm-acc-stats-ali.cc:79) No alignment for utterance sp0.9-SWH-05-20101109_emission_swahili_05h30_-_06h00_tu_20101109_part94
LOG (gmm-acc-stats-ali[5.5.883~1-3eea3]:main():gmm-acc-stats-ali.cc:105) Processed 250 utterances; for utterance sp0.9-SWH-05-20101110_16k-emission_swahili_15h00_-_16h00_tu_20101110_part116 avg. like is -99.1288 over 580 frames.
LOG (gmm-acc-stats-ali[5.5.883~1-3eea3]:main():gmm-acc-stats-ali.cc:105) Processed 300 utterances; for utterance sp0.9-SWH-05-20101110_16k-emission_swahili_15h00_-_16h00_tu_20101110_part161 avg. like is -101.286 over 577 frames.
LOG (gmm-acc-stats-ali[5.5.883~1-3eea3]:main():gmm-acc-stats-ali.cc:105) Processed 350 utterances; for utterance sp0.9-SWH-05-20101110_16k-emission_swahili_15h00_-_16h00_tu_20101110_part206 avg. like is -101.851 over 347 frames.
LOG (gmm-acc-stats-ali[5.5.883~1-3eea3]:main():gmm-acc-stats-ali.cc:105) Processed 400 utterances; for utterance sp0.9-SWH-05-20101110_16k-emission_swahili_15h00_-_16h00_tu_20101110_part251 avg. like is -100.838 over 419 frames.
LOG (gmm-acc-stats-ali[5.5.883~1-3eea3]:main():gmm-acc-stats-ali.cc:105) Processed 450 utterances; for utterance sp0.9-SWH-05-20101110_16k-emission_swahili_15h00_-_16h00_tu_20101110_part297 avg. like is -98.1555 over 337 frames.
LOG (gmm-acc-stats-ali[5.5.883~1-3eea3]:main():gmm-acc-stats-ali.cc:105) Processed 500 utterances; for utterance sp0.9-SWH-05-20101110_16k-emission_swahili_15h00_-_16h00_tu_20101110_part341 avg. like is -101.645 over 370 frames.
LOG (gmm-acc-stats-ali[5.5.883~1-3eea3]:main():gmm-acc-stats-ali.cc:105) Processed 550 utterances; for utterance sp0.9-SWH-05-20101110_16k-emission_swahili_15h00_-_16h00_tu_20101110_part387 avg. like is -98.9574 over 485 frames.
LOG (gmm-acc-stats-ali[5.5.883~1-3eea3]:main():gmm-acc-stats-ali.cc:105) Processed 600 utterances; for utterance sp0.9-SWH-05-20101110_16k-emission_swahili_15h00_-_16h00_tu_20101110_part431 avg. like is -102.436 over 325 frames.
WARNING (gmm-acc-stats-ali[5.5.883~1-3eea3]:main():gmm-acc-stats-ali.cc:79) No alignment for utterance sp0.9-SWH-05-20101110_16k-emission_swahili_15h00_-_16h00_tu_20101110_part450
LOG (gmm-acc-stats-ali[5.5.883~1-3eea3]:main():gmm-acc-stats-ali.cc:105) Processed 650 utterances; for utterance sp0.9-SWH-05-20101110_16k-emission_swahili_15h00_-_16h00_tu_20101110_part478 avg. like is -100.071 over 484 frames.
LOG (gmm-acc-stats-ali[5.5.883~1-3eea3]:main():gmm-acc-stats-ali.cc:105) Processed 700 utterances; for utterance sp0.9-SWH-05-20101110_16k-emission_swahili_15h00_-_16h00_tu_20101110_part77 avg. like is -99.528 over 529 frames.
LOG (gmm-acc-stats-ali[5.5.883~1-3eea3]:main():gmm-acc-stats-ali.cc:105) Processed 750 utterances; for utterance sp1.1-SWH-05-20101106_16k-emission_swahili_05h30_-_06h00_tu_20101106_part122 avg. like is -99.749 over 530 frames.
LOG (gmm-acc-stats-ali[5.5.883~1-3eea3]:main():gmm-acc-stats-ali.cc:105) Processed 800 utterances; for utterance sp1.1-SWH-05-20101106_16k-emission_swahili_05h30_-_06h00_tu_20101106_part169 avg. like is -103.458 over 226 frames.
WARNING (gmm-acc-stats-ali[5.5.883~1-3eea3]:main():gmm-acc-stats-ali.cc:79) No alignment for utterance sp1.1-SWH-05-20101106_16k-emission_swahili_05h30_-_06h00_tu_20101106_part185
WARNING (gmm-acc-stats-ali[5.5.883~1-3eea3]:main():gmm-acc-stats-ali.cc:79) No alignment for utterance sp1.1-SWH-05-20101106_16k-emission_swahili_05h30_-_06h00_tu_20101106_part193
LOG (gmm-acc-stats-ali[5.5.883~1-3eea3]:main():gmm-acc-stats-ali.cc:105) Processed 850 utterances; for utterance sp1.1-SWH-05-20101106_16k-emission_swahili_05h30_-_06h00_tu_20101106_part29 avg. like is -101.597 over 443 frames.
LOG (gmm-acc-stats-ali[5.5.883~1-3eea3]:main():gmm-acc-stats-ali.cc:105) Processed 900 utterances; for utterance sp1.1-SWH-05-20101106_16k-emission_swahili_05h30_-_06h00_tu_20101106_part74 avg. like is -116.735 over 254 frames.
LOG (apply-cmvn[5.5.883~1-3eea3]:main():apply-cmvn.cc:162) Applied cepstral mean normalization to 931 utterances, errors on 0
LOG (gmm-acc-stats-ali[5.5.883~1-3eea3]:main():gmm-acc-stats-ali.cc:112) Done 927 files, 4 with errors.
LOG (gmm-acc-stats-ali[5.5.883~1-3eea3]:main():gmm-acc-stats-ali.cc:115) Overall avg like per frame (Gaussian only) = -101.564 over 345922 frames.
LOG (gmm-acc-stats-ali[5.5.883~1-3eea3]:main():gmm-acc-stats-ali.cc:123) Written accs.
# Accounting: time=3 threads=1
# Ended (code 0) at Mon Feb 15 12:17:02 IST 2021, elapsed time 3 seconds
