# gmm-acc-stats-ali exp/tri1_aug/34.mdl "ark,s,cs:apply-cmvn  --utt2spk=ark:data/train_sp3/split4/4/utt2spk scp:data/train_sp3/split4/4/cmvn.scp scp:data/train_sp3/split4/4/feats.scp ark:- | add-deltas  ark:- ark:- |" "ark,s,cs:gunzip -c exp/tri1_aug/ali.4.gz|" exp/tri1_aug/34.4.acc 
# Started at Mon Feb 15 12:18:19 IST 2021
#
gmm-acc-stats-ali exp/tri1_aug/34.mdl 'ark,s,cs:apply-cmvn  --utt2spk=ark:data/train_sp3/split4/4/utt2spk scp:data/train_sp3/split4/4/cmvn.scp scp:data/train_sp3/split4/4/feats.scp ark:- | add-deltas  ark:- ark:- |' 'ark,s,cs:gunzip -c exp/tri1_aug/ali.4.gz|' exp/tri1_aug/34.4.acc 
add-deltas ark:- ark:- 
apply-cmvn --utt2spk=ark:data/train_sp3/split4/4/utt2spk scp:data/train_sp3/split4/4/cmvn.scp scp:data/train_sp3/split4/4/feats.scp ark:- 
WARNING (gmm-acc-stats-ali[5.5.883~1-3eea3]:main():gmm-acc-stats-ali.cc:79) No alignment for utterance sp1.1-SWH-05-20101107_16k-emission_swahili_05h30_-_06h00_tu_20101107_part120
LOG (gmm-acc-stats-ali[5.5.883~1-3eea3]:main():gmm-acc-stats-ali.cc:105) Processed 50 utterances; for utterance sp1.1-SWH-05-20101107_16k-emission_swahili_05h30_-_06h00_tu_20101107_part145 avg. like is -103.258 over 451 frames.
LOG (gmm-acc-stats-ali[5.5.883~1-3eea3]:main():gmm-acc-stats-ali.cc:105) Processed 100 utterances; for utterance sp1.1-SWH-05-20101107_16k-emission_swahili_05h30_-_06h00_tu_20101107_part190 avg. like is -103.559 over 431 frames.
LOG (gmm-acc-stats-ali[5.5.883~1-3eea3]:main():gmm-acc-stats-ali.cc:105) Processed 150 utterances; for utterance sp1.1-SWH-05-20101107_16k-emission_swahili_05h30_-_06h00_tu_20101107_part4 avg. like is -99.3073 over 316 frames.
WARNING (gmm-acc-stats-ali[5.5.883~1-3eea3]:main():gmm-acc-stats-ali.cc:79) No alignment for utterance sp1.1-SWH-05-20101107_16k-emission_swahili_05h30_-_06h00_tu_20101107_part82
LOG (gmm-acc-stats-ali[5.5.883~1-3eea3]:main():gmm-acc-stats-ali.cc:105) Processed 200 utterances; for utterance sp1.1-SWH-05-20101107_16k-emission_swahili_05h30_-_06h00_tu_20101107_part86 avg. like is -105.124 over 294 frames.
LOG (gmm-acc-stats-ali[5.5.883~1-3eea3]:main():gmm-acc-stats-ali.cc:105) Processed 250 utterances; for utterance sp1.1-SWH-05-20101109_emission_swahili_05h30_-_06h00_tu_20101109_part130 avg. like is -104.674 over 279 frames.
LOG (gmm-acc-stats-ali[5.5.883~1-3eea3]:main():gmm-acc-stats-ali.cc:105) Processed 300 utterances; for utterance sp1.1-SWH-05-20101109_emission_swahili_05h30_-_06h00_tu_20101109_part176 avg. like is -98.9855 over 293 frames.
LOG (gmm-acc-stats-ali[5.5.883~1-3eea3]:main():gmm-acc-stats-ali.cc:105) Processed 350 utterances; for utterance sp1.1-SWH-05-20101109_emission_swahili_05h30_-_06h00_tu_20101109_part220 avg. like is -98.1493 over 392 frames.
LOG (gmm-acc-stats-ali[5.5.883~1-3eea3]:main():gmm-acc-stats-ali.cc:105) Processed 400 utterances; for utterance sp1.1-SWH-05-20101109_emission_swahili_05h30_-_06h00_tu_20101109_part57 avg. like is -98.7579 over 515 frames.
WARNING (gmm-acc-stats-ali[5.5.883~1-3eea3]:main():gmm-acc-stats-ali.cc:79) No alignment for utterance sp1.1-SWH-05-20101109_emission_swahili_05h30_-_06h00_tu_20101109_part94
LOG (gmm-acc-stats-ali[5.5.883~1-3eea3]:main():gmm-acc-stats-ali.cc:105) Processed 450 utterances; for utterance sp1.1-SWH-05-20101110_16k-emission_swahili_15h00_-_16h00_tu_20101110_part103 avg. like is -101.627 over 400 frames.
LOG (gmm-acc-stats-ali[5.5.883~1-3eea3]:main():gmm-acc-stats-ali.cc:105) Processed 500 utterances; for utterance sp1.1-SWH-05-20101110_16k-emission_swahili_15h00_-_16h00_tu_20101110_part149 avg. like is -100.041 over 275 frames.
WARNING (gmm-acc-stats-ali[5.5.883~1-3eea3]:main():gmm-acc-stats-ali.cc:79) No alignment for utterance sp1.1-SWH-05-20101110_16k-emission_swahili_15h00_-_16h00_tu_20101110_part181
LOG (gmm-acc-stats-ali[5.5.883~1-3eea3]:main():gmm-acc-stats-ali.cc:105) Processed 550 utterances; for utterance sp1.1-SWH-05-20101110_16k-emission_swahili_15h00_-_16h00_tu_20101110_part195 avg. like is -98.1873 over 438 frames.
LOG (gmm-acc-stats-ali[5.5.883~1-3eea3]:main():gmm-acc-stats-ali.cc:105) Processed 600 utterances; for utterance sp1.1-SWH-05-20101110_16k-emission_swahili_15h00_-_16h00_tu_20101110_part24 avg. like is -106.951 over 521 frames.
LOG (gmm-acc-stats-ali[5.5.883~1-3eea3]:main():gmm-acc-stats-ali.cc:105) Processed 650 utterances; for utterance sp1.1-SWH-05-20101110_16k-emission_swahili_15h00_-_16h00_tu_20101110_part285 avg. like is -104.869 over 502 frames.
LOG (gmm-acc-stats-ali[5.5.883~1-3eea3]:main():gmm-acc-stats-ali.cc:105) Processed 700 utterances; for utterance sp1.1-SWH-05-20101110_16k-emission_swahili_15h00_-_16h00_tu_20101110_part33 avg. like is -102.092 over 227 frames.
LOG (gmm-acc-stats-ali[5.5.883~1-3eea3]:main():gmm-acc-stats-ali.cc:105) Processed 750 utterances; for utterance sp1.1-SWH-05-20101110_16k-emission_swahili_15h00_-_16h00_tu_20101110_part375 avg. like is -98.5327 over 280 frames.
LOG (gmm-acc-stats-ali[5.5.883~1-3eea3]:main():gmm-acc-stats-ali.cc:105) Processed 800 utterances; for utterance sp1.1-SWH-05-20101110_16k-emission_swahili_15h00_-_16h00_tu_20101110_part42 avg. like is -103.6 over 260 frames.
WARNING (gmm-acc-stats-ali[5.5.883~1-3eea3]:main():gmm-acc-stats-ali.cc:79) No alignment for utterance sp1.1-SWH-05-20101110_16k-emission_swahili_15h00_-_16h00_tu_20101110_part435
WARNING (gmm-acc-stats-ali[5.5.883~1-3eea3]:main():gmm-acc-stats-ali.cc:79) No alignment for utterance sp1.1-SWH-05-20101110_16k-emission_swahili_15h00_-_16h00_tu_20101110_part447
WARNING (gmm-acc-stats-ali[5.5.883~1-3eea3]:main():gmm-acc-stats-ali.cc:79) No alignment for utterance sp1.1-SWH-05-20101110_16k-emission_swahili_15h00_-_16h00_tu_20101110_part450
LOG (gmm-acc-stats-ali[5.5.883~1-3eea3]:main():gmm-acc-stats-ali.cc:105) Processed 850 utterances; for utterance sp1.1-SWH-05-20101110_16k-emission_swahili_15h00_-_16h00_tu_20101110_part468 avg. like is -111.554 over 342 frames.
WARNING (gmm-acc-stats-ali[5.5.883~1-3eea3]:main():gmm-acc-stats-ali.cc:79) No alignment for utterance sp1.1-SWH-05-20101110_16k-emission_swahili_15h00_-_16h00_tu_20101110_part479
LOG (gmm-acc-stats-ali[5.5.883~1-3eea3]:main():gmm-acc-stats-ali.cc:105) Processed 900 utterances; for utterance sp1.1-SWH-05-20101110_16k-emission_swahili_15h00_-_16h00_tu_20101110_part68 avg. like is -105.041 over 466 frames.
LOG (apply-cmvn[5.5.883~1-3eea3]:main():apply-cmvn.cc:162) Applied cepstral mean normalization to 942 utterances, errors on 0
LOG (gmm-acc-stats-ali[5.5.883~1-3eea3]:main():gmm-acc-stats-ali.cc:112) Done 934 files, 8 with errors.
LOG (gmm-acc-stats-ali[5.5.883~1-3eea3]:main():gmm-acc-stats-ali.cc:115) Overall avg like per frame (Gaussian only) = -101.808 over 297538 frames.
LOG (gmm-acc-stats-ali[5.5.883~1-3eea3]:main():gmm-acc-stats-ali.cc:123) Written accs.
# Accounting: time=3 threads=1
# Ended (code 0) at Mon Feb 15 12:18:22 IST 2021, elapsed time 3 seconds
