# gmm-acc-stats-ali exp/tri1_aug/3.mdl "ark,s,cs:apply-cmvn  --utt2spk=ark:data/train_sp3/split4/4/utt2spk scp:data/train_sp3/split4/4/cmvn.scp scp:data/train_sp3/split4/4/feats.scp ark:- | add-deltas  ark:- ark:- |" "ark,s,cs:gunzip -c exp/tri1_aug/ali.4.gz|" exp/tri1_aug/3.4.acc 
# Started at Mon Feb 15 12:15:59 IST 2021
#
gmm-acc-stats-ali exp/tri1_aug/3.mdl 'ark,s,cs:apply-cmvn  --utt2spk=ark:data/train_sp3/split4/4/utt2spk scp:data/train_sp3/split4/4/cmvn.scp scp:data/train_sp3/split4/4/feats.scp ark:- | add-deltas  ark:- ark:- |' 'ark,s,cs:gunzip -c exp/tri1_aug/ali.4.gz|' exp/tri1_aug/3.4.acc 
apply-cmvn --utt2spk=ark:data/train_sp3/split4/4/utt2spk scp:data/train_sp3/split4/4/cmvn.scp scp:data/train_sp3/split4/4/feats.scp ark:- 
add-deltas ark:- ark:- 
WARNING (gmm-acc-stats-ali[5.5.883~1-3eea3]:main():gmm-acc-stats-ali.cc:79) No alignment for utterance sp1.1-SWH-05-20101107_16k-emission_swahili_05h30_-_06h00_tu_20101107_part120
LOG (gmm-acc-stats-ali[5.5.883~1-3eea3]:main():gmm-acc-stats-ali.cc:105) Processed 50 utterances; for utterance sp1.1-SWH-05-20101107_16k-emission_swahili_05h30_-_06h00_tu_20101107_part145 avg. like is -108.956 over 451 frames.
LOG (gmm-acc-stats-ali[5.5.883~1-3eea3]:main():gmm-acc-stats-ali.cc:105) Processed 100 utterances; for utterance sp1.1-SWH-05-20101107_16k-emission_swahili_05h30_-_06h00_tu_20101107_part190 avg. like is -108.947 over 431 frames.
LOG (gmm-acc-stats-ali[5.5.883~1-3eea3]:main():gmm-acc-stats-ali.cc:105) Processed 150 utterances; for utterance sp1.1-SWH-05-20101107_16k-emission_swahili_05h30_-_06h00_tu_20101107_part4 avg. like is -106.344 over 316 frames.
LOG (gmm-acc-stats-ali[5.5.883~1-3eea3]:main():gmm-acc-stats-ali.cc:105) Processed 200 utterances; for utterance sp1.1-SWH-05-20101107_16k-emission_swahili_05h30_-_06h00_tu_20101107_part85 avg. like is -112.849 over 222 frames.
LOG (gmm-acc-stats-ali[5.5.883~1-3eea3]:main():gmm-acc-stats-ali.cc:105) Processed 250 utterances; for utterance sp1.1-SWH-05-20101109_emission_swahili_05h30_-_06h00_tu_20101109_part13 avg. like is -111.814 over 312 frames.
LOG (gmm-acc-stats-ali[5.5.883~1-3eea3]:main():gmm-acc-stats-ali.cc:105) Processed 300 utterances; for utterance sp1.1-SWH-05-20101109_emission_swahili_05h30_-_06h00_tu_20101109_part175 avg. like is -106.604 over 333 frames.
LOG (gmm-acc-stats-ali[5.5.883~1-3eea3]:main():gmm-acc-stats-ali.cc:105) Processed 350 utterances; for utterance sp1.1-SWH-05-20101109_emission_swahili_05h30_-_06h00_tu_20101109_part22 avg. like is -108.526 over 306 frames.
LOG (gmm-acc-stats-ali[5.5.883~1-3eea3]:main():gmm-acc-stats-ali.cc:105) Processed 400 utterances; for utterance sp1.1-SWH-05-20101109_emission_swahili_05h30_-_06h00_tu_20101109_part56 avg. like is -105.013 over 301 frames.
LOG (gmm-acc-stats-ali[5.5.883~1-3eea3]:main():gmm-acc-stats-ali.cc:105) Processed 450 utterances; for utterance sp1.1-SWH-05-20101110_16k-emission_swahili_15h00_-_16h00_tu_20101110_part101 avg. like is -106.511 over 229 frames.
LOG (gmm-acc-stats-ali[5.5.883~1-3eea3]:main():gmm-acc-stats-ali.cc:105) Processed 500 utterances; for utterance sp1.1-SWH-05-20101110_16k-emission_swahili_15h00_-_16h00_tu_20101110_part147 avg. like is -106.611 over 264 frames.
WARNING (gmm-acc-stats-ali[5.5.883~1-3eea3]:main():gmm-acc-stats-ali.cc:79) No alignment for utterance sp1.1-SWH-05-20101110_16k-emission_swahili_15h00_-_16h00_tu_20101110_part181
LOG (gmm-acc-stats-ali[5.5.883~1-3eea3]:main():gmm-acc-stats-ali.cc:105) Processed 550 utterances; for utterance sp1.1-SWH-05-20101110_16k-emission_swahili_15h00_-_16h00_tu_20101110_part193 avg. like is -106.549 over 242 frames.
LOG (gmm-acc-stats-ali[5.5.883~1-3eea3]:main():gmm-acc-stats-ali.cc:105) Processed 600 utterances; for utterance sp1.1-SWH-05-20101110_16k-emission_swahili_15h00_-_16h00_tu_20101110_part238 avg. like is -112.473 over 471 frames.
LOG (gmm-acc-stats-ali[5.5.883~1-3eea3]:main():gmm-acc-stats-ali.cc:105) Processed 650 utterances; for utterance sp1.1-SWH-05-20101110_16k-emission_swahili_15h00_-_16h00_tu_20101110_part283 avg. like is -107.89 over 280 frames.
LOG (gmm-acc-stats-ali[5.5.883~1-3eea3]:main():gmm-acc-stats-ali.cc:105) Processed 700 utterances; for utterance sp1.1-SWH-05-20101110_16k-emission_swahili_15h00_-_16h00_tu_20101110_part328 avg. like is -115.387 over 521 frames.
LOG (gmm-acc-stats-ali[5.5.883~1-3eea3]:main():gmm-acc-stats-ali.cc:105) Processed 750 utterances; for utterance sp1.1-SWH-05-20101110_16k-emission_swahili_15h00_-_16h00_tu_20101110_part373 avg. like is -109.728 over 425 frames.
LOG (gmm-acc-stats-ali[5.5.883~1-3eea3]:main():gmm-acc-stats-ali.cc:105) Processed 800 utterances; for utterance sp1.1-SWH-05-20101110_16k-emission_swahili_15h00_-_16h00_tu_20101110_part418 avg. like is -113.239 over 240 frames.
WARNING (gmm-acc-stats-ali[5.5.883~1-3eea3]:main():gmm-acc-stats-ali.cc:79) No alignment for utterance sp1.1-SWH-05-20101110_16k-emission_swahili_15h00_-_16h00_tu_20101110_part435
WARNING (gmm-acc-stats-ali[5.5.883~1-3eea3]:main():gmm-acc-stats-ali.cc:79) No alignment for utterance sp1.1-SWH-05-20101110_16k-emission_swahili_15h00_-_16h00_tu_20101110_part450
LOG (gmm-acc-stats-ali[5.5.883~1-3eea3]:main():gmm-acc-stats-ali.cc:105) Processed 850 utterances; for utterance sp1.1-SWH-05-20101110_16k-emission_swahili_15h00_-_16h00_tu_20101110_part465 avg. like is -119.389 over 292 frames.
LOG (gmm-acc-stats-ali[5.5.883~1-3eea3]:main():gmm-acc-stats-ali.cc:105) Processed 900 utterances; for utterance sp1.1-SWH-05-20101110_16k-emission_swahili_15h00_-_16h00_tu_20101110_part64 avg. like is -111.094 over 256 frames.
LOG (apply-cmvn[5.5.883~1-3eea3]:main():apply-cmvn.cc:162) Applied cepstral mean normalization to 942 utterances, errors on 0
LOG (gmm-acc-stats-ali[5.5.883~1-3eea3]:main():gmm-acc-stats-ali.cc:112) Done 938 files, 4 with errors.
LOG (gmm-acc-stats-ali[5.5.883~1-3eea3]:main():gmm-acc-stats-ali.cc:115) Overall avg like per frame (Gaussian only) = -108.493 over 298834 frames.
LOG (gmm-acc-stats-ali[5.5.883~1-3eea3]:main():gmm-acc-stats-ali.cc:123) Written accs.
# Accounting: time=2 threads=1
# Ended (code 0) at Mon Feb 15 12:16:01 IST 2021, elapsed time 2 seconds
