# gmm-est --mix-up=10000 --power=0.25 --write-occs=exp/tri1_aug/31.occs exp/tri1_aug/30.mdl "gmm-sum-accs - exp/tri1_aug/30.*.acc |" exp/tri1_aug/31.mdl 
# Started at Mon Feb 15 12:18:08 IST 2021
#
gmm-est --mix-up=10000 --power=0.25 --write-occs=exp/tri1_aug/31.occs exp/tri1_aug/30.mdl 'gmm-sum-accs - exp/tri1_aug/30.*.acc |' exp/tri1_aug/31.mdl 
gmm-sum-accs - exp/tri1_aug/30.1.acc exp/tri1_aug/30.2.acc exp/tri1_aug/30.3.acc exp/tri1_aug/30.4.acc 
LOG (gmm-sum-accs[5.5.883~1-3eea3]:main():gmm-sum-accs.cc:63) Summed 4 stats, total count 1.20044e+06, avg like/frame -100.148
LOG (gmm-sum-accs[5.5.883~1-3eea3]:main():gmm-sum-accs.cc:66) Total count of stats is 1.20044e+06
LOG (gmm-sum-accs[5.5.883~1-3eea3]:main():gmm-sum-accs.cc:67) Written stats to -
LOG (gmm-est[5.5.883~1-3eea3]:MleUpdate():transition-model.cc:528) TransitionModel::Update, objf change is 0.000312286 per frame over 1.20044e+06 frames. 
LOG (gmm-est[5.5.883~1-3eea3]:MleUpdate():transition-model.cc:531) 118 probabilities floored, 1444 out of 3217 transition-states skipped due to insuffient data (it is normal to have some skipped.)
LOG (gmm-est[5.5.883~1-3eea3]:main():gmm-est.cc:102) Transition model update: Overall 0.000312286 log-like improvement per frame over 1.20044e+06 frames.
WARNING (gmm-est[5.5.883~1-3eea3]:MleDiagGmmUpdate():mle-diag-gmm.cc:365) Gaussian has too little data but not removing it because it is the last Gaussian: i = 0, occ = 10, weight = 1
WARNING (gmm-est[5.5.883~1-3eea3]:MleDiagGmmUpdate():mle-diag-gmm.cc:365) Gaussian has too little data but not removing it because it is the last Gaussian: i = 0, occ = 0, weight = 1
LOG (gmm-est[5.5.883~1-3eea3]:MleAmDiagGmmUpdate():mle-am-diag-gmm.cc:225) 1 variance elements floored in 1 Gaussians, out of 10000
LOG (gmm-est[5.5.883~1-3eea3]:MleAmDiagGmmUpdate():mle-am-diag-gmm.cc:229) Removed 0 Gaussians due to counts < --min-gaussian-occupancy=10 and --remove-low-count-gaussians=true
LOG (gmm-est[5.5.883~1-3eea3]:main():gmm-est.cc:113) GMM update: Overall 0.0902232 objective function improvement per frame over 1.20044e+06 frames
LOG (gmm-est[5.5.883~1-3eea3]:main():gmm-est.cc:116) GMM update: Overall avg like per frame = -100.148 over 1.20044e+06 frames.
LOG (gmm-est[5.5.883~1-3eea3]:SplitByCount():am-diag-gmm.cc:116) Split 760 states with target = 10000, power = 0.25, perturb_factor = 0.01 and min_count = 20, split #Gauss from 10000 to 10016
LOG (gmm-est[5.5.883~1-3eea3]:main():gmm-est.cc:146) Written model to exp/tri1_aug/31.mdl
# Accounting: time=1 threads=1
# Ended (code 0) at Mon Feb 15 12:18:09 IST 2021, elapsed time 1 seconds
