# gmm-acc-stats-ali exp/mono/8.mdl "ark,s,cs:apply-cmvn  --utt2spk=ark:data/train_sp3/split4/4/utt2spk scp:data/train_sp3/split4/4/cmvn.scp scp:data/train_sp3/split4/4/feats.scp ark:- | add-deltas  ark:- ark:- |" "ark:gunzip -c exp/mono/ali.4.gz|" exp/mono/8.4.acc 
# Started at Sat Feb 13 17:41:58 IST 2021
#
gmm-acc-stats-ali exp/mono/8.mdl 'ark,s,cs:apply-cmvn  --utt2spk=ark:data/train_sp3/split4/4/utt2spk scp:data/train_sp3/split4/4/cmvn.scp scp:data/train_sp3/split4/4/feats.scp ark:- | add-deltas  ark:- ark:- |' 'ark:gunzip -c exp/mono/ali.4.gz|' exp/mono/8.4.acc 
add-deltas ark:- ark:- 
apply-cmvn --utt2spk=ark:data/train_sp3/split4/4/utt2spk scp:data/train_sp3/split4/4/cmvn.scp scp:data/train_sp3/split4/4/feats.scp ark:- 
LOG (gmm-acc-stats-ali[5.5.883~1-3eea3]:main():gmm-acc-stats-ali.cc:105) Processed 50 utterances; for utterance sp1.1-SWH-05-20101107_16k-emission_swahili_05h30_-_06h00_tu_20101107_part144 avg. like is -106.546 over 337 frames.
LOG (gmm-acc-stats-ali[5.5.883~1-3eea3]:main():gmm-acc-stats-ali.cc:105) Processed 100 utterances; for utterance sp1.1-SWH-05-20101107_16k-emission_swahili_05h30_-_06h00_tu_20101107_part19 avg. like is -106.115 over 303 frames.
LOG (gmm-acc-stats-ali[5.5.883~1-3eea3]:main():gmm-acc-stats-ali.cc:105) Processed 150 utterances; for utterance sp1.1-SWH-05-20101107_16k-emission_swahili_05h30_-_06h00_tu_20101107_part39 avg. like is -105.645 over 380 frames.
LOG (gmm-acc-stats-ali[5.5.883~1-3eea3]:main():gmm-acc-stats-ali.cc:105) Processed 200 utterances; for utterance sp1.1-SWH-05-20101107_16k-emission_swahili_05h30_-_06h00_tu_20101107_part84 avg. like is -109.753 over 358 frames.
LOG (gmm-acc-stats-ali[5.5.883~1-3eea3]:main():gmm-acc-stats-ali.cc:105) Processed 250 utterances; for utterance sp1.1-SWH-05-20101109_emission_swahili_05h30_-_06h00_tu_20101109_part129 avg. like is -112.756 over 288 frames.
LOG (gmm-acc-stats-ali[5.5.883~1-3eea3]:main():gmm-acc-stats-ali.cc:105) Processed 300 utterances; for utterance sp1.1-SWH-05-20101109_emission_swahili_05h30_-_06h00_tu_20101109_part174 avg. like is -103.844 over 346 frames.
LOG (gmm-acc-stats-ali[5.5.883~1-3eea3]:main():gmm-acc-stats-ali.cc:105) Processed 350 utterances; for utterance sp1.1-SWH-05-20101109_emission_swahili_05h30_-_06h00_tu_20101109_part219 avg. like is -102.91 over 320 frames.
LOG (gmm-acc-stats-ali[5.5.883~1-3eea3]:main():gmm-acc-stats-ali.cc:105) Processed 400 utterances; for utterance sp1.1-SWH-05-20101109_emission_swahili_05h30_-_06h00_tu_20101109_part55 avg. like is -105.35 over 505 frames.
LOG (gmm-acc-stats-ali[5.5.883~1-3eea3]:main():gmm-acc-stats-ali.cc:105) Processed 450 utterances; for utterance sp1.1-SWH-05-20101110_16k-emission_swahili_15h00_-_16h00_tu_20101110_part100 avg. like is -105.02 over 350 frames.
LOG (gmm-acc-stats-ali[5.5.883~1-3eea3]:main():gmm-acc-stats-ali.cc:105) Processed 500 utterances; for utterance sp1.1-SWH-05-20101110_16k-emission_swahili_15h00_-_16h00_tu_20101110_part146 avg. like is -102.261 over 203 frames.
LOG (gmm-acc-stats-ali[5.5.883~1-3eea3]:main():gmm-acc-stats-ali.cc:105) Processed 550 utterances; for utterance sp1.1-SWH-05-20101110_16k-emission_swahili_15h00_-_16h00_tu_20101110_part191 avg. like is -105.848 over 456 frames.
LOG (gmm-acc-stats-ali[5.5.883~1-3eea3]:main():gmm-acc-stats-ali.cc:105) Processed 600 utterances; for utterance sp1.1-SWH-05-20101110_16k-emission_swahili_15h00_-_16h00_tu_20101110_part236 avg. like is -107.807 over 552 frames.
LOG (gmm-acc-stats-ali[5.5.883~1-3eea3]:main():gmm-acc-stats-ali.cc:105) Processed 650 utterances; for utterance sp1.1-SWH-05-20101110_16k-emission_swahili_15h00_-_16h00_tu_20101110_part281 avg. like is -103.955 over 288 frames.
LOG (gmm-acc-stats-ali[5.5.883~1-3eea3]:main():gmm-acc-stats-ali.cc:105) Processed 700 utterances; for utterance sp1.1-SWH-05-20101110_16k-emission_swahili_15h00_-_16h00_tu_20101110_part326 avg. like is -112.946 over 194 frames.
LOG (gmm-acc-stats-ali[5.5.883~1-3eea3]:main():gmm-acc-stats-ali.cc:105) Processed 750 utterances; for utterance sp1.1-SWH-05-20101110_16k-emission_swahili_15h00_-_16h00_tu_20101110_part371 avg. like is -108.74 over 449 frames.
LOG (gmm-acc-stats-ali[5.5.883~1-3eea3]:main():gmm-acc-stats-ali.cc:105) Processed 800 utterances; for utterance sp1.1-SWH-05-20101110_16k-emission_swahili_15h00_-_16h00_tu_20101110_part416 avg. like is -110.631 over 361 frames.
WARNING (gmm-acc-stats-ali[5.5.883~1-3eea3]:main():gmm-acc-stats-ali.cc:79) No alignment for utterance sp1.1-SWH-05-20101110_16k-emission_swahili_15h00_-_16h00_tu_20101110_part450
LOG (gmm-acc-stats-ali[5.5.883~1-3eea3]:main():gmm-acc-stats-ali.cc:105) Processed 850 utterances; for utterance sp1.1-SWH-05-20101110_16k-emission_swahili_15h00_-_16h00_tu_20101110_part462 avg. like is -117.082 over 243 frames.
LOG (gmm-acc-stats-ali[5.5.883~1-3eea3]:main():gmm-acc-stats-ali.cc:105) Processed 900 utterances; for utterance sp1.1-SWH-05-20101110_16k-emission_swahili_15h00_-_16h00_tu_20101110_part61 avg. like is -107.653 over 452 frames.
LOG (apply-cmvn[5.5.883~1-3eea3]:main():apply-cmvn.cc:162) Applied cepstral mean normalization to 942 utterances, errors on 0
LOG (gmm-acc-stats-ali[5.5.883~1-3eea3]:main():gmm-acc-stats-ali.cc:112) Done 941 files, 1 with errors.
LOG (gmm-acc-stats-ali[5.5.883~1-3eea3]:main():gmm-acc-stats-ali.cc:115) Overall avg like per frame (Gaussian only) = -107.471 over 300074 frames.
LOG (gmm-acc-stats-ali[5.5.883~1-3eea3]:main():gmm-acc-stats-ali.cc:123) Written accs.
# Accounting: time=2 threads=1
# Ended (code 0) at Sat Feb 13 17:42:00 IST 2021, elapsed time 2 seconds
