# gmm-acc-stats-ali exp/mono/2.mdl "ark,s,cs:apply-cmvn  --utt2spk=ark:data/train_sp3/split4/2/utt2spk scp:data/train_sp3/split4/2/cmvn.scp scp:data/train_sp3/split4/2/feats.scp ark:- | add-deltas  ark:- ark:- |" "ark:gunzip -c exp/mono/ali.2.gz|" exp/mono/2.2.acc 
# Started at Mon Feb 15 00:34:02 IST 2021
#
gmm-acc-stats-ali exp/mono/2.mdl 'ark,s,cs:apply-cmvn  --utt2spk=ark:data/train_sp3/split4/2/utt2spk scp:data/train_sp3/split4/2/cmvn.scp scp:data/train_sp3/split4/2/feats.scp ark:- | add-deltas  ark:- ark:- |' 'ark:gunzip -c exp/mono/ali.2.gz|' exp/mono/2.2.acc 
add-deltas ark:- ark:- 
apply-cmvn --utt2spk=ark:data/train_sp3/split4/2/utt2spk scp:data/train_sp3/split4/2/cmvn.scp scp:data/train_sp3/split4/2/feats.scp ark:- 
LOG (gmm-acc-stats-ali[5.5.883~1-3eea3]:main():gmm-acc-stats-ali.cc:105) Processed 50 utterances; for utterance SWH-05-20101110_16k-emission_swahili_15h00_-_16h00_tu_20101110_part144 avg. like is -104.851 over 531 frames.
LOG (gmm-acc-stats-ali[5.5.883~1-3eea3]:main():gmm-acc-stats-ali.cc:105) Processed 100 utterances; for utterance SWH-05-20101110_16k-emission_swahili_15h00_-_16h00_tu_20101110_part19 avg. like is -111.948 over 280 frames.
LOG (gmm-acc-stats-ali[5.5.883~1-3eea3]:main():gmm-acc-stats-ali.cc:105) Processed 150 utterances; for utterance SWH-05-20101110_16k-emission_swahili_15h00_-_16h00_tu_20101110_part234 avg. like is -105.391 over 567 frames.
LOG (gmm-acc-stats-ali[5.5.883~1-3eea3]:main():gmm-acc-stats-ali.cc:105) Processed 200 utterances; for utterance SWH-05-20101110_16k-emission_swahili_15h00_-_16h00_tu_20101110_part28 avg. like is -107.907 over 262 frames.
LOG (gmm-acc-stats-ali[5.5.883~1-3eea3]:main():gmm-acc-stats-ali.cc:105) Processed 250 utterances; for utterance SWH-05-20101110_16k-emission_swahili_15h00_-_16h00_tu_20101110_part324 avg. like is -114.973 over 334 frames.
LOG (gmm-acc-stats-ali[5.5.883~1-3eea3]:main():gmm-acc-stats-ali.cc:105) Processed 300 utterances; for utterance SWH-05-20101110_16k-emission_swahili_15h00_-_16h00_tu_20101110_part37 avg. like is -109.131 over 256 frames.
LOG (gmm-acc-stats-ali[5.5.883~1-3eea3]:main():gmm-acc-stats-ali.cc:105) Processed 350 utterances; for utterance SWH-05-20101110_16k-emission_swahili_15h00_-_16h00_tu_20101110_part414 avg. like is -113.092 over 466 frames.
WARNING (gmm-acc-stats-ali[5.5.883~1-3eea3]:main():gmm-acc-stats-ali.cc:79) No alignment for utterance SWH-05-20101110_16k-emission_swahili_15h00_-_16h00_tu_20101110_part456
WARNING (gmm-acc-stats-ali[5.5.883~1-3eea3]:main():gmm-acc-stats-ali.cc:79) No alignment for utterance SWH-05-20101110_16k-emission_swahili_15h00_-_16h00_tu_20101110_part460
LOG (gmm-acc-stats-ali[5.5.883~1-3eea3]:main():gmm-acc-stats-ali.cc:105) Processed 400 utterances; for utterance SWH-05-20101110_16k-emission_swahili_15h00_-_16h00_tu_20101110_part461 avg. like is -117.247 over 333 frames.
WARNING (gmm-acc-stats-ali[5.5.883~1-3eea3]:main():gmm-acc-stats-ali.cc:79) No alignment for utterance SWH-05-20101110_16k-emission_swahili_15h00_-_16h00_tu_20101110_part463
WARNING (gmm-acc-stats-ali[5.5.883~1-3eea3]:main():gmm-acc-stats-ali.cc:79) No alignment for utterance SWH-05-20101110_16k-emission_swahili_15h00_-_16h00_tu_20101110_part464
WARNING (gmm-acc-stats-ali[5.5.883~1-3eea3]:main():gmm-acc-stats-ali.cc:79) No alignment for utterance SWH-05-20101110_16k-emission_swahili_15h00_-_16h00_tu_20101110_part467
WARNING (gmm-acc-stats-ali[5.5.883~1-3eea3]:main():gmm-acc-stats-ali.cc:79) No alignment for utterance SWH-05-20101110_16k-emission_swahili_15h00_-_16h00_tu_20101110_part471
LOG (gmm-acc-stats-ali[5.5.883~1-3eea3]:main():gmm-acc-stats-ali.cc:105) Processed 450 utterances; for utterance SWH-05-20101110_16k-emission_swahili_15h00_-_16h00_tu_20101110_part64 avg. like is -111.688 over 282 frames.
LOG (gmm-acc-stats-ali[5.5.883~1-3eea3]:main():gmm-acc-stats-ali.cc:105) Processed 500 utterances; for utterance sp0.9-SWH-05-20101106_16k-emission_swahili_05h30_-_06h00_tu_20101106_part11 avg. like is -105.536 over 240 frames.
LOG (gmm-acc-stats-ali[5.5.883~1-3eea3]:main():gmm-acc-stats-ali.cc:105) Processed 550 utterances; for utterance sp0.9-SWH-05-20101106_16k-emission_swahili_05h30_-_06h00_tu_20101106_part156 avg. like is -107.608 over 384 frames.
LOG (gmm-acc-stats-ali[5.5.883~1-3eea3]:main():gmm-acc-stats-ali.cc:105) Processed 600 utterances; for utterance sp0.9-SWH-05-20101106_16k-emission_swahili_05h30_-_06h00_tu_20101106_part200 avg. like is -101.042 over 520 frames.
WARNING (gmm-acc-stats-ali[5.5.883~1-3eea3]:main():gmm-acc-stats-ali.cc:79) No alignment for utterance sp0.9-SWH-05-20101106_16k-emission_swahili_05h30_-_06h00_tu_20101106_part26
LOG (gmm-acc-stats-ali[5.5.883~1-3eea3]:main():gmm-acc-stats-ali.cc:105) Processed 650 utterances; for utterance sp0.9-SWH-05-20101106_16k-emission_swahili_05h30_-_06h00_tu_20101106_part60 avg. like is -107.748 over 531 frames.
LOG (gmm-acc-stats-ali[5.5.883~1-3eea3]:main():gmm-acc-stats-ali.cc:105) Processed 700 utterances; for utterance sp0.9-SWH-05-20101107_16k-emission_swahili_05h30_-_06h00_tu_20101107_part105 avg. like is -111.731 over 264 frames.
LOG (gmm-acc-stats-ali[5.5.883~1-3eea3]:main():gmm-acc-stats-ali.cc:105) Processed 750 utterances; for utterance sp0.9-SWH-05-20101107_16k-emission_swahili_05h30_-_06h00_tu_20101107_part151 avg. like is -113.38 over 580 frames.
LOG (gmm-acc-stats-ali[5.5.883~1-3eea3]:main():gmm-acc-stats-ali.cc:105) Processed 800 utterances; for utterance sp0.9-SWH-05-20101107_16k-emission_swahili_05h30_-_06h00_tu_20101107_part197 avg. like is -108.345 over 256 frames.
LOG (gmm-acc-stats-ali[5.5.883~1-3eea3]:main():gmm-acc-stats-ali.cc:105) Processed 850 utterances; for utterance sp0.9-SWH-05-20101107_16k-emission_swahili_05h30_-_06h00_tu_20101107_part46 avg. like is -108.135 over 389 frames.
LOG (gmm-acc-stats-ali[5.5.883~1-3eea3]:main():gmm-acc-stats-ali.cc:105) Processed 900 utterances; for utterance sp0.9-SWH-05-20101107_16k-emission_swahili_05h30_-_06h00_tu_20101107_part91 avg. like is -109.98 over 341 frames.
LOG (apply-cmvn[5.5.883~1-3eea3]:main():apply-cmvn.cc:162) Applied cepstral mean normalization to 915 utterances, errors on 0
LOG (gmm-acc-stats-ali[5.5.883~1-3eea3]:main():gmm-acc-stats-ali.cc:112) Done 908 files, 7 with errors.
LOG (gmm-acc-stats-ali[5.5.883~1-3eea3]:main():gmm-acc-stats-ali.cc:115) Overall avg like per frame (Gaussian only) = -108.618 over 329436 frames.
LOG (gmm-acc-stats-ali[5.5.883~1-3eea3]:main():gmm-acc-stats-ali.cc:123) Written accs.
# Accounting: time=2 threads=1
# Ended (code 0) at Mon Feb 15 00:34:04 IST 2021, elapsed time 2 seconds
