# gmm-acc-stats-ali exp/mono/6.mdl "ark,s,cs:apply-cmvn  --utt2spk=ark:data/train_sp3/split4/1/utt2spk scp:data/train_sp3/split4/1/cmvn.scp scp:data/train_sp3/split4/1/feats.scp ark:- | add-deltas  ark:- ark:- |" "ark:gunzip -c exp/mono/ali.1.gz|" exp/mono/6.1.acc 
# Started at Sat Feb 13 17:40:53 IST 2021
#
gmm-acc-stats-ali exp/mono/6.mdl 'ark,s,cs:apply-cmvn  --utt2spk=ark:data/train_sp3/split4/1/utt2spk scp:data/train_sp3/split4/1/cmvn.scp scp:data/train_sp3/split4/1/feats.scp ark:- | add-deltas  ark:- ark:- |' 'ark:gunzip -c exp/mono/ali.1.gz|' exp/mono/6.1.acc 
apply-cmvn --utt2spk=ark:data/train_sp3/split4/1/utt2spk scp:data/train_sp3/split4/1/cmvn.scp scp:data/train_sp3/split4/1/feats.scp ark:- 
add-deltas ark:- ark:- 
LOG (gmm-acc-stats-ali[5.5.883~1-3eea3]:main():gmm-acc-stats-ali.cc:105) Processed 50 utterances; for utterance SWH-05-20101106_16k-emission_swahili_05h30_-_06h00_tu_20101106_part145 avg. like is -101.14 over 348 frames.
WARNING (gmm-acc-stats-ali[5.5.883~1-3eea3]:main():gmm-acc-stats-ali.cc:79) No alignment for utterance SWH-05-20101106_16k-emission_swahili_05h30_-_06h00_tu_20101106_part164
WARNING (gmm-acc-stats-ali[5.5.883~1-3eea3]:main():gmm-acc-stats-ali.cc:79) No alignment for utterance SWH-05-20101106_16k-emission_swahili_05h30_-_06h00_tu_20101106_part17
WARNING (gmm-acc-stats-ali[5.5.883~1-3eea3]:main():gmm-acc-stats-ali.cc:79) No alignment for utterance SWH-05-20101106_16k-emission_swahili_05h30_-_06h00_tu_20101106_part18
WARNING (gmm-acc-stats-ali[5.5.883~1-3eea3]:main():gmm-acc-stats-ali.cc:79) No alignment for utterance SWH-05-20101106_16k-emission_swahili_05h30_-_06h00_tu_20101106_part19
LOG (gmm-acc-stats-ali[5.5.883~1-3eea3]:main():gmm-acc-stats-ali.cc:105) Processed 100 utterances; for utterance SWH-05-20101106_16k-emission_swahili_05h30_-_06h00_tu_20101106_part194 avg. like is -109.423 over 540 frames.
WARNING (gmm-acc-stats-ali[5.5.883~1-3eea3]:main():gmm-acc-stats-ali.cc:79) No alignment for utterance SWH-05-20101106_16k-emission_swahili_05h30_-_06h00_tu_20101106_part20
WARNING (gmm-acc-stats-ali[5.5.883~1-3eea3]:main():gmm-acc-stats-ali.cc:79) No alignment for utterance SWH-05-20101106_16k-emission_swahili_05h30_-_06h00_tu_20101106_part24
WARNING (gmm-acc-stats-ali[5.5.883~1-3eea3]:main():gmm-acc-stats-ali.cc:79) No alignment for utterance SWH-05-20101106_16k-emission_swahili_05h30_-_06h00_tu_20101106_part25
WARNING (gmm-acc-stats-ali[5.5.883~1-3eea3]:main():gmm-acc-stats-ali.cc:79) No alignment for utterance SWH-05-20101106_16k-emission_swahili_05h30_-_06h00_tu_20101106_part26
LOG (gmm-acc-stats-ali[5.5.883~1-3eea3]:main():gmm-acc-stats-ali.cc:105) Processed 150 utterances; for utterance SWH-05-20101106_16k-emission_swahili_05h30_-_06h00_tu_20101106_part56 avg. like is -105.022 over 216 frames.
WARNING (gmm-acc-stats-ali[5.5.883~1-3eea3]:main():gmm-acc-stats-ali.cc:79) No alignment for utterance SWH-05-20101106_16k-emission_swahili_05h30_-_06h00_tu_20101106_part72
WARNING (gmm-acc-stats-ali[5.5.883~1-3eea3]:main():gmm-acc-stats-ali.cc:79) No alignment for utterance SWH-05-20101106_16k-emission_swahili_05h30_-_06h00_tu_20101106_part73
WARNING (gmm-acc-stats-ali[5.5.883~1-3eea3]:main():gmm-acc-stats-ali.cc:79) No alignment for utterance SWH-05-20101106_16k-emission_swahili_05h30_-_06h00_tu_20101106_part74
WARNING (gmm-acc-stats-ali[5.5.883~1-3eea3]:main():gmm-acc-stats-ali.cc:79) No alignment for utterance SWH-05-20101106_16k-emission_swahili_05h30_-_06h00_tu_20101106_part76
WARNING (gmm-acc-stats-ali[5.5.883~1-3eea3]:main():gmm-acc-stats-ali.cc:79) No alignment for utterance SWH-05-20101106_16k-emission_swahili_05h30_-_06h00_tu_20101106_part77
WARNING (gmm-acc-stats-ali[5.5.883~1-3eea3]:main():gmm-acc-stats-ali.cc:79) No alignment for utterance SWH-05-20101106_16k-emission_swahili_05h30_-_06h00_tu_20101106_part78
LOG (gmm-acc-stats-ali[5.5.883~1-3eea3]:main():gmm-acc-stats-ali.cc:105) Processed 200 utterances; for utterance SWH-05-20101107_16k-emission_swahili_05h30_-_06h00_tu_20101107_part106 avg. like is -105.363 over 367 frames.
LOG (gmm-acc-stats-ali[5.5.883~1-3eea3]:main():gmm-acc-stats-ali.cc:105) Processed 250 utterances; for utterance SWH-05-20101107_16k-emission_swahili_05h30_-_06h00_tu_20101107_part152 avg. like is -111.35 over 489 frames.
LOG (gmm-acc-stats-ali[5.5.883~1-3eea3]:main():gmm-acc-stats-ali.cc:105) Processed 300 utterances; for utterance SWH-05-20101107_16k-emission_swahili_05h30_-_06h00_tu_20101107_part198 avg. like is -104.676 over 458 frames.
LOG (gmm-acc-stats-ali[5.5.883~1-3eea3]:main():gmm-acc-stats-ali.cc:105) Processed 350 utterances; for utterance SWH-05-20101107_16k-emission_swahili_05h30_-_06h00_tu_20101107_part47 avg. like is -104.851 over 435 frames.
LOG (gmm-acc-stats-ali[5.5.883~1-3eea3]:main():gmm-acc-stats-ali.cc:105) Processed 400 utterances; for utterance SWH-05-20101107_16k-emission_swahili_05h30_-_06h00_tu_20101107_part92 avg. like is -110.5 over 241 frames.
WARNING (gmm-acc-stats-ali[5.5.883~1-3eea3]:main():gmm-acc-stats-ali.cc:79) No alignment for utterance SWH-05-20101109_emission_swahili_05h30_-_06h00_tu_20101109_part121
WARNING (gmm-acc-stats-ali[5.5.883~1-3eea3]:main():gmm-acc-stats-ali.cc:79) No alignment for utterance SWH-05-20101109_emission_swahili_05h30_-_06h00_tu_20101109_part129
WARNING (gmm-acc-stats-ali[5.5.883~1-3eea3]:main():gmm-acc-stats-ali.cc:79) No alignment for utterance SWH-05-20101109_emission_swahili_05h30_-_06h00_tu_20101109_part132
WARNING (gmm-acc-stats-ali[5.5.883~1-3eea3]:main():gmm-acc-stats-ali.cc:79) No alignment for utterance SWH-05-20101109_emission_swahili_05h30_-_06h00_tu_20101109_part138
WARNING (gmm-acc-stats-ali[5.5.883~1-3eea3]:main():gmm-acc-stats-ali.cc:79) No alignment for utterance SWH-05-20101109_emission_swahili_05h30_-_06h00_tu_20101109_part140
WARNING (gmm-acc-stats-ali[5.5.883~1-3eea3]:main():gmm-acc-stats-ali.cc:79) No alignment for utterance SWH-05-20101109_emission_swahili_05h30_-_06h00_tu_20101109_part141
LOG (gmm-acc-stats-ali[5.5.883~1-3eea3]:main():gmm-acc-stats-ali.cc:105) Processed 450 utterances; for utterance SWH-05-20101109_emission_swahili_05h30_-_06h00_tu_20101109_part142 avg. like is -104.616 over 387 frames.
WARNING (gmm-acc-stats-ali[5.5.883~1-3eea3]:main():gmm-acc-stats-ali.cc:79) No alignment for utterance SWH-05-20101109_emission_swahili_05h30_-_06h00_tu_20101109_part168
LOG (gmm-acc-stats-ali[5.5.883~1-3eea3]:main():gmm-acc-stats-ali.cc:105) Processed 500 utterances; for utterance SWH-05-20101109_emission_swahili_05h30_-_06h00_tu_20101109_part189 avg. like is -110.228 over 235 frames.
WARNING (gmm-acc-stats-ali[5.5.883~1-3eea3]:main():gmm-acc-stats-ali.cc:79) No alignment for utterance SWH-05-20101109_emission_swahili_05h30_-_06h00_tu_20101109_part222
WARNING (gmm-acc-stats-ali[5.5.883~1-3eea3]:main():gmm-acc-stats-ali.cc:79) No alignment for utterance SWH-05-20101109_emission_swahili_05h30_-_06h00_tu_20101109_part223
LOG (gmm-acc-stats-ali[5.5.883~1-3eea3]:main():gmm-acc-stats-ali.cc:105) Processed 550 utterances; for utterance SWH-05-20101109_emission_swahili_05h30_-_06h00_tu_20101109_part26 avg. like is -104.636 over 329 frames.
LOG (gmm-acc-stats-ali[5.5.883~1-3eea3]:main():gmm-acc-stats-ali.cc:105) Processed 600 utterances; for utterance SWH-05-20101109_emission_swahili_05h30_-_06h00_tu_20101109_part71 avg. like is -106.103 over 296 frames.
LOG (apply-cmvn[5.5.883~1-3eea3]:main():apply-cmvn.cc:162) Applied cepstral mean normalization to 653 utterances, errors on 0
LOG (gmm-acc-stats-ali[5.5.883~1-3eea3]:main():gmm-acc-stats-ali.cc:112) Done 630 files, 23 with errors.
LOG (gmm-acc-stats-ali[5.5.883~1-3eea3]:main():gmm-acc-stats-ali.cc:115) Overall avg like per frame (Gaussian only) = -106.289 over 219939 frames.
LOG (gmm-acc-stats-ali[5.5.883~1-3eea3]:main():gmm-acc-stats-ali.cc:123) Written accs.
# Accounting: time=2 threads=1
# Ended (code 0) at Sat Feb 13 17:40:55 IST 2021, elapsed time 2 seconds
