# gmm-acc-stats-ali exp/mono/19.mdl "ark,s,cs:apply-cmvn  --utt2spk=ark:data/train_sp3/split4/2/utt2spk scp:data/train_sp3/split4/2/cmvn.scp scp:data/train_sp3/split4/2/feats.scp ark:- | add-deltas  ark:- ark:- |" "ark:gunzip -c exp/mono/ali.2.gz|" exp/mono/19.2.acc 
# Started at Mon Feb 15 12:12:59 IST 2021
#
gmm-acc-stats-ali exp/mono/19.mdl 'ark,s,cs:apply-cmvn  --utt2spk=ark:data/train_sp3/split4/2/utt2spk scp:data/train_sp3/split4/2/cmvn.scp scp:data/train_sp3/split4/2/feats.scp ark:- | add-deltas  ark:- ark:- |' 'ark:gunzip -c exp/mono/ali.2.gz|' exp/mono/19.2.acc 
apply-cmvn --utt2spk=ark:data/train_sp3/split4/2/utt2spk scp:data/train_sp3/split4/2/cmvn.scp scp:data/train_sp3/split4/2/feats.scp ark:- 
add-deltas ark:- ark:- 
LOG (gmm-acc-stats-ali[5.5.883~1-3eea3]:main():gmm-acc-stats-ali.cc:105) Processed 50 utterances; for utterance SWH-05-20101110_16k-emission_swahili_15h00_-_16h00_tu_20101110_part144 avg. like is -100.232 over 531 frames.
LOG (gmm-acc-stats-ali[5.5.883~1-3eea3]:main():gmm-acc-stats-ali.cc:105) Processed 100 utterances; for utterance SWH-05-20101110_16k-emission_swahili_15h00_-_16h00_tu_20101110_part19 avg. like is -104.174 over 280 frames.
LOG (gmm-acc-stats-ali[5.5.883~1-3eea3]:main():gmm-acc-stats-ali.cc:105) Processed 150 utterances; for utterance SWH-05-20101110_16k-emission_swahili_15h00_-_16h00_tu_20101110_part234 avg. like is -100.376 over 567 frames.
LOG (gmm-acc-stats-ali[5.5.883~1-3eea3]:main():gmm-acc-stats-ali.cc:105) Processed 200 utterances; for utterance SWH-05-20101110_16k-emission_swahili_15h00_-_16h00_tu_20101110_part28 avg. like is -102.669 over 262 frames.
LOG (gmm-acc-stats-ali[5.5.883~1-3eea3]:main():gmm-acc-stats-ali.cc:105) Processed 250 utterances; for utterance SWH-05-20101110_16k-emission_swahili_15h00_-_16h00_tu_20101110_part324 avg. like is -106.439 over 334 frames.
LOG (gmm-acc-stats-ali[5.5.883~1-3eea3]:main():gmm-acc-stats-ali.cc:105) Processed 300 utterances; for utterance SWH-05-20101110_16k-emission_swahili_15h00_-_16h00_tu_20101110_part37 avg. like is -102.111 over 256 frames.
LOG (gmm-acc-stats-ali[5.5.883~1-3eea3]:main():gmm-acc-stats-ali.cc:105) Processed 350 utterances; for utterance SWH-05-20101110_16k-emission_swahili_15h00_-_16h00_tu_20101110_part414 avg. like is -107.289 over 466 frames.
WARNING (gmm-acc-stats-ali[5.5.883~1-3eea3]:main():gmm-acc-stats-ali.cc:79) No alignment for utterance SWH-05-20101110_16k-emission_swahili_15h00_-_16h00_tu_20101110_part450
LOG (gmm-acc-stats-ali[5.5.883~1-3eea3]:main():gmm-acc-stats-ali.cc:105) Processed 400 utterances; for utterance SWH-05-20101110_16k-emission_swahili_15h00_-_16h00_tu_20101110_part460 avg. like is -111.056 over 428 frames.
LOG (gmm-acc-stats-ali[5.5.883~1-3eea3]:main():gmm-acc-stats-ali.cc:105) Processed 450 utterances; for utterance SWH-05-20101110_16k-emission_swahili_15h00_-_16h00_tu_20101110_part6 avg. like is -102.671 over 413 frames.
LOG (gmm-acc-stats-ali[5.5.883~1-3eea3]:main():gmm-acc-stats-ali.cc:105) Processed 500 utterances; for utterance sp0.9-SWH-05-20101106_16k-emission_swahili_05h30_-_06h00_tu_20101106_part105 avg. like is -105.043 over 289 frames.
LOG (gmm-acc-stats-ali[5.5.883~1-3eea3]:main():gmm-acc-stats-ali.cc:105) Processed 550 utterances; for utterance sp0.9-SWH-05-20101106_16k-emission_swahili_05h30_-_06h00_tu_20101106_part151 avg. like is -108.082 over 475 frames.
WARNING (gmm-acc-stats-ali[5.5.883~1-3eea3]:main():gmm-acc-stats-ali.cc:79) No alignment for utterance sp0.9-SWH-05-20101106_16k-emission_swahili_05h30_-_06h00_tu_20101106_part17
WARNING (gmm-acc-stats-ali[5.5.883~1-3eea3]:main():gmm-acc-stats-ali.cc:79) No alignment for utterance sp0.9-SWH-05-20101106_16k-emission_swahili_05h30_-_06h00_tu_20101106_part18
WARNING (gmm-acc-stats-ali[5.5.883~1-3eea3]:main():gmm-acc-stats-ali.cc:79) No alignment for utterance sp0.9-SWH-05-20101106_16k-emission_swahili_05h30_-_06h00_tu_20101106_part193
LOG (gmm-acc-stats-ali[5.5.883~1-3eea3]:main():gmm-acc-stats-ali.cc:105) Processed 600 utterances; for utterance sp0.9-SWH-05-20101106_16k-emission_swahili_05h30_-_06h00_tu_20101106_part2 avg. like is -103.218 over 495 frames.
LOG (gmm-acc-stats-ali[5.5.883~1-3eea3]:main():gmm-acc-stats-ali.cc:105) Processed 650 utterances; for utterance sp0.9-SWH-05-20101106_16k-emission_swahili_05h30_-_06h00_tu_20101106_part58 avg. like is -106.236 over 357 frames.
LOG (gmm-acc-stats-ali[5.5.883~1-3eea3]:main():gmm-acc-stats-ali.cc:105) Processed 700 utterances; for utterance sp0.9-SWH-05-20101107_16k-emission_swahili_05h30_-_06h00_tu_20101107_part102 avg. like is -107.358 over 324 frames.
LOG (gmm-acc-stats-ali[5.5.883~1-3eea3]:main():gmm-acc-stats-ali.cc:105) Processed 750 utterances; for utterance sp0.9-SWH-05-20101107_16k-emission_swahili_05h30_-_06h00_tu_20101107_part149 avg. like is -107.917 over 308 frames.
LOG (gmm-acc-stats-ali[5.5.883~1-3eea3]:main():gmm-acc-stats-ali.cc:105) Processed 800 utterances; for utterance sp0.9-SWH-05-20101107_16k-emission_swahili_05h30_-_06h00_tu_20101107_part194 avg. like is -102.644 over 482 frames.
LOG (gmm-acc-stats-ali[5.5.883~1-3eea3]:main():gmm-acc-stats-ali.cc:105) Processed 850 utterances; for utterance sp0.9-SWH-05-20101107_16k-emission_swahili_05h30_-_06h00_tu_20101107_part43 avg. like is -102.356 over 507 frames.
LOG (gmm-acc-stats-ali[5.5.883~1-3eea3]:main():gmm-acc-stats-ali.cc:105) Processed 900 utterances; for utterance sp0.9-SWH-05-20101107_16k-emission_swahili_05h30_-_06h00_tu_20101107_part89 avg. like is -104.367 over 304 frames.
LOG (apply-cmvn[5.5.883~1-3eea3]:main():apply-cmvn.cc:162) Applied cepstral mean normalization to 915 utterances, errors on 0
LOG (gmm-acc-stats-ali[5.5.883~1-3eea3]:main():gmm-acc-stats-ali.cc:112) Done 911 files, 4 with errors.
LOG (gmm-acc-stats-ali[5.5.883~1-3eea3]:main():gmm-acc-stats-ali.cc:115) Overall avg like per frame (Gaussian only) = -103.346 over 330187 frames.
LOG (gmm-acc-stats-ali[5.5.883~1-3eea3]:main():gmm-acc-stats-ali.cc:123) Written accs.
# Accounting: time=2 threads=1
# Ended (code 0) at Mon Feb 15 12:13:01 IST 2021, elapsed time 2 seconds
