# gmm-acc-stats-ali exp/mono/14.mdl "ark,s,cs:apply-cmvn  --utt2spk=ark:data/train_sp3/split4/1/utt2spk scp:data/train_sp3/split4/1/cmvn.scp scp:data/train_sp3/split4/1/feats.scp ark:- | add-deltas  ark:- ark:- |" "ark:gunzip -c exp/mono/ali.1.gz|" exp/mono/14.1.acc 
# Started at Sat Feb 13 17:44:20 IST 2021
#
gmm-acc-stats-ali exp/mono/14.mdl 'ark,s,cs:apply-cmvn  --utt2spk=ark:data/train_sp3/split4/1/utt2spk scp:data/train_sp3/split4/1/cmvn.scp scp:data/train_sp3/split4/1/feats.scp ark:- | add-deltas  ark:- ark:- |' 'ark:gunzip -c exp/mono/ali.1.gz|' exp/mono/14.1.acc 
add-deltas ark:- ark:- 
apply-cmvn --utt2spk=ark:data/train_sp3/split4/1/utt2spk scp:data/train_sp3/split4/1/cmvn.scp scp:data/train_sp3/split4/1/feats.scp ark:- 
LOG (gmm-acc-stats-ali[5.5.883~1-3eea3]:main():gmm-acc-stats-ali.cc:105) Processed 50 utterances; for utterance SWH-05-20101106_16k-emission_swahili_05h30_-_06h00_tu_20101106_part145 avg. like is -95.3132 over 348 frames.
LOG (gmm-acc-stats-ali[5.5.883~1-3eea3]:main():gmm-acc-stats-ali.cc:105) Processed 100 utterances; for utterance SWH-05-20101106_16k-emission_swahili_05h30_-_06h00_tu_20101106_part190 avg. like is -103.561 over 362 frames.
LOG (gmm-acc-stats-ali[5.5.883~1-3eea3]:main():gmm-acc-stats-ali.cc:105) Processed 150 utterances; for utterance SWH-05-20101106_16k-emission_swahili_05h30_-_06h00_tu_20101106_part49 avg. like is -100.716 over 257 frames.
LOG (gmm-acc-stats-ali[5.5.883~1-3eea3]:main():gmm-acc-stats-ali.cc:105) Processed 200 utterances; for utterance SWH-05-20101106_16k-emission_swahili_05h30_-_06h00_tu_20101106_part94 avg. like is -104.955 over 319 frames.
LOG (gmm-acc-stats-ali[5.5.883~1-3eea3]:main():gmm-acc-stats-ali.cc:105) Processed 250 utterances; for utterance SWH-05-20101107_16k-emission_swahili_05h30_-_06h00_tu_20101107_part14 avg. like is -99.8092 over 479 frames.
LOG (gmm-acc-stats-ali[5.5.883~1-3eea3]:main():gmm-acc-stats-ali.cc:105) Processed 300 utterances; for utterance SWH-05-20101107_16k-emission_swahili_05h30_-_06h00_tu_20101107_part185 avg. like is -101.833 over 385 frames.
LOG (gmm-acc-stats-ali[5.5.883~1-3eea3]:main():gmm-acc-stats-ali.cc:105) Processed 350 utterances; for utterance SWH-05-20101107_16k-emission_swahili_05h30_-_06h00_tu_20101107_part34 avg. like is -104.528 over 460 frames.
LOG (gmm-acc-stats-ali[5.5.883~1-3eea3]:main():gmm-acc-stats-ali.cc:105) Processed 400 utterances; for utterance SWH-05-20101107_16k-emission_swahili_05h30_-_06h00_tu_20101107_part8 avg. like is -99.3319 over 233 frames.
LOG (gmm-acc-stats-ali[5.5.883~1-3eea3]:main():gmm-acc-stats-ali.cc:105) Processed 450 utterances; for utterance SWH-05-20101109_emission_swahili_05h30_-_06h00_tu_20101109_part124 avg. like is -100.355 over 432 frames.
LOG (gmm-acc-stats-ali[5.5.883~1-3eea3]:main():gmm-acc-stats-ali.cc:105) Processed 500 utterances; for utterance SWH-05-20101109_emission_swahili_05h30_-_06h00_tu_20101109_part17 avg. like is -104.297 over 508 frames.
LOG (gmm-acc-stats-ali[5.5.883~1-3eea3]:main():gmm-acc-stats-ali.cc:105) Processed 550 utterances; for utterance SWH-05-20101109_emission_swahili_05h30_-_06h00_tu_20101109_part214 avg. like is -103.639 over 221 frames.
WARNING (gmm-acc-stats-ali[5.5.883~1-3eea3]:main():gmm-acc-stats-ali.cc:79) No alignment for utterance SWH-05-20101109_emission_swahili_05h30_-_06h00_tu_20101109_part47
LOG (gmm-acc-stats-ali[5.5.883~1-3eea3]:main():gmm-acc-stats-ali.cc:105) Processed 600 utterances; for utterance SWH-05-20101109_emission_swahili_05h30_-_06h00_tu_20101109_part51 avg. like is -102.374 over 384 frames.
LOG (apply-cmvn[5.5.883~1-3eea3]:main():apply-cmvn.cc:162) Applied cepstral mean normalization to 653 utterances, errors on 0
LOG (gmm-acc-stats-ali[5.5.883~1-3eea3]:main():gmm-acc-stats-ali.cc:105) Processed 650 utterances; for utterance SWH-05-20101109_emission_swahili_05h30_-_06h00_tu_20101109_part97 avg. like is -103.846 over 320 frames.
LOG (gmm-acc-stats-ali[5.5.883~1-3eea3]:main():gmm-acc-stats-ali.cc:112) Done 652 files, 1 with errors.
LOG (gmm-acc-stats-ali[5.5.883~1-3eea3]:main():gmm-acc-stats-ali.cc:115) Overall avg like per frame (Gaussian only) = -102.919 over 227986 frames.
LOG (gmm-acc-stats-ali[5.5.883~1-3eea3]:main():gmm-acc-stats-ali.cc:123) Written accs.
# Accounting: time=2 threads=1
# Ended (code 0) at Sat Feb 13 17:44:22 IST 2021, elapsed time 2 seconds
