# gmm-acc-stats-ali exp/mono/16.mdl "ark,s,cs:apply-cmvn  --utt2spk=ark:data/train_sp3/split4/3/utt2spk scp:data/train_sp3/split4/3/cmvn.scp scp:data/train_sp3/split4/3/feats.scp ark:- | add-deltas  ark:- ark:- |" "ark:gunzip -c exp/mono/ali.3.gz|" exp/mono/16.3.acc 
# Started at Sat Feb 13 17:44:58 IST 2021
#
gmm-acc-stats-ali exp/mono/16.mdl 'ark,s,cs:apply-cmvn  --utt2spk=ark:data/train_sp3/split4/3/utt2spk scp:data/train_sp3/split4/3/cmvn.scp scp:data/train_sp3/split4/3/feats.scp ark:- | add-deltas  ark:- ark:- |' 'ark:gunzip -c exp/mono/ali.3.gz|' exp/mono/16.3.acc 
apply-cmvn --utt2spk=ark:data/train_sp3/split4/3/utt2spk scp:data/train_sp3/split4/3/cmvn.scp scp:data/train_sp3/split4/3/feats.scp ark:- 
add-deltas ark:- ark:- 
LOG (gmm-acc-stats-ali[5.5.883~1-3eea3]:main():gmm-acc-stats-ali.cc:105) Processed 50 utterances; for utterance sp0.9-SWH-05-20101109_emission_swahili_05h30_-_06h00_tu_20101109_part143 avg. like is -97.8849 over 275 frames.
LOG (gmm-acc-stats-ali[5.5.883~1-3eea3]:main():gmm-acc-stats-ali.cc:105) Processed 100 utterances; for utterance sp0.9-SWH-05-20101109_emission_swahili_05h30_-_06h00_tu_20101109_part189 avg. like is -106.06 over 261 frames.
LOG (gmm-acc-stats-ali[5.5.883~1-3eea3]:main():gmm-acc-stats-ali.cc:105) Processed 150 utterances; for utterance sp0.9-SWH-05-20101109_emission_swahili_05h30_-_06h00_tu_20101109_part24 avg. like is -101.613 over 596 frames.
LOG (gmm-acc-stats-ali[5.5.883~1-3eea3]:main():gmm-acc-stats-ali.cc:105) Processed 200 utterances; for utterance sp0.9-SWH-05-20101109_emission_swahili_05h30_-_06h00_tu_20101109_part7 avg. like is -100.467 over 277 frames.
LOG (gmm-acc-stats-ali[5.5.883~1-3eea3]:main():gmm-acc-stats-ali.cc:105) Processed 250 utterances; for utterance sp0.9-SWH-05-20101110_16k-emission_swahili_15h00_-_16h00_tu_20101110_part115 avg. like is -99.8321 over 356 frames.
LOG (gmm-acc-stats-ali[5.5.883~1-3eea3]:main():gmm-acc-stats-ali.cc:105) Processed 300 utterances; for utterance sp0.9-SWH-05-20101110_16k-emission_swahili_15h00_-_16h00_tu_20101110_part160 avg. like is -101.442 over 245 frames.
LOG (gmm-acc-stats-ali[5.5.883~1-3eea3]:main():gmm-acc-stats-ali.cc:105) Processed 350 utterances; for utterance sp0.9-SWH-05-20101110_16k-emission_swahili_15h00_-_16h00_tu_20101110_part205 avg. like is -101.564 over 284 frames.
LOG (gmm-acc-stats-ali[5.5.883~1-3eea3]:main():gmm-acc-stats-ali.cc:105) Processed 400 utterances; for utterance sp0.9-SWH-05-20101110_16k-emission_swahili_15h00_-_16h00_tu_20101110_part250 avg. like is -100.899 over 668 frames.
LOG (gmm-acc-stats-ali[5.5.883~1-3eea3]:main():gmm-acc-stats-ali.cc:105) Processed 450 utterances; for utterance sp0.9-SWH-05-20101110_16k-emission_swahili_15h00_-_16h00_tu_20101110_part296 avg. like is -102.889 over 298 frames.
LOG (gmm-acc-stats-ali[5.5.883~1-3eea3]:main():gmm-acc-stats-ali.cc:105) Processed 500 utterances; for utterance sp0.9-SWH-05-20101110_16k-emission_swahili_15h00_-_16h00_tu_20101110_part340 avg. like is -101.163 over 282 frames.
LOG (gmm-acc-stats-ali[5.5.883~1-3eea3]:main():gmm-acc-stats-ali.cc:105) Processed 550 utterances; for utterance sp0.9-SWH-05-20101110_16k-emission_swahili_15h00_-_16h00_tu_20101110_part386 avg. like is -100.562 over 319 frames.
LOG (gmm-acc-stats-ali[5.5.883~1-3eea3]:main():gmm-acc-stats-ali.cc:105) Processed 600 utterances; for utterance sp0.9-SWH-05-20101110_16k-emission_swahili_15h00_-_16h00_tu_20101110_part430 avg. like is -104.693 over 244 frames.
LOG (gmm-acc-stats-ali[5.5.883~1-3eea3]:main():gmm-acc-stats-ali.cc:105) Processed 650 utterances; for utterance sp0.9-SWH-05-20101110_16k-emission_swahili_15h00_-_16h00_tu_20101110_part476 avg. like is -101.787 over 471 frames.
LOG (gmm-acc-stats-ali[5.5.883~1-3eea3]:main():gmm-acc-stats-ali.cc:105) Processed 700 utterances; for utterance sp0.9-SWH-05-20101110_16k-emission_swahili_15h00_-_16h00_tu_20101110_part75 avg. like is -104.038 over 262 frames.
LOG (gmm-acc-stats-ali[5.5.883~1-3eea3]:main():gmm-acc-stats-ali.cc:105) Processed 750 utterances; for utterance sp1.1-SWH-05-20101106_16k-emission_swahili_05h30_-_06h00_tu_20101106_part120 avg. like is -102.063 over 381 frames.
LOG (gmm-acc-stats-ali[5.5.883~1-3eea3]:main():gmm-acc-stats-ali.cc:105) Processed 800 utterances; for utterance sp1.1-SWH-05-20101106_16k-emission_swahili_05h30_-_06h00_tu_20101106_part167 avg. like is -106.187 over 406 frames.
LOG (gmm-acc-stats-ali[5.5.883~1-3eea3]:main():gmm-acc-stats-ali.cc:105) Processed 850 utterances; for utterance sp1.1-SWH-05-20101106_16k-emission_swahili_05h30_-_06h00_tu_20101106_part25 avg. like is -108.418 over 405 frames.
LOG (gmm-acc-stats-ali[5.5.883~1-3eea3]:main():gmm-acc-stats-ali.cc:105) Processed 900 utterances; for utterance sp1.1-SWH-05-20101106_16k-emission_swahili_05h30_-_06h00_tu_20101106_part70 avg. like is -105.515 over 196 frames.
LOG (apply-cmvn[5.5.883~1-3eea3]:main():apply-cmvn.cc:162) Applied cepstral mean normalization to 931 utterances, errors on 0
LOG (gmm-acc-stats-ali[5.5.883~1-3eea3]:main():gmm-acc-stats-ali.cc:112) Done 931 files, 0 with errors.
LOG (gmm-acc-stats-ali[5.5.883~1-3eea3]:main():gmm-acc-stats-ali.cc:115) Overall avg like per frame (Gaussian only) = -103.068 over 347773 frames.
LOG (gmm-acc-stats-ali[5.5.883~1-3eea3]:main():gmm-acc-stats-ali.cc:123) Written accs.
# Accounting: time=4 threads=1
# Ended (code 0) at Sat Feb 13 17:45:02 IST 2021, elapsed time 4 seconds
