# gmm-acc-stats-ali exp/mono/2.mdl "ark,s,cs:apply-cmvn  --utt2spk=ark:data/train_sp3/split4/3/utt2spk scp:data/train_sp3/split4/3/cmvn.scp scp:data/train_sp3/split4/3/feats.scp ark:- | add-deltas  ark:- ark:- |" "ark:gunzip -c exp/mono/ali.3.gz|" exp/mono/2.3.acc 
# Started at Sat Feb 13 17:38:52 IST 2021
#
gmm-acc-stats-ali exp/mono/2.mdl 'ark,s,cs:apply-cmvn  --utt2spk=ark:data/train_sp3/split4/3/utt2spk scp:data/train_sp3/split4/3/cmvn.scp scp:data/train_sp3/split4/3/feats.scp ark:- | add-deltas  ark:- ark:- |' 'ark:gunzip -c exp/mono/ali.3.gz|' exp/mono/2.3.acc 
add-deltas ark:- ark:- 
apply-cmvn --utt2spk=ark:data/train_sp3/split4/3/utt2spk scp:data/train_sp3/split4/3/cmvn.scp scp:data/train_sp3/split4/3/feats.scp ark:- 
WARNING (gmm-acc-stats-ali[5.5.883~1-3eea3]:main():gmm-acc-stats-ali.cc:79) No alignment for utterance sp0.9-SWH-05-20101109_emission_swahili_05h30_-_06h00_tu_20101109_part122
WARNING (gmm-acc-stats-ali[5.5.883~1-3eea3]:main():gmm-acc-stats-ali.cc:79) No alignment for utterance sp0.9-SWH-05-20101109_emission_swahili_05h30_-_06h00_tu_20101109_part141
LOG (gmm-acc-stats-ali[5.5.883~1-3eea3]:main():gmm-acc-stats-ali.cc:105) Processed 50 utterances; for utterance sp0.9-SWH-05-20101109_emission_swahili_05h30_-_06h00_tu_20101109_part145 avg. like is -105.276 over 329 frames.
WARNING (gmm-acc-stats-ali[5.5.883~1-3eea3]:main():gmm-acc-stats-ali.cc:79) No alignment for utterance sp0.9-SWH-05-20101109_emission_swahili_05h30_-_06h00_tu_20101109_part158
LOG (gmm-acc-stats-ali[5.5.883~1-3eea3]:main():gmm-acc-stats-ali.cc:105) Processed 100 utterances; for utterance sp0.9-SWH-05-20101109_emission_swahili_05h30_-_06h00_tu_20101109_part191 avg. like is -114.173 over 267 frames.
WARNING (gmm-acc-stats-ali[5.5.883~1-3eea3]:main():gmm-acc-stats-ali.cc:79) No alignment for utterance sp0.9-SWH-05-20101109_emission_swahili_05h30_-_06h00_tu_20101109_part222
LOG (gmm-acc-stats-ali[5.5.883~1-3eea3]:main():gmm-acc-stats-ali.cc:105) Processed 150 utterances; for utterance sp0.9-SWH-05-20101109_emission_swahili_05h30_-_06h00_tu_20101109_part28 avg. like is -109.302 over 451 frames.
WARNING (gmm-acc-stats-ali[5.5.883~1-3eea3]:main():gmm-acc-stats-ali.cc:79) No alignment for utterance sp0.9-SWH-05-20101109_emission_swahili_05h30_-_06h00_tu_20101109_part47
LOG (gmm-acc-stats-ali[5.5.883~1-3eea3]:main():gmm-acc-stats-ali.cc:105) Processed 200 utterances; for utterance sp0.9-SWH-05-20101109_emission_swahili_05h30_-_06h00_tu_20101109_part74 avg. like is -106.854 over 285 frames.
LOG (gmm-acc-stats-ali[5.5.883~1-3eea3]:main():gmm-acc-stats-ali.cc:105) Processed 250 utterances; for utterance sp0.9-SWH-05-20101110_16k-emission_swahili_15h00_-_16h00_tu_20101110_part12 avg. like is -113.413 over 264 frames.
WARNING (gmm-acc-stats-ali[5.5.883~1-3eea3]:main():gmm-acc-stats-ali.cc:79) No alignment for utterance sp0.9-SWH-05-20101110_16k-emission_swahili_15h00_-_16h00_tu_20101110_part16
LOG (gmm-acc-stats-ali[5.5.883~1-3eea3]:main():gmm-acc-stats-ali.cc:105) Processed 300 utterances; for utterance sp0.9-SWH-05-20101110_16k-emission_swahili_15h00_-_16h00_tu_20101110_part166 avg. like is -108.358 over 400 frames.
LOG (gmm-acc-stats-ali[5.5.883~1-3eea3]:main():gmm-acc-stats-ali.cc:105) Processed 350 utterances; for utterance sp0.9-SWH-05-20101110_16k-emission_swahili_15h00_-_16h00_tu_20101110_part210 avg. like is -108.829 over 280 frames.
LOG (gmm-acc-stats-ali[5.5.883~1-3eea3]:main():gmm-acc-stats-ali.cc:105) Processed 400 utterances; for utterance sp0.9-SWH-05-20101110_16k-emission_swahili_15h00_-_16h00_tu_20101110_part256 avg. like is -106.691 over 362 frames.
LOG (gmm-acc-stats-ali[5.5.883~1-3eea3]:main():gmm-acc-stats-ali.cc:105) Processed 450 utterances; for utterance sp0.9-SWH-05-20101110_16k-emission_swahili_15h00_-_16h00_tu_20101110_part300 avg. like is -110.74 over 262 frames.
LOG (gmm-acc-stats-ali[5.5.883~1-3eea3]:main():gmm-acc-stats-ali.cc:105) Processed 500 utterances; for utterance sp0.9-SWH-05-20101110_16k-emission_swahili_15h00_-_16h00_tu_20101110_part346 avg. like is -108.174 over 332 frames.
LOG (gmm-acc-stats-ali[5.5.883~1-3eea3]:main():gmm-acc-stats-ali.cc:105) Processed 550 utterances; for utterance sp0.9-SWH-05-20101110_16k-emission_swahili_15h00_-_16h00_tu_20101110_part391 avg. like is -108.491 over 389 frames.
WARNING (gmm-acc-stats-ali[5.5.883~1-3eea3]:main():gmm-acc-stats-ali.cc:79) No alignment for utterance sp0.9-SWH-05-20101110_16k-emission_swahili_15h00_-_16h00_tu_20101110_part417
LOG (gmm-acc-stats-ali[5.5.883~1-3eea3]:main():gmm-acc-stats-ali.cc:105) Processed 600 utterances; for utterance sp0.9-SWH-05-20101110_16k-emission_swahili_15h00_-_16h00_tu_20101110_part437 avg. like is -111.109 over 362 frames.
WARNING (gmm-acc-stats-ali[5.5.883~1-3eea3]:main():gmm-acc-stats-ali.cc:79) No alignment for utterance sp0.9-SWH-05-20101110_16k-emission_swahili_15h00_-_16h00_tu_20101110_part455
WARNING (gmm-acc-stats-ali[5.5.883~1-3eea3]:main():gmm-acc-stats-ali.cc:79) No alignment for utterance sp0.9-SWH-05-20101110_16k-emission_swahili_15h00_-_16h00_tu_20101110_part456
WARNING (gmm-acc-stats-ali[5.5.883~1-3eea3]:main():gmm-acc-stats-ali.cc:79) No alignment for utterance sp0.9-SWH-05-20101110_16k-emission_swahili_15h00_-_16h00_tu_20101110_part463
WARNING (gmm-acc-stats-ali[5.5.883~1-3eea3]:main():gmm-acc-stats-ali.cc:79) No alignment for utterance sp0.9-SWH-05-20101110_16k-emission_swahili_15h00_-_16h00_tu_20101110_part464
WARNING (gmm-acc-stats-ali[5.5.883~1-3eea3]:main():gmm-acc-stats-ali.cc:79) No alignment for utterance sp0.9-SWH-05-20101110_16k-emission_swahili_15h00_-_16h00_tu_20101110_part467
WARNING (gmm-acc-stats-ali[5.5.883~1-3eea3]:main():gmm-acc-stats-ali.cc:79) No alignment for utterance sp0.9-SWH-05-20101110_16k-emission_swahili_15h00_-_16h00_tu_20101110_part471
LOG (gmm-acc-stats-ali[5.5.883~1-3eea3]:main():gmm-acc-stats-ali.cc:105) Processed 650 utterances; for utterance sp0.9-SWH-05-20101110_16k-emission_swahili_15h00_-_16h00_tu_20101110_part488 avg. like is -107.829 over 376 frames.
LOG (gmm-acc-stats-ali[5.5.883~1-3eea3]:main():gmm-acc-stats-ali.cc:105) Processed 700 utterances; for utterance sp0.9-SWH-05-20101110_16k-emission_swahili_15h00_-_16h00_tu_20101110_part87 avg. like is -108.319 over 344 frames.
LOG (gmm-acc-stats-ali[5.5.883~1-3eea3]:main():gmm-acc-stats-ali.cc:105) Processed 750 utterances; for utterance sp1.1-SWH-05-20101106_16k-emission_swahili_05h30_-_06h00_tu_20101106_part132 avg. like is -113.203 over 216 frames.
LOG (gmm-acc-stats-ali[5.5.883~1-3eea3]:main():gmm-acc-stats-ali.cc:105) Processed 800 utterances; for utterance sp1.1-SWH-05-20101106_16k-emission_swahili_05h30_-_06h00_tu_20101106_part179 avg. like is -107.818 over 219 frames.
LOG (gmm-acc-stats-ali[5.5.883~1-3eea3]:main():gmm-acc-stats-ali.cc:105) Processed 850 utterances; for utterance sp1.1-SWH-05-20101106_16k-emission_swahili_05h30_-_06h00_tu_20101106_part37 avg. like is -111.167 over 414 frames.
LOG (gmm-acc-stats-ali[5.5.883~1-3eea3]:main():gmm-acc-stats-ali.cc:105) Processed 900 utterances; for utterance sp1.1-SWH-05-20101106_16k-emission_swahili_05h30_-_06h00_tu_20101106_part82 avg. like is -113.424 over 333 frames.
LOG (apply-cmvn[5.5.883~1-3eea3]:main():apply-cmvn.cc:162) Applied cepstral mean normalization to 931 utterances, errors on 0
LOG (gmm-acc-stats-ali[5.5.883~1-3eea3]:main():gmm-acc-stats-ali.cc:112) Done 918 files, 13 with errors.
LOG (gmm-acc-stats-ali[5.5.883~1-3eea3]:main():gmm-acc-stats-ali.cc:115) Overall avg like per frame (Gaussian only) = -109.047 over 342141 frames.
LOG (gmm-acc-stats-ali[5.5.883~1-3eea3]:main():gmm-acc-stats-ali.cc:123) Written accs.
# Accounting: time=2 threads=1
# Ended (code 0) at Sat Feb 13 17:38:54 IST 2021, elapsed time 2 seconds
