# gmm-acc-stats-ali exp/mono/6.mdl "ark,s,cs:apply-cmvn  --utt2spk=ark:data/train_sp3/split4/2/utt2spk scp:data/train_sp3/split4/2/cmvn.scp scp:data/train_sp3/split4/2/feats.scp ark:- | add-deltas  ark:- ark:- |" "ark:gunzip -c exp/mono/ali.2.gz|" exp/mono/6.2.acc 
# Started at Sat Feb 13 17:40:53 IST 2021
#
gmm-acc-stats-ali exp/mono/6.mdl 'ark,s,cs:apply-cmvn  --utt2spk=ark:data/train_sp3/split4/2/utt2spk scp:data/train_sp3/split4/2/cmvn.scp scp:data/train_sp3/split4/2/feats.scp ark:- | add-deltas  ark:- ark:- |' 'ark:gunzip -c exp/mono/ali.2.gz|' exp/mono/6.2.acc 
apply-cmvn --utt2spk=ark:data/train_sp3/split4/2/utt2spk scp:data/train_sp3/split4/2/cmvn.scp scp:data/train_sp3/split4/2/feats.scp ark:- 
add-deltas ark:- ark:- 
WARNING (gmm-acc-stats-ali[5.5.883~1-3eea3]:main():gmm-acc-stats-ali.cc:79) No alignment for utterance SWH-05-20101110_16k-emission_swahili_15h00_-_16h00_tu_20101110_part119
WARNING (gmm-acc-stats-ali[5.5.883~1-3eea3]:main():gmm-acc-stats-ali.cc:79) No alignment for utterance SWH-05-20101110_16k-emission_swahili_15h00_-_16h00_tu_20101110_part124
LOG (gmm-acc-stats-ali[5.5.883~1-3eea3]:main():gmm-acc-stats-ali.cc:105) Processed 50 utterances; for utterance SWH-05-20101110_16k-emission_swahili_15h00_-_16h00_tu_20101110_part146 avg. like is -102.546 over 224 frames.
WARNING (gmm-acc-stats-ali[5.5.883~1-3eea3]:main():gmm-acc-stats-ali.cc:79) No alignment for utterance SWH-05-20101110_16k-emission_swahili_15h00_-_16h00_tu_20101110_part16
LOG (gmm-acc-stats-ali[5.5.883~1-3eea3]:main():gmm-acc-stats-ali.cc:105) Processed 100 utterances; for utterance SWH-05-20101110_16k-emission_swahili_15h00_-_16h00_tu_20101110_part192 avg. like is -106.937 over 464 frames.
LOG (gmm-acc-stats-ali[5.5.883~1-3eea3]:main():gmm-acc-stats-ali.cc:105) Processed 150 utterances; for utterance SWH-05-20101110_16k-emission_swahili_15h00_-_16h00_tu_20101110_part237 avg. like is -95.7399 over 499 frames.
WARNING (gmm-acc-stats-ali[5.5.883~1-3eea3]:main():gmm-acc-stats-ali.cc:79) No alignment for utterance SWH-05-20101110_16k-emission_swahili_15h00_-_16h00_tu_20101110_part259
WARNING (gmm-acc-stats-ali[5.5.883~1-3eea3]:main():gmm-acc-stats-ali.cc:79) No alignment for utterance SWH-05-20101110_16k-emission_swahili_15h00_-_16h00_tu_20101110_part261
WARNING (gmm-acc-stats-ali[5.5.883~1-3eea3]:main():gmm-acc-stats-ali.cc:79) No alignment for utterance SWH-05-20101110_16k-emission_swahili_15h00_-_16h00_tu_20101110_part266
LOG (gmm-acc-stats-ali[5.5.883~1-3eea3]:main():gmm-acc-stats-ali.cc:105) Processed 200 utterances; for utterance SWH-05-20101110_16k-emission_swahili_15h00_-_16h00_tu_20101110_part285 avg. like is -111.16 over 552 frames.
LOG (gmm-acc-stats-ali[5.5.883~1-3eea3]:main():gmm-acc-stats-ali.cc:105) Processed 250 utterances; for utterance SWH-05-20101110_16k-emission_swahili_15h00_-_16h00_tu_20101110_part33 avg. like is -109.266 over 250 frames.
LOG (gmm-acc-stats-ali[5.5.883~1-3eea3]:main():gmm-acc-stats-ali.cc:105) Processed 300 utterances; for utterance SWH-05-20101110_16k-emission_swahili_15h00_-_16h00_tu_20101110_part375 avg. like is -106.033 over 308 frames.
WARNING (gmm-acc-stats-ali[5.5.883~1-3eea3]:main():gmm-acc-stats-ali.cc:79) No alignment for utterance SWH-05-20101110_16k-emission_swahili_15h00_-_16h00_tu_20101110_part388
WARNING (gmm-acc-stats-ali[5.5.883~1-3eea3]:main():gmm-acc-stats-ali.cc:79) No alignment for utterance SWH-05-20101110_16k-emission_swahili_15h00_-_16h00_tu_20101110_part405
LOG (gmm-acc-stats-ali[5.5.883~1-3eea3]:main():gmm-acc-stats-ali.cc:105) Processed 350 utterances; for utterance SWH-05-20101110_16k-emission_swahili_15h00_-_16h00_tu_20101110_part421 avg. like is -106.945 over 472 frames.
WARNING (gmm-acc-stats-ali[5.5.883~1-3eea3]:main():gmm-acc-stats-ali.cc:79) No alignment for utterance SWH-05-20101110_16k-emission_swahili_15h00_-_16h00_tu_20101110_part444
WARNING (gmm-acc-stats-ali[5.5.883~1-3eea3]:main():gmm-acc-stats-ali.cc:79) No alignment for utterance SWH-05-20101110_16k-emission_swahili_15h00_-_16h00_tu_20101110_part445
WARNING (gmm-acc-stats-ali[5.5.883~1-3eea3]:main():gmm-acc-stats-ali.cc:79) No alignment for utterance SWH-05-20101110_16k-emission_swahili_15h00_-_16h00_tu_20101110_part450
WARNING (gmm-acc-stats-ali[5.5.883~1-3eea3]:main():gmm-acc-stats-ali.cc:79) No alignment for utterance SWH-05-20101110_16k-emission_swahili_15h00_-_16h00_tu_20101110_part455
WARNING (gmm-acc-stats-ali[5.5.883~1-3eea3]:main():gmm-acc-stats-ali.cc:79) No alignment for utterance SWH-05-20101110_16k-emission_swahili_15h00_-_16h00_tu_20101110_part456
WARNING (gmm-acc-stats-ali[5.5.883~1-3eea3]:main():gmm-acc-stats-ali.cc:79) No alignment for utterance SWH-05-20101110_16k-emission_swahili_15h00_-_16h00_tu_20101110_part457
WARNING (gmm-acc-stats-ali[5.5.883~1-3eea3]:main():gmm-acc-stats-ali.cc:79) No alignment for utterance SWH-05-20101110_16k-emission_swahili_15h00_-_16h00_tu_20101110_part459
WARNING (gmm-acc-stats-ali[5.5.883~1-3eea3]:main():gmm-acc-stats-ali.cc:79) No alignment for utterance SWH-05-20101110_16k-emission_swahili_15h00_-_16h00_tu_20101110_part461
WARNING (gmm-acc-stats-ali[5.5.883~1-3eea3]:main():gmm-acc-stats-ali.cc:79) No alignment for utterance SWH-05-20101110_16k-emission_swahili_15h00_-_16h00_tu_20101110_part462
WARNING (gmm-acc-stats-ali[5.5.883~1-3eea3]:main():gmm-acc-stats-ali.cc:79) No alignment for utterance SWH-05-20101110_16k-emission_swahili_15h00_-_16h00_tu_20101110_part463
WARNING (gmm-acc-stats-ali[5.5.883~1-3eea3]:main():gmm-acc-stats-ali.cc:79) No alignment for utterance SWH-05-20101110_16k-emission_swahili_15h00_-_16h00_tu_20101110_part464
WARNING (gmm-acc-stats-ali[5.5.883~1-3eea3]:main():gmm-acc-stats-ali.cc:79) No alignment for utterance SWH-05-20101110_16k-emission_swahili_15h00_-_16h00_tu_20101110_part465
WARNING (gmm-acc-stats-ali[5.5.883~1-3eea3]:main():gmm-acc-stats-ali.cc:79) No alignment for utterance SWH-05-20101110_16k-emission_swahili_15h00_-_16h00_tu_20101110_part467
WARNING (gmm-acc-stats-ali[5.5.883~1-3eea3]:main():gmm-acc-stats-ali.cc:79) No alignment for utterance SWH-05-20101110_16k-emission_swahili_15h00_-_16h00_tu_20101110_part468
WARNING (gmm-acc-stats-ali[5.5.883~1-3eea3]:main():gmm-acc-stats-ali.cc:79) No alignment for utterance SWH-05-20101110_16k-emission_swahili_15h00_-_16h00_tu_20101110_part469
WARNING (gmm-acc-stats-ali[5.5.883~1-3eea3]:main():gmm-acc-stats-ali.cc:79) No alignment for utterance SWH-05-20101110_16k-emission_swahili_15h00_-_16h00_tu_20101110_part470
WARNING (gmm-acc-stats-ali[5.5.883~1-3eea3]:main():gmm-acc-stats-ali.cc:79) No alignment for utterance SWH-05-20101110_16k-emission_swahili_15h00_-_16h00_tu_20101110_part471
LOG (gmm-acc-stats-ali[5.5.883~1-3eea3]:main():gmm-acc-stats-ali.cc:105) Processed 400 utterances; for utterance SWH-05-20101110_16k-emission_swahili_15h00_-_16h00_tu_20101110_part482 avg. like is -106.56 over 216 frames.
LOG (gmm-acc-stats-ali[5.5.883~1-3eea3]:main():gmm-acc-stats-ali.cc:105) Processed 450 utterances; for utterance SWH-05-20101110_16k-emission_swahili_15h00_-_16h00_tu_20101110_part81 avg. like is -104.575 over 399 frames.
LOG (gmm-acc-stats-ali[5.5.883~1-3eea3]:main():gmm-acc-stats-ali.cc:105) Processed 500 utterances; for utterance sp0.9-SWH-05-20101106_16k-emission_swahili_05h30_-_06h00_tu_20101106_part127 avg. like is -105.561 over 270 frames.
WARNING (gmm-acc-stats-ali[5.5.883~1-3eea3]:main():gmm-acc-stats-ali.cc:79) No alignment for utterance sp0.9-SWH-05-20101106_16k-emission_swahili_05h30_-_06h00_tu_20101106_part164
WARNING (gmm-acc-stats-ali[5.5.883~1-3eea3]:main():gmm-acc-stats-ali.cc:79) No alignment for utterance sp0.9-SWH-05-20101106_16k-emission_swahili_05h30_-_06h00_tu_20101106_part17
LOG (gmm-acc-stats-ali[5.5.883~1-3eea3]:main():gmm-acc-stats-ali.cc:105) Processed 550 utterances; for utterance sp0.9-SWH-05-20101106_16k-emission_swahili_05h30_-_06h00_tu_20101106_part175 avg. like is -106.083 over 266 frames.
WARNING (gmm-acc-stats-ali[5.5.883~1-3eea3]:main():gmm-acc-stats-ali.cc:79) No alignment for utterance sp0.9-SWH-05-20101106_16k-emission_swahili_05h30_-_06h00_tu_20101106_part18
WARNING (gmm-acc-stats-ali[5.5.883~1-3eea3]:main():gmm-acc-stats-ali.cc:79) No alignment for utterance sp0.9-SWH-05-20101106_16k-emission_swahili_05h30_-_06h00_tu_20101106_part19
WARNING (gmm-acc-stats-ali[5.5.883~1-3eea3]:main():gmm-acc-stats-ali.cc:79) No alignment for utterance sp0.9-SWH-05-20101106_16k-emission_swahili_05h30_-_06h00_tu_20101106_part20
WARNING (gmm-acc-stats-ali[5.5.883~1-3eea3]:main():gmm-acc-stats-ali.cc:79) No alignment for utterance sp0.9-SWH-05-20101106_16k-emission_swahili_05h30_-_06h00_tu_20101106_part24
WARNING (gmm-acc-stats-ali[5.5.883~1-3eea3]:main():gmm-acc-stats-ali.cc:79) No alignment for utterance sp0.9-SWH-05-20101106_16k-emission_swahili_05h30_-_06h00_tu_20101106_part25
WARNING (gmm-acc-stats-ali[5.5.883~1-3eea3]:main():gmm-acc-stats-ali.cc:79) No alignment for utterance sp0.9-SWH-05-20101106_16k-emission_swahili_05h30_-_06h00_tu_20101106_part26
LOG (gmm-acc-stats-ali[5.5.883~1-3eea3]:main():gmm-acc-stats-ali.cc:105) Processed 600 utterances; for utterance sp0.9-SWH-05-20101106_16k-emission_swahili_05h30_-_06h00_tu_20101106_part39 avg. like is -105.883 over 239 frames.
WARNING (gmm-acc-stats-ali[5.5.883~1-3eea3]:main():gmm-acc-stats-ali.cc:79) No alignment for utterance sp0.9-SWH-05-20101106_16k-emission_swahili_05h30_-_06h00_tu_20101106_part72
WARNING (gmm-acc-stats-ali[5.5.883~1-3eea3]:main():gmm-acc-stats-ali.cc:79) No alignment for utterance sp0.9-SWH-05-20101106_16k-emission_swahili_05h30_-_06h00_tu_20101106_part73
WARNING (gmm-acc-stats-ali[5.5.883~1-3eea3]:main():gmm-acc-stats-ali.cc:79) No alignment for utterance sp0.9-SWH-05-20101106_16k-emission_swahili_05h30_-_06h00_tu_20101106_part74
WARNING (gmm-acc-stats-ali[5.5.883~1-3eea3]:main():gmm-acc-stats-ali.cc:79) No alignment for utterance sp0.9-SWH-05-20101106_16k-emission_swahili_05h30_-_06h00_tu_20101106_part76
WARNING (gmm-acc-stats-ali[5.5.883~1-3eea3]:main():gmm-acc-stats-ali.cc:79) No alignment for utterance sp0.9-SWH-05-20101106_16k-emission_swahili_05h30_-_06h00_tu_20101106_part77
WARNING (gmm-acc-stats-ali[5.5.883~1-3eea3]:main():gmm-acc-stats-ali.cc:79) No alignment for utterance sp0.9-SWH-05-20101106_16k-emission_swahili_05h30_-_06h00_tu_20101106_part78
LOG (gmm-acc-stats-ali[5.5.883~1-3eea3]:main():gmm-acc-stats-ali.cc:105) Processed 650 utterances; for utterance sp0.9-SWH-05-20101106_16k-emission_swahili_05h30_-_06h00_tu_20101106_part9 avg. like is -103.597 over 439 frames.
LOG (gmm-acc-stats-ali[5.5.883~1-3eea3]:main():gmm-acc-stats-ali.cc:105) Processed 700 utterances; for utterance sp0.9-SWH-05-20101107_16k-emission_swahili_05h30_-_06h00_tu_20101107_part134 avg. like is -111.727 over 248 frames.
LOG (gmm-acc-stats-ali[5.5.883~1-3eea3]:main():gmm-acc-stats-ali.cc:105) Processed 750 utterances; for utterance sp0.9-SWH-05-20101107_16k-emission_swahili_05h30_-_06h00_tu_20101107_part180 avg. like is -100.494 over 399 frames.
LOG (gmm-acc-stats-ali[5.5.883~1-3eea3]:main():gmm-acc-stats-ali.cc:105) Processed 800 utterances; for utterance sp0.9-SWH-05-20101107_16k-emission_swahili_05h30_-_06h00_tu_20101107_part3 avg. like is -103.137 over 451 frames.
LOG (gmm-acc-stats-ali[5.5.883~1-3eea3]:main():gmm-acc-stats-ali.cc:105) Processed 850 utterances; for utterance sp0.9-SWH-05-20101107_16k-emission_swahili_05h30_-_06h00_tu_20101107_part75 avg. like is -103.235 over 366 frames.
LOG (apply-cmvn[5.5.883~1-3eea3]:main():apply-cmvn.cc:162) Applied cepstral mean normalization to 915 utterances, errors on 0
LOG (gmm-acc-stats-ali[5.5.883~1-3eea3]:main():gmm-acc-stats-ali.cc:112) Done 876 files, 39 with errors.
LOG (gmm-acc-stats-ali[5.5.883~1-3eea3]:main():gmm-acc-stats-ali.cc:115) Overall avg like per frame (Gaussian only) = -106.173 over 317220 frames.
LOG (gmm-acc-stats-ali[5.5.883~1-3eea3]:main():gmm-acc-stats-ali.cc:123) Written accs.
# Accounting: time=2 threads=1
# Ended (code 0) at Sat Feb 13 17:40:55 IST 2021, elapsed time 2 seconds
