# gmm-acc-stats-ali exp/mono/13.mdl "ark,s,cs:apply-cmvn  --utt2spk=ark:data/train_sp3/split4/2/utt2spk scp:data/train_sp3/split4/2/cmvn.scp scp:data/train_sp3/split4/2/feats.scp ark:- | add-deltas  ark:- ark:- |" "ark:gunzip -c exp/mono/ali.2.gz|" exp/mono/13.2.acc 
# Started at Sat Feb 13 17:43:44 IST 2021
#
gmm-acc-stats-ali exp/mono/13.mdl 'ark,s,cs:apply-cmvn  --utt2spk=ark:data/train_sp3/split4/2/utt2spk scp:data/train_sp3/split4/2/cmvn.scp scp:data/train_sp3/split4/2/feats.scp ark:- | add-deltas  ark:- ark:- |' 'ark:gunzip -c exp/mono/ali.2.gz|' exp/mono/13.2.acc 
apply-cmvn --utt2spk=ark:data/train_sp3/split4/2/utt2spk scp:data/train_sp3/split4/2/cmvn.scp scp:data/train_sp3/split4/2/feats.scp ark:- 
add-deltas ark:- ark:- 
LOG (gmm-acc-stats-ali[5.5.883~1-3eea3]:main():gmm-acc-stats-ali.cc:105) Processed 50 utterances; for utterance SWH-05-20101110_16k-emission_swahili_15h00_-_16h00_tu_20101110_part144 avg. like is -100.13 over 531 frames.
LOG (gmm-acc-stats-ali[5.5.883~1-3eea3]:main():gmm-acc-stats-ali.cc:105) Processed 100 utterances; for utterance SWH-05-20101110_16k-emission_swahili_15h00_-_16h00_tu_20101110_part19 avg. like is -103.722 over 280 frames.
LOG (gmm-acc-stats-ali[5.5.883~1-3eea3]:main():gmm-acc-stats-ali.cc:105) Processed 150 utterances; for utterance SWH-05-20101110_16k-emission_swahili_15h00_-_16h00_tu_20101110_part234 avg. like is -100.199 over 567 frames.
LOG (gmm-acc-stats-ali[5.5.883~1-3eea3]:main():gmm-acc-stats-ali.cc:105) Processed 200 utterances; for utterance SWH-05-20101110_16k-emission_swahili_15h00_-_16h00_tu_20101110_part28 avg. like is -102.231 over 262 frames.
LOG (gmm-acc-stats-ali[5.5.883~1-3eea3]:main():gmm-acc-stats-ali.cc:105) Processed 250 utterances; for utterance SWH-05-20101110_16k-emission_swahili_15h00_-_16h00_tu_20101110_part324 avg. like is -106.079 over 334 frames.
LOG (gmm-acc-stats-ali[5.5.883~1-3eea3]:main():gmm-acc-stats-ali.cc:105) Processed 300 utterances; for utterance SWH-05-20101110_16k-emission_swahili_15h00_-_16h00_tu_20101110_part37 avg. like is -101.635 over 256 frames.
LOG (gmm-acc-stats-ali[5.5.883~1-3eea3]:main():gmm-acc-stats-ali.cc:105) Processed 350 utterances; for utterance SWH-05-20101110_16k-emission_swahili_15h00_-_16h00_tu_20101110_part414 avg. like is -107.019 over 466 frames.
WARNING (gmm-acc-stats-ali[5.5.883~1-3eea3]:main():gmm-acc-stats-ali.cc:79) No alignment for utterance SWH-05-20101110_16k-emission_swahili_15h00_-_16h00_tu_20101110_part450
LOG (gmm-acc-stats-ali[5.5.883~1-3eea3]:main():gmm-acc-stats-ali.cc:105) Processed 400 utterances; for utterance SWH-05-20101110_16k-emission_swahili_15h00_-_16h00_tu_20101110_part460 avg. like is -110.945 over 428 frames.
LOG (gmm-acc-stats-ali[5.5.883~1-3eea3]:main():gmm-acc-stats-ali.cc:105) Processed 450 utterances; for utterance SWH-05-20101110_16k-emission_swahili_15h00_-_16h00_tu_20101110_part6 avg. like is -102.367 over 413 frames.
LOG (gmm-acc-stats-ali[5.5.883~1-3eea3]:main():gmm-acc-stats-ali.cc:105) Processed 500 utterances; for utterance sp0.9-SWH-05-20101106_16k-emission_swahili_05h30_-_06h00_tu_20101106_part105 avg. like is -104.589 over 289 frames.
LOG (gmm-acc-stats-ali[5.5.883~1-3eea3]:main():gmm-acc-stats-ali.cc:105) Processed 550 utterances; for utterance sp0.9-SWH-05-20101106_16k-emission_swahili_05h30_-_06h00_tu_20101106_part151 avg. like is -107.491 over 475 frames.
WARNING (gmm-acc-stats-ali[5.5.883~1-3eea3]:main():gmm-acc-stats-ali.cc:79) No alignment for utterance sp0.9-SWH-05-20101106_16k-emission_swahili_05h30_-_06h00_tu_20101106_part17
WARNING (gmm-acc-stats-ali[5.5.883~1-3eea3]:main():gmm-acc-stats-ali.cc:79) No alignment for utterance sp0.9-SWH-05-20101106_16k-emission_swahili_05h30_-_06h00_tu_20101106_part18
LOG (gmm-acc-stats-ali[5.5.883~1-3eea3]:main():gmm-acc-stats-ali.cc:105) Processed 600 utterances; for utterance sp0.9-SWH-05-20101106_16k-emission_swahili_05h30_-_06h00_tu_20101106_part199 avg. like is -97.9037 over 611 frames.
WARNING (gmm-acc-stats-ali[5.5.883~1-3eea3]:main():gmm-acc-stats-ali.cc:79) No alignment for utterance sp0.9-SWH-05-20101106_16k-emission_swahili_05h30_-_06h00_tu_20101106_part20
WARNING (gmm-acc-stats-ali[5.5.883~1-3eea3]:main():gmm-acc-stats-ali.cc:79) No alignment for utterance sp0.9-SWH-05-20101106_16k-emission_swahili_05h30_-_06h00_tu_20101106_part26
LOG (gmm-acc-stats-ali[5.5.883~1-3eea3]:main():gmm-acc-stats-ali.cc:105) Processed 650 utterances; for utterance sp0.9-SWH-05-20101106_16k-emission_swahili_05h30_-_06h00_tu_20101106_part59 avg. like is -103.425 over 340 frames.
LOG (gmm-acc-stats-ali[5.5.883~1-3eea3]:main():gmm-acc-stats-ali.cc:105) Processed 700 utterances; for utterance sp0.9-SWH-05-20101107_16k-emission_swahili_05h30_-_06h00_tu_20101107_part103 avg. like is -101.208 over 249 frames.
LOG (gmm-acc-stats-ali[5.5.883~1-3eea3]:main():gmm-acc-stats-ali.cc:105) Processed 750 utterances; for utterance sp0.9-SWH-05-20101107_16k-emission_swahili_05h30_-_06h00_tu_20101107_part15 avg. like is -99.6904 over 315 frames.
LOG (gmm-acc-stats-ali[5.5.883~1-3eea3]:main():gmm-acc-stats-ali.cc:105) Processed 800 utterances; for utterance sp0.9-SWH-05-20101107_16k-emission_swahili_05h30_-_06h00_tu_20101107_part195 avg. like is -104.051 over 452 frames.
LOG (gmm-acc-stats-ali[5.5.883~1-3eea3]:main():gmm-acc-stats-ali.cc:105) Processed 850 utterances; for utterance sp0.9-SWH-05-20101107_16k-emission_swahili_05h30_-_06h00_tu_20101107_part44 avg. like is -106.442 over 327 frames.
LOG (gmm-acc-stats-ali[5.5.883~1-3eea3]:main():gmm-acc-stats-ali.cc:105) Processed 900 utterances; for utterance sp0.9-SWH-05-20101107_16k-emission_swahili_05h30_-_06h00_tu_20101107_part9 avg. like is -101.52 over 360 frames.
LOG (apply-cmvn[5.5.883~1-3eea3]:main():apply-cmvn.cc:162) Applied cepstral mean normalization to 915 utterances, errors on 0
LOG (gmm-acc-stats-ali[5.5.883~1-3eea3]:main():gmm-acc-stats-ali.cc:112) Done 910 files, 5 with errors.
LOG (gmm-acc-stats-ali[5.5.883~1-3eea3]:main():gmm-acc-stats-ali.cc:115) Overall avg like per frame (Gaussian only) = -103.084 over 329608 frames.
LOG (gmm-acc-stats-ali[5.5.883~1-3eea3]:main():gmm-acc-stats-ali.cc:123) Written accs.
# Accounting: time=3 threads=1
# Ended (code 0) at Sat Feb 13 17:43:47 IST 2021, elapsed time 3 seconds
