# gmm-acc-stats-ali exp/mono/11.mdl "ark,s,cs:apply-cmvn  --utt2spk=ark:data/train_sp3/split4/4/utt2spk scp:data/train_sp3/split4/4/cmvn.scp scp:data/train_sp3/split4/4/feats.scp ark:- | add-deltas  ark:- ark:- |" "ark:gunzip -c exp/mono/ali.4.gz|" exp/mono/11.4.acc 
# Started at Mon Feb 15 00:36:00 IST 2021
#
gmm-acc-stats-ali exp/mono/11.mdl 'ark,s,cs:apply-cmvn  --utt2spk=ark:data/train_sp3/split4/4/utt2spk scp:data/train_sp3/split4/4/cmvn.scp scp:data/train_sp3/split4/4/feats.scp ark:- | add-deltas  ark:- ark:- |' 'ark:gunzip -c exp/mono/ali.4.gz|' exp/mono/11.4.acc 
apply-cmvn --utt2spk=ark:data/train_sp3/split4/4/utt2spk scp:data/train_sp3/split4/4/cmvn.scp scp:data/train_sp3/split4/4/feats.scp ark:- 
add-deltas ark:- ark:- 
WARNING (gmm-acc-stats-ali[5.5.883~1-3eea3]:main():gmm-acc-stats-ali.cc:79) No alignment for utterance sp1.1-SWH-05-20101107_16k-emission_swahili_05h30_-_06h00_tu_20101107_part120
LOG (gmm-acc-stats-ali[5.5.883~1-3eea3]:main():gmm-acc-stats-ali.cc:105) Processed 50 utterances; for utterance sp1.1-SWH-05-20101107_16k-emission_swahili_05h30_-_06h00_tu_20101107_part145 avg. like is -108.345 over 451 frames.
WARNING (gmm-acc-stats-ali[5.5.883~1-3eea3]:main():gmm-acc-stats-ali.cc:79) No alignment for utterance sp1.1-SWH-05-20101107_16k-emission_swahili_05h30_-_06h00_tu_20101107_part190
LOG (gmm-acc-stats-ali[5.5.883~1-3eea3]:main():gmm-acc-stats-ali.cc:105) Processed 100 utterances; for utterance sp1.1-SWH-05-20101107_16k-emission_swahili_05h30_-_06h00_tu_20101107_part191 avg. like is -106.404 over 221 frames.
LOG (gmm-acc-stats-ali[5.5.883~1-3eea3]:main():gmm-acc-stats-ali.cc:105) Processed 150 utterances; for utterance sp1.1-SWH-05-20101107_16k-emission_swahili_05h30_-_06h00_tu_20101107_part40 avg. like is -106.796 over 240 frames.
LOG (gmm-acc-stats-ali[5.5.883~1-3eea3]:main():gmm-acc-stats-ali.cc:105) Processed 200 utterances; for utterance sp1.1-SWH-05-20101107_16k-emission_swahili_05h30_-_06h00_tu_20101107_part86 avg. like is -109.956 over 294 frames.
LOG (gmm-acc-stats-ali[5.5.883~1-3eea3]:main():gmm-acc-stats-ali.cc:105) Processed 250 utterances; for utterance sp1.1-SWH-05-20101109_emission_swahili_05h30_-_06h00_tu_20101109_part130 avg. like is -109.783 over 279 frames.
LOG (gmm-acc-stats-ali[5.5.883~1-3eea3]:main():gmm-acc-stats-ali.cc:105) Processed 300 utterances; for utterance sp1.1-SWH-05-20101109_emission_swahili_05h30_-_06h00_tu_20101109_part176 avg. like is -104.235 over 293 frames.
LOG (gmm-acc-stats-ali[5.5.883~1-3eea3]:main():gmm-acc-stats-ali.cc:105) Processed 350 utterances; for utterance sp1.1-SWH-05-20101109_emission_swahili_05h30_-_06h00_tu_20101109_part220 avg. like is -104.641 over 392 frames.
LOG (gmm-acc-stats-ali[5.5.883~1-3eea3]:main():gmm-acc-stats-ali.cc:105) Processed 400 utterances; for utterance sp1.1-SWH-05-20101109_emission_swahili_05h30_-_06h00_tu_20101109_part57 avg. like is -103.526 over 515 frames.
LOG (gmm-acc-stats-ali[5.5.883~1-3eea3]:main():gmm-acc-stats-ali.cc:105) Processed 450 utterances; for utterance sp1.1-SWH-05-20101110_16k-emission_swahili_15h00_-_16h00_tu_20101110_part102 avg. like is -108.518 over 241 frames.
LOG (gmm-acc-stats-ali[5.5.883~1-3eea3]:main():gmm-acc-stats-ali.cc:105) Processed 500 utterances; for utterance sp1.1-SWH-05-20101110_16k-emission_swahili_15h00_-_16h00_tu_20101110_part148 avg. like is -104.949 over 245 frames.
LOG (gmm-acc-stats-ali[5.5.883~1-3eea3]:main():gmm-acc-stats-ali.cc:105) Processed 550 utterances; for utterance sp1.1-SWH-05-20101110_16k-emission_swahili_15h00_-_16h00_tu_20101110_part193 avg. like is -105.617 over 242 frames.
LOG (gmm-acc-stats-ali[5.5.883~1-3eea3]:main():gmm-acc-stats-ali.cc:105) Processed 600 utterances; for utterance sp1.1-SWH-05-20101110_16k-emission_swahili_15h00_-_16h00_tu_20101110_part238 avg. like is -111.137 over 471 frames.
LOG (gmm-acc-stats-ali[5.5.883~1-3eea3]:main():gmm-acc-stats-ali.cc:105) Processed 650 utterances; for utterance sp1.1-SWH-05-20101110_16k-emission_swahili_15h00_-_16h00_tu_20101110_part283 avg. like is -107.735 over 280 frames.
LOG (gmm-acc-stats-ali[5.5.883~1-3eea3]:main():gmm-acc-stats-ali.cc:105) Processed 700 utterances; for utterance sp1.1-SWH-05-20101110_16k-emission_swahili_15h00_-_16h00_tu_20101110_part328 avg. like is -113.406 over 521 frames.
LOG (gmm-acc-stats-ali[5.5.883~1-3eea3]:main():gmm-acc-stats-ali.cc:105) Processed 750 utterances; for utterance sp1.1-SWH-05-20101110_16k-emission_swahili_15h00_-_16h00_tu_20101110_part373 avg. like is -108.302 over 425 frames.
LOG (gmm-acc-stats-ali[5.5.883~1-3eea3]:main():gmm-acc-stats-ali.cc:105) Processed 800 utterances; for utterance sp1.1-SWH-05-20101110_16k-emission_swahili_15h00_-_16h00_tu_20101110_part418 avg. like is -110.592 over 240 frames.
WARNING (gmm-acc-stats-ali[5.5.883~1-3eea3]:main():gmm-acc-stats-ali.cc:79) No alignment for utterance sp1.1-SWH-05-20101110_16k-emission_swahili_15h00_-_16h00_tu_20101110_part435
WARNING (gmm-acc-stats-ali[5.5.883~1-3eea3]:main():gmm-acc-stats-ali.cc:79) No alignment for utterance sp1.1-SWH-05-20101110_16k-emission_swahili_15h00_-_16h00_tu_20101110_part450
LOG (gmm-acc-stats-ali[5.5.883~1-3eea3]:main():gmm-acc-stats-ali.cc:105) Processed 850 utterances; for utterance sp1.1-SWH-05-20101110_16k-emission_swahili_15h00_-_16h00_tu_20101110_part465 avg. like is -115.736 over 292 frames.
LOG (gmm-acc-stats-ali[5.5.883~1-3eea3]:main():gmm-acc-stats-ali.cc:105) Processed 900 utterances; for utterance sp1.1-SWH-05-20101110_16k-emission_swahili_15h00_-_16h00_tu_20101110_part64 avg. like is -109.295 over 256 frames.
LOG (apply-cmvn[5.5.883~1-3eea3]:main():apply-cmvn.cc:162) Applied cepstral mean normalization to 942 utterances, errors on 0
LOG (gmm-acc-stats-ali[5.5.883~1-3eea3]:main():gmm-acc-stats-ali.cc:112) Done 938 files, 4 with errors.
LOG (gmm-acc-stats-ali[5.5.883~1-3eea3]:main():gmm-acc-stats-ali.cc:115) Overall avg like per frame (Gaussian only) = -107.333 over 298814 frames.
LOG (gmm-acc-stats-ali[5.5.883~1-3eea3]:main():gmm-acc-stats-ali.cc:123) Written accs.
# Accounting: time=2 threads=1
# Ended (code 0) at Mon Feb 15 00:36:02 IST 2021, elapsed time 2 seconds
