# align-equal-compiled "ark:gunzip -c exp/mono/fsts.4.gz|" "ark,s,cs:apply-cmvn  --utt2spk=ark:data/train_sp3/split4/4/utt2spk scp:data/train_sp3/split4/4/cmvn.scp scp:data/train_sp3/split4/4/feats.scp ark:- | add-deltas  ark:- ark:- |" ark,t:- | gmm-acc-stats-ali --binary=true exp/mono/0.mdl "ark,s,cs:apply-cmvn  --utt2spk=ark:data/train_sp3/split4/4/utt2spk scp:data/train_sp3/split4/4/cmvn.scp scp:data/train_sp3/split4/4/feats.scp ark:- | add-deltas  ark:- ark:- |" ark:- exp/mono/0.4.acc 
# Started at Sat Feb 13 17:37:30 IST 2021
#
align-equal-compiled 'ark:gunzip -c exp/mono/fsts.4.gz|' 'ark,s,cs:apply-cmvn  --utt2spk=ark:data/train_sp3/split4/4/utt2spk scp:data/train_sp3/split4/4/cmvn.scp scp:data/train_sp3/split4/4/feats.scp ark:- | add-deltas  ark:- ark:- |' ark,t:- 
gmm-acc-stats-ali --binary=true exp/mono/0.mdl 'ark,s,cs:apply-cmvn  --utt2spk=ark:data/train_sp3/split4/4/utt2spk scp:data/train_sp3/split4/4/cmvn.scp scp:data/train_sp3/split4/4/feats.scp ark:- | add-deltas  ark:- ark:- |' ark:- exp/mono/0.4.acc 
apply-cmvn --utt2spk=ark:data/train_sp3/split4/4/utt2spk scp:data/train_sp3/split4/4/cmvn.scp scp:data/train_sp3/split4/4/feats.scp ark:- 
add-deltas ark:- ark:- 
apply-cmvn --utt2spk=ark:data/train_sp3/split4/4/utt2spk scp:data/train_sp3/split4/4/cmvn.scp scp:data/train_sp3/split4/4/feats.scp ark:- 
add-deltas ark:- ark:- 
LOG (gmm-acc-stats-ali[5.5.883~1-3eea3]:main():gmm-acc-stats-ali.cc:105) Processed 50 utterances; for utterance sp1.1-SWH-05-20101107_16k-emission_swahili_05h30_-_06h00_tu_20101107_part144 avg. like is -115.435 over 337 frames.
LOG (gmm-acc-stats-ali[5.5.883~1-3eea3]:main():gmm-acc-stats-ali.cc:105) Processed 100 utterances; for utterance sp1.1-SWH-05-20101107_16k-emission_swahili_05h30_-_06h00_tu_20101107_part19 avg. like is -115.093 over 303 frames.
LOG (gmm-acc-stats-ali[5.5.883~1-3eea3]:main():gmm-acc-stats-ali.cc:105) Processed 150 utterances; for utterance sp1.1-SWH-05-20101107_16k-emission_swahili_05h30_-_06h00_tu_20101107_part39 avg. like is -115.062 over 380 frames.
LOG (gmm-acc-stats-ali[5.5.883~1-3eea3]:main():gmm-acc-stats-ali.cc:105) Processed 200 utterances; for utterance sp1.1-SWH-05-20101107_16k-emission_swahili_05h30_-_06h00_tu_20101107_part84 avg. like is -116.258 over 358 frames.
LOG (gmm-acc-stats-ali[5.5.883~1-3eea3]:main():gmm-acc-stats-ali.cc:105) Processed 250 utterances; for utterance sp1.1-SWH-05-20101109_emission_swahili_05h30_-_06h00_tu_20101109_part129 avg. like is -117.853 over 288 frames.
LOG (gmm-acc-stats-ali[5.5.883~1-3eea3]:main():gmm-acc-stats-ali.cc:105) Processed 300 utterances; for utterance sp1.1-SWH-05-20101109_emission_swahili_05h30_-_06h00_tu_20101109_part174 avg. like is -112.644 over 346 frames.
LOG (gmm-acc-stats-ali[5.5.883~1-3eea3]:main():gmm-acc-stats-ali.cc:105) Processed 350 utterances; for utterance sp1.1-SWH-05-20101109_emission_swahili_05h30_-_06h00_tu_20101109_part219 avg. like is -111.543 over 320 frames.
LOG (gmm-acc-stats-ali[5.5.883~1-3eea3]:main():gmm-acc-stats-ali.cc:105) Processed 400 utterances; for utterance sp1.1-SWH-05-20101109_emission_swahili_05h30_-_06h00_tu_20101109_part55 avg. like is -114.009 over 505 frames.
LOG (gmm-acc-stats-ali[5.5.883~1-3eea3]:main():gmm-acc-stats-ali.cc:105) Processed 450 utterances; for utterance sp1.1-SWH-05-20101110_16k-emission_swahili_15h00_-_16h00_tu_20101110_part100 avg. like is -111.266 over 350 frames.
LOG (gmm-acc-stats-ali[5.5.883~1-3eea3]:main():gmm-acc-stats-ali.cc:105) Processed 500 utterances; for utterance sp1.1-SWH-05-20101110_16k-emission_swahili_15h00_-_16h00_tu_20101110_part146 avg. like is -109.639 over 203 frames.
LOG (gmm-acc-stats-ali[5.5.883~1-3eea3]:main():gmm-acc-stats-ali.cc:105) Processed 550 utterances; for utterance sp1.1-SWH-05-20101110_16k-emission_swahili_15h00_-_16h00_tu_20101110_part191 avg. like is -113.71 over 456 frames.
LOG (gmm-acc-stats-ali[5.5.883~1-3eea3]:main():gmm-acc-stats-ali.cc:105) Processed 600 utterances; for utterance sp1.1-SWH-05-20101110_16k-emission_swahili_15h00_-_16h00_tu_20101110_part236 avg. like is -114.878 over 552 frames.
LOG (gmm-acc-stats-ali[5.5.883~1-3eea3]:main():gmm-acc-stats-ali.cc:105) Processed 650 utterances; for utterance sp1.1-SWH-05-20101110_16k-emission_swahili_15h00_-_16h00_tu_20101110_part281 avg. like is -113.395 over 288 frames.
LOG (gmm-acc-stats-ali[5.5.883~1-3eea3]:main():gmm-acc-stats-ali.cc:105) Processed 700 utterances; for utterance sp1.1-SWH-05-20101110_16k-emission_swahili_15h00_-_16h00_tu_20101110_part326 avg. like is -123.433 over 194 frames.
LOG (gmm-acc-stats-ali[5.5.883~1-3eea3]:main():gmm-acc-stats-ali.cc:105) Processed 750 utterances; for utterance sp1.1-SWH-05-20101110_16k-emission_swahili_15h00_-_16h00_tu_20101110_part371 avg. like is -116.239 over 449 frames.
LOG (gmm-acc-stats-ali[5.5.883~1-3eea3]:main():gmm-acc-stats-ali.cc:105) Processed 800 utterances; for utterance sp1.1-SWH-05-20101110_16k-emission_swahili_15h00_-_16h00_tu_20101110_part416 avg. like is -117.554 over 361 frames.
LOG (gmm-acc-stats-ali[5.5.883~1-3eea3]:main():gmm-acc-stats-ali.cc:105) Processed 850 utterances; for utterance sp1.1-SWH-05-20101110_16k-emission_swahili_15h00_-_16h00_tu_20101110_part461 avg. like is -121.7 over 303 frames.
LOG (gmm-acc-stats-ali[5.5.883~1-3eea3]:main():gmm-acc-stats-ali.cc:105) Processed 900 utterances; for utterance sp1.1-SWH-05-20101110_16k-emission_swahili_15h00_-_16h00_tu_20101110_part60 avg. like is -115.236 over 272 frames.
LOG (apply-cmvn[5.5.883~1-3eea3]:main():apply-cmvn.cc:162) Applied cepstral mean normalization to 942 utterances, errors on 0
LOG (align-equal-compiled[5.5.883~1-3eea3]:main():align-equal-compiled.cc:107) Success: done 942 utterances.
LOG (apply-cmvn[5.5.883~1-3eea3]:main():apply-cmvn.cc:162) Applied cepstral mean normalization to 942 utterances, errors on 0
LOG (gmm-acc-stats-ali[5.5.883~1-3eea3]:main():gmm-acc-stats-ali.cc:112) Done 942 files, 0 with errors.
LOG (gmm-acc-stats-ali[5.5.883~1-3eea3]:main():gmm-acc-stats-ali.cc:115) Overall avg like per frame (Gaussian only) = -115.216 over 300577 frames.
LOG (gmm-acc-stats-ali[5.5.883~1-3eea3]:main():gmm-acc-stats-ali.cc:123) Written accs.
# Accounting: time=2 threads=1
# Ended (code 0) at Sat Feb 13 17:37:32 IST 2021, elapsed time 2 seconds
