# gmm-est --write-occs=exp/mono/11.occs --mix-up=686 --power=0.25 exp/mono/10.mdl "gmm-sum-accs - exp/mono/10.*.acc|" exp/mono/11.mdl 
# Started at Mon Feb 15 00:36:00 IST 2021
#
gmm-est --write-occs=exp/mono/11.occs --mix-up=686 --power=0.25 exp/mono/10.mdl 'gmm-sum-accs - exp/mono/10.*.acc|' exp/mono/11.mdl 
gmm-sum-accs - exp/mono/10.1.acc exp/mono/10.2.acc exp/mono/10.3.acc exp/mono/10.4.acc 
LOG (gmm-sum-accs[5.5.883~1-3eea3]:main():gmm-sum-accs.cc:63) Summed 4 stats, total count 1.19334e+06, avg like/frame -105.739
LOG (gmm-sum-accs[5.5.883~1-3eea3]:main():gmm-sum-accs.cc:66) Total count of stats is 1.19334e+06
LOG (gmm-sum-accs[5.5.883~1-3eea3]:main():gmm-sum-accs.cc:67) Written stats to -
LOG (gmm-est[5.5.883~1-3eea3]:MleUpdate():transition-model.cc:528) TransitionModel::Update, objf change is 0.00139145 per frame over 1.19334e+06 frames. 
LOG (gmm-est[5.5.883~1-3eea3]:MleUpdate():transition-model.cc:531) 37 probabilities floored, 229 out of 532 transition-states skipped due to insuffient data (it is normal to have some skipped.)
LOG (gmm-est[5.5.883~1-3eea3]:main():gmm-est.cc:102) Transition model update: Overall 0.00139145 log-like improvement per frame over 1.19334e+06 frames.
WARNING (gmm-est[5.5.883~1-3eea3]:MleDiagGmmUpdate():mle-diag-gmm.cc:365) Gaussian has too little data but not removing it because it is the last Gaussian: i = 0, occ = 5, weight = 1
WARNING (gmm-est[5.5.883~1-3eea3]:MleDiagGmmUpdate():mle-diag-gmm.cc:365) Gaussian has too little data but not removing it because it is the last Gaussian: i = 0, occ = 4, weight = 1
WARNING (gmm-est[5.5.883~1-3eea3]:MleDiagGmmUpdate():mle-diag-gmm.cc:365) Gaussian has too little data but not removing it because it is the last Gaussian: i = 0, occ = 4, weight = 1
WARNING (gmm-est[5.5.883~1-3eea3]:MleDiagGmmUpdate():mle-diag-gmm.cc:365) Gaussian has too little data but not removing it because it is the last Gaussian: i = 0, occ = 7, weight = 1
WARNING (gmm-est[5.5.883~1-3eea3]:MleDiagGmmUpdate():mle-diag-gmm.cc:365) Gaussian has too little data but not removing it because it is the last Gaussian: i = 0, occ = 6, weight = 1
WARNING (gmm-est[5.5.883~1-3eea3]:MleDiagGmmUpdate():mle-diag-gmm.cc:365) Gaussian has too little data but not removing it because it is the last Gaussian: i = 0, occ = 5, weight = 1
WARNING (gmm-est[5.5.883~1-3eea3]:MleDiagGmmUpdate():mle-diag-gmm.cc:365) Gaussian has too little data but not removing it because it is the last Gaussian: i = 0, occ = 0, weight = 1
WARNING (gmm-est[5.5.883~1-3eea3]:MleDiagGmmUpdate():mle-diag-gmm.cc:365) Gaussian has too little data but not removing it because it is the last Gaussian: i = 0, occ = 0, weight = 1
WARNING (gmm-est[5.5.883~1-3eea3]:MleDiagGmmUpdate():mle-diag-gmm.cc:365) Gaussian has too little data but not removing it because it is the last Gaussian: i = 0, occ = 0, weight = 1
LOG (gmm-est[5.5.883~1-3eea3]:MleAmDiagGmmUpdate():mle-am-diag-gmm.cc:225) 0 variance elements floored in 0 Gaussians, out of 624
LOG (gmm-est[5.5.883~1-3eea3]:MleAmDiagGmmUpdate():mle-am-diag-gmm.cc:229) Removed 0 Gaussians due to counts < --min-gaussian-occupancy=10 and --remove-low-count-gaussians=true
LOG (gmm-est[5.5.883~1-3eea3]:main():gmm-est.cc:113) GMM update: Overall 0.137331 objective function improvement per frame over 1.19334e+06 frames
LOG (gmm-est[5.5.883~1-3eea3]:main():gmm-est.cc:116) GMM update: Overall avg like per frame = -105.739 over 1.19334e+06 frames.
LOG (gmm-est[5.5.883~1-3eea3]:SplitByCount():am-diag-gmm.cc:116) Split 128 states with target = 686, power = 0.25, perturb_factor = 0.01 and min_count = 20, split #Gauss from 624 to 686
LOG (gmm-est[5.5.883~1-3eea3]:main():gmm-est.cc:146) Written model to exp/mono/11.mdl
# Accounting: time=0 threads=1
# Ended (code 0) at Mon Feb 15 00:36:00 IST 2021, elapsed time 0 seconds
