# gmm-est --write-occs=exp/mono/9.occs --mix-up=562 --power=0.25 exp/mono/8.mdl "gmm-sum-accs - exp/mono/8.*.acc|" exp/mono/9.mdl 
# Started at Mon Feb 15 00:35:32 IST 2021
#
gmm-est --write-occs=exp/mono/9.occs --mix-up=562 --power=0.25 exp/mono/8.mdl 'gmm-sum-accs - exp/mono/8.*.acc|' exp/mono/9.mdl 
gmm-sum-accs - exp/mono/8.1.acc exp/mono/8.2.acc exp/mono/8.3.acc exp/mono/8.4.acc 
LOG (gmm-sum-accs[5.5.883~1-3eea3]:main():gmm-sum-accs.cc:63) Summed 4 stats, total count 1.17095e+06, avg like/frame -106.275
LOG (gmm-sum-accs[5.5.883~1-3eea3]:main():gmm-sum-accs.cc:66) Total count of stats is 1.17095e+06
LOG (gmm-sum-accs[5.5.883~1-3eea3]:main():gmm-sum-accs.cc:67) Written stats to -
LOG (gmm-est[5.5.883~1-3eea3]:MleUpdate():transition-model.cc:528) TransitionModel::Update, objf change is 0.000825535 per frame over 1.17095e+06 frames. 
LOG (gmm-est[5.5.883~1-3eea3]:MleUpdate():transition-model.cc:531) 38 probabilities floored, 229 out of 532 transition-states skipped due to insuffient data (it is normal to have some skipped.)
LOG (gmm-est[5.5.883~1-3eea3]:main():gmm-est.cc:102) Transition model update: Overall 0.000825535 log-like improvement per frame over 1.17095e+06 frames.
WARNING (gmm-est[5.5.883~1-3eea3]:MleDiagGmmUpdate():mle-diag-gmm.cc:365) Gaussian has too little data but not removing it because it is the last Gaussian: i = 0, occ = 5, weight = 1
WARNING (gmm-est[5.5.883~1-3eea3]:MleDiagGmmUpdate():mle-diag-gmm.cc:365) Gaussian has too little data but not removing it because it is the last Gaussian: i = 0, occ = 4, weight = 1
WARNING (gmm-est[5.5.883~1-3eea3]:MleDiagGmmUpdate():mle-diag-gmm.cc:365) Gaussian has too little data but not removing it because it is the last Gaussian: i = 0, occ = 4, weight = 1
WARNING (gmm-est[5.5.883~1-3eea3]:MleDiagGmmUpdate():mle-diag-gmm.cc:365) Gaussian has too little data but not removing it because it is the last Gaussian: i = 0, occ = 7, weight = 1
WARNING (gmm-est[5.5.883~1-3eea3]:MleDiagGmmUpdate():mle-diag-gmm.cc:365) Gaussian has too little data but not removing it because it is the last Gaussian: i = 0, occ = 6, weight = 1
WARNING (gmm-est[5.5.883~1-3eea3]:MleDiagGmmUpdate():mle-diag-gmm.cc:365) Gaussian has too little data but not removing it because it is the last Gaussian: i = 0, occ = 5, weight = 1
WARNING (gmm-est[5.5.883~1-3eea3]:MleDiagGmmUpdate():mle-diag-gmm.cc:365) Gaussian has too little data but not removing it because it is the last Gaussian: i = 0, occ = 0, weight = 1
WARNING (gmm-est[5.5.883~1-3eea3]:MleDiagGmmUpdate():mle-diag-gmm.cc:365) Gaussian has too little data but not removing it because it is the last Gaussian: i = 0, occ = 0, weight = 1
WARNING (gmm-est[5.5.883~1-3eea3]:MleDiagGmmUpdate():mle-diag-gmm.cc:365) Gaussian has too little data but not removing it because it is the last Gaussian: i = 0, occ = 0, weight = 1
LOG (gmm-est[5.5.883~1-3eea3]:MleAmDiagGmmUpdate():mle-am-diag-gmm.cc:225) 0 variance elements floored in 0 Gaussians, out of 500
LOG (gmm-est[5.5.883~1-3eea3]:MleAmDiagGmmUpdate():mle-am-diag-gmm.cc:229) Removed 0 Gaussians due to counts < --min-gaussian-occupancy=10 and --remove-low-count-gaussians=true
LOG (gmm-est[5.5.883~1-3eea3]:main():gmm-est.cc:113) GMM update: Overall 0.199731 objective function improvement per frame over 1.17095e+06 frames
LOG (gmm-est[5.5.883~1-3eea3]:main():gmm-est.cc:116) GMM update: Overall avg like per frame = -106.275 over 1.17095e+06 frames.
LOG (gmm-est[5.5.883~1-3eea3]:SplitByCount():am-diag-gmm.cc:116) Split 128 states with target = 562, power = 0.25, perturb_factor = 0.01 and min_count = 20, split #Gauss from 500 to 562
LOG (gmm-est[5.5.883~1-3eea3]:main():gmm-est.cc:146) Written model to exp/mono/9.mdl
# Accounting: time=0 threads=1
# Ended (code 0) at Mon Feb 15 00:35:32 IST 2021, elapsed time 0 seconds
