# compute-mfcc-feats --write-utt2dur=ark,t:exp/make_mfcc/train/utt2dur.1 --verbose=2 --config=conf/mfcc.conf scp,p:exp/make_mfcc/train/wav_train.1.scp ark:- | copy-feats --write-num-frames=ark,t:exp/make_mfcc/train/utt2num_frames.1 --compress=true ark:- ark,scp:/home/abhishek/Desktop/kaldi/egs/assgmt1/recipe/mfcc/raw_mfcc_train.1.ark,/home/abhishek/Desktop/kaldi/egs/assgmt1/recipe/mfcc/raw_mfcc_train.1.scp 
# Started at Mon Feb 15 12:00:33 IST 2021
#
copy-feats --write-num-frames=ark,t:exp/make_mfcc/train/utt2num_frames.1 --compress=true ark:- ark,scp:/home/abhishek/Desktop/kaldi/egs/assgmt1/recipe/mfcc/raw_mfcc_train.1.ark,/home/abhishek/Desktop/kaldi/egs/assgmt1/recipe/mfcc/raw_mfcc_train.1.scp 
compute-mfcc-feats --write-utt2dur=ark,t:exp/make_mfcc/train/utt2dur.1 --verbose=2 --config=conf/mfcc.conf scp,p:exp/make_mfcc/train/wav_train.1.scp ark:- 
VLOG[2] (compute-mfcc-feats[5.5.883~1-3eea3]:main():compute-mfcc-feats.cc:182) Processed features for key SWH-05-20101106_16k-emission_swahili_05h30_-_06h00_tu_20101106_part10
VLOG[2] (compute-mfcc-feats[5.5.883~1-3eea3]:main():compute-mfcc-feats.cc:182) Processed features for key SWH-05-20101106_16k-emission_swahili_05h30_-_06h00_tu_20101106_part100
VLOG[2] (compute-mfcc-feats[5.5.883~1-3eea3]:main():compute-mfcc-feats.cc:182) Processed features for key SWH-05-20101106_16k-emission_swahili_05h30_-_06h00_tu_20101106_part101
VLOG[2] (compute-mfcc-feats[5.5.883~1-3eea3]:main():compute-mfcc-feats.cc:182) Processed features for key SWH-05-20101106_16k-emission_swahili_05h30_-_06h00_tu_20101106_part102
VLOG[2] (compute-mfcc-feats[5.5.883~1-3eea3]:main():compute-mfcc-feats.cc:182) Processed features for key SWH-05-20101106_16k-emission_swahili_05h30_-_06h00_tu_20101106_part103
VLOG[2] (compute-mfcc-feats[5.5.883~1-3eea3]:main():compute-mfcc-feats.cc:182) Processed features for key SWH-05-20101106_16k-emission_swahili_05h30_-_06h00_tu_20101106_part104
VLOG[2] (compute-mfcc-feats[5.5.883~1-3eea3]:main():compute-mfcc-feats.cc:182) Processed features for key SWH-05-20101106_16k-emission_swahili_05h30_-_06h00_tu_20101106_part105
VLOG[2] (compute-mfcc-feats[5.5.883~1-3eea3]:main():compute-mfcc-feats.cc:182) Processed features for key SWH-05-20101106_16k-emission_swahili_05h30_-_06h00_tu_20101106_part106
VLOG[2] (compute-mfcc-feats[5.5.883~1-3eea3]:main():compute-mfcc-feats.cc:182) Processed features for key SWH-05-20101106_16k-emission_swahili_05h30_-_06h00_tu_20101106_part107
LOG (compute-mfcc-feats[5.5.883~1-3eea3]:main():compute-mfcc-feats.cc:181) Processed 10 utterances
VLOG[2] (compute-mfcc-feats[5.5.883~1-3eea3]:main():compute-mfcc-feats.cc:182) Processed features for key SWH-05-20101106_16k-emission_swahili_05h30_-_06h00_tu_20101106_part108
VLOG[2] (compute-mfcc-feats[5.5.883~1-3eea3]:main():compute-mfcc-feats.cc:182) Processed features for key SWH-05-20101106_16k-emission_swahili_05h30_-_06h00_tu_20101106_part109
VLOG[2] (compute-mfcc-feats[5.5.883~1-3eea3]:main():compute-mfcc-feats.cc:182) Processed features for key SWH-05-20101106_16k-emission_swahili_05h30_-_06h00_tu_20101106_part11
VLOG[2] (compute-mfcc-feats[5.5.883~1-3eea3]:main():compute-mfcc-feats.cc:182) Processed features for key SWH-05-20101106_16k-emission_swahili_05h30_-_06h00_tu_20101106_part110
VLOG[2] (compute-mfcc-feats[5.5.883~1-3eea3]:main():compute-mfcc-feats.cc:182) Processed features for key SWH-05-20101106_16k-emission_swahili_05h30_-_06h00_tu_20101106_part111
VLOG[2] (compute-mfcc-feats[5.5.883~1-3eea3]:main():compute-mfcc-feats.cc:182) Processed features for key SWH-05-20101106_16k-emission_swahili_05h30_-_06h00_tu_20101106_part112
VLOG[2] (compute-mfcc-feats[5.5.883~1-3eea3]:main():compute-mfcc-feats.cc:182) Processed features for key SWH-05-20101106_16k-emission_swahili_05h30_-_06h00_tu_20101106_part113
VLOG[2] (compute-mfcc-feats[5.5.883~1-3eea3]:main():compute-mfcc-feats.cc:182) Processed features for key SWH-05-20101106_16k-emission_swahili_05h30_-_06h00_tu_20101106_part114
VLOG[2] (compute-mfcc-feats[5.5.883~1-3eea3]:main():compute-mfcc-feats.cc:182) Processed features for key SWH-05-20101106_16k-emission_swahili_05h30_-_06h00_tu_20101106_part115
VLOG[2] (compute-mfcc-feats[5.5.883~1-3eea3]:main():compute-mfcc-feats.cc:182) Processed features for key SWH-05-20101106_16k-emission_swahili_05h30_-_06h00_tu_20101106_part116
LOG (compute-mfcc-feats[5.5.883~1-3eea3]:main():compute-mfcc-feats.cc:181) Processed 20 utterances
VLOG[2] (compute-mfcc-feats[5.5.883~1-3eea3]:main():compute-mfcc-feats.cc:182) Processed features for key SWH-05-20101106_16k-emission_swahili_05h30_-_06h00_tu_20101106_part117
VLOG[2] (compute-mfcc-feats[5.5.883~1-3eea3]:main():compute-mfcc-feats.cc:182) Processed features for key SWH-05-20101106_16k-emission_swahili_05h30_-_06h00_tu_20101106_part118
VLOG[2] (compute-mfcc-feats[5.5.883~1-3eea3]:main():compute-mfcc-feats.cc:182) Processed features for key SWH-05-20101106_16k-emission_swahili_05h30_-_06h00_tu_20101106_part119
VLOG[2] (compute-mfcc-feats[5.5.883~1-3eea3]:main():compute-mfcc-feats.cc:182) Processed features for key SWH-05-20101106_16k-emission_swahili_05h30_-_06h00_tu_20101106_part12
VLOG[2] (compute-mfcc-feats[5.5.883~1-3eea3]:main():compute-mfcc-feats.cc:182) Processed features for key SWH-05-20101106_16k-emission_swahili_05h30_-_06h00_tu_20101106_part120
VLOG[2] (compute-mfcc-feats[5.5.883~1-3eea3]:main():compute-mfcc-feats.cc:182) Processed features for key SWH-05-20101106_16k-emission_swahili_05h30_-_06h00_tu_20101106_part121
VLOG[2] (compute-mfcc-feats[5.5.883~1-3eea3]:main():compute-mfcc-feats.cc:182) Processed features for key SWH-05-20101106_16k-emission_swahili_05h30_-_06h00_tu_20101106_part122
VLOG[2] (compute-mfcc-feats[5.5.883~1-3eea3]:main():compute-mfcc-feats.cc:182) Processed features for key SWH-05-20101106_16k-emission_swahili_05h30_-_06h00_tu_20101106_part123
VLOG[2] (compute-mfcc-feats[5.5.883~1-3eea3]:main():compute-mfcc-feats.cc:182) Processed features for key SWH-05-20101106_16k-emission_swahili_05h30_-_06h00_tu_20101106_part124
VLOG[2] (compute-mfcc-feats[5.5.883~1-3eea3]:main():compute-mfcc-feats.cc:182) Processed features for key SWH-05-20101106_16k-emission_swahili_05h30_-_06h00_tu_20101106_part125
LOG (compute-mfcc-feats[5.5.883~1-3eea3]:main():compute-mfcc-feats.cc:181) Processed 30 utterances
VLOG[2] (compute-mfcc-feats[5.5.883~1-3eea3]:main():compute-mfcc-feats.cc:182) Processed features for key SWH-05-20101106_16k-emission_swahili_05h30_-_06h00_tu_20101106_part126
VLOG[2] (compute-mfcc-feats[5.5.883~1-3eea3]:main():compute-mfcc-feats.cc:182) Processed features for key SWH-05-20101106_16k-emission_swahili_05h30_-_06h00_tu_20101106_part127
VLOG[2] (compute-mfcc-feats[5.5.883~1-3eea3]:main():compute-mfcc-feats.cc:182) Processed features for key SWH-05-20101106_16k-emission_swahili_05h30_-_06h00_tu_20101106_part128
VLOG[2] (compute-mfcc-feats[5.5.883~1-3eea3]:main():compute-mfcc-feats.cc:182) Processed features for key SWH-05-20101106_16k-emission_swahili_05h30_-_06h00_tu_20101106_part129
VLOG[2] (compute-mfcc-feats[5.5.883~1-3eea3]:main():compute-mfcc-feats.cc:182) Processed features for key SWH-05-20101106_16k-emission_swahili_05h30_-_06h00_tu_20101106_part13
VLOG[2] (compute-mfcc-feats[5.5.883~1-3eea3]:main():compute-mfcc-feats.cc:182) Processed features for key SWH-05-20101106_16k-emission_swahili_05h30_-_06h00_tu_20101106_part130
VLOG[2] (compute-mfcc-feats[5.5.883~1-3eea3]:main():compute-mfcc-feats.cc:182) Processed features for key SWH-05-20101106_16k-emission_swahili_05h30_-_06h00_tu_20101106_part131
VLOG[2] (compute-mfcc-feats[5.5.883~1-3eea3]:main():compute-mfcc-feats.cc:182) Processed features for key SWH-05-20101106_16k-emission_swahili_05h30_-_06h00_tu_20101106_part132
VLOG[2] (compute-mfcc-feats[5.5.883~1-3eea3]:main():compute-mfcc-feats.cc:182) Processed features for key SWH-05-20101106_16k-emission_swahili_05h30_-_06h00_tu_20101106_part133
VLOG[2] (compute-mfcc-feats[5.5.883~1-3eea3]:main():compute-mfcc-feats.cc:182) Processed features for key SWH-05-20101106_16k-emission_swahili_05h30_-_06h00_tu_20101106_part134
LOG (compute-mfcc-feats[5.5.883~1-3eea3]:main():compute-mfcc-feats.cc:181) Processed 40 utterances
VLOG[2] (compute-mfcc-feats[5.5.883~1-3eea3]:main():compute-mfcc-feats.cc:182) Processed features for key SWH-05-20101106_16k-emission_swahili_05h30_-_06h00_tu_20101106_part135
VLOG[2] (compute-mfcc-feats[5.5.883~1-3eea3]:main():compute-mfcc-feats.cc:182) Processed features for key SWH-05-20101106_16k-emission_swahili_05h30_-_06h00_tu_20101106_part136
VLOG[2] (compute-mfcc-feats[5.5.883~1-3eea3]:main():compute-mfcc-feats.cc:182) Processed features for key SWH-05-20101106_16k-emission_swahili_05h30_-_06h00_tu_20101106_part137
VLOG[2] (compute-mfcc-feats[5.5.883~1-3eea3]:main():compute-mfcc-feats.cc:182) Processed features for key SWH-05-20101106_16k-emission_swahili_05h30_-_06h00_tu_20101106_part138
VLOG[2] (compute-mfcc-feats[5.5.883~1-3eea3]:main():compute-mfcc-feats.cc:182) Processed features for key SWH-05-20101106_16k-emission_swahili_05h30_-_06h00_tu_20101106_part139
VLOG[2] (compute-mfcc-feats[5.5.883~1-3eea3]:main():compute-mfcc-feats.cc:182) Processed features for key SWH-05-20101106_16k-emission_swahili_05h30_-_06h00_tu_20101106_part14
VLOG[2] (compute-mfcc-feats[5.5.883~1-3eea3]:main():compute-mfcc-feats.cc:182) Processed features for key SWH-05-20101106_16k-emission_swahili_05h30_-_06h00_tu_20101106_part140
VLOG[2] (compute-mfcc-feats[5.5.883~1-3eea3]:main():compute-mfcc-feats.cc:182) Processed features for key SWH-05-20101106_16k-emission_swahili_05h30_-_06h00_tu_20101106_part141
VLOG[2] (compute-mfcc-feats[5.5.883~1-3eea3]:main():compute-mfcc-feats.cc:182) Processed features for key SWH-05-20101106_16k-emission_swahili_05h30_-_06h00_tu_20101106_part142
VLOG[2] (compute-mfcc-feats[5.5.883~1-3eea3]:main():compute-mfcc-feats.cc:182) Processed features for key SWH-05-20101106_16k-emission_swahili_05h30_-_06h00_tu_20101106_part144
LOG (compute-mfcc-feats[5.5.883~1-3eea3]:main():compute-mfcc-feats.cc:181) Processed 50 utterances
VLOG[2] (compute-mfcc-feats[5.5.883~1-3eea3]:main():compute-mfcc-feats.cc:182) Processed features for key SWH-05-20101106_16k-emission_swahili_05h30_-_06h00_tu_20101106_part145
VLOG[2] (compute-mfcc-feats[5.5.883~1-3eea3]:main():compute-mfcc-feats.cc:182) Processed features for key SWH-05-20101106_16k-emission_swahili_05h30_-_06h00_tu_20101106_part146
VLOG[2] (compute-mfcc-feats[5.5.883~1-3eea3]:main():compute-mfcc-feats.cc:182) Processed features for key SWH-05-20101106_16k-emission_swahili_05h30_-_06h00_tu_20101106_part147
VLOG[2] (compute-mfcc-feats[5.5.883~1-3eea3]:main():compute-mfcc-feats.cc:182) Processed features for key SWH-05-20101106_16k-emission_swahili_05h30_-_06h00_tu_20101106_part148
VLOG[2] (compute-mfcc-feats[5.5.883~1-3eea3]:main():compute-mfcc-feats.cc:182) Processed features for key SWH-05-20101106_16k-emission_swahili_05h30_-_06h00_tu_20101106_part149
VLOG[2] (compute-mfcc-feats[5.5.883~1-3eea3]:main():compute-mfcc-feats.cc:182) Processed features for key SWH-05-20101106_16k-emission_swahili_05h30_-_06h00_tu_20101106_part15
VLOG[2] (compute-mfcc-feats[5.5.883~1-3eea3]:main():compute-mfcc-feats.cc:182) Processed features for key SWH-05-20101106_16k-emission_swahili_05h30_-_06h00_tu_20101106_part150
VLOG[2] (compute-mfcc-feats[5.5.883~1-3eea3]:main():compute-mfcc-feats.cc:182) Processed features for key SWH-05-20101106_16k-emission_swahili_05h30_-_06h00_tu_20101106_part151
VLOG[2] (compute-mfcc-feats[5.5.883~1-3eea3]:main():compute-mfcc-feats.cc:182) Processed features for key SWH-05-20101106_16k-emission_swahili_05h30_-_06h00_tu_20101106_part152
LOG (compute-mfcc-feats[5.5.883~1-3eea3]:main():compute-mfcc-feats.cc:185)  Done 58 out of 58 utterances.
LOG (copy-feats[5.5.883~1-3eea3]:main():copy-feats.cc:143) Copied 58 feature matrices.
# Accounting: time=3 threads=1
# Ended (code 0) at Mon Feb 15 12:00:36 IST 2021, elapsed time 3 seconds
