# compute-mfcc-feats --write-utt2dur=ark,t:exp/make_mfcc/train/utt2dur.18 --verbose=2 --config=conf/mfcc.conf scp,p:exp/make_mfcc/train/wav_train.18.scp ark:- | copy-feats --write-num-frames=ark,t:exp/make_mfcc/train/utt2num_frames.18 --compress=true ark:- ark,scp:/home/abhishek/Desktop/kaldi/egs/assgmt1/recipe/mfcc/raw_mfcc_train.18.ark,/home/abhishek/Desktop/kaldi/egs/assgmt1/recipe/mfcc/raw_mfcc_train.18.scp 
# Started at Mon Feb 15 12:00:44 IST 2021
#
copy-feats --write-num-frames=ark,t:exp/make_mfcc/train/utt2num_frames.18 --compress=true ark:- ark,scp:/home/abhishek/Desktop/kaldi/egs/assgmt1/recipe/mfcc/raw_mfcc_train.18.ark,/home/abhishek/Desktop/kaldi/egs/assgmt1/recipe/mfcc/raw_mfcc_train.18.scp 
compute-mfcc-feats --write-utt2dur=ark,t:exp/make_mfcc/train/utt2dur.18 --verbose=2 --config=conf/mfcc.conf scp,p:exp/make_mfcc/train/wav_train.18.scp ark:- 
VLOG[2] (compute-mfcc-feats[5.5.883~1-3eea3]:main():compute-mfcc-feats.cc:182) Processed features for key SWH-05-20101110_16k-emission_swahili_15h00_-_16h00_tu_20101110_part391
VLOG[2] (compute-mfcc-feats[5.5.883~1-3eea3]:main():compute-mfcc-feats.cc:182) Processed features for key SWH-05-20101110_16k-emission_swahili_15h00_-_16h00_tu_20101110_part392
VLOG[2] (compute-mfcc-feats[5.5.883~1-3eea3]:main():compute-mfcc-feats.cc:182) Processed features for key SWH-05-20101110_16k-emission_swahili_15h00_-_16h00_tu_20101110_part393
VLOG[2] (compute-mfcc-feats[5.5.883~1-3eea3]:main():compute-mfcc-feats.cc:182) Processed features for key SWH-05-20101110_16k-emission_swahili_15h00_-_16h00_tu_20101110_part394
VLOG[2] (compute-mfcc-feats[5.5.883~1-3eea3]:main():compute-mfcc-feats.cc:182) Processed features for key SWH-05-20101110_16k-emission_swahili_15h00_-_16h00_tu_20101110_part395
VLOG[2] (compute-mfcc-feats[5.5.883~1-3eea3]:main():compute-mfcc-feats.cc:182) Processed features for key SWH-05-20101110_16k-emission_swahili_15h00_-_16h00_tu_20101110_part396
VLOG[2] (compute-mfcc-feats[5.5.883~1-3eea3]:main():compute-mfcc-feats.cc:182) Processed features for key SWH-05-20101110_16k-emission_swahili_15h00_-_16h00_tu_20101110_part397
VLOG[2] (compute-mfcc-feats[5.5.883~1-3eea3]:main():compute-mfcc-feats.cc:182) Processed features for key SWH-05-20101110_16k-emission_swahili_15h00_-_16h00_tu_20101110_part398
VLOG[2] (compute-mfcc-feats[5.5.883~1-3eea3]:main():compute-mfcc-feats.cc:182) Processed features for key SWH-05-20101110_16k-emission_swahili_15h00_-_16h00_tu_20101110_part399
LOG (compute-mfcc-feats[5.5.883~1-3eea3]:main():compute-mfcc-feats.cc:181) Processed 10 utterances
VLOG[2] (compute-mfcc-feats[5.5.883~1-3eea3]:main():compute-mfcc-feats.cc:182) Processed features for key SWH-05-20101110_16k-emission_swahili_15h00_-_16h00_tu_20101110_part4
VLOG[2] (compute-mfcc-feats[5.5.883~1-3eea3]:main():compute-mfcc-feats.cc:182) Processed features for key SWH-05-20101110_16k-emission_swahili_15h00_-_16h00_tu_20101110_part40
VLOG[2] (compute-mfcc-feats[5.5.883~1-3eea3]:main():compute-mfcc-feats.cc:182) Processed features for key SWH-05-20101110_16k-emission_swahili_15h00_-_16h00_tu_20101110_part400
VLOG[2] (compute-mfcc-feats[5.5.883~1-3eea3]:main():compute-mfcc-feats.cc:182) Processed features for key SWH-05-20101110_16k-emission_swahili_15h00_-_16h00_tu_20101110_part401
VLOG[2] (compute-mfcc-feats[5.5.883~1-3eea3]:main():compute-mfcc-feats.cc:182) Processed features for key SWH-05-20101110_16k-emission_swahili_15h00_-_16h00_tu_20101110_part402
VLOG[2] (compute-mfcc-feats[5.5.883~1-3eea3]:main():compute-mfcc-feats.cc:182) Processed features for key SWH-05-20101110_16k-emission_swahili_15h00_-_16h00_tu_20101110_part403
VLOG[2] (compute-mfcc-feats[5.5.883~1-3eea3]:main():compute-mfcc-feats.cc:182) Processed features for key SWH-05-20101110_16k-emission_swahili_15h00_-_16h00_tu_20101110_part404
VLOG[2] (compute-mfcc-feats[5.5.883~1-3eea3]:main():compute-mfcc-feats.cc:182) Processed features for key SWH-05-20101110_16k-emission_swahili_15h00_-_16h00_tu_20101110_part405
VLOG[2] (compute-mfcc-feats[5.5.883~1-3eea3]:main():compute-mfcc-feats.cc:182) Processed features for key SWH-05-20101110_16k-emission_swahili_15h00_-_16h00_tu_20101110_part406
VLOG[2] (compute-mfcc-feats[5.5.883~1-3eea3]:main():compute-mfcc-feats.cc:182) Processed features for key SWH-05-20101110_16k-emission_swahili_15h00_-_16h00_tu_20101110_part407
LOG (compute-mfcc-feats[5.5.883~1-3eea3]:main():compute-mfcc-feats.cc:181) Processed 20 utterances
VLOG[2] (compute-mfcc-feats[5.5.883~1-3eea3]:main():compute-mfcc-feats.cc:182) Processed features for key SWH-05-20101110_16k-emission_swahili_15h00_-_16h00_tu_20101110_part408
VLOG[2] (compute-mfcc-feats[5.5.883~1-3eea3]:main():compute-mfcc-feats.cc:182) Processed features for key SWH-05-20101110_16k-emission_swahili_15h00_-_16h00_tu_20101110_part409
VLOG[2] (compute-mfcc-feats[5.5.883~1-3eea3]:main():compute-mfcc-feats.cc:182) Processed features for key SWH-05-20101110_16k-emission_swahili_15h00_-_16h00_tu_20101110_part41
VLOG[2] (compute-mfcc-feats[5.5.883~1-3eea3]:main():compute-mfcc-feats.cc:182) Processed features for key SWH-05-20101110_16k-emission_swahili_15h00_-_16h00_tu_20101110_part410
VLOG[2] (compute-mfcc-feats[5.5.883~1-3eea3]:main():compute-mfcc-feats.cc:182) Processed features for key SWH-05-20101110_16k-emission_swahili_15h00_-_16h00_tu_20101110_part411
VLOG[2] (compute-mfcc-feats[5.5.883~1-3eea3]:main():compute-mfcc-feats.cc:182) Processed features for key SWH-05-20101110_16k-emission_swahili_15h00_-_16h00_tu_20101110_part412
VLOG[2] (compute-mfcc-feats[5.5.883~1-3eea3]:main():compute-mfcc-feats.cc:182) Processed features for key SWH-05-20101110_16k-emission_swahili_15h00_-_16h00_tu_20101110_part413
VLOG[2] (compute-mfcc-feats[5.5.883~1-3eea3]:main():compute-mfcc-feats.cc:182) Processed features for key SWH-05-20101110_16k-emission_swahili_15h00_-_16h00_tu_20101110_part414
VLOG[2] (compute-mfcc-feats[5.5.883~1-3eea3]:main():compute-mfcc-feats.cc:182) Processed features for key SWH-05-20101110_16k-emission_swahili_15h00_-_16h00_tu_20101110_part415
VLOG[2] (compute-mfcc-feats[5.5.883~1-3eea3]:main():compute-mfcc-feats.cc:182) Processed features for key SWH-05-20101110_16k-emission_swahili_15h00_-_16h00_tu_20101110_part416
LOG (compute-mfcc-feats[5.5.883~1-3eea3]:main():compute-mfcc-feats.cc:181) Processed 30 utterances
VLOG[2] (compute-mfcc-feats[5.5.883~1-3eea3]:main():compute-mfcc-feats.cc:182) Processed features for key SWH-05-20101110_16k-emission_swahili_15h00_-_16h00_tu_20101110_part417
VLOG[2] (compute-mfcc-feats[5.5.883~1-3eea3]:main():compute-mfcc-feats.cc:182) Processed features for key SWH-05-20101110_16k-emission_swahili_15h00_-_16h00_tu_20101110_part418
VLOG[2] (compute-mfcc-feats[5.5.883~1-3eea3]:main():compute-mfcc-feats.cc:182) Processed features for key SWH-05-20101110_16k-emission_swahili_15h00_-_16h00_tu_20101110_part419
VLOG[2] (compute-mfcc-feats[5.5.883~1-3eea3]:main():compute-mfcc-feats.cc:182) Processed features for key SWH-05-20101110_16k-emission_swahili_15h00_-_16h00_tu_20101110_part42
VLOG[2] (compute-mfcc-feats[5.5.883~1-3eea3]:main():compute-mfcc-feats.cc:182) Processed features for key SWH-05-20101110_16k-emission_swahili_15h00_-_16h00_tu_20101110_part420
VLOG[2] (compute-mfcc-feats[5.5.883~1-3eea3]:main():compute-mfcc-feats.cc:182) Processed features for key SWH-05-20101110_16k-emission_swahili_15h00_-_16h00_tu_20101110_part421
VLOG[2] (compute-mfcc-feats[5.5.883~1-3eea3]:main():compute-mfcc-feats.cc:182) Processed features for key SWH-05-20101110_16k-emission_swahili_15h00_-_16h00_tu_20101110_part422
VLOG[2] (compute-mfcc-feats[5.5.883~1-3eea3]:main():compute-mfcc-feats.cc:182) Processed features for key SWH-05-20101110_16k-emission_swahili_15h00_-_16h00_tu_20101110_part423
VLOG[2] (compute-mfcc-feats[5.5.883~1-3eea3]:main():compute-mfcc-feats.cc:182) Processed features for key SWH-05-20101110_16k-emission_swahili_15h00_-_16h00_tu_20101110_part424
VLOG[2] (compute-mfcc-feats[5.5.883~1-3eea3]:main():compute-mfcc-feats.cc:182) Processed features for key SWH-05-20101110_16k-emission_swahili_15h00_-_16h00_tu_20101110_part425
LOG (compute-mfcc-feats[5.5.883~1-3eea3]:main():compute-mfcc-feats.cc:181) Processed 40 utterances
VLOG[2] (compute-mfcc-feats[5.5.883~1-3eea3]:main():compute-mfcc-feats.cc:182) Processed features for key SWH-05-20101110_16k-emission_swahili_15h00_-_16h00_tu_20101110_part426
VLOG[2] (compute-mfcc-feats[5.5.883~1-3eea3]:main():compute-mfcc-feats.cc:182) Processed features for key SWH-05-20101110_16k-emission_swahili_15h00_-_16h00_tu_20101110_part427
VLOG[2] (compute-mfcc-feats[5.5.883~1-3eea3]:main():compute-mfcc-feats.cc:182) Processed features for key SWH-05-20101110_16k-emission_swahili_15h00_-_16h00_tu_20101110_part428
VLOG[2] (compute-mfcc-feats[5.5.883~1-3eea3]:main():compute-mfcc-feats.cc:182) Processed features for key SWH-05-20101110_16k-emission_swahili_15h00_-_16h00_tu_20101110_part429
VLOG[2] (compute-mfcc-feats[5.5.883~1-3eea3]:main():compute-mfcc-feats.cc:182) Processed features for key SWH-05-20101110_16k-emission_swahili_15h00_-_16h00_tu_20101110_part43
VLOG[2] (compute-mfcc-feats[5.5.883~1-3eea3]:main():compute-mfcc-feats.cc:182) Processed features for key SWH-05-20101110_16k-emission_swahili_15h00_-_16h00_tu_20101110_part430
VLOG[2] (compute-mfcc-feats[5.5.883~1-3eea3]:main():compute-mfcc-feats.cc:182) Processed features for key SWH-05-20101110_16k-emission_swahili_15h00_-_16h00_tu_20101110_part431
VLOG[2] (compute-mfcc-feats[5.5.883~1-3eea3]:main():compute-mfcc-feats.cc:182) Processed features for key SWH-05-20101110_16k-emission_swahili_15h00_-_16h00_tu_20101110_part432
VLOG[2] (compute-mfcc-feats[5.5.883~1-3eea3]:main():compute-mfcc-feats.cc:182) Processed features for key SWH-05-20101110_16k-emission_swahili_15h00_-_16h00_tu_20101110_part433
VLOG[2] (compute-mfcc-feats[5.5.883~1-3eea3]:main():compute-mfcc-feats.cc:182) Processed features for key SWH-05-20101110_16k-emission_swahili_15h00_-_16h00_tu_20101110_part434
LOG (compute-mfcc-feats[5.5.883~1-3eea3]:main():compute-mfcc-feats.cc:181) Processed 50 utterances
VLOG[2] (compute-mfcc-feats[5.5.883~1-3eea3]:main():compute-mfcc-feats.cc:182) Processed features for key SWH-05-20101110_16k-emission_swahili_15h00_-_16h00_tu_20101110_part435
VLOG[2] (compute-mfcc-feats[5.5.883~1-3eea3]:main():compute-mfcc-feats.cc:182) Processed features for key SWH-05-20101110_16k-emission_swahili_15h00_-_16h00_tu_20101110_part436
VLOG[2] (compute-mfcc-feats[5.5.883~1-3eea3]:main():compute-mfcc-feats.cc:182) Processed features for key SWH-05-20101110_16k-emission_swahili_15h00_-_16h00_tu_20101110_part437
VLOG[2] (compute-mfcc-feats[5.5.883~1-3eea3]:main():compute-mfcc-feats.cc:182) Processed features for key SWH-05-20101110_16k-emission_swahili_15h00_-_16h00_tu_20101110_part438
VLOG[2] (compute-mfcc-feats[5.5.883~1-3eea3]:main():compute-mfcc-feats.cc:182) Processed features for key SWH-05-20101110_16k-emission_swahili_15h00_-_16h00_tu_20101110_part439
VLOG[2] (compute-mfcc-feats[5.5.883~1-3eea3]:main():compute-mfcc-feats.cc:182) Processed features for key SWH-05-20101110_16k-emission_swahili_15h00_-_16h00_tu_20101110_part44
VLOG[2] (compute-mfcc-feats[5.5.883~1-3eea3]:main():compute-mfcc-feats.cc:182) Processed features for key SWH-05-20101110_16k-emission_swahili_15h00_-_16h00_tu_20101110_part440
VLOG[2] (compute-mfcc-feats[5.5.883~1-3eea3]:main():compute-mfcc-feats.cc:182) Processed features for key SWH-05-20101110_16k-emission_swahili_15h00_-_16h00_tu_20101110_part441
LOG (compute-mfcc-feats[5.5.883~1-3eea3]:main():compute-mfcc-feats.cc:185)  Done 57 out of 57 utterances.
LOG (copy-feats[5.5.883~1-3eea3]:main():copy-feats.cc:143) Copied 57 feature matrices.
# Accounting: time=3 threads=1
# Ended (code 0) at Mon Feb 15 12:00:47 IST 2021, elapsed time 3 seconds
