# compute-mfcc-feats --write-utt2dur=ark,t:exp/make_mfcc/train/utt2dur.13 --verbose=2 --config=conf/mfcc.conf scp,p:exp/make_mfcc/train/wav_train.13.scp ark:- | copy-feats --write-num-frames=ark,t:exp/make_mfcc/train/utt2num_frames.13 --compress=true ark:- ark,scp:/home/abhishek/Desktop/kaldi/egs/assgmt1/recipe/mfcc/raw_mfcc_train.13.ark,/home/abhishek/Desktop/kaldi/egs/assgmt1/recipe/mfcc/raw_mfcc_train.13.scp 
# Started at Mon Feb 15 12:00:41 IST 2021
#
copy-feats --write-num-frames=ark,t:exp/make_mfcc/train/utt2num_frames.13 --compress=true ark:- ark,scp:/home/abhishek/Desktop/kaldi/egs/assgmt1/recipe/mfcc/raw_mfcc_train.13.ark,/home/abhishek/Desktop/kaldi/egs/assgmt1/recipe/mfcc/raw_mfcc_train.13.scp 
compute-mfcc-feats --write-utt2dur=ark,t:exp/make_mfcc/train/utt2dur.13 --verbose=2 --config=conf/mfcc.conf scp,p:exp/make_mfcc/train/wav_train.13.scp ark:- 
VLOG[2] (compute-mfcc-feats[5.5.883~1-3eea3]:main():compute-mfcc-feats.cc:182) Processed features for key SWH-05-20101110_16k-emission_swahili_15h00_-_16h00_tu_20101110_part134
VLOG[2] (compute-mfcc-feats[5.5.883~1-3eea3]:main():compute-mfcc-feats.cc:182) Processed features for key SWH-05-20101110_16k-emission_swahili_15h00_-_16h00_tu_20101110_part135
VLOG[2] (compute-mfcc-feats[5.5.883~1-3eea3]:main():compute-mfcc-feats.cc:182) Processed features for key SWH-05-20101110_16k-emission_swahili_15h00_-_16h00_tu_20101110_part136
VLOG[2] (compute-mfcc-feats[5.5.883~1-3eea3]:main():compute-mfcc-feats.cc:182) Processed features for key SWH-05-20101110_16k-emission_swahili_15h00_-_16h00_tu_20101110_part137
VLOG[2] (compute-mfcc-feats[5.5.883~1-3eea3]:main():compute-mfcc-feats.cc:182) Processed features for key SWH-05-20101110_16k-emission_swahili_15h00_-_16h00_tu_20101110_part138
VLOG[2] (compute-mfcc-feats[5.5.883~1-3eea3]:main():compute-mfcc-feats.cc:182) Processed features for key SWH-05-20101110_16k-emission_swahili_15h00_-_16h00_tu_20101110_part139
VLOG[2] (compute-mfcc-feats[5.5.883~1-3eea3]:main():compute-mfcc-feats.cc:182) Processed features for key SWH-05-20101110_16k-emission_swahili_15h00_-_16h00_tu_20101110_part14
VLOG[2] (compute-mfcc-feats[5.5.883~1-3eea3]:main():compute-mfcc-feats.cc:182) Processed features for key SWH-05-20101110_16k-emission_swahili_15h00_-_16h00_tu_20101110_part140
VLOG[2] (compute-mfcc-feats[5.5.883~1-3eea3]:main():compute-mfcc-feats.cc:182) Processed features for key SWH-05-20101110_16k-emission_swahili_15h00_-_16h00_tu_20101110_part141
LOG (compute-mfcc-feats[5.5.883~1-3eea3]:main():compute-mfcc-feats.cc:181) Processed 10 utterances
VLOG[2] (compute-mfcc-feats[5.5.883~1-3eea3]:main():compute-mfcc-feats.cc:182) Processed features for key SWH-05-20101110_16k-emission_swahili_15h00_-_16h00_tu_20101110_part142
VLOG[2] (compute-mfcc-feats[5.5.883~1-3eea3]:main():compute-mfcc-feats.cc:182) Processed features for key SWH-05-20101110_16k-emission_swahili_15h00_-_16h00_tu_20101110_part143
VLOG[2] (compute-mfcc-feats[5.5.883~1-3eea3]:main():compute-mfcc-feats.cc:182) Processed features for key SWH-05-20101110_16k-emission_swahili_15h00_-_16h00_tu_20101110_part144
VLOG[2] (compute-mfcc-feats[5.5.883~1-3eea3]:main():compute-mfcc-feats.cc:182) Processed features for key SWH-05-20101110_16k-emission_swahili_15h00_-_16h00_tu_20101110_part145
VLOG[2] (compute-mfcc-feats[5.5.883~1-3eea3]:main():compute-mfcc-feats.cc:182) Processed features for key SWH-05-20101110_16k-emission_swahili_15h00_-_16h00_tu_20101110_part146
VLOG[2] (compute-mfcc-feats[5.5.883~1-3eea3]:main():compute-mfcc-feats.cc:182) Processed features for key SWH-05-20101110_16k-emission_swahili_15h00_-_16h00_tu_20101110_part147
VLOG[2] (compute-mfcc-feats[5.5.883~1-3eea3]:main():compute-mfcc-feats.cc:182) Processed features for key SWH-05-20101110_16k-emission_swahili_15h00_-_16h00_tu_20101110_part148
VLOG[2] (compute-mfcc-feats[5.5.883~1-3eea3]:main():compute-mfcc-feats.cc:182) Processed features for key SWH-05-20101110_16k-emission_swahili_15h00_-_16h00_tu_20101110_part149
VLOG[2] (compute-mfcc-feats[5.5.883~1-3eea3]:main():compute-mfcc-feats.cc:182) Processed features for key SWH-05-20101110_16k-emission_swahili_15h00_-_16h00_tu_20101110_part15
VLOG[2] (compute-mfcc-feats[5.5.883~1-3eea3]:main():compute-mfcc-feats.cc:182) Processed features for key SWH-05-20101110_16k-emission_swahili_15h00_-_16h00_tu_20101110_part150
LOG (compute-mfcc-feats[5.5.883~1-3eea3]:main():compute-mfcc-feats.cc:181) Processed 20 utterances
VLOG[2] (compute-mfcc-feats[5.5.883~1-3eea3]:main():compute-mfcc-feats.cc:182) Processed features for key SWH-05-20101110_16k-emission_swahili_15h00_-_16h00_tu_20101110_part151
VLOG[2] (compute-mfcc-feats[5.5.883~1-3eea3]:main():compute-mfcc-feats.cc:182) Processed features for key SWH-05-20101110_16k-emission_swahili_15h00_-_16h00_tu_20101110_part152
VLOG[2] (compute-mfcc-feats[5.5.883~1-3eea3]:main():compute-mfcc-feats.cc:182) Processed features for key SWH-05-20101110_16k-emission_swahili_15h00_-_16h00_tu_20101110_part153
VLOG[2] (compute-mfcc-feats[5.5.883~1-3eea3]:main():compute-mfcc-feats.cc:182) Processed features for key SWH-05-20101110_16k-emission_swahili_15h00_-_16h00_tu_20101110_part154
VLOG[2] (compute-mfcc-feats[5.5.883~1-3eea3]:main():compute-mfcc-feats.cc:182) Processed features for key SWH-05-20101110_16k-emission_swahili_15h00_-_16h00_tu_20101110_part155
VLOG[2] (compute-mfcc-feats[5.5.883~1-3eea3]:main():compute-mfcc-feats.cc:182) Processed features for key SWH-05-20101110_16k-emission_swahili_15h00_-_16h00_tu_20101110_part156
VLOG[2] (compute-mfcc-feats[5.5.883~1-3eea3]:main():compute-mfcc-feats.cc:182) Processed features for key SWH-05-20101110_16k-emission_swahili_15h00_-_16h00_tu_20101110_part157
VLOG[2] (compute-mfcc-feats[5.5.883~1-3eea3]:main():compute-mfcc-feats.cc:182) Processed features for key SWH-05-20101110_16k-emission_swahili_15h00_-_16h00_tu_20101110_part158
VLOG[2] (compute-mfcc-feats[5.5.883~1-3eea3]:main():compute-mfcc-feats.cc:182) Processed features for key SWH-05-20101110_16k-emission_swahili_15h00_-_16h00_tu_20101110_part159
VLOG[2] (compute-mfcc-feats[5.5.883~1-3eea3]:main():compute-mfcc-feats.cc:182) Processed features for key SWH-05-20101110_16k-emission_swahili_15h00_-_16h00_tu_20101110_part16
LOG (compute-mfcc-feats[5.5.883~1-3eea3]:main():compute-mfcc-feats.cc:181) Processed 30 utterances
VLOG[2] (compute-mfcc-feats[5.5.883~1-3eea3]:main():compute-mfcc-feats.cc:182) Processed features for key SWH-05-20101110_16k-emission_swahili_15h00_-_16h00_tu_20101110_part160
VLOG[2] (compute-mfcc-feats[5.5.883~1-3eea3]:main():compute-mfcc-feats.cc:182) Processed features for key SWH-05-20101110_16k-emission_swahili_15h00_-_16h00_tu_20101110_part161
VLOG[2] (compute-mfcc-feats[5.5.883~1-3eea3]:main():compute-mfcc-feats.cc:182) Processed features for key SWH-05-20101110_16k-emission_swahili_15h00_-_16h00_tu_20101110_part162
VLOG[2] (compute-mfcc-feats[5.5.883~1-3eea3]:main():compute-mfcc-feats.cc:182) Processed features for key SWH-05-20101110_16k-emission_swahili_15h00_-_16h00_tu_20101110_part163
VLOG[2] (compute-mfcc-feats[5.5.883~1-3eea3]:main():compute-mfcc-feats.cc:182) Processed features for key SWH-05-20101110_16k-emission_swahili_15h00_-_16h00_tu_20101110_part164
VLOG[2] (compute-mfcc-feats[5.5.883~1-3eea3]:main():compute-mfcc-feats.cc:182) Processed features for key SWH-05-20101110_16k-emission_swahili_15h00_-_16h00_tu_20101110_part165
VLOG[2] (compute-mfcc-feats[5.5.883~1-3eea3]:main():compute-mfcc-feats.cc:182) Processed features for key SWH-05-20101110_16k-emission_swahili_15h00_-_16h00_tu_20101110_part166
VLOG[2] (compute-mfcc-feats[5.5.883~1-3eea3]:main():compute-mfcc-feats.cc:182) Processed features for key SWH-05-20101110_16k-emission_swahili_15h00_-_16h00_tu_20101110_part167
VLOG[2] (compute-mfcc-feats[5.5.883~1-3eea3]:main():compute-mfcc-feats.cc:182) Processed features for key SWH-05-20101110_16k-emission_swahili_15h00_-_16h00_tu_20101110_part168
VLOG[2] (compute-mfcc-feats[5.5.883~1-3eea3]:main():compute-mfcc-feats.cc:182) Processed features for key SWH-05-20101110_16k-emission_swahili_15h00_-_16h00_tu_20101110_part169
LOG (compute-mfcc-feats[5.5.883~1-3eea3]:main():compute-mfcc-feats.cc:181) Processed 40 utterances
VLOG[2] (compute-mfcc-feats[5.5.883~1-3eea3]:main():compute-mfcc-feats.cc:182) Processed features for key SWH-05-20101110_16k-emission_swahili_15h00_-_16h00_tu_20101110_part17
VLOG[2] (compute-mfcc-feats[5.5.883~1-3eea3]:main():compute-mfcc-feats.cc:182) Processed features for key SWH-05-20101110_16k-emission_swahili_15h00_-_16h00_tu_20101110_part170
VLOG[2] (compute-mfcc-feats[5.5.883~1-3eea3]:main():compute-mfcc-feats.cc:182) Processed features for key SWH-05-20101110_16k-emission_swahili_15h00_-_16h00_tu_20101110_part171
VLOG[2] (compute-mfcc-feats[5.5.883~1-3eea3]:main():compute-mfcc-feats.cc:182) Processed features for key SWH-05-20101110_16k-emission_swahili_15h00_-_16h00_tu_20101110_part172
VLOG[2] (compute-mfcc-feats[5.5.883~1-3eea3]:main():compute-mfcc-feats.cc:182) Processed features for key SWH-05-20101110_16k-emission_swahili_15h00_-_16h00_tu_20101110_part173
VLOG[2] (compute-mfcc-feats[5.5.883~1-3eea3]:main():compute-mfcc-feats.cc:182) Processed features for key SWH-05-20101110_16k-emission_swahili_15h00_-_16h00_tu_20101110_part174
VLOG[2] (compute-mfcc-feats[5.5.883~1-3eea3]:main():compute-mfcc-feats.cc:182) Processed features for key SWH-05-20101110_16k-emission_swahili_15h00_-_16h00_tu_20101110_part175
VLOG[2] (compute-mfcc-feats[5.5.883~1-3eea3]:main():compute-mfcc-feats.cc:182) Processed features for key SWH-05-20101110_16k-emission_swahili_15h00_-_16h00_tu_20101110_part176
VLOG[2] (compute-mfcc-feats[5.5.883~1-3eea3]:main():compute-mfcc-feats.cc:182) Processed features for key SWH-05-20101110_16k-emission_swahili_15h00_-_16h00_tu_20101110_part177
VLOG[2] (compute-mfcc-feats[5.5.883~1-3eea3]:main():compute-mfcc-feats.cc:182) Processed features for key SWH-05-20101110_16k-emission_swahili_15h00_-_16h00_tu_20101110_part178
LOG (compute-mfcc-feats[5.5.883~1-3eea3]:main():compute-mfcc-feats.cc:181) Processed 50 utterances
VLOG[2] (compute-mfcc-feats[5.5.883~1-3eea3]:main():compute-mfcc-feats.cc:182) Processed features for key SWH-05-20101110_16k-emission_swahili_15h00_-_16h00_tu_20101110_part179
VLOG[2] (compute-mfcc-feats[5.5.883~1-3eea3]:main():compute-mfcc-feats.cc:182) Processed features for key SWH-05-20101110_16k-emission_swahili_15h00_-_16h00_tu_20101110_part18
VLOG[2] (compute-mfcc-feats[5.5.883~1-3eea3]:main():compute-mfcc-feats.cc:182) Processed features for key SWH-05-20101110_16k-emission_swahili_15h00_-_16h00_tu_20101110_part180
VLOG[2] (compute-mfcc-feats[5.5.883~1-3eea3]:main():compute-mfcc-feats.cc:182) Processed features for key SWH-05-20101110_16k-emission_swahili_15h00_-_16h00_tu_20101110_part181
VLOG[2] (compute-mfcc-feats[5.5.883~1-3eea3]:main():compute-mfcc-feats.cc:182) Processed features for key SWH-05-20101110_16k-emission_swahili_15h00_-_16h00_tu_20101110_part182
VLOG[2] (compute-mfcc-feats[5.5.883~1-3eea3]:main():compute-mfcc-feats.cc:182) Processed features for key SWH-05-20101110_16k-emission_swahili_15h00_-_16h00_tu_20101110_part183
VLOG[2] (compute-mfcc-feats[5.5.883~1-3eea3]:main():compute-mfcc-feats.cc:182) Processed features for key SWH-05-20101110_16k-emission_swahili_15h00_-_16h00_tu_20101110_part184
VLOG[2] (compute-mfcc-feats[5.5.883~1-3eea3]:main():compute-mfcc-feats.cc:182) Processed features for key SWH-05-20101110_16k-emission_swahili_15h00_-_16h00_tu_20101110_part185
LOG (compute-mfcc-feats[5.5.883~1-3eea3]:main():compute-mfcc-feats.cc:185)  Done 57 out of 57 utterances.
LOG (copy-feats[5.5.883~1-3eea3]:main():copy-feats.cc:143) Copied 57 feature matrices.
# Accounting: time=3 threads=1
# Ended (code 0) at Mon Feb 15 12:00:44 IST 2021, elapsed time 3 seconds
