# compute-mfcc-feats --write-utt2dur=ark,t:exp/make_mfcc/train/utt2dur.12 --verbose=2 --config=conf/mfcc.conf scp,p:exp/make_mfcc/train/wav_train.12.scp ark:- | copy-feats --write-num-frames=ark,t:exp/make_mfcc/train/utt2num_frames.12 --compress=true ark:- ark,scp:/home/abhishek/Desktop/kaldi/egs/assgmt1/recipe/mfcc/raw_mfcc_train.12.ark,/home/abhishek/Desktop/kaldi/egs/assgmt1/recipe/mfcc/raw_mfcc_train.12.scp 
# Started at Mon Feb 15 12:00:39 IST 2021
#
copy-feats --write-num-frames=ark,t:exp/make_mfcc/train/utt2num_frames.12 --compress=true ark:- ark,scp:/home/abhishek/Desktop/kaldi/egs/assgmt1/recipe/mfcc/raw_mfcc_train.12.ark,/home/abhishek/Desktop/kaldi/egs/assgmt1/recipe/mfcc/raw_mfcc_train.12.scp 
compute-mfcc-feats --write-utt2dur=ark,t:exp/make_mfcc/train/utt2dur.12 --verbose=2 --config=conf/mfcc.conf scp,p:exp/make_mfcc/train/wav_train.12.scp ark:- 
VLOG[2] (compute-mfcc-feats[5.5.883~1-3eea3]:main():compute-mfcc-feats.cc:182) Processed features for key SWH-05-20101109_emission_swahili_05h30_-_06h00_tu_20101109_part82
VLOG[2] (compute-mfcc-feats[5.5.883~1-3eea3]:main():compute-mfcc-feats.cc:182) Processed features for key SWH-05-20101109_emission_swahili_05h30_-_06h00_tu_20101109_part83
VLOG[2] (compute-mfcc-feats[5.5.883~1-3eea3]:main():compute-mfcc-feats.cc:182) Processed features for key SWH-05-20101109_emission_swahili_05h30_-_06h00_tu_20101109_part84
VLOG[2] (compute-mfcc-feats[5.5.883~1-3eea3]:main():compute-mfcc-feats.cc:182) Processed features for key SWH-05-20101109_emission_swahili_05h30_-_06h00_tu_20101109_part85
VLOG[2] (compute-mfcc-feats[5.5.883~1-3eea3]:main():compute-mfcc-feats.cc:182) Processed features for key SWH-05-20101109_emission_swahili_05h30_-_06h00_tu_20101109_part86
VLOG[2] (compute-mfcc-feats[5.5.883~1-3eea3]:main():compute-mfcc-feats.cc:182) Processed features for key SWH-05-20101109_emission_swahili_05h30_-_06h00_tu_20101109_part87
VLOG[2] (compute-mfcc-feats[5.5.883~1-3eea3]:main():compute-mfcc-feats.cc:182) Processed features for key SWH-05-20101109_emission_swahili_05h30_-_06h00_tu_20101109_part88
VLOG[2] (compute-mfcc-feats[5.5.883~1-3eea3]:main():compute-mfcc-feats.cc:182) Processed features for key SWH-05-20101109_emission_swahili_05h30_-_06h00_tu_20101109_part89
VLOG[2] (compute-mfcc-feats[5.5.883~1-3eea3]:main():compute-mfcc-feats.cc:182) Processed features for key SWH-05-20101109_emission_swahili_05h30_-_06h00_tu_20101109_part9
LOG (compute-mfcc-feats[5.5.883~1-3eea3]:main():compute-mfcc-feats.cc:181) Processed 10 utterances
VLOG[2] (compute-mfcc-feats[5.5.883~1-3eea3]:main():compute-mfcc-feats.cc:182) Processed features for key SWH-05-20101109_emission_swahili_05h30_-_06h00_tu_20101109_part90
VLOG[2] (compute-mfcc-feats[5.5.883~1-3eea3]:main():compute-mfcc-feats.cc:182) Processed features for key SWH-05-20101109_emission_swahili_05h30_-_06h00_tu_20101109_part91
VLOG[2] (compute-mfcc-feats[5.5.883~1-3eea3]:main():compute-mfcc-feats.cc:182) Processed features for key SWH-05-20101109_emission_swahili_05h30_-_06h00_tu_20101109_part92
VLOG[2] (compute-mfcc-feats[5.5.883~1-3eea3]:main():compute-mfcc-feats.cc:182) Processed features for key SWH-05-20101109_emission_swahili_05h30_-_06h00_tu_20101109_part93
VLOG[2] (compute-mfcc-feats[5.5.883~1-3eea3]:main():compute-mfcc-feats.cc:182) Processed features for key SWH-05-20101109_emission_swahili_05h30_-_06h00_tu_20101109_part94
VLOG[2] (compute-mfcc-feats[5.5.883~1-3eea3]:main():compute-mfcc-feats.cc:182) Processed features for key SWH-05-20101109_emission_swahili_05h30_-_06h00_tu_20101109_part95
VLOG[2] (compute-mfcc-feats[5.5.883~1-3eea3]:main():compute-mfcc-feats.cc:182) Processed features for key SWH-05-20101109_emission_swahili_05h30_-_06h00_tu_20101109_part96
VLOG[2] (compute-mfcc-feats[5.5.883~1-3eea3]:main():compute-mfcc-feats.cc:182) Processed features for key SWH-05-20101109_emission_swahili_05h30_-_06h00_tu_20101109_part97
VLOG[2] (compute-mfcc-feats[5.5.883~1-3eea3]:main():compute-mfcc-feats.cc:182) Processed features for key SWH-05-20101109_emission_swahili_05h30_-_06h00_tu_20101109_part98
VLOG[2] (compute-mfcc-feats[5.5.883~1-3eea3]:main():compute-mfcc-feats.cc:182) Processed features for key SWH-05-20101109_emission_swahili_05h30_-_06h00_tu_20101109_part99
LOG (compute-mfcc-feats[5.5.883~1-3eea3]:main():compute-mfcc-feats.cc:181) Processed 20 utterances
VLOG[2] (compute-mfcc-feats[5.5.883~1-3eea3]:main():compute-mfcc-feats.cc:182) Processed features for key SWH-05-20101110_16k-emission_swahili_15h00_-_16h00_tu_20101110_part10
VLOG[2] (compute-mfcc-feats[5.5.883~1-3eea3]:main():compute-mfcc-feats.cc:182) Processed features for key SWH-05-20101110_16k-emission_swahili_15h00_-_16h00_tu_20101110_part100
VLOG[2] (compute-mfcc-feats[5.5.883~1-3eea3]:main():compute-mfcc-feats.cc:182) Processed features for key SWH-05-20101110_16k-emission_swahili_15h00_-_16h00_tu_20101110_part101
VLOG[2] (compute-mfcc-feats[5.5.883~1-3eea3]:main():compute-mfcc-feats.cc:182) Processed features for key SWH-05-20101110_16k-emission_swahili_15h00_-_16h00_tu_20101110_part102
VLOG[2] (compute-mfcc-feats[5.5.883~1-3eea3]:main():compute-mfcc-feats.cc:182) Processed features for key SWH-05-20101110_16k-emission_swahili_15h00_-_16h00_tu_20101110_part103
VLOG[2] (compute-mfcc-feats[5.5.883~1-3eea3]:main():compute-mfcc-feats.cc:182) Processed features for key SWH-05-20101110_16k-emission_swahili_15h00_-_16h00_tu_20101110_part104
VLOG[2] (compute-mfcc-feats[5.5.883~1-3eea3]:main():compute-mfcc-feats.cc:182) Processed features for key SWH-05-20101110_16k-emission_swahili_15h00_-_16h00_tu_20101110_part105
VLOG[2] (compute-mfcc-feats[5.5.883~1-3eea3]:main():compute-mfcc-feats.cc:182) Processed features for key SWH-05-20101110_16k-emission_swahili_15h00_-_16h00_tu_20101110_part106
VLOG[2] (compute-mfcc-feats[5.5.883~1-3eea3]:main():compute-mfcc-feats.cc:182) Processed features for key SWH-05-20101110_16k-emission_swahili_15h00_-_16h00_tu_20101110_part107
VLOG[2] (compute-mfcc-feats[5.5.883~1-3eea3]:main():compute-mfcc-feats.cc:182) Processed features for key SWH-05-20101110_16k-emission_swahili_15h00_-_16h00_tu_20101110_part108
LOG (compute-mfcc-feats[5.5.883~1-3eea3]:main():compute-mfcc-feats.cc:181) Processed 30 utterances
VLOG[2] (compute-mfcc-feats[5.5.883~1-3eea3]:main():compute-mfcc-feats.cc:182) Processed features for key SWH-05-20101110_16k-emission_swahili_15h00_-_16h00_tu_20101110_part109
VLOG[2] (compute-mfcc-feats[5.5.883~1-3eea3]:main():compute-mfcc-feats.cc:182) Processed features for key SWH-05-20101110_16k-emission_swahili_15h00_-_16h00_tu_20101110_part11
VLOG[2] (compute-mfcc-feats[5.5.883~1-3eea3]:main():compute-mfcc-feats.cc:182) Processed features for key SWH-05-20101110_16k-emission_swahili_15h00_-_16h00_tu_20101110_part110
VLOG[2] (compute-mfcc-feats[5.5.883~1-3eea3]:main():compute-mfcc-feats.cc:182) Processed features for key SWH-05-20101110_16k-emission_swahili_15h00_-_16h00_tu_20101110_part111
VLOG[2] (compute-mfcc-feats[5.5.883~1-3eea3]:main():compute-mfcc-feats.cc:182) Processed features for key SWH-05-20101110_16k-emission_swahili_15h00_-_16h00_tu_20101110_part112
VLOG[2] (compute-mfcc-feats[5.5.883~1-3eea3]:main():compute-mfcc-feats.cc:182) Processed features for key SWH-05-20101110_16k-emission_swahili_15h00_-_16h00_tu_20101110_part113
VLOG[2] (compute-mfcc-feats[5.5.883~1-3eea3]:main():compute-mfcc-feats.cc:182) Processed features for key SWH-05-20101110_16k-emission_swahili_15h00_-_16h00_tu_20101110_part114
VLOG[2] (compute-mfcc-feats[5.5.883~1-3eea3]:main():compute-mfcc-feats.cc:182) Processed features for key SWH-05-20101110_16k-emission_swahili_15h00_-_16h00_tu_20101110_part115
VLOG[2] (compute-mfcc-feats[5.5.883~1-3eea3]:main():compute-mfcc-feats.cc:182) Processed features for key SWH-05-20101110_16k-emission_swahili_15h00_-_16h00_tu_20101110_part116
VLOG[2] (compute-mfcc-feats[5.5.883~1-3eea3]:main():compute-mfcc-feats.cc:182) Processed features for key SWH-05-20101110_16k-emission_swahili_15h00_-_16h00_tu_20101110_part117
LOG (compute-mfcc-feats[5.5.883~1-3eea3]:main():compute-mfcc-feats.cc:181) Processed 40 utterances
VLOG[2] (compute-mfcc-feats[5.5.883~1-3eea3]:main():compute-mfcc-feats.cc:182) Processed features for key SWH-05-20101110_16k-emission_swahili_15h00_-_16h00_tu_20101110_part118
VLOG[2] (compute-mfcc-feats[5.5.883~1-3eea3]:main():compute-mfcc-feats.cc:182) Processed features for key SWH-05-20101110_16k-emission_swahili_15h00_-_16h00_tu_20101110_part119
VLOG[2] (compute-mfcc-feats[5.5.883~1-3eea3]:main():compute-mfcc-feats.cc:182) Processed features for key SWH-05-20101110_16k-emission_swahili_15h00_-_16h00_tu_20101110_part12
VLOG[2] (compute-mfcc-feats[5.5.883~1-3eea3]:main():compute-mfcc-feats.cc:182) Processed features for key SWH-05-20101110_16k-emission_swahili_15h00_-_16h00_tu_20101110_part120
VLOG[2] (compute-mfcc-feats[5.5.883~1-3eea3]:main():compute-mfcc-feats.cc:182) Processed features for key SWH-05-20101110_16k-emission_swahili_15h00_-_16h00_tu_20101110_part121
VLOG[2] (compute-mfcc-feats[5.5.883~1-3eea3]:main():compute-mfcc-feats.cc:182) Processed features for key SWH-05-20101110_16k-emission_swahili_15h00_-_16h00_tu_20101110_part122
VLOG[2] (compute-mfcc-feats[5.5.883~1-3eea3]:main():compute-mfcc-feats.cc:182) Processed features for key SWH-05-20101110_16k-emission_swahili_15h00_-_16h00_tu_20101110_part123
VLOG[2] (compute-mfcc-feats[5.5.883~1-3eea3]:main():compute-mfcc-feats.cc:182) Processed features for key SWH-05-20101110_16k-emission_swahili_15h00_-_16h00_tu_20101110_part124
VLOG[2] (compute-mfcc-feats[5.5.883~1-3eea3]:main():compute-mfcc-feats.cc:182) Processed features for key SWH-05-20101110_16k-emission_swahili_15h00_-_16h00_tu_20101110_part125
VLOG[2] (compute-mfcc-feats[5.5.883~1-3eea3]:main():compute-mfcc-feats.cc:182) Processed features for key SWH-05-20101110_16k-emission_swahili_15h00_-_16h00_tu_20101110_part126
LOG (compute-mfcc-feats[5.5.883~1-3eea3]:main():compute-mfcc-feats.cc:181) Processed 50 utterances
VLOG[2] (compute-mfcc-feats[5.5.883~1-3eea3]:main():compute-mfcc-feats.cc:182) Processed features for key SWH-05-20101110_16k-emission_swahili_15h00_-_16h00_tu_20101110_part127
VLOG[2] (compute-mfcc-feats[5.5.883~1-3eea3]:main():compute-mfcc-feats.cc:182) Processed features for key SWH-05-20101110_16k-emission_swahili_15h00_-_16h00_tu_20101110_part128
VLOG[2] (compute-mfcc-feats[5.5.883~1-3eea3]:main():compute-mfcc-feats.cc:182) Processed features for key SWH-05-20101110_16k-emission_swahili_15h00_-_16h00_tu_20101110_part129
VLOG[2] (compute-mfcc-feats[5.5.883~1-3eea3]:main():compute-mfcc-feats.cc:182) Processed features for key SWH-05-20101110_16k-emission_swahili_15h00_-_16h00_tu_20101110_part13
VLOG[2] (compute-mfcc-feats[5.5.883~1-3eea3]:main():compute-mfcc-feats.cc:182) Processed features for key SWH-05-20101110_16k-emission_swahili_15h00_-_16h00_tu_20101110_part130
VLOG[2] (compute-mfcc-feats[5.5.883~1-3eea3]:main():compute-mfcc-feats.cc:182) Processed features for key SWH-05-20101110_16k-emission_swahili_15h00_-_16h00_tu_20101110_part131
VLOG[2] (compute-mfcc-feats[5.5.883~1-3eea3]:main():compute-mfcc-feats.cc:182) Processed features for key SWH-05-20101110_16k-emission_swahili_15h00_-_16h00_tu_20101110_part132
VLOG[2] (compute-mfcc-feats[5.5.883~1-3eea3]:main():compute-mfcc-feats.cc:182) Processed features for key SWH-05-20101110_16k-emission_swahili_15h00_-_16h00_tu_20101110_part133
LOG (compute-mfcc-feats[5.5.883~1-3eea3]:main():compute-mfcc-feats.cc:185)  Done 57 out of 57 utterances.
LOG (copy-feats[5.5.883~1-3eea3]:main():copy-feats.cc:143) Copied 57 feature matrices.
# Accounting: time=2 threads=1
# Ended (code 0) at Mon Feb 15 12:00:41 IST 2021, elapsed time 2 seconds
