# compute-mfcc-feats --write-utt2dur=ark,t:exp/make_mfcc/train_sp3/utt2dur.9 --verbose=2 --config=conf/mfcc.conf scp,p:exp/make_mfcc/train_sp3/wav_train_sp3.9.scp ark:- | copy-feats --write-num-frames=ark,t:exp/make_mfcc/train_sp3/utt2num_frames.9 --compress=true ark:- ark,scp:/home/abhishek/Desktop/kaldi/egs/assgmt1/recipe/mfcc/raw_mfcc_train_sp3.9.ark,/home/abhishek/Desktop/kaldi/egs/assgmt1/recipe/mfcc/raw_mfcc_train_sp3.9.scp 
# Started at Mon Feb 15 00:32:55 IST 2021
#
copy-feats --write-num-frames=ark,t:exp/make_mfcc/train_sp3/utt2num_frames.9 --compress=true ark:- ark,scp:/home/abhishek/Desktop/kaldi/egs/assgmt1/recipe/mfcc/raw_mfcc_train_sp3.9.ark,/home/abhishek/Desktop/kaldi/egs/assgmt1/recipe/mfcc/raw_mfcc_train_sp3.9.scp 
compute-mfcc-feats --write-utt2dur=ark,t:exp/make_mfcc/train_sp3/utt2dur.9 --verbose=2 --config=conf/mfcc.conf scp,p:exp/make_mfcc/train_sp3/wav_train_sp3.9.scp ark:- 
sox WARN wav: Length in output .wav header will be wrong since can't seek to fix it
VLOG[1] (compute-mfcc-feats[5.5.883~1-3eea3]:Read():wave-reader.cc:249) Read in RIFF chunk size: 2147479588, data chunk size: 2147479552. Assume 'stream mode' (reading data to EOF).
VLOG[2] (compute-mfcc-feats[5.5.883~1-3eea3]:main():compute-mfcc-feats.cc:182) Processed features for key sp0.9-SWH-05-20101107_16k-emission_swahili_05h30_-_06h00_tu_20101107_part121
sox WARN wav: Length in output .wav header will be wrong since can't seek to fix it
VLOG[1] (compute-mfcc-feats[5.5.883~1-3eea3]:Read():wave-reader.cc:249) Read in RIFF chunk size: 2147479588, data chunk size: 2147479552. Assume 'stream mode' (reading data to EOF).
VLOG[2] (compute-mfcc-feats[5.5.883~1-3eea3]:main():compute-mfcc-feats.cc:182) Processed features for key sp0.9-SWH-05-20101107_16k-emission_swahili_05h30_-_06h00_tu_20101107_part122
sox WARN wav: Length in output .wav header will be wrong since can't seek to fix it
VLOG[1] (compute-mfcc-feats[5.5.883~1-3eea3]:Read():wave-reader.cc:249) Read in RIFF chunk size: 2147479588, data chunk size: 2147479552. Assume 'stream mode' (reading data to EOF).
VLOG[2] (compute-mfcc-feats[5.5.883~1-3eea3]:main():compute-mfcc-feats.cc:182) Processed features for key sp0.9-SWH-05-20101107_16k-emission_swahili_05h30_-_06h00_tu_20101107_part123
sox WARN wav: Length in output .wav header will be wrong since can't seek to fix it
VLOG[1] (compute-mfcc-feats[5.5.883~1-3eea3]:Read():wave-reader.cc:249) Read in RIFF chunk size: 2147479588, data chunk size: 2147479552. Assume 'stream mode' (reading data to EOF).
VLOG[2] (compute-mfcc-feats[5.5.883~1-3eea3]:main():compute-mfcc-feats.cc:182) Processed features for key sp0.9-SWH-05-20101107_16k-emission_swahili_05h30_-_06h00_tu_20101107_part124
sox WARN wav: Length in output .wav header will be wrong since can't seek to fix it
VLOG[1] (compute-mfcc-feats[5.5.883~1-3eea3]:Read():wave-reader.cc:249) Read in RIFF chunk size: 2147479588, data chunk size: 2147479552. Assume 'stream mode' (reading data to EOF).
VLOG[2] (compute-mfcc-feats[5.5.883~1-3eea3]:main():compute-mfcc-feats.cc:182) Processed features for key sp0.9-SWH-05-20101107_16k-emission_swahili_05h30_-_06h00_tu_20101107_part125
sox WARN wav: Length in output .wav header will be wrong since can't seek to fix it
VLOG[1] (compute-mfcc-feats[5.5.883~1-3eea3]:Read():wave-reader.cc:249) Read in RIFF chunk size: 2147479588, data chunk size: 2147479552. Assume 'stream mode' (reading data to EOF).
VLOG[2] (compute-mfcc-feats[5.5.883~1-3eea3]:main():compute-mfcc-feats.cc:182) Processed features for key sp0.9-SWH-05-20101107_16k-emission_swahili_05h30_-_06h00_tu_20101107_part126
sox WARN wav: Length in output .wav header will be wrong since can't seek to fix it
VLOG[1] (compute-mfcc-feats[5.5.883~1-3eea3]:Read():wave-reader.cc:249) Read in RIFF chunk size: 2147479588, data chunk size: 2147479552. Assume 'stream mode' (reading data to EOF).
VLOG[2] (compute-mfcc-feats[5.5.883~1-3eea3]:main():compute-mfcc-feats.cc:182) Processed features for key sp0.9-SWH-05-20101107_16k-emission_swahili_05h30_-_06h00_tu_20101107_part127
sox WARN wav: Length in output .wav header will be wrong since can't seek to fix it
VLOG[1] (compute-mfcc-feats[5.5.883~1-3eea3]:Read():wave-reader.cc:249) Read in RIFF chunk size: 2147479588, data chunk size: 2147479552. Assume 'stream mode' (reading data to EOF).
VLOG[2] (compute-mfcc-feats[5.5.883~1-3eea3]:main():compute-mfcc-feats.cc:182) Processed features for key sp0.9-SWH-05-20101107_16k-emission_swahili_05h30_-_06h00_tu_20101107_part128
sox WARN wav: Length in output .wav header will be wrong since can't seek to fix it
VLOG[1] (compute-mfcc-feats[5.5.883~1-3eea3]:Read():wave-reader.cc:249) Read in RIFF chunk size: 2147479588, data chunk size: 2147479552. Assume 'stream mode' (reading data to EOF).
VLOG[2] (compute-mfcc-feats[5.5.883~1-3eea3]:main():compute-mfcc-feats.cc:182) Processed features for key sp0.9-SWH-05-20101107_16k-emission_swahili_05h30_-_06h00_tu_20101107_part129
sox WARN wav: Length in output .wav header will be wrong since can't seek to fix it
VLOG[1] (compute-mfcc-feats[5.5.883~1-3eea3]:Read():wave-reader.cc:249) Read in RIFF chunk size: 2147479588, data chunk size: 2147479552. Assume 'stream mode' (reading data to EOF).
LOG (compute-mfcc-feats[5.5.883~1-3eea3]:main():compute-mfcc-feats.cc:181) Processed 10 utterances
VLOG[2] (compute-mfcc-feats[5.5.883~1-3eea3]:main():compute-mfcc-feats.cc:182) Processed features for key sp0.9-SWH-05-20101107_16k-emission_swahili_05h30_-_06h00_tu_20101107_part13
sox WARN wav: Length in output .wav header will be wrong since can't seek to fix it
VLOG[1] (compute-mfcc-feats[5.5.883~1-3eea3]:Read():wave-reader.cc:249) Read in RIFF chunk size: 2147479588, data chunk size: 2147479552. Assume 'stream mode' (reading data to EOF).
VLOG[2] (compute-mfcc-feats[5.5.883~1-3eea3]:main():compute-mfcc-feats.cc:182) Processed features for key sp0.9-SWH-05-20101107_16k-emission_swahili_05h30_-_06h00_tu_20101107_part130
sox WARN wav: Length in output .wav header will be wrong since can't seek to fix it
VLOG[1] (compute-mfcc-feats[5.5.883~1-3eea3]:Read():wave-reader.cc:249) Read in RIFF chunk size: 2147479588, data chunk size: 2147479552. Assume 'stream mode' (reading data to EOF).
VLOG[2] (compute-mfcc-feats[5.5.883~1-3eea3]:main():compute-mfcc-feats.cc:182) Processed features for key sp0.9-SWH-05-20101107_16k-emission_swahili_05h30_-_06h00_tu_20101107_part131
sox WARN wav: Length in output .wav header will be wrong since can't seek to fix it
VLOG[1] (compute-mfcc-feats[5.5.883~1-3eea3]:Read():wave-reader.cc:249) Read in RIFF chunk size: 2147479588, data chunk size: 2147479552. Assume 'stream mode' (reading data to EOF).
VLOG[2] (compute-mfcc-feats[5.5.883~1-3eea3]:main():compute-mfcc-feats.cc:182) Processed features for key sp0.9-SWH-05-20101107_16k-emission_swahili_05h30_-_06h00_tu_20101107_part132
sox WARN wav: Length in output .wav header will be wrong since can't seek to fix it
VLOG[1] (compute-mfcc-feats[5.5.883~1-3eea3]:Read():wave-reader.cc:249) Read in RIFF chunk size: 2147479588, data chunk size: 2147479552. Assume 'stream mode' (reading data to EOF).
VLOG[2] (compute-mfcc-feats[5.5.883~1-3eea3]:main():compute-mfcc-feats.cc:182) Processed features for key sp0.9-SWH-05-20101107_16k-emission_swahili_05h30_-_06h00_tu_20101107_part133
sox WARN wav: Length in output .wav header will be wrong since can't seek to fix it
VLOG[1] (compute-mfcc-feats[5.5.883~1-3eea3]:Read():wave-reader.cc:249) Read in RIFF chunk size: 2147479588, data chunk size: 2147479552. Assume 'stream mode' (reading data to EOF).
VLOG[2] (compute-mfcc-feats[5.5.883~1-3eea3]:main():compute-mfcc-feats.cc:182) Processed features for key sp0.9-SWH-05-20101107_16k-emission_swahili_05h30_-_06h00_tu_20101107_part134
sox WARN wav: Length in output .wav header will be wrong since can't seek to fix it
VLOG[1] (compute-mfcc-feats[5.5.883~1-3eea3]:Read():wave-reader.cc:249) Read in RIFF chunk size: 2147479588, data chunk size: 2147479552. Assume 'stream mode' (reading data to EOF).
VLOG[2] (compute-mfcc-feats[5.5.883~1-3eea3]:main():compute-mfcc-feats.cc:182) Processed features for key sp0.9-SWH-05-20101107_16k-emission_swahili_05h30_-_06h00_tu_20101107_part135
sox WARN wav: Length in output .wav header will be wrong since can't seek to fix it
VLOG[1] (compute-mfcc-feats[5.5.883~1-3eea3]:Read():wave-reader.cc:249) Read in RIFF chunk size: 2147479588, data chunk size: 2147479552. Assume 'stream mode' (reading data to EOF).
VLOG[2] (compute-mfcc-feats[5.5.883~1-3eea3]:main():compute-mfcc-feats.cc:182) Processed features for key sp0.9-SWH-05-20101107_16k-emission_swahili_05h30_-_06h00_tu_20101107_part136
sox WARN wav: Length in output .wav header will be wrong since can't seek to fix it
VLOG[1] (compute-mfcc-feats[5.5.883~1-3eea3]:Read():wave-reader.cc:249) Read in RIFF chunk size: 2147479588, data chunk size: 2147479552. Assume 'stream mode' (reading data to EOF).
VLOG[2] (compute-mfcc-feats[5.5.883~1-3eea3]:main():compute-mfcc-feats.cc:182) Processed features for key sp0.9-SWH-05-20101107_16k-emission_swahili_05h30_-_06h00_tu_20101107_part137
sox WARN wav: Length in output .wav header will be wrong since can't seek to fix it
VLOG[1] (compute-mfcc-feats[5.5.883~1-3eea3]:Read():wave-reader.cc:249) Read in RIFF chunk size: 2147479588, data chunk size: 2147479552. Assume 'stream mode' (reading data to EOF).
VLOG[2] (compute-mfcc-feats[5.5.883~1-3eea3]:main():compute-mfcc-feats.cc:182) Processed features for key sp0.9-SWH-05-20101107_16k-emission_swahili_05h30_-_06h00_tu_20101107_part138
sox WARN wav: Length in output .wav header will be wrong since can't seek to fix it
VLOG[1] (compute-mfcc-feats[5.5.883~1-3eea3]:Read():wave-reader.cc:249) Read in RIFF chunk size: 2147479588, data chunk size: 2147479552. Assume 'stream mode' (reading data to EOF).
LOG (compute-mfcc-feats[5.5.883~1-3eea3]:main():compute-mfcc-feats.cc:181) Processed 20 utterances
VLOG[2] (compute-mfcc-feats[5.5.883~1-3eea3]:main():compute-mfcc-feats.cc:182) Processed features for key sp0.9-SWH-05-20101107_16k-emission_swahili_05h30_-_06h00_tu_20101107_part14
sox WARN wav: Length in output .wav header will be wrong since can't seek to fix it
VLOG[1] (compute-mfcc-feats[5.5.883~1-3eea3]:Read():wave-reader.cc:249) Read in RIFF chunk size: 2147479588, data chunk size: 2147479552. Assume 'stream mode' (reading data to EOF).
VLOG[2] (compute-mfcc-feats[5.5.883~1-3eea3]:main():compute-mfcc-feats.cc:182) Processed features for key sp0.9-SWH-05-20101107_16k-emission_swahili_05h30_-_06h00_tu_20101107_part140
sox WARN wav: Length in output .wav header will be wrong since can't seek to fix it
VLOG[1] (compute-mfcc-feats[5.5.883~1-3eea3]:Read():wave-reader.cc:249) Read in RIFF chunk size: 2147479588, data chunk size: 2147479552. Assume 'stream mode' (reading data to EOF).
VLOG[2] (compute-mfcc-feats[5.5.883~1-3eea3]:main():compute-mfcc-feats.cc:182) Processed features for key sp0.9-SWH-05-20101107_16k-emission_swahili_05h30_-_06h00_tu_20101107_part141
sox WARN wav: Length in output .wav header will be wrong since can't seek to fix it
VLOG[1] (compute-mfcc-feats[5.5.883~1-3eea3]:Read():wave-reader.cc:249) Read in RIFF chunk size: 2147479588, data chunk size: 2147479552. Assume 'stream mode' (reading data to EOF).
VLOG[2] (compute-mfcc-feats[5.5.883~1-3eea3]:main():compute-mfcc-feats.cc:182) Processed features for key sp0.9-SWH-05-20101107_16k-emission_swahili_05h30_-_06h00_tu_20101107_part142
sox WARN wav: Length in output .wav header will be wrong since can't seek to fix it
VLOG[1] (compute-mfcc-feats[5.5.883~1-3eea3]:Read():wave-reader.cc:249) Read in RIFF chunk size: 2147479588, data chunk size: 2147479552. Assume 'stream mode' (reading data to EOF).
VLOG[2] (compute-mfcc-feats[5.5.883~1-3eea3]:main():compute-mfcc-feats.cc:182) Processed features for key sp0.9-SWH-05-20101107_16k-emission_swahili_05h30_-_06h00_tu_20101107_part143
sox WARN wav: Length in output .wav header will be wrong since can't seek to fix it
VLOG[1] (compute-mfcc-feats[5.5.883~1-3eea3]:Read():wave-reader.cc:249) Read in RIFF chunk size: 2147479588, data chunk size: 2147479552. Assume 'stream mode' (reading data to EOF).
VLOG[2] (compute-mfcc-feats[5.5.883~1-3eea3]:main():compute-mfcc-feats.cc:182) Processed features for key sp0.9-SWH-05-20101107_16k-emission_swahili_05h30_-_06h00_tu_20101107_part144
sox WARN wav: Length in output .wav header will be wrong since can't seek to fix it
VLOG[1] (compute-mfcc-feats[5.5.883~1-3eea3]:Read():wave-reader.cc:249) Read in RIFF chunk size: 2147479588, data chunk size: 2147479552. Assume 'stream mode' (reading data to EOF).
VLOG[2] (compute-mfcc-feats[5.5.883~1-3eea3]:main():compute-mfcc-feats.cc:182) Processed features for key sp0.9-SWH-05-20101107_16k-emission_swahili_05h30_-_06h00_tu_20101107_part145
sox WARN wav: Length in output .wav header will be wrong since can't seek to fix it
VLOG[1] (compute-mfcc-feats[5.5.883~1-3eea3]:Read():wave-reader.cc:249) Read in RIFF chunk size: 2147479588, data chunk size: 2147479552. Assume 'stream mode' (reading data to EOF).
VLOG[2] (compute-mfcc-feats[5.5.883~1-3eea3]:main():compute-mfcc-feats.cc:182) Processed features for key sp0.9-SWH-05-20101107_16k-emission_swahili_05h30_-_06h00_tu_20101107_part146
sox WARN wav: Length in output .wav header will be wrong since can't seek to fix it
VLOG[1] (compute-mfcc-feats[5.5.883~1-3eea3]:Read():wave-reader.cc:249) Read in RIFF chunk size: 2147479588, data chunk size: 2147479552. Assume 'stream mode' (reading data to EOF).
VLOG[2] (compute-mfcc-feats[5.5.883~1-3eea3]:main():compute-mfcc-feats.cc:182) Processed features for key sp0.9-SWH-05-20101107_16k-emission_swahili_05h30_-_06h00_tu_20101107_part147
sox WARN wav: Length in output .wav header will be wrong since can't seek to fix it
VLOG[1] (compute-mfcc-feats[5.5.883~1-3eea3]:Read():wave-reader.cc:249) Read in RIFF chunk size: 2147479588, data chunk size: 2147479552. Assume 'stream mode' (reading data to EOF).
VLOG[2] (compute-mfcc-feats[5.5.883~1-3eea3]:main():compute-mfcc-feats.cc:182) Processed features for key sp0.9-SWH-05-20101107_16k-emission_swahili_05h30_-_06h00_tu_20101107_part148
sox WARN wav: Length in output .wav header will be wrong since can't seek to fix it
VLOG[1] (compute-mfcc-feats[5.5.883~1-3eea3]:Read():wave-reader.cc:249) Read in RIFF chunk size: 2147479588, data chunk size: 2147479552. Assume 'stream mode' (reading data to EOF).
LOG (compute-mfcc-feats[5.5.883~1-3eea3]:main():compute-mfcc-feats.cc:181) Processed 30 utterances
VLOG[2] (compute-mfcc-feats[5.5.883~1-3eea3]:main():compute-mfcc-feats.cc:182) Processed features for key sp0.9-SWH-05-20101107_16k-emission_swahili_05h30_-_06h00_tu_20101107_part149
sox WARN wav: Length in output .wav header will be wrong since can't seek to fix it
VLOG[1] (compute-mfcc-feats[5.5.883~1-3eea3]:Read():wave-reader.cc:249) Read in RIFF chunk size: 2147479588, data chunk size: 2147479552. Assume 'stream mode' (reading data to EOF).
VLOG[2] (compute-mfcc-feats[5.5.883~1-3eea3]:main():compute-mfcc-feats.cc:182) Processed features for key sp0.9-SWH-05-20101107_16k-emission_swahili_05h30_-_06h00_tu_20101107_part15
sox WARN wav: Length in output .wav header will be wrong since can't seek to fix it
VLOG[1] (compute-mfcc-feats[5.5.883~1-3eea3]:Read():wave-reader.cc:249) Read in RIFF chunk size: 2147479588, data chunk size: 2147479552. Assume 'stream mode' (reading data to EOF).
VLOG[2] (compute-mfcc-feats[5.5.883~1-3eea3]:main():compute-mfcc-feats.cc:182) Processed features for key sp0.9-SWH-05-20101107_16k-emission_swahili_05h30_-_06h00_tu_20101107_part150
sox WARN wav: Length in output .wav header will be wrong since can't seek to fix it
VLOG[1] (compute-mfcc-feats[5.5.883~1-3eea3]:Read():wave-reader.cc:249) Read in RIFF chunk size: 2147479588, data chunk size: 2147479552. Assume 'stream mode' (reading data to EOF).
VLOG[2] (compute-mfcc-feats[5.5.883~1-3eea3]:main():compute-mfcc-feats.cc:182) Processed features for key sp0.9-SWH-05-20101107_16k-emission_swahili_05h30_-_06h00_tu_20101107_part151
sox WARN wav: Length in output .wav header will be wrong since can't seek to fix it
VLOG[1] (compute-mfcc-feats[5.5.883~1-3eea3]:Read():wave-reader.cc:249) Read in RIFF chunk size: 2147479588, data chunk size: 2147479552. Assume 'stream mode' (reading data to EOF).
VLOG[2] (compute-mfcc-feats[5.5.883~1-3eea3]:main():compute-mfcc-feats.cc:182) Processed features for key sp0.9-SWH-05-20101107_16k-emission_swahili_05h30_-_06h00_tu_20101107_part152
sox WARN wav: Length in output .wav header will be wrong since can't seek to fix it
VLOG[1] (compute-mfcc-feats[5.5.883~1-3eea3]:Read():wave-reader.cc:249) Read in RIFF chunk size: 2147479588, data chunk size: 2147479552. Assume 'stream mode' (reading data to EOF).
VLOG[2] (compute-mfcc-feats[5.5.883~1-3eea3]:main():compute-mfcc-feats.cc:182) Processed features for key sp0.9-SWH-05-20101107_16k-emission_swahili_05h30_-_06h00_tu_20101107_part153
sox WARN wav: Length in output .wav header will be wrong since can't seek to fix it
VLOG[1] (compute-mfcc-feats[5.5.883~1-3eea3]:Read():wave-reader.cc:249) Read in RIFF chunk size: 2147479588, data chunk size: 2147479552. Assume 'stream mode' (reading data to EOF).
VLOG[2] (compute-mfcc-feats[5.5.883~1-3eea3]:main():compute-mfcc-feats.cc:182) Processed features for key sp0.9-SWH-05-20101107_16k-emission_swahili_05h30_-_06h00_tu_20101107_part154
sox WARN wav: Length in output .wav header will be wrong since can't seek to fix it
VLOG[1] (compute-mfcc-feats[5.5.883~1-3eea3]:Read():wave-reader.cc:249) Read in RIFF chunk size: 2147479588, data chunk size: 2147479552. Assume 'stream mode' (reading data to EOF).
VLOG[2] (compute-mfcc-feats[5.5.883~1-3eea3]:main():compute-mfcc-feats.cc:182) Processed features for key sp0.9-SWH-05-20101107_16k-emission_swahili_05h30_-_06h00_tu_20101107_part155
sox WARN wav: Length in output .wav header will be wrong since can't seek to fix it
VLOG[1] (compute-mfcc-feats[5.5.883~1-3eea3]:Read():wave-reader.cc:249) Read in RIFF chunk size: 2147479588, data chunk size: 2147479552. Assume 'stream mode' (reading data to EOF).
VLOG[2] (compute-mfcc-feats[5.5.883~1-3eea3]:main():compute-mfcc-feats.cc:182) Processed features for key sp0.9-SWH-05-20101107_16k-emission_swahili_05h30_-_06h00_tu_20101107_part156
sox WARN wav: Length in output .wav header will be wrong since can't seek to fix it
VLOG[1] (compute-mfcc-feats[5.5.883~1-3eea3]:Read():wave-reader.cc:249) Read in RIFF chunk size: 2147479588, data chunk size: 2147479552. Assume 'stream mode' (reading data to EOF).
VLOG[2] (compute-mfcc-feats[5.5.883~1-3eea3]:main():compute-mfcc-feats.cc:182) Processed features for key sp0.9-SWH-05-20101107_16k-emission_swahili_05h30_-_06h00_tu_20101107_part157
sox WARN wav: Length in output .wav header will be wrong since can't seek to fix it
VLOG[1] (compute-mfcc-feats[5.5.883~1-3eea3]:Read():wave-reader.cc:249) Read in RIFF chunk size: 2147479588, data chunk size: 2147479552. Assume 'stream mode' (reading data to EOF).
LOG (compute-mfcc-feats[5.5.883~1-3eea3]:main():compute-mfcc-feats.cc:181) Processed 40 utterances
VLOG[2] (compute-mfcc-feats[5.5.883~1-3eea3]:main():compute-mfcc-feats.cc:182) Processed features for key sp0.9-SWH-05-20101107_16k-emission_swahili_05h30_-_06h00_tu_20101107_part158
sox WARN wav: Length in output .wav header will be wrong since can't seek to fix it
VLOG[1] (compute-mfcc-feats[5.5.883~1-3eea3]:Read():wave-reader.cc:249) Read in RIFF chunk size: 2147479588, data chunk size: 2147479552. Assume 'stream mode' (reading data to EOF).
VLOG[2] (compute-mfcc-feats[5.5.883~1-3eea3]:main():compute-mfcc-feats.cc:182) Processed features for key sp0.9-SWH-05-20101107_16k-emission_swahili_05h30_-_06h00_tu_20101107_part159
sox WARN wav: Length in output .wav header will be wrong since can't seek to fix it
VLOG[1] (compute-mfcc-feats[5.5.883~1-3eea3]:Read():wave-reader.cc:249) Read in RIFF chunk size: 2147479588, data chunk size: 2147479552. Assume 'stream mode' (reading data to EOF).
VLOG[2] (compute-mfcc-feats[5.5.883~1-3eea3]:main():compute-mfcc-feats.cc:182) Processed features for key sp0.9-SWH-05-20101107_16k-emission_swahili_05h30_-_06h00_tu_20101107_part16
sox WARN wav: Length in output .wav header will be wrong since can't seek to fix it
VLOG[1] (compute-mfcc-feats[5.5.883~1-3eea3]:Read():wave-reader.cc:249) Read in RIFF chunk size: 2147479588, data chunk size: 2147479552. Assume 'stream mode' (reading data to EOF).
VLOG[2] (compute-mfcc-feats[5.5.883~1-3eea3]:main():compute-mfcc-feats.cc:182) Processed features for key sp0.9-SWH-05-20101107_16k-emission_swahili_05h30_-_06h00_tu_20101107_part160
sox WARN wav: Length in output .wav header will be wrong since can't seek to fix it
VLOG[1] (compute-mfcc-feats[5.5.883~1-3eea3]:Read():wave-reader.cc:249) Read in RIFF chunk size: 2147479588, data chunk size: 2147479552. Assume 'stream mode' (reading data to EOF).
VLOG[2] (compute-mfcc-feats[5.5.883~1-3eea3]:main():compute-mfcc-feats.cc:182) Processed features for key sp0.9-SWH-05-20101107_16k-emission_swahili_05h30_-_06h00_tu_20101107_part161
sox WARN wav: Length in output .wav header will be wrong since can't seek to fix it
VLOG[1] (compute-mfcc-feats[5.5.883~1-3eea3]:Read():wave-reader.cc:249) Read in RIFF chunk size: 2147479588, data chunk size: 2147479552. Assume 'stream mode' (reading data to EOF).
VLOG[2] (compute-mfcc-feats[5.5.883~1-3eea3]:main():compute-mfcc-feats.cc:182) Processed features for key sp0.9-SWH-05-20101107_16k-emission_swahili_05h30_-_06h00_tu_20101107_part162
sox WARN wav: Length in output .wav header will be wrong since can't seek to fix it
VLOG[1] (compute-mfcc-feats[5.5.883~1-3eea3]:Read():wave-reader.cc:249) Read in RIFF chunk size: 2147479588, data chunk size: 2147479552. Assume 'stream mode' (reading data to EOF).
VLOG[2] (compute-mfcc-feats[5.5.883~1-3eea3]:main():compute-mfcc-feats.cc:182) Processed features for key sp0.9-SWH-05-20101107_16k-emission_swahili_05h30_-_06h00_tu_20101107_part163
sox WARN wav: Length in output .wav header will be wrong since can't seek to fix it
VLOG[1] (compute-mfcc-feats[5.5.883~1-3eea3]:Read():wave-reader.cc:249) Read in RIFF chunk size: 2147479588, data chunk size: 2147479552. Assume 'stream mode' (reading data to EOF).
VLOG[2] (compute-mfcc-feats[5.5.883~1-3eea3]:main():compute-mfcc-feats.cc:182) Processed features for key sp0.9-SWH-05-20101107_16k-emission_swahili_05h30_-_06h00_tu_20101107_part164
sox WARN wav: Length in output .wav header will be wrong since can't seek to fix it
VLOG[1] (compute-mfcc-feats[5.5.883~1-3eea3]:Read():wave-reader.cc:249) Read in RIFF chunk size: 2147479588, data chunk size: 2147479552. Assume 'stream mode' (reading data to EOF).
VLOG[2] (compute-mfcc-feats[5.5.883~1-3eea3]:main():compute-mfcc-feats.cc:182) Processed features for key sp0.9-SWH-05-20101107_16k-emission_swahili_05h30_-_06h00_tu_20101107_part165
sox WARN wav: Length in output .wav header will be wrong since can't seek to fix it
VLOG[1] (compute-mfcc-feats[5.5.883~1-3eea3]:Read():wave-reader.cc:249) Read in RIFF chunk size: 2147479588, data chunk size: 2147479552. Assume 'stream mode' (reading data to EOF).
VLOG[2] (compute-mfcc-feats[5.5.883~1-3eea3]:main():compute-mfcc-feats.cc:182) Processed features for key sp0.9-SWH-05-20101107_16k-emission_swahili_05h30_-_06h00_tu_20101107_part166
sox WARN wav: Length in output .wav header will be wrong since can't seek to fix it
VLOG[1] (compute-mfcc-feats[5.5.883~1-3eea3]:Read():wave-reader.cc:249) Read in RIFF chunk size: 2147479588, data chunk size: 2147479552. Assume 'stream mode' (reading data to EOF).
LOG (compute-mfcc-feats[5.5.883~1-3eea3]:main():compute-mfcc-feats.cc:181) Processed 50 utterances
VLOG[2] (compute-mfcc-feats[5.5.883~1-3eea3]:main():compute-mfcc-feats.cc:182) Processed features for key sp0.9-SWH-05-20101107_16k-emission_swahili_05h30_-_06h00_tu_20101107_part167
sox WARN wav: Length in output .wav header will be wrong since can't seek to fix it
VLOG[1] (compute-mfcc-feats[5.5.883~1-3eea3]:Read():wave-reader.cc:249) Read in RIFF chunk size: 2147479588, data chunk size: 2147479552. Assume 'stream mode' (reading data to EOF).
VLOG[2] (compute-mfcc-feats[5.5.883~1-3eea3]:main():compute-mfcc-feats.cc:182) Processed features for key sp0.9-SWH-05-20101107_16k-emission_swahili_05h30_-_06h00_tu_20101107_part168
sox WARN wav: Length in output .wav header will be wrong since can't seek to fix it
VLOG[1] (compute-mfcc-feats[5.5.883~1-3eea3]:Read():wave-reader.cc:249) Read in RIFF chunk size: 2147479588, data chunk size: 2147479552. Assume 'stream mode' (reading data to EOF).
VLOG[2] (compute-mfcc-feats[5.5.883~1-3eea3]:main():compute-mfcc-feats.cc:182) Processed features for key sp0.9-SWH-05-20101107_16k-emission_swahili_05h30_-_06h00_tu_20101107_part169
sox WARN wav: Length in output .wav header will be wrong since can't seek to fix it
VLOG[1] (compute-mfcc-feats[5.5.883~1-3eea3]:Read():wave-reader.cc:249) Read in RIFF chunk size: 2147479588, data chunk size: 2147479552. Assume 'stream mode' (reading data to EOF).
VLOG[2] (compute-mfcc-feats[5.5.883~1-3eea3]:main():compute-mfcc-feats.cc:182) Processed features for key sp0.9-SWH-05-20101107_16k-emission_swahili_05h30_-_06h00_tu_20101107_part17
sox WARN wav: Length in output .wav header will be wrong since can't seek to fix it
VLOG[1] (compute-mfcc-feats[5.5.883~1-3eea3]:Read():wave-reader.cc:249) Read in RIFF chunk size: 2147479588, data chunk size: 2147479552. Assume 'stream mode' (reading data to EOF).
VLOG[2] (compute-mfcc-feats[5.5.883~1-3eea3]:main():compute-mfcc-feats.cc:182) Processed features for key sp0.9-SWH-05-20101107_16k-emission_swahili_05h30_-_06h00_tu_20101107_part170
sox WARN wav: Length in output .wav header will be wrong since can't seek to fix it
VLOG[1] (compute-mfcc-feats[5.5.883~1-3eea3]:Read():wave-reader.cc:249) Read in RIFF chunk size: 2147479588, data chunk size: 2147479552. Assume 'stream mode' (reading data to EOF).
VLOG[2] (compute-mfcc-feats[5.5.883~1-3eea3]:main():compute-mfcc-feats.cc:182) Processed features for key sp0.9-SWH-05-20101107_16k-emission_swahili_05h30_-_06h00_tu_20101107_part171
sox WARN wav: Length in output .wav header will be wrong since can't seek to fix it
VLOG[1] (compute-mfcc-feats[5.5.883~1-3eea3]:Read():wave-reader.cc:249) Read in RIFF chunk size: 2147479588, data chunk size: 2147479552. Assume 'stream mode' (reading data to EOF).
VLOG[2] (compute-mfcc-feats[5.5.883~1-3eea3]:main():compute-mfcc-feats.cc:182) Processed features for key sp0.9-SWH-05-20101107_16k-emission_swahili_05h30_-_06h00_tu_20101107_part172
sox WARN wav: Length in output .wav header will be wrong since can't seek to fix it
VLOG[1] (compute-mfcc-feats[5.5.883~1-3eea3]:Read():wave-reader.cc:249) Read in RIFF chunk size: 2147479588, data chunk size: 2147479552. Assume 'stream mode' (reading data to EOF).
VLOG[2] (compute-mfcc-feats[5.5.883~1-3eea3]:main():compute-mfcc-feats.cc:182) Processed features for key sp0.9-SWH-05-20101107_16k-emission_swahili_05h30_-_06h00_tu_20101107_part173
sox WARN wav: Length in output .wav header will be wrong since can't seek to fix it
VLOG[1] (compute-mfcc-feats[5.5.883~1-3eea3]:Read():wave-reader.cc:249) Read in RIFF chunk size: 2147479588, data chunk size: 2147479552. Assume 'stream mode' (reading data to EOF).
VLOG[2] (compute-mfcc-feats[5.5.883~1-3eea3]:main():compute-mfcc-feats.cc:182) Processed features for key sp0.9-SWH-05-20101107_16k-emission_swahili_05h30_-_06h00_tu_20101107_part174
sox WARN wav: Length in output .wav header will be wrong since can't seek to fix it
VLOG[1] (compute-mfcc-feats[5.5.883~1-3eea3]:Read():wave-reader.cc:249) Read in RIFF chunk size: 2147479588, data chunk size: 2147479552. Assume 'stream mode' (reading data to EOF).
VLOG[2] (compute-mfcc-feats[5.5.883~1-3eea3]:main():compute-mfcc-feats.cc:182) Processed features for key sp0.9-SWH-05-20101107_16k-emission_swahili_05h30_-_06h00_tu_20101107_part175
sox WARN wav: Length in output .wav header will be wrong since can't seek to fix it
VLOG[1] (compute-mfcc-feats[5.5.883~1-3eea3]:Read():wave-reader.cc:249) Read in RIFF chunk size: 2147479588, data chunk size: 2147479552. Assume 'stream mode' (reading data to EOF).
LOG (compute-mfcc-feats[5.5.883~1-3eea3]:main():compute-mfcc-feats.cc:181) Processed 60 utterances
VLOG[2] (compute-mfcc-feats[5.5.883~1-3eea3]:main():compute-mfcc-feats.cc:182) Processed features for key sp0.9-SWH-05-20101107_16k-emission_swahili_05h30_-_06h00_tu_20101107_part176
sox WARN wav: Length in output .wav header will be wrong since can't seek to fix it
VLOG[1] (compute-mfcc-feats[5.5.883~1-3eea3]:Read():wave-reader.cc:249) Read in RIFF chunk size: 2147479588, data chunk size: 2147479552. Assume 'stream mode' (reading data to EOF).
VLOG[2] (compute-mfcc-feats[5.5.883~1-3eea3]:main():compute-mfcc-feats.cc:182) Processed features for key sp0.9-SWH-05-20101107_16k-emission_swahili_05h30_-_06h00_tu_20101107_part177
sox WARN wav: Length in output .wav header will be wrong since can't seek to fix it
VLOG[1] (compute-mfcc-feats[5.5.883~1-3eea3]:Read():wave-reader.cc:249) Read in RIFF chunk size: 2147479588, data chunk size: 2147479552. Assume 'stream mode' (reading data to EOF).
VLOG[2] (compute-mfcc-feats[5.5.883~1-3eea3]:main():compute-mfcc-feats.cc:182) Processed features for key sp0.9-SWH-05-20101107_16k-emission_swahili_05h30_-_06h00_tu_20101107_part178
sox WARN wav: Length in output .wav header will be wrong since can't seek to fix it
VLOG[1] (compute-mfcc-feats[5.5.883~1-3eea3]:Read():wave-reader.cc:249) Read in RIFF chunk size: 2147479588, data chunk size: 2147479552. Assume 'stream mode' (reading data to EOF).
VLOG[2] (compute-mfcc-feats[5.5.883~1-3eea3]:main():compute-mfcc-feats.cc:182) Processed features for key sp0.9-SWH-05-20101107_16k-emission_swahili_05h30_-_06h00_tu_20101107_part179
sox WARN wav: Length in output .wav header will be wrong since can't seek to fix it
VLOG[1] (compute-mfcc-feats[5.5.883~1-3eea3]:Read():wave-reader.cc:249) Read in RIFF chunk size: 2147479588, data chunk size: 2147479552. Assume 'stream mode' (reading data to EOF).
VLOG[2] (compute-mfcc-feats[5.5.883~1-3eea3]:main():compute-mfcc-feats.cc:182) Processed features for key sp0.9-SWH-05-20101107_16k-emission_swahili_05h30_-_06h00_tu_20101107_part18
sox WARN wav: Length in output .wav header will be wrong since can't seek to fix it
VLOG[1] (compute-mfcc-feats[5.5.883~1-3eea3]:Read():wave-reader.cc:249) Read in RIFF chunk size: 2147479588, data chunk size: 2147479552. Assume 'stream mode' (reading data to EOF).
VLOG[2] (compute-mfcc-feats[5.5.883~1-3eea3]:main():compute-mfcc-feats.cc:182) Processed features for key sp0.9-SWH-05-20101107_16k-emission_swahili_05h30_-_06h00_tu_20101107_part180
sox WARN wav: Length in output .wav header will be wrong since can't seek to fix it
VLOG[1] (compute-mfcc-feats[5.5.883~1-3eea3]:Read():wave-reader.cc:249) Read in RIFF chunk size: 2147479588, data chunk size: 2147479552. Assume 'stream mode' (reading data to EOF).
VLOG[2] (compute-mfcc-feats[5.5.883~1-3eea3]:main():compute-mfcc-feats.cc:182) Processed features for key sp0.9-SWH-05-20101107_16k-emission_swahili_05h30_-_06h00_tu_20101107_part181
sox WARN wav: Length in output .wav header will be wrong since can't seek to fix it
VLOG[1] (compute-mfcc-feats[5.5.883~1-3eea3]:Read():wave-reader.cc:249) Read in RIFF chunk size: 2147479588, data chunk size: 2147479552. Assume 'stream mode' (reading data to EOF).
VLOG[2] (compute-mfcc-feats[5.5.883~1-3eea3]:main():compute-mfcc-feats.cc:182) Processed features for key sp0.9-SWH-05-20101107_16k-emission_swahili_05h30_-_06h00_tu_20101107_part182
sox WARN wav: Length in output .wav header will be wrong since can't seek to fix it
VLOG[1] (compute-mfcc-feats[5.5.883~1-3eea3]:Read():wave-reader.cc:249) Read in RIFF chunk size: 2147479588, data chunk size: 2147479552. Assume 'stream mode' (reading data to EOF).
VLOG[2] (compute-mfcc-feats[5.5.883~1-3eea3]:main():compute-mfcc-feats.cc:182) Processed features for key sp0.9-SWH-05-20101107_16k-emission_swahili_05h30_-_06h00_tu_20101107_part183
sox WARN wav: Length in output .wav header will be wrong since can't seek to fix it
VLOG[1] (compute-mfcc-feats[5.5.883~1-3eea3]:Read():wave-reader.cc:249) Read in RIFF chunk size: 2147479588, data chunk size: 2147479552. Assume 'stream mode' (reading data to EOF).
VLOG[2] (compute-mfcc-feats[5.5.883~1-3eea3]:main():compute-mfcc-feats.cc:182) Processed features for key sp0.9-SWH-05-20101107_16k-emission_swahili_05h30_-_06h00_tu_20101107_part184
sox WARN wav: Length in output .wav header will be wrong since can't seek to fix it
VLOG[1] (compute-mfcc-feats[5.5.883~1-3eea3]:Read():wave-reader.cc:249) Read in RIFF chunk size: 2147479588, data chunk size: 2147479552. Assume 'stream mode' (reading data to EOF).
LOG (compute-mfcc-feats[5.5.883~1-3eea3]:main():compute-mfcc-feats.cc:181) Processed 70 utterances
VLOG[2] (compute-mfcc-feats[5.5.883~1-3eea3]:main():compute-mfcc-feats.cc:182) Processed features for key sp0.9-SWH-05-20101107_16k-emission_swahili_05h30_-_06h00_tu_20101107_part185
sox WARN wav: Length in output .wav header will be wrong since can't seek to fix it
VLOG[1] (compute-mfcc-feats[5.5.883~1-3eea3]:Read():wave-reader.cc:249) Read in RIFF chunk size: 2147479588, data chunk size: 2147479552. Assume 'stream mode' (reading data to EOF).
VLOG[2] (compute-mfcc-feats[5.5.883~1-3eea3]:main():compute-mfcc-feats.cc:182) Processed features for key sp0.9-SWH-05-20101107_16k-emission_swahili_05h30_-_06h00_tu_20101107_part186
sox WARN wav: Length in output .wav header will be wrong since can't seek to fix it
VLOG[1] (compute-mfcc-feats[5.5.883~1-3eea3]:Read():wave-reader.cc:249) Read in RIFF chunk size: 2147479588, data chunk size: 2147479552. Assume 'stream mode' (reading data to EOF).
VLOG[2] (compute-mfcc-feats[5.5.883~1-3eea3]:main():compute-mfcc-feats.cc:182) Processed features for key sp0.9-SWH-05-20101107_16k-emission_swahili_05h30_-_06h00_tu_20101107_part187
sox WARN wav: Length in output .wav header will be wrong since can't seek to fix it
VLOG[1] (compute-mfcc-feats[5.5.883~1-3eea3]:Read():wave-reader.cc:249) Read in RIFF chunk size: 2147479588, data chunk size: 2147479552. Assume 'stream mode' (reading data to EOF).
VLOG[2] (compute-mfcc-feats[5.5.883~1-3eea3]:main():compute-mfcc-feats.cc:182) Processed features for key sp0.9-SWH-05-20101107_16k-emission_swahili_05h30_-_06h00_tu_20101107_part188
sox WARN wav: Length in output .wav header will be wrong since can't seek to fix it
VLOG[1] (compute-mfcc-feats[5.5.883~1-3eea3]:Read():wave-reader.cc:249) Read in RIFF chunk size: 2147479588, data chunk size: 2147479552. Assume 'stream mode' (reading data to EOF).
VLOG[2] (compute-mfcc-feats[5.5.883~1-3eea3]:main():compute-mfcc-feats.cc:182) Processed features for key sp0.9-SWH-05-20101107_16k-emission_swahili_05h30_-_06h00_tu_20101107_part189
sox WARN wav: Length in output .wav header will be wrong since can't seek to fix it
VLOG[1] (compute-mfcc-feats[5.5.883~1-3eea3]:Read():wave-reader.cc:249) Read in RIFF chunk size: 2147479588, data chunk size: 2147479552. Assume 'stream mode' (reading data to EOF).
VLOG[2] (compute-mfcc-feats[5.5.883~1-3eea3]:main():compute-mfcc-feats.cc:182) Processed features for key sp0.9-SWH-05-20101107_16k-emission_swahili_05h30_-_06h00_tu_20101107_part19
sox WARN wav: Length in output .wav header will be wrong since can't seek to fix it
VLOG[1] (compute-mfcc-feats[5.5.883~1-3eea3]:Read():wave-reader.cc:249) Read in RIFF chunk size: 2147479588, data chunk size: 2147479552. Assume 'stream mode' (reading data to EOF).
VLOG[2] (compute-mfcc-feats[5.5.883~1-3eea3]:main():compute-mfcc-feats.cc:182) Processed features for key sp0.9-SWH-05-20101107_16k-emission_swahili_05h30_-_06h00_tu_20101107_part190
sox WARN wav: Length in output .wav header will be wrong since can't seek to fix it
VLOG[1] (compute-mfcc-feats[5.5.883~1-3eea3]:Read():wave-reader.cc:249) Read in RIFF chunk size: 2147479588, data chunk size: 2147479552. Assume 'stream mode' (reading data to EOF).
VLOG[2] (compute-mfcc-feats[5.5.883~1-3eea3]:main():compute-mfcc-feats.cc:182) Processed features for key sp0.9-SWH-05-20101107_16k-emission_swahili_05h30_-_06h00_tu_20101107_part191
sox WARN wav: Length in output .wav header will be wrong since can't seek to fix it
VLOG[1] (compute-mfcc-feats[5.5.883~1-3eea3]:Read():wave-reader.cc:249) Read in RIFF chunk size: 2147479588, data chunk size: 2147479552. Assume 'stream mode' (reading data to EOF).
VLOG[2] (compute-mfcc-feats[5.5.883~1-3eea3]:main():compute-mfcc-feats.cc:182) Processed features for key sp0.9-SWH-05-20101107_16k-emission_swahili_05h30_-_06h00_tu_20101107_part192
sox WARN wav: Length in output .wav header will be wrong since can't seek to fix it
VLOG[1] (compute-mfcc-feats[5.5.883~1-3eea3]:Read():wave-reader.cc:249) Read in RIFF chunk size: 2147479588, data chunk size: 2147479552. Assume 'stream mode' (reading data to EOF).
VLOG[2] (compute-mfcc-feats[5.5.883~1-3eea3]:main():compute-mfcc-feats.cc:182) Processed features for key sp0.9-SWH-05-20101107_16k-emission_swahili_05h30_-_06h00_tu_20101107_part193
sox WARN wav: Length in output .wav header will be wrong since can't seek to fix it
VLOG[1] (compute-mfcc-feats[5.5.883~1-3eea3]:Read():wave-reader.cc:249) Read in RIFF chunk size: 2147479588, data chunk size: 2147479552. Assume 'stream mode' (reading data to EOF).
LOG (compute-mfcc-feats[5.5.883~1-3eea3]:main():compute-mfcc-feats.cc:181) Processed 80 utterances
VLOG[2] (compute-mfcc-feats[5.5.883~1-3eea3]:main():compute-mfcc-feats.cc:182) Processed features for key sp0.9-SWH-05-20101107_16k-emission_swahili_05h30_-_06h00_tu_20101107_part194
sox WARN wav: Length in output .wav header will be wrong since can't seek to fix it
VLOG[1] (compute-mfcc-feats[5.5.883~1-3eea3]:Read():wave-reader.cc:249) Read in RIFF chunk size: 2147479588, data chunk size: 2147479552. Assume 'stream mode' (reading data to EOF).
VLOG[2] (compute-mfcc-feats[5.5.883~1-3eea3]:main():compute-mfcc-feats.cc:182) Processed features for key sp0.9-SWH-05-20101107_16k-emission_swahili_05h30_-_06h00_tu_20101107_part195
sox WARN wav: Length in output .wav header will be wrong since can't seek to fix it
VLOG[1] (compute-mfcc-feats[5.5.883~1-3eea3]:Read():wave-reader.cc:249) Read in RIFF chunk size: 2147479588, data chunk size: 2147479552. Assume 'stream mode' (reading data to EOF).
VLOG[2] (compute-mfcc-feats[5.5.883~1-3eea3]:main():compute-mfcc-feats.cc:182) Processed features for key sp0.9-SWH-05-20101107_16k-emission_swahili_05h30_-_06h00_tu_20101107_part196
sox WARN wav: Length in output .wav header will be wrong since can't seek to fix it
VLOG[1] (compute-mfcc-feats[5.5.883~1-3eea3]:Read():wave-reader.cc:249) Read in RIFF chunk size: 2147479588, data chunk size: 2147479552. Assume 'stream mode' (reading data to EOF).
VLOG[2] (compute-mfcc-feats[5.5.883~1-3eea3]:main():compute-mfcc-feats.cc:182) Processed features for key sp0.9-SWH-05-20101107_16k-emission_swahili_05h30_-_06h00_tu_20101107_part197
sox WARN wav: Length in output .wav header will be wrong since can't seek to fix it
VLOG[1] (compute-mfcc-feats[5.5.883~1-3eea3]:Read():wave-reader.cc:249) Read in RIFF chunk size: 2147479588, data chunk size: 2147479552. Assume 'stream mode' (reading data to EOF).
VLOG[2] (compute-mfcc-feats[5.5.883~1-3eea3]:main():compute-mfcc-feats.cc:182) Processed features for key sp0.9-SWH-05-20101107_16k-emission_swahili_05h30_-_06h00_tu_20101107_part198
sox WARN wav: Length in output .wav header will be wrong since can't seek to fix it
VLOG[1] (compute-mfcc-feats[5.5.883~1-3eea3]:Read():wave-reader.cc:249) Read in RIFF chunk size: 2147479588, data chunk size: 2147479552. Assume 'stream mode' (reading data to EOF).
VLOG[2] (compute-mfcc-feats[5.5.883~1-3eea3]:main():compute-mfcc-feats.cc:182) Processed features for key sp0.9-SWH-05-20101107_16k-emission_swahili_05h30_-_06h00_tu_20101107_part199
sox WARN wav: Length in output .wav header will be wrong since can't seek to fix it
VLOG[1] (compute-mfcc-feats[5.5.883~1-3eea3]:Read():wave-reader.cc:249) Read in RIFF chunk size: 2147479588, data chunk size: 2147479552. Assume 'stream mode' (reading data to EOF).
VLOG[2] (compute-mfcc-feats[5.5.883~1-3eea3]:main():compute-mfcc-feats.cc:182) Processed features for key sp0.9-SWH-05-20101107_16k-emission_swahili_05h30_-_06h00_tu_20101107_part2
sox WARN wav: Length in output .wav header will be wrong since can't seek to fix it
VLOG[1] (compute-mfcc-feats[5.5.883~1-3eea3]:Read():wave-reader.cc:249) Read in RIFF chunk size: 2147479588, data chunk size: 2147479552. Assume 'stream mode' (reading data to EOF).
VLOG[2] (compute-mfcc-feats[5.5.883~1-3eea3]:main():compute-mfcc-feats.cc:182) Processed features for key sp0.9-SWH-05-20101107_16k-emission_swahili_05h30_-_06h00_tu_20101107_part20
sox WARN wav: Length in output .wav header will be wrong since can't seek to fix it
VLOG[1] (compute-mfcc-feats[5.5.883~1-3eea3]:Read():wave-reader.cc:249) Read in RIFF chunk size: 2147479588, data chunk size: 2147479552. Assume 'stream mode' (reading data to EOF).
VLOG[2] (compute-mfcc-feats[5.5.883~1-3eea3]:main():compute-mfcc-feats.cc:182) Processed features for key sp0.9-SWH-05-20101107_16k-emission_swahili_05h30_-_06h00_tu_20101107_part200
sox WARN wav: Length in output .wav header will be wrong since can't seek to fix it
VLOG[1] (compute-mfcc-feats[5.5.883~1-3eea3]:Read():wave-reader.cc:249) Read in RIFF chunk size: 2147479588, data chunk size: 2147479552. Assume 'stream mode' (reading data to EOF).
VLOG[2] (compute-mfcc-feats[5.5.883~1-3eea3]:main():compute-mfcc-feats.cc:182) Processed features for key sp0.9-SWH-05-20101107_16k-emission_swahili_05h30_-_06h00_tu_20101107_part201
sox WARN wav: Length in output .wav header will be wrong since can't seek to fix it
VLOG[1] (compute-mfcc-feats[5.5.883~1-3eea3]:Read():wave-reader.cc:249) Read in RIFF chunk size: 2147479588, data chunk size: 2147479552. Assume 'stream mode' (reading data to EOF).
LOG (compute-mfcc-feats[5.5.883~1-3eea3]:main():compute-mfcc-feats.cc:181) Processed 90 utterances
VLOG[2] (compute-mfcc-feats[5.5.883~1-3eea3]:main():compute-mfcc-feats.cc:182) Processed features for key sp0.9-SWH-05-20101107_16k-emission_swahili_05h30_-_06h00_tu_20101107_part202
sox WARN wav: Length in output .wav header will be wrong since can't seek to fix it
VLOG[1] (compute-mfcc-feats[5.5.883~1-3eea3]:Read():wave-reader.cc:249) Read in RIFF chunk size: 2147479588, data chunk size: 2147479552. Assume 'stream mode' (reading data to EOF).
VLOG[2] (compute-mfcc-feats[5.5.883~1-3eea3]:main():compute-mfcc-feats.cc:182) Processed features for key sp0.9-SWH-05-20101107_16k-emission_swahili_05h30_-_06h00_tu_20101107_part203
sox WARN wav: Length in output .wav header will be wrong since can't seek to fix it
VLOG[1] (compute-mfcc-feats[5.5.883~1-3eea3]:Read():wave-reader.cc:249) Read in RIFF chunk size: 2147479588, data chunk size: 2147479552. Assume 'stream mode' (reading data to EOF).
VLOG[2] (compute-mfcc-feats[5.5.883~1-3eea3]:main():compute-mfcc-feats.cc:182) Processed features for key sp0.9-SWH-05-20101107_16k-emission_swahili_05h30_-_06h00_tu_20101107_part204
sox WARN wav: Length in output .wav header will be wrong since can't seek to fix it
VLOG[1] (compute-mfcc-feats[5.5.883~1-3eea3]:Read():wave-reader.cc:249) Read in RIFF chunk size: 2147479588, data chunk size: 2147479552. Assume 'stream mode' (reading data to EOF).
VLOG[2] (compute-mfcc-feats[5.5.883~1-3eea3]:main():compute-mfcc-feats.cc:182) Processed features for key sp0.9-SWH-05-20101107_16k-emission_swahili_05h30_-_06h00_tu_20101107_part205
sox WARN wav: Length in output .wav header will be wrong since can't seek to fix it
VLOG[1] (compute-mfcc-feats[5.5.883~1-3eea3]:Read():wave-reader.cc:249) Read in RIFF chunk size: 2147479588, data chunk size: 2147479552. Assume 'stream mode' (reading data to EOF).
VLOG[2] (compute-mfcc-feats[5.5.883~1-3eea3]:main():compute-mfcc-feats.cc:182) Processed features for key sp0.9-SWH-05-20101107_16k-emission_swahili_05h30_-_06h00_tu_20101107_part206
sox WARN wav: Length in output .wav header will be wrong since can't seek to fix it
VLOG[1] (compute-mfcc-feats[5.5.883~1-3eea3]:Read():wave-reader.cc:249) Read in RIFF chunk size: 2147479588, data chunk size: 2147479552. Assume 'stream mode' (reading data to EOF).
VLOG[2] (compute-mfcc-feats[5.5.883~1-3eea3]:main():compute-mfcc-feats.cc:182) Processed features for key sp0.9-SWH-05-20101107_16k-emission_swahili_05h30_-_06h00_tu_20101107_part207
sox WARN wav: Length in output .wav header will be wrong since can't seek to fix it
VLOG[1] (compute-mfcc-feats[5.5.883~1-3eea3]:Read():wave-reader.cc:249) Read in RIFF chunk size: 2147479588, data chunk size: 2147479552. Assume 'stream mode' (reading data to EOF).
VLOG[2] (compute-mfcc-feats[5.5.883~1-3eea3]:main():compute-mfcc-feats.cc:182) Processed features for key sp0.9-SWH-05-20101107_16k-emission_swahili_05h30_-_06h00_tu_20101107_part208
sox WARN wav: Length in output .wav header will be wrong since can't seek to fix it
VLOG[1] (compute-mfcc-feats[5.5.883~1-3eea3]:Read():wave-reader.cc:249) Read in RIFF chunk size: 2147479588, data chunk size: 2147479552. Assume 'stream mode' (reading data to EOF).
VLOG[2] (compute-mfcc-feats[5.5.883~1-3eea3]:main():compute-mfcc-feats.cc:182) Processed features for key sp0.9-SWH-05-20101107_16k-emission_swahili_05h30_-_06h00_tu_20101107_part209
sox WARN wav: Length in output .wav header will be wrong since can't seek to fix it
VLOG[1] (compute-mfcc-feats[5.5.883~1-3eea3]:Read():wave-reader.cc:249) Read in RIFF chunk size: 2147479588, data chunk size: 2147479552. Assume 'stream mode' (reading data to EOF).
VLOG[2] (compute-mfcc-feats[5.5.883~1-3eea3]:main():compute-mfcc-feats.cc:182) Processed features for key sp0.9-SWH-05-20101107_16k-emission_swahili_05h30_-_06h00_tu_20101107_part21
sox WARN wav: Length in output .wav header will be wrong since can't seek to fix it
VLOG[1] (compute-mfcc-feats[5.5.883~1-3eea3]:Read():wave-reader.cc:249) Read in RIFF chunk size: 2147479588, data chunk size: 2147479552. Assume 'stream mode' (reading data to EOF).
VLOG[2] (compute-mfcc-feats[5.5.883~1-3eea3]:main():compute-mfcc-feats.cc:182) Processed features for key sp0.9-SWH-05-20101107_16k-emission_swahili_05h30_-_06h00_tu_20101107_part210
sox WARN wav: Length in output .wav header will be wrong since can't seek to fix it
VLOG[1] (compute-mfcc-feats[5.5.883~1-3eea3]:Read():wave-reader.cc:249) Read in RIFF chunk size: 2147479588, data chunk size: 2147479552. Assume 'stream mode' (reading data to EOF).
LOG (compute-mfcc-feats[5.5.883~1-3eea3]:main():compute-mfcc-feats.cc:181) Processed 100 utterances
VLOG[2] (compute-mfcc-feats[5.5.883~1-3eea3]:main():compute-mfcc-feats.cc:182) Processed features for key sp0.9-SWH-05-20101107_16k-emission_swahili_05h30_-_06h00_tu_20101107_part211
sox WARN wav: Length in output .wav header will be wrong since can't seek to fix it
VLOG[1] (compute-mfcc-feats[5.5.883~1-3eea3]:Read():wave-reader.cc:249) Read in RIFF chunk size: 2147479588, data chunk size: 2147479552. Assume 'stream mode' (reading data to EOF).
VLOG[2] (compute-mfcc-feats[5.5.883~1-3eea3]:main():compute-mfcc-feats.cc:182) Processed features for key sp0.9-SWH-05-20101107_16k-emission_swahili_05h30_-_06h00_tu_20101107_part212
sox WARN wav: Length in output .wav header will be wrong since can't seek to fix it
VLOG[1] (compute-mfcc-feats[5.5.883~1-3eea3]:Read():wave-reader.cc:249) Read in RIFF chunk size: 2147479588, data chunk size: 2147479552. Assume 'stream mode' (reading data to EOF).
VLOG[2] (compute-mfcc-feats[5.5.883~1-3eea3]:main():compute-mfcc-feats.cc:182) Processed features for key sp0.9-SWH-05-20101107_16k-emission_swahili_05h30_-_06h00_tu_20101107_part213
sox WARN wav: Length in output .wav header will be wrong since can't seek to fix it
VLOG[1] (compute-mfcc-feats[5.5.883~1-3eea3]:Read():wave-reader.cc:249) Read in RIFF chunk size: 2147479588, data chunk size: 2147479552. Assume 'stream mode' (reading data to EOF).
VLOG[2] (compute-mfcc-feats[5.5.883~1-3eea3]:main():compute-mfcc-feats.cc:182) Processed features for key sp0.9-SWH-05-20101107_16k-emission_swahili_05h30_-_06h00_tu_20101107_part214
sox WARN wav: Length in output .wav header will be wrong since can't seek to fix it
VLOG[1] (compute-mfcc-feats[5.5.883~1-3eea3]:Read():wave-reader.cc:249) Read in RIFF chunk size: 2147479588, data chunk size: 2147479552. Assume 'stream mode' (reading data to EOF).
VLOG[2] (compute-mfcc-feats[5.5.883~1-3eea3]:main():compute-mfcc-feats.cc:182) Processed features for key sp0.9-SWH-05-20101107_16k-emission_swahili_05h30_-_06h00_tu_20101107_part215
sox WARN wav: Length in output .wav header will be wrong since can't seek to fix it
VLOG[1] (compute-mfcc-feats[5.5.883~1-3eea3]:Read():wave-reader.cc:249) Read in RIFF chunk size: 2147479588, data chunk size: 2147479552. Assume 'stream mode' (reading data to EOF).
VLOG[2] (compute-mfcc-feats[5.5.883~1-3eea3]:main():compute-mfcc-feats.cc:182) Processed features for key sp0.9-SWH-05-20101107_16k-emission_swahili_05h30_-_06h00_tu_20101107_part216
sox WARN wav: Length in output .wav header will be wrong since can't seek to fix it
VLOG[1] (compute-mfcc-feats[5.5.883~1-3eea3]:Read():wave-reader.cc:249) Read in RIFF chunk size: 2147479588, data chunk size: 2147479552. Assume 'stream mode' (reading data to EOF).
VLOG[2] (compute-mfcc-feats[5.5.883~1-3eea3]:main():compute-mfcc-feats.cc:182) Processed features for key sp0.9-SWH-05-20101107_16k-emission_swahili_05h30_-_06h00_tu_20101107_part217
sox WARN wav: Length in output .wav header will be wrong since can't seek to fix it
VLOG[1] (compute-mfcc-feats[5.5.883~1-3eea3]:Read():wave-reader.cc:249) Read in RIFF chunk size: 2147479588, data chunk size: 2147479552. Assume 'stream mode' (reading data to EOF).
VLOG[2] (compute-mfcc-feats[5.5.883~1-3eea3]:main():compute-mfcc-feats.cc:182) Processed features for key sp0.9-SWH-05-20101107_16k-emission_swahili_05h30_-_06h00_tu_20101107_part22
sox WARN wav: Length in output .wav header will be wrong since can't seek to fix it
VLOG[1] (compute-mfcc-feats[5.5.883~1-3eea3]:Read():wave-reader.cc:249) Read in RIFF chunk size: 2147479588, data chunk size: 2147479552. Assume 'stream mode' (reading data to EOF).
VLOG[2] (compute-mfcc-feats[5.5.883~1-3eea3]:main():compute-mfcc-feats.cc:182) Processed features for key sp0.9-SWH-05-20101107_16k-emission_swahili_05h30_-_06h00_tu_20101107_part23
sox WARN wav: Length in output .wav header will be wrong since can't seek to fix it
VLOG[1] (compute-mfcc-feats[5.5.883~1-3eea3]:Read():wave-reader.cc:249) Read in RIFF chunk size: 2147479588, data chunk size: 2147479552. Assume 'stream mode' (reading data to EOF).
VLOG[2] (compute-mfcc-feats[5.5.883~1-3eea3]:main():compute-mfcc-feats.cc:182) Processed features for key sp0.9-SWH-05-20101107_16k-emission_swahili_05h30_-_06h00_tu_20101107_part24
sox WARN wav: Length in output .wav header will be wrong since can't seek to fix it
VLOG[1] (compute-mfcc-feats[5.5.883~1-3eea3]:Read():wave-reader.cc:249) Read in RIFF chunk size: 2147479588, data chunk size: 2147479552. Assume 'stream mode' (reading data to EOF).
LOG (compute-mfcc-feats[5.5.883~1-3eea3]:main():compute-mfcc-feats.cc:181) Processed 110 utterances
VLOG[2] (compute-mfcc-feats[5.5.883~1-3eea3]:main():compute-mfcc-feats.cc:182) Processed features for key sp0.9-SWH-05-20101107_16k-emission_swahili_05h30_-_06h00_tu_20101107_part25
sox WARN wav: Length in output .wav header will be wrong since can't seek to fix it
VLOG[1] (compute-mfcc-feats[5.5.883~1-3eea3]:Read():wave-reader.cc:249) Read in RIFF chunk size: 2147479588, data chunk size: 2147479552. Assume 'stream mode' (reading data to EOF).
VLOG[2] (compute-mfcc-feats[5.5.883~1-3eea3]:main():compute-mfcc-feats.cc:182) Processed features for key sp0.9-SWH-05-20101107_16k-emission_swahili_05h30_-_06h00_tu_20101107_part26
sox WARN wav: Length in output .wav header will be wrong since can't seek to fix it
VLOG[1] (compute-mfcc-feats[5.5.883~1-3eea3]:Read():wave-reader.cc:249) Read in RIFF chunk size: 2147479588, data chunk size: 2147479552. Assume 'stream mode' (reading data to EOF).
VLOG[2] (compute-mfcc-feats[5.5.883~1-3eea3]:main():compute-mfcc-feats.cc:182) Processed features for key sp0.9-SWH-05-20101107_16k-emission_swahili_05h30_-_06h00_tu_20101107_part27
sox WARN wav: Length in output .wav header will be wrong since can't seek to fix it
VLOG[1] (compute-mfcc-feats[5.5.883~1-3eea3]:Read():wave-reader.cc:249) Read in RIFF chunk size: 2147479588, data chunk size: 2147479552. Assume 'stream mode' (reading data to EOF).
VLOG[2] (compute-mfcc-feats[5.5.883~1-3eea3]:main():compute-mfcc-feats.cc:182) Processed features for key sp0.9-SWH-05-20101107_16k-emission_swahili_05h30_-_06h00_tu_20101107_part28
sox WARN wav: Length in output .wav header will be wrong since can't seek to fix it
VLOG[1] (compute-mfcc-feats[5.5.883~1-3eea3]:Read():wave-reader.cc:249) Read in RIFF chunk size: 2147479588, data chunk size: 2147479552. Assume 'stream mode' (reading data to EOF).
VLOG[2] (compute-mfcc-feats[5.5.883~1-3eea3]:main():compute-mfcc-feats.cc:182) Processed features for key sp0.9-SWH-05-20101107_16k-emission_swahili_05h30_-_06h00_tu_20101107_part29
sox WARN wav: Length in output .wav header will be wrong since can't seek to fix it
VLOG[1] (compute-mfcc-feats[5.5.883~1-3eea3]:Read():wave-reader.cc:249) Read in RIFF chunk size: 2147479588, data chunk size: 2147479552. Assume 'stream mode' (reading data to EOF).
VLOG[2] (compute-mfcc-feats[5.5.883~1-3eea3]:main():compute-mfcc-feats.cc:182) Processed features for key sp0.9-SWH-05-20101107_16k-emission_swahili_05h30_-_06h00_tu_20101107_part3
sox WARN wav: Length in output .wav header will be wrong since can't seek to fix it
VLOG[1] (compute-mfcc-feats[5.5.883~1-3eea3]:Read():wave-reader.cc:249) Read in RIFF chunk size: 2147479588, data chunk size: 2147479552. Assume 'stream mode' (reading data to EOF).
VLOG[2] (compute-mfcc-feats[5.5.883~1-3eea3]:main():compute-mfcc-feats.cc:182) Processed features for key sp0.9-SWH-05-20101107_16k-emission_swahili_05h30_-_06h00_tu_20101107_part30
sox WARN wav: Length in output .wav header will be wrong since can't seek to fix it
VLOG[1] (compute-mfcc-feats[5.5.883~1-3eea3]:Read():wave-reader.cc:249) Read in RIFF chunk size: 2147479588, data chunk size: 2147479552. Assume 'stream mode' (reading data to EOF).
VLOG[2] (compute-mfcc-feats[5.5.883~1-3eea3]:main():compute-mfcc-feats.cc:182) Processed features for key sp0.9-SWH-05-20101107_16k-emission_swahili_05h30_-_06h00_tu_20101107_part31
sox WARN wav: Length in output .wav header will be wrong since can't seek to fix it
VLOG[1] (compute-mfcc-feats[5.5.883~1-3eea3]:Read():wave-reader.cc:249) Read in RIFF chunk size: 2147479588, data chunk size: 2147479552. Assume 'stream mode' (reading data to EOF).
VLOG[2] (compute-mfcc-feats[5.5.883~1-3eea3]:main():compute-mfcc-feats.cc:182) Processed features for key sp0.9-SWH-05-20101107_16k-emission_swahili_05h30_-_06h00_tu_20101107_part32
sox WARN wav: Length in output .wav header will be wrong since can't seek to fix it
VLOG[1] (compute-mfcc-feats[5.5.883~1-3eea3]:Read():wave-reader.cc:249) Read in RIFF chunk size: 2147479588, data chunk size: 2147479552. Assume 'stream mode' (reading data to EOF).
VLOG[2] (compute-mfcc-feats[5.5.883~1-3eea3]:main():compute-mfcc-feats.cc:182) Processed features for key sp0.9-SWH-05-20101107_16k-emission_swahili_05h30_-_06h00_tu_20101107_part33
sox WARN wav: Length in output .wav header will be wrong since can't seek to fix it
VLOG[1] (compute-mfcc-feats[5.5.883~1-3eea3]:Read():wave-reader.cc:249) Read in RIFF chunk size: 2147479588, data chunk size: 2147479552. Assume 'stream mode' (reading data to EOF).
LOG (compute-mfcc-feats[5.5.883~1-3eea3]:main():compute-mfcc-feats.cc:181) Processed 120 utterances
VLOG[2] (compute-mfcc-feats[5.5.883~1-3eea3]:main():compute-mfcc-feats.cc:182) Processed features for key sp0.9-SWH-05-20101107_16k-emission_swahili_05h30_-_06h00_tu_20101107_part34
sox WARN wav: Length in output .wav header will be wrong since can't seek to fix it
VLOG[1] (compute-mfcc-feats[5.5.883~1-3eea3]:Read():wave-reader.cc:249) Read in RIFF chunk size: 2147479588, data chunk size: 2147479552. Assume 'stream mode' (reading data to EOF).
VLOG[2] (compute-mfcc-feats[5.5.883~1-3eea3]:main():compute-mfcc-feats.cc:182) Processed features for key sp0.9-SWH-05-20101107_16k-emission_swahili_05h30_-_06h00_tu_20101107_part35
sox WARN wav: Length in output .wav header will be wrong since can't seek to fix it
VLOG[1] (compute-mfcc-feats[5.5.883~1-3eea3]:Read():wave-reader.cc:249) Read in RIFF chunk size: 2147479588, data chunk size: 2147479552. Assume 'stream mode' (reading data to EOF).
VLOG[2] (compute-mfcc-feats[5.5.883~1-3eea3]:main():compute-mfcc-feats.cc:182) Processed features for key sp0.9-SWH-05-20101107_16k-emission_swahili_05h30_-_06h00_tu_20101107_part36
sox WARN wav: Length in output .wav header will be wrong since can't seek to fix it
VLOG[1] (compute-mfcc-feats[5.5.883~1-3eea3]:Read():wave-reader.cc:249) Read in RIFF chunk size: 2147479588, data chunk size: 2147479552. Assume 'stream mode' (reading data to EOF).
VLOG[2] (compute-mfcc-feats[5.5.883~1-3eea3]:main():compute-mfcc-feats.cc:182) Processed features for key sp0.9-SWH-05-20101107_16k-emission_swahili_05h30_-_06h00_tu_20101107_part37
sox WARN wav: Length in output .wav header will be wrong since can't seek to fix it
VLOG[1] (compute-mfcc-feats[5.5.883~1-3eea3]:Read():wave-reader.cc:249) Read in RIFF chunk size: 2147479588, data chunk size: 2147479552. Assume 'stream mode' (reading data to EOF).
VLOG[2] (compute-mfcc-feats[5.5.883~1-3eea3]:main():compute-mfcc-feats.cc:182) Processed features for key sp0.9-SWH-05-20101107_16k-emission_swahili_05h30_-_06h00_tu_20101107_part38
sox WARN wav: Length in output .wav header will be wrong since can't seek to fix it
VLOG[1] (compute-mfcc-feats[5.5.883~1-3eea3]:Read():wave-reader.cc:249) Read in RIFF chunk size: 2147479588, data chunk size: 2147479552. Assume 'stream mode' (reading data to EOF).
VLOG[2] (compute-mfcc-feats[5.5.883~1-3eea3]:main():compute-mfcc-feats.cc:182) Processed features for key sp0.9-SWH-05-20101107_16k-emission_swahili_05h30_-_06h00_tu_20101107_part39
sox WARN wav: Length in output .wav header will be wrong since can't seek to fix it
VLOG[1] (compute-mfcc-feats[5.5.883~1-3eea3]:Read():wave-reader.cc:249) Read in RIFF chunk size: 2147479588, data chunk size: 2147479552. Assume 'stream mode' (reading data to EOF).
VLOG[2] (compute-mfcc-feats[5.5.883~1-3eea3]:main():compute-mfcc-feats.cc:182) Processed features for key sp0.9-SWH-05-20101107_16k-emission_swahili_05h30_-_06h00_tu_20101107_part4
sox WARN wav: Length in output .wav header will be wrong since can't seek to fix it
VLOG[1] (compute-mfcc-feats[5.5.883~1-3eea3]:Read():wave-reader.cc:249) Read in RIFF chunk size: 2147479588, data chunk size: 2147479552. Assume 'stream mode' (reading data to EOF).
VLOG[2] (compute-mfcc-feats[5.5.883~1-3eea3]:main():compute-mfcc-feats.cc:182) Processed features for key sp0.9-SWH-05-20101107_16k-emission_swahili_05h30_-_06h00_tu_20101107_part40
sox WARN wav: Length in output .wav header will be wrong since can't seek to fix it
VLOG[1] (compute-mfcc-feats[5.5.883~1-3eea3]:Read():wave-reader.cc:249) Read in RIFF chunk size: 2147479588, data chunk size: 2147479552. Assume 'stream mode' (reading data to EOF).
VLOG[2] (compute-mfcc-feats[5.5.883~1-3eea3]:main():compute-mfcc-feats.cc:182) Processed features for key sp0.9-SWH-05-20101107_16k-emission_swahili_05h30_-_06h00_tu_20101107_part41
sox WARN wav: Length in output .wav header will be wrong since can't seek to fix it
VLOG[1] (compute-mfcc-feats[5.5.883~1-3eea3]:Read():wave-reader.cc:249) Read in RIFF chunk size: 2147479588, data chunk size: 2147479552. Assume 'stream mode' (reading data to EOF).
VLOG[2] (compute-mfcc-feats[5.5.883~1-3eea3]:main():compute-mfcc-feats.cc:182) Processed features for key sp0.9-SWH-05-20101107_16k-emission_swahili_05h30_-_06h00_tu_20101107_part42
sox WARN wav: Length in output .wav header will be wrong since can't seek to fix it
VLOG[1] (compute-mfcc-feats[5.5.883~1-3eea3]:Read():wave-reader.cc:249) Read in RIFF chunk size: 2147479588, data chunk size: 2147479552. Assume 'stream mode' (reading data to EOF).
LOG (compute-mfcc-feats[5.5.883~1-3eea3]:main():compute-mfcc-feats.cc:181) Processed 130 utterances
VLOG[2] (compute-mfcc-feats[5.5.883~1-3eea3]:main():compute-mfcc-feats.cc:182) Processed features for key sp0.9-SWH-05-20101107_16k-emission_swahili_05h30_-_06h00_tu_20101107_part43
sox WARN wav: Length in output .wav header will be wrong since can't seek to fix it
VLOG[1] (compute-mfcc-feats[5.5.883~1-3eea3]:Read():wave-reader.cc:249) Read in RIFF chunk size: 2147479588, data chunk size: 2147479552. Assume 'stream mode' (reading data to EOF).
VLOG[2] (compute-mfcc-feats[5.5.883~1-3eea3]:main():compute-mfcc-feats.cc:182) Processed features for key sp0.9-SWH-05-20101107_16k-emission_swahili_05h30_-_06h00_tu_20101107_part44
sox WARN wav: Length in output .wav header will be wrong since can't seek to fix it
VLOG[1] (compute-mfcc-feats[5.5.883~1-3eea3]:Read():wave-reader.cc:249) Read in RIFF chunk size: 2147479588, data chunk size: 2147479552. Assume 'stream mode' (reading data to EOF).
VLOG[2] (compute-mfcc-feats[5.5.883~1-3eea3]:main():compute-mfcc-feats.cc:182) Processed features for key sp0.9-SWH-05-20101107_16k-emission_swahili_05h30_-_06h00_tu_20101107_part45
sox WARN wav: Length in output .wav header will be wrong since can't seek to fix it
VLOG[1] (compute-mfcc-feats[5.5.883~1-3eea3]:Read():wave-reader.cc:249) Read in RIFF chunk size: 2147479588, data chunk size: 2147479552. Assume 'stream mode' (reading data to EOF).
VLOG[2] (compute-mfcc-feats[5.5.883~1-3eea3]:main():compute-mfcc-feats.cc:182) Processed features for key sp0.9-SWH-05-20101107_16k-emission_swahili_05h30_-_06h00_tu_20101107_part46
sox WARN wav: Length in output .wav header will be wrong since can't seek to fix it
VLOG[1] (compute-mfcc-feats[5.5.883~1-3eea3]:Read():wave-reader.cc:249) Read in RIFF chunk size: 2147479588, data chunk size: 2147479552. Assume 'stream mode' (reading data to EOF).
VLOG[2] (compute-mfcc-feats[5.5.883~1-3eea3]:main():compute-mfcc-feats.cc:182) Processed features for key sp0.9-SWH-05-20101107_16k-emission_swahili_05h30_-_06h00_tu_20101107_part47
sox WARN wav: Length in output .wav header will be wrong since can't seek to fix it
VLOG[1] (compute-mfcc-feats[5.5.883~1-3eea3]:Read():wave-reader.cc:249) Read in RIFF chunk size: 2147479588, data chunk size: 2147479552. Assume 'stream mode' (reading data to EOF).
VLOG[2] (compute-mfcc-feats[5.5.883~1-3eea3]:main():compute-mfcc-feats.cc:182) Processed features for key sp0.9-SWH-05-20101107_16k-emission_swahili_05h30_-_06h00_tu_20101107_part48
sox WARN wav: Length in output .wav header will be wrong since can't seek to fix it
VLOG[1] (compute-mfcc-feats[5.5.883~1-3eea3]:Read():wave-reader.cc:249) Read in RIFF chunk size: 2147479588, data chunk size: 2147479552. Assume 'stream mode' (reading data to EOF).
VLOG[2] (compute-mfcc-feats[5.5.883~1-3eea3]:main():compute-mfcc-feats.cc:182) Processed features for key sp0.9-SWH-05-20101107_16k-emission_swahili_05h30_-_06h00_tu_20101107_part49
sox WARN wav: Length in output .wav header will be wrong since can't seek to fix it
VLOG[1] (compute-mfcc-feats[5.5.883~1-3eea3]:Read():wave-reader.cc:249) Read in RIFF chunk size: 2147479588, data chunk size: 2147479552. Assume 'stream mode' (reading data to EOF).
VLOG[2] (compute-mfcc-feats[5.5.883~1-3eea3]:main():compute-mfcc-feats.cc:182) Processed features for key sp0.9-SWH-05-20101107_16k-emission_swahili_05h30_-_06h00_tu_20101107_part5
sox WARN wav: Length in output .wav header will be wrong since can't seek to fix it
VLOG[1] (compute-mfcc-feats[5.5.883~1-3eea3]:Read():wave-reader.cc:249) Read in RIFF chunk size: 2147479588, data chunk size: 2147479552. Assume 'stream mode' (reading data to EOF).
VLOG[2] (compute-mfcc-feats[5.5.883~1-3eea3]:main():compute-mfcc-feats.cc:182) Processed features for key sp0.9-SWH-05-20101107_16k-emission_swahili_05h30_-_06h00_tu_20101107_part50
sox WARN wav: Length in output .wav header will be wrong since can't seek to fix it
VLOG[1] (compute-mfcc-feats[5.5.883~1-3eea3]:Read():wave-reader.cc:249) Read in RIFF chunk size: 2147479588, data chunk size: 2147479552. Assume 'stream mode' (reading data to EOF).
VLOG[2] (compute-mfcc-feats[5.5.883~1-3eea3]:main():compute-mfcc-feats.cc:182) Processed features for key sp0.9-SWH-05-20101107_16k-emission_swahili_05h30_-_06h00_tu_20101107_part51
sox WARN wav: Length in output .wav header will be wrong since can't seek to fix it
VLOG[1] (compute-mfcc-feats[5.5.883~1-3eea3]:Read():wave-reader.cc:249) Read in RIFF chunk size: 2147479588, data chunk size: 2147479552. Assume 'stream mode' (reading data to EOF).
LOG (compute-mfcc-feats[5.5.883~1-3eea3]:main():compute-mfcc-feats.cc:181) Processed 140 utterances
VLOG[2] (compute-mfcc-feats[5.5.883~1-3eea3]:main():compute-mfcc-feats.cc:182) Processed features for key sp0.9-SWH-05-20101107_16k-emission_swahili_05h30_-_06h00_tu_20101107_part52
sox WARN wav: Length in output .wav header will be wrong since can't seek to fix it
VLOG[1] (compute-mfcc-feats[5.5.883~1-3eea3]:Read():wave-reader.cc:249) Read in RIFF chunk size: 2147479588, data chunk size: 2147479552. Assume 'stream mode' (reading data to EOF).
VLOG[2] (compute-mfcc-feats[5.5.883~1-3eea3]:main():compute-mfcc-feats.cc:182) Processed features for key sp0.9-SWH-05-20101107_16k-emission_swahili_05h30_-_06h00_tu_20101107_part53
sox WARN wav: Length in output .wav header will be wrong since can't seek to fix it
VLOG[1] (compute-mfcc-feats[5.5.883~1-3eea3]:Read():wave-reader.cc:249) Read in RIFF chunk size: 2147479588, data chunk size: 2147479552. Assume 'stream mode' (reading data to EOF).
VLOG[2] (compute-mfcc-feats[5.5.883~1-3eea3]:main():compute-mfcc-feats.cc:182) Processed features for key sp0.9-SWH-05-20101107_16k-emission_swahili_05h30_-_06h00_tu_20101107_part54
sox WARN wav: Length in output .wav header will be wrong since can't seek to fix it
VLOG[1] (compute-mfcc-feats[5.5.883~1-3eea3]:Read():wave-reader.cc:249) Read in RIFF chunk size: 2147479588, data chunk size: 2147479552. Assume 'stream mode' (reading data to EOF).
VLOG[2] (compute-mfcc-feats[5.5.883~1-3eea3]:main():compute-mfcc-feats.cc:182) Processed features for key sp0.9-SWH-05-20101107_16k-emission_swahili_05h30_-_06h00_tu_20101107_part55
sox WARN wav: Length in output .wav header will be wrong since can't seek to fix it
VLOG[1] (compute-mfcc-feats[5.5.883~1-3eea3]:Read():wave-reader.cc:249) Read in RIFF chunk size: 2147479588, data chunk size: 2147479552. Assume 'stream mode' (reading data to EOF).
VLOG[2] (compute-mfcc-feats[5.5.883~1-3eea3]:main():compute-mfcc-feats.cc:182) Processed features for key sp0.9-SWH-05-20101107_16k-emission_swahili_05h30_-_06h00_tu_20101107_part56
sox WARN wav: Length in output .wav header will be wrong since can't seek to fix it
VLOG[1] (compute-mfcc-feats[5.5.883~1-3eea3]:Read():wave-reader.cc:249) Read in RIFF chunk size: 2147479588, data chunk size: 2147479552. Assume 'stream mode' (reading data to EOF).
VLOG[2] (compute-mfcc-feats[5.5.883~1-3eea3]:main():compute-mfcc-feats.cc:182) Processed features for key sp0.9-SWH-05-20101107_16k-emission_swahili_05h30_-_06h00_tu_20101107_part57
sox WARN wav: Length in output .wav header will be wrong since can't seek to fix it
VLOG[1] (compute-mfcc-feats[5.5.883~1-3eea3]:Read():wave-reader.cc:249) Read in RIFF chunk size: 2147479588, data chunk size: 2147479552. Assume 'stream mode' (reading data to EOF).
VLOG[2] (compute-mfcc-feats[5.5.883~1-3eea3]:main():compute-mfcc-feats.cc:182) Processed features for key sp0.9-SWH-05-20101107_16k-emission_swahili_05h30_-_06h00_tu_20101107_part58
sox WARN wav: Length in output .wav header will be wrong since can't seek to fix it
VLOG[1] (compute-mfcc-feats[5.5.883~1-3eea3]:Read():wave-reader.cc:249) Read in RIFF chunk size: 2147479588, data chunk size: 2147479552. Assume 'stream mode' (reading data to EOF).
VLOG[2] (compute-mfcc-feats[5.5.883~1-3eea3]:main():compute-mfcc-feats.cc:182) Processed features for key sp0.9-SWH-05-20101107_16k-emission_swahili_05h30_-_06h00_tu_20101107_part59
sox WARN wav: Length in output .wav header will be wrong since can't seek to fix it
VLOG[1] (compute-mfcc-feats[5.5.883~1-3eea3]:Read():wave-reader.cc:249) Read in RIFF chunk size: 2147479588, data chunk size: 2147479552. Assume 'stream mode' (reading data to EOF).
VLOG[2] (compute-mfcc-feats[5.5.883~1-3eea3]:main():compute-mfcc-feats.cc:182) Processed features for key sp0.9-SWH-05-20101107_16k-emission_swahili_05h30_-_06h00_tu_20101107_part6
sox WARN wav: Length in output .wav header will be wrong since can't seek to fix it
VLOG[1] (compute-mfcc-feats[5.5.883~1-3eea3]:Read():wave-reader.cc:249) Read in RIFF chunk size: 2147479588, data chunk size: 2147479552. Assume 'stream mode' (reading data to EOF).
VLOG[2] (compute-mfcc-feats[5.5.883~1-3eea3]:main():compute-mfcc-feats.cc:182) Processed features for key sp0.9-SWH-05-20101107_16k-emission_swahili_05h30_-_06h00_tu_20101107_part60
sox WARN wav: Length in output .wav header will be wrong since can't seek to fix it
VLOG[1] (compute-mfcc-feats[5.5.883~1-3eea3]:Read():wave-reader.cc:249) Read in RIFF chunk size: 2147479588, data chunk size: 2147479552. Assume 'stream mode' (reading data to EOF).
LOG (compute-mfcc-feats[5.5.883~1-3eea3]:main():compute-mfcc-feats.cc:181) Processed 150 utterances
VLOG[2] (compute-mfcc-feats[5.5.883~1-3eea3]:main():compute-mfcc-feats.cc:182) Processed features for key sp0.9-SWH-05-20101107_16k-emission_swahili_05h30_-_06h00_tu_20101107_part61
sox WARN wav: Length in output .wav header will be wrong since can't seek to fix it
VLOG[1] (compute-mfcc-feats[5.5.883~1-3eea3]:Read():wave-reader.cc:249) Read in RIFF chunk size: 2147479588, data chunk size: 2147479552. Assume 'stream mode' (reading data to EOF).
VLOG[2] (compute-mfcc-feats[5.5.883~1-3eea3]:main():compute-mfcc-feats.cc:182) Processed features for key sp0.9-SWH-05-20101107_16k-emission_swahili_05h30_-_06h00_tu_20101107_part62
sox WARN wav: Length in output .wav header will be wrong since can't seek to fix it
VLOG[1] (compute-mfcc-feats[5.5.883~1-3eea3]:Read():wave-reader.cc:249) Read in RIFF chunk size: 2147479588, data chunk size: 2147479552. Assume 'stream mode' (reading data to EOF).
VLOG[2] (compute-mfcc-feats[5.5.883~1-3eea3]:main():compute-mfcc-feats.cc:182) Processed features for key sp0.9-SWH-05-20101107_16k-emission_swahili_05h30_-_06h00_tu_20101107_part63
sox WARN wav: Length in output .wav header will be wrong since can't seek to fix it
VLOG[1] (compute-mfcc-feats[5.5.883~1-3eea3]:Read():wave-reader.cc:249) Read in RIFF chunk size: 2147479588, data chunk size: 2147479552. Assume 'stream mode' (reading data to EOF).
VLOG[2] (compute-mfcc-feats[5.5.883~1-3eea3]:main():compute-mfcc-feats.cc:182) Processed features for key sp0.9-SWH-05-20101107_16k-emission_swahili_05h30_-_06h00_tu_20101107_part64
sox WARN wav: Length in output .wav header will be wrong since can't seek to fix it
VLOG[1] (compute-mfcc-feats[5.5.883~1-3eea3]:Read():wave-reader.cc:249) Read in RIFF chunk size: 2147479588, data chunk size: 2147479552. Assume 'stream mode' (reading data to EOF).
VLOG[2] (compute-mfcc-feats[5.5.883~1-3eea3]:main():compute-mfcc-feats.cc:182) Processed features for key sp0.9-SWH-05-20101107_16k-emission_swahili_05h30_-_06h00_tu_20101107_part65
sox WARN wav: Length in output .wav header will be wrong since can't seek to fix it
VLOG[1] (compute-mfcc-feats[5.5.883~1-3eea3]:Read():wave-reader.cc:249) Read in RIFF chunk size: 2147479588, data chunk size: 2147479552. Assume 'stream mode' (reading data to EOF).
VLOG[2] (compute-mfcc-feats[5.5.883~1-3eea3]:main():compute-mfcc-feats.cc:182) Processed features for key sp0.9-SWH-05-20101107_16k-emission_swahili_05h30_-_06h00_tu_20101107_part66
sox WARN wav: Length in output .wav header will be wrong since can't seek to fix it
VLOG[1] (compute-mfcc-feats[5.5.883~1-3eea3]:Read():wave-reader.cc:249) Read in RIFF chunk size: 2147479588, data chunk size: 2147479552. Assume 'stream mode' (reading data to EOF).
VLOG[2] (compute-mfcc-feats[5.5.883~1-3eea3]:main():compute-mfcc-feats.cc:182) Processed features for key sp0.9-SWH-05-20101107_16k-emission_swahili_05h30_-_06h00_tu_20101107_part67
sox WARN wav: Length in output .wav header will be wrong since can't seek to fix it
VLOG[1] (compute-mfcc-feats[5.5.883~1-3eea3]:Read():wave-reader.cc:249) Read in RIFF chunk size: 2147479588, data chunk size: 2147479552. Assume 'stream mode' (reading data to EOF).
VLOG[2] (compute-mfcc-feats[5.5.883~1-3eea3]:main():compute-mfcc-feats.cc:182) Processed features for key sp0.9-SWH-05-20101107_16k-emission_swahili_05h30_-_06h00_tu_20101107_part68
sox WARN wav: Length in output .wav header will be wrong since can't seek to fix it
VLOG[1] (compute-mfcc-feats[5.5.883~1-3eea3]:Read():wave-reader.cc:249) Read in RIFF chunk size: 2147479588, data chunk size: 2147479552. Assume 'stream mode' (reading data to EOF).
VLOG[2] (compute-mfcc-feats[5.5.883~1-3eea3]:main():compute-mfcc-feats.cc:182) Processed features for key sp0.9-SWH-05-20101107_16k-emission_swahili_05h30_-_06h00_tu_20101107_part69
sox WARN wav: Length in output .wav header will be wrong since can't seek to fix it
VLOG[1] (compute-mfcc-feats[5.5.883~1-3eea3]:Read():wave-reader.cc:249) Read in RIFF chunk size: 2147479588, data chunk size: 2147479552. Assume 'stream mode' (reading data to EOF).
VLOG[2] (compute-mfcc-feats[5.5.883~1-3eea3]:main():compute-mfcc-feats.cc:182) Processed features for key sp0.9-SWH-05-20101107_16k-emission_swahili_05h30_-_06h00_tu_20101107_part7
sox WARN wav: Length in output .wav header will be wrong since can't seek to fix it
VLOG[1] (compute-mfcc-feats[5.5.883~1-3eea3]:Read():wave-reader.cc:249) Read in RIFF chunk size: 2147479588, data chunk size: 2147479552. Assume 'stream mode' (reading data to EOF).
LOG (compute-mfcc-feats[5.5.883~1-3eea3]:main():compute-mfcc-feats.cc:181) Processed 160 utterances
VLOG[2] (compute-mfcc-feats[5.5.883~1-3eea3]:main():compute-mfcc-feats.cc:182) Processed features for key sp0.9-SWH-05-20101107_16k-emission_swahili_05h30_-_06h00_tu_20101107_part70
sox WARN wav: Length in output .wav header will be wrong since can't seek to fix it
VLOG[1] (compute-mfcc-feats[5.5.883~1-3eea3]:Read():wave-reader.cc:249) Read in RIFF chunk size: 2147479588, data chunk size: 2147479552. Assume 'stream mode' (reading data to EOF).
VLOG[2] (compute-mfcc-feats[5.5.883~1-3eea3]:main():compute-mfcc-feats.cc:182) Processed features for key sp0.9-SWH-05-20101107_16k-emission_swahili_05h30_-_06h00_tu_20101107_part71
sox WARN wav: Length in output .wav header will be wrong since can't seek to fix it
VLOG[1] (compute-mfcc-feats[5.5.883~1-3eea3]:Read():wave-reader.cc:249) Read in RIFF chunk size: 2147479588, data chunk size: 2147479552. Assume 'stream mode' (reading data to EOF).
VLOG[2] (compute-mfcc-feats[5.5.883~1-3eea3]:main():compute-mfcc-feats.cc:182) Processed features for key sp0.9-SWH-05-20101107_16k-emission_swahili_05h30_-_06h00_tu_20101107_part72
sox WARN wav: Length in output .wav header will be wrong since can't seek to fix it
VLOG[1] (compute-mfcc-feats[5.5.883~1-3eea3]:Read():wave-reader.cc:249) Read in RIFF chunk size: 2147479588, data chunk size: 2147479552. Assume 'stream mode' (reading data to EOF).
VLOG[2] (compute-mfcc-feats[5.5.883~1-3eea3]:main():compute-mfcc-feats.cc:182) Processed features for key sp0.9-SWH-05-20101107_16k-emission_swahili_05h30_-_06h00_tu_20101107_part73
sox WARN wav: Length in output .wav header will be wrong since can't seek to fix it
VLOG[1] (compute-mfcc-feats[5.5.883~1-3eea3]:Read():wave-reader.cc:249) Read in RIFF chunk size: 2147479588, data chunk size: 2147479552. Assume 'stream mode' (reading data to EOF).
VLOG[2] (compute-mfcc-feats[5.5.883~1-3eea3]:main():compute-mfcc-feats.cc:182) Processed features for key sp0.9-SWH-05-20101107_16k-emission_swahili_05h30_-_06h00_tu_20101107_part74
sox WARN wav: Length in output .wav header will be wrong since can't seek to fix it
VLOG[1] (compute-mfcc-feats[5.5.883~1-3eea3]:Read():wave-reader.cc:249) Read in RIFF chunk size: 2147479588, data chunk size: 2147479552. Assume 'stream mode' (reading data to EOF).
VLOG[2] (compute-mfcc-feats[5.5.883~1-3eea3]:main():compute-mfcc-feats.cc:182) Processed features for key sp0.9-SWH-05-20101107_16k-emission_swahili_05h30_-_06h00_tu_20101107_part75
sox WARN wav: Length in output .wav header will be wrong since can't seek to fix it
VLOG[1] (compute-mfcc-feats[5.5.883~1-3eea3]:Read():wave-reader.cc:249) Read in RIFF chunk size: 2147479588, data chunk size: 2147479552. Assume 'stream mode' (reading data to EOF).
VLOG[2] (compute-mfcc-feats[5.5.883~1-3eea3]:main():compute-mfcc-feats.cc:182) Processed features for key sp0.9-SWH-05-20101107_16k-emission_swahili_05h30_-_06h00_tu_20101107_part76
sox WARN wav: Length in output .wav header will be wrong since can't seek to fix it
VLOG[1] (compute-mfcc-feats[5.5.883~1-3eea3]:Read():wave-reader.cc:249) Read in RIFF chunk size: 2147479588, data chunk size: 2147479552. Assume 'stream mode' (reading data to EOF).
VLOG[2] (compute-mfcc-feats[5.5.883~1-3eea3]:main():compute-mfcc-feats.cc:182) Processed features for key sp0.9-SWH-05-20101107_16k-emission_swahili_05h30_-_06h00_tu_20101107_part77
sox WARN wav: Length in output .wav header will be wrong since can't seek to fix it
VLOG[1] (compute-mfcc-feats[5.5.883~1-3eea3]:Read():wave-reader.cc:249) Read in RIFF chunk size: 2147479588, data chunk size: 2147479552. Assume 'stream mode' (reading data to EOF).
VLOG[2] (compute-mfcc-feats[5.5.883~1-3eea3]:main():compute-mfcc-feats.cc:182) Processed features for key sp0.9-SWH-05-20101107_16k-emission_swahili_05h30_-_06h00_tu_20101107_part78
sox WARN wav: Length in output .wav header will be wrong since can't seek to fix it
VLOG[1] (compute-mfcc-feats[5.5.883~1-3eea3]:Read():wave-reader.cc:249) Read in RIFF chunk size: 2147479588, data chunk size: 2147479552. Assume 'stream mode' (reading data to EOF).
VLOG[2] (compute-mfcc-feats[5.5.883~1-3eea3]:main():compute-mfcc-feats.cc:182) Processed features for key sp0.9-SWH-05-20101107_16k-emission_swahili_05h30_-_06h00_tu_20101107_part79
sox WARN wav: Length in output .wav header will be wrong since can't seek to fix it
VLOG[1] (compute-mfcc-feats[5.5.883~1-3eea3]:Read():wave-reader.cc:249) Read in RIFF chunk size: 2147479588, data chunk size: 2147479552. Assume 'stream mode' (reading data to EOF).
LOG (compute-mfcc-feats[5.5.883~1-3eea3]:main():compute-mfcc-feats.cc:181) Processed 170 utterances
VLOG[2] (compute-mfcc-feats[5.5.883~1-3eea3]:main():compute-mfcc-feats.cc:182) Processed features for key sp0.9-SWH-05-20101107_16k-emission_swahili_05h30_-_06h00_tu_20101107_part8
sox WARN wav: Length in output .wav header will be wrong since can't seek to fix it
VLOG[1] (compute-mfcc-feats[5.5.883~1-3eea3]:Read():wave-reader.cc:249) Read in RIFF chunk size: 2147479588, data chunk size: 2147479552. Assume 'stream mode' (reading data to EOF).
VLOG[2] (compute-mfcc-feats[5.5.883~1-3eea3]:main():compute-mfcc-feats.cc:182) Processed features for key sp0.9-SWH-05-20101107_16k-emission_swahili_05h30_-_06h00_tu_20101107_part80
sox WARN wav: Length in output .wav header will be wrong since can't seek to fix it
VLOG[1] (compute-mfcc-feats[5.5.883~1-3eea3]:Read():wave-reader.cc:249) Read in RIFF chunk size: 2147479588, data chunk size: 2147479552. Assume 'stream mode' (reading data to EOF).
VLOG[2] (compute-mfcc-feats[5.5.883~1-3eea3]:main():compute-mfcc-feats.cc:182) Processed features for key sp0.9-SWH-05-20101107_16k-emission_swahili_05h30_-_06h00_tu_20101107_part81
LOG (compute-mfcc-feats[5.5.883~1-3eea3]:main():compute-mfcc-feats.cc:185)  Done 172 out of 172 utterances.
LOG (copy-feats[5.5.883~1-3eea3]:main():copy-feats.cc:143) Copied 172 feature matrices.
# Accounting: time=4 threads=1
# Ended (code 0) at Mon Feb 15 00:32:59 IST 2021, elapsed time 4 seconds
