# compute-mfcc-feats --write-utt2dur=ark,t:exp/make_mfcc/train_sp3/utt2dur.7 --verbose=2 --config=conf/mfcc.conf scp,p:exp/make_mfcc/train_sp3/wav_train_sp3.7.scp ark:- | copy-feats --write-num-frames=ark,t:exp/make_mfcc/train_sp3/utt2num_frames.7 --compress=true ark:- ark,scp:/home/abhishek/Desktop/kaldi/egs/assgmt1/recipe/mfcc/raw_mfcc_train_sp3.7.ark,/home/abhishek/Desktop/kaldi/egs/assgmt1/recipe/mfcc/raw_mfcc_train_sp3.7.scp 
# Started at Mon Feb 15 00:32:52 IST 2021
#
compute-mfcc-feats --write-utt2dur=ark,t:exp/make_mfcc/train_sp3/utt2dur.7 --verbose=2 --config=conf/mfcc.conf scp,p:exp/make_mfcc/train_sp3/wav_train_sp3.7.scp ark:- 
copy-feats --write-num-frames=ark,t:exp/make_mfcc/train_sp3/utt2num_frames.7 --compress=true ark:- ark,scp:/home/abhishek/Desktop/kaldi/egs/assgmt1/recipe/mfcc/raw_mfcc_train_sp3.7.ark,/home/abhishek/Desktop/kaldi/egs/assgmt1/recipe/mfcc/raw_mfcc_train_sp3.7.scp 
VLOG[2] (compute-mfcc-feats[5.5.883~1-3eea3]:main():compute-mfcc-feats.cc:182) Processed features for key SWH-05-20101110_16k-emission_swahili_15h00_-_16h00_tu_20101110_part442
VLOG[2] (compute-mfcc-feats[5.5.883~1-3eea3]:main():compute-mfcc-feats.cc:182) Processed features for key SWH-05-20101110_16k-emission_swahili_15h00_-_16h00_tu_20101110_part443
VLOG[2] (compute-mfcc-feats[5.5.883~1-3eea3]:main():compute-mfcc-feats.cc:182) Processed features for key SWH-05-20101110_16k-emission_swahili_15h00_-_16h00_tu_20101110_part444
VLOG[2] (compute-mfcc-feats[5.5.883~1-3eea3]:main():compute-mfcc-feats.cc:182) Processed features for key SWH-05-20101110_16k-emission_swahili_15h00_-_16h00_tu_20101110_part445
VLOG[2] (compute-mfcc-feats[5.5.883~1-3eea3]:main():compute-mfcc-feats.cc:182) Processed features for key SWH-05-20101110_16k-emission_swahili_15h00_-_16h00_tu_20101110_part446
VLOG[2] (compute-mfcc-feats[5.5.883~1-3eea3]:main():compute-mfcc-feats.cc:182) Processed features for key SWH-05-20101110_16k-emission_swahili_15h00_-_16h00_tu_20101110_part447
VLOG[2] (compute-mfcc-feats[5.5.883~1-3eea3]:main():compute-mfcc-feats.cc:182) Processed features for key SWH-05-20101110_16k-emission_swahili_15h00_-_16h00_tu_20101110_part448
VLOG[2] (compute-mfcc-feats[5.5.883~1-3eea3]:main():compute-mfcc-feats.cc:182) Processed features for key SWH-05-20101110_16k-emission_swahili_15h00_-_16h00_tu_20101110_part449
VLOG[2] (compute-mfcc-feats[5.5.883~1-3eea3]:main():compute-mfcc-feats.cc:182) Processed features for key SWH-05-20101110_16k-emission_swahili_15h00_-_16h00_tu_20101110_part45
LOG (compute-mfcc-feats[5.5.883~1-3eea3]:main():compute-mfcc-feats.cc:181) Processed 10 utterances
VLOG[2] (compute-mfcc-feats[5.5.883~1-3eea3]:main():compute-mfcc-feats.cc:182) Processed features for key SWH-05-20101110_16k-emission_swahili_15h00_-_16h00_tu_20101110_part450
VLOG[2] (compute-mfcc-feats[5.5.883~1-3eea3]:main():compute-mfcc-feats.cc:182) Processed features for key SWH-05-20101110_16k-emission_swahili_15h00_-_16h00_tu_20101110_part451
VLOG[2] (compute-mfcc-feats[5.5.883~1-3eea3]:main():compute-mfcc-feats.cc:182) Processed features for key SWH-05-20101110_16k-emission_swahili_15h00_-_16h00_tu_20101110_part452
VLOG[2] (compute-mfcc-feats[5.5.883~1-3eea3]:main():compute-mfcc-feats.cc:182) Processed features for key SWH-05-20101110_16k-emission_swahili_15h00_-_16h00_tu_20101110_part453
VLOG[2] (compute-mfcc-feats[5.5.883~1-3eea3]:main():compute-mfcc-feats.cc:182) Processed features for key SWH-05-20101110_16k-emission_swahili_15h00_-_16h00_tu_20101110_part454
VLOG[2] (compute-mfcc-feats[5.5.883~1-3eea3]:main():compute-mfcc-feats.cc:182) Processed features for key SWH-05-20101110_16k-emission_swahili_15h00_-_16h00_tu_20101110_part455
VLOG[2] (compute-mfcc-feats[5.5.883~1-3eea3]:main():compute-mfcc-feats.cc:182) Processed features for key SWH-05-20101110_16k-emission_swahili_15h00_-_16h00_tu_20101110_part456
VLOG[2] (compute-mfcc-feats[5.5.883~1-3eea3]:main():compute-mfcc-feats.cc:182) Processed features for key SWH-05-20101110_16k-emission_swahili_15h00_-_16h00_tu_20101110_part457
VLOG[2] (compute-mfcc-feats[5.5.883~1-3eea3]:main():compute-mfcc-feats.cc:182) Processed features for key SWH-05-20101110_16k-emission_swahili_15h00_-_16h00_tu_20101110_part458
VLOG[2] (compute-mfcc-feats[5.5.883~1-3eea3]:main():compute-mfcc-feats.cc:182) Processed features for key SWH-05-20101110_16k-emission_swahili_15h00_-_16h00_tu_20101110_part459
LOG (compute-mfcc-feats[5.5.883~1-3eea3]:main():compute-mfcc-feats.cc:181) Processed 20 utterances
VLOG[2] (compute-mfcc-feats[5.5.883~1-3eea3]:main():compute-mfcc-feats.cc:182) Processed features for key SWH-05-20101110_16k-emission_swahili_15h00_-_16h00_tu_20101110_part46
VLOG[2] (compute-mfcc-feats[5.5.883~1-3eea3]:main():compute-mfcc-feats.cc:182) Processed features for key SWH-05-20101110_16k-emission_swahili_15h00_-_16h00_tu_20101110_part460
VLOG[2] (compute-mfcc-feats[5.5.883~1-3eea3]:main():compute-mfcc-feats.cc:182) Processed features for key SWH-05-20101110_16k-emission_swahili_15h00_-_16h00_tu_20101110_part461
VLOG[2] (compute-mfcc-feats[5.5.883~1-3eea3]:main():compute-mfcc-feats.cc:182) Processed features for key SWH-05-20101110_16k-emission_swahili_15h00_-_16h00_tu_20101110_part462
VLOG[2] (compute-mfcc-feats[5.5.883~1-3eea3]:main():compute-mfcc-feats.cc:182) Processed features for key SWH-05-20101110_16k-emission_swahili_15h00_-_16h00_tu_20101110_part463
VLOG[2] (compute-mfcc-feats[5.5.883~1-3eea3]:main():compute-mfcc-feats.cc:182) Processed features for key SWH-05-20101110_16k-emission_swahili_15h00_-_16h00_tu_20101110_part464
VLOG[2] (compute-mfcc-feats[5.5.883~1-3eea3]:main():compute-mfcc-feats.cc:182) Processed features for key SWH-05-20101110_16k-emission_swahili_15h00_-_16h00_tu_20101110_part465
VLOG[2] (compute-mfcc-feats[5.5.883~1-3eea3]:main():compute-mfcc-feats.cc:182) Processed features for key SWH-05-20101110_16k-emission_swahili_15h00_-_16h00_tu_20101110_part466
VLOG[2] (compute-mfcc-feats[5.5.883~1-3eea3]:main():compute-mfcc-feats.cc:182) Processed features for key SWH-05-20101110_16k-emission_swahili_15h00_-_16h00_tu_20101110_part467
VLOG[2] (compute-mfcc-feats[5.5.883~1-3eea3]:main():compute-mfcc-feats.cc:182) Processed features for key SWH-05-20101110_16k-emission_swahili_15h00_-_16h00_tu_20101110_part468
LOG (compute-mfcc-feats[5.5.883~1-3eea3]:main():compute-mfcc-feats.cc:181) Processed 30 utterances
VLOG[2] (compute-mfcc-feats[5.5.883~1-3eea3]:main():compute-mfcc-feats.cc:182) Processed features for key SWH-05-20101110_16k-emission_swahili_15h00_-_16h00_tu_20101110_part469
VLOG[2] (compute-mfcc-feats[5.5.883~1-3eea3]:main():compute-mfcc-feats.cc:182) Processed features for key SWH-05-20101110_16k-emission_swahili_15h00_-_16h00_tu_20101110_part47
VLOG[2] (compute-mfcc-feats[5.5.883~1-3eea3]:main():compute-mfcc-feats.cc:182) Processed features for key SWH-05-20101110_16k-emission_swahili_15h00_-_16h00_tu_20101110_part470
VLOG[2] (compute-mfcc-feats[5.5.883~1-3eea3]:main():compute-mfcc-feats.cc:182) Processed features for key SWH-05-20101110_16k-emission_swahili_15h00_-_16h00_tu_20101110_part471
VLOG[2] (compute-mfcc-feats[5.5.883~1-3eea3]:main():compute-mfcc-feats.cc:182) Processed features for key SWH-05-20101110_16k-emission_swahili_15h00_-_16h00_tu_20101110_part472
VLOG[2] (compute-mfcc-feats[5.5.883~1-3eea3]:main():compute-mfcc-feats.cc:182) Processed features for key SWH-05-20101110_16k-emission_swahili_15h00_-_16h00_tu_20101110_part473
VLOG[2] (compute-mfcc-feats[5.5.883~1-3eea3]:main():compute-mfcc-feats.cc:182) Processed features for key SWH-05-20101110_16k-emission_swahili_15h00_-_16h00_tu_20101110_part474
VLOG[2] (compute-mfcc-feats[5.5.883~1-3eea3]:main():compute-mfcc-feats.cc:182) Processed features for key SWH-05-20101110_16k-emission_swahili_15h00_-_16h00_tu_20101110_part475
VLOG[2] (compute-mfcc-feats[5.5.883~1-3eea3]:main():compute-mfcc-feats.cc:182) Processed features for key SWH-05-20101110_16k-emission_swahili_15h00_-_16h00_tu_20101110_part476
VLOG[2] (compute-mfcc-feats[5.5.883~1-3eea3]:main():compute-mfcc-feats.cc:182) Processed features for key SWH-05-20101110_16k-emission_swahili_15h00_-_16h00_tu_20101110_part477
LOG (compute-mfcc-feats[5.5.883~1-3eea3]:main():compute-mfcc-feats.cc:181) Processed 40 utterances
VLOG[2] (compute-mfcc-feats[5.5.883~1-3eea3]:main():compute-mfcc-feats.cc:182) Processed features for key SWH-05-20101110_16k-emission_swahili_15h00_-_16h00_tu_20101110_part478
VLOG[2] (compute-mfcc-feats[5.5.883~1-3eea3]:main():compute-mfcc-feats.cc:182) Processed features for key SWH-05-20101110_16k-emission_swahili_15h00_-_16h00_tu_20101110_part479
VLOG[2] (compute-mfcc-feats[5.5.883~1-3eea3]:main():compute-mfcc-feats.cc:182) Processed features for key SWH-05-20101110_16k-emission_swahili_15h00_-_16h00_tu_20101110_part48
VLOG[2] (compute-mfcc-feats[5.5.883~1-3eea3]:main():compute-mfcc-feats.cc:182) Processed features for key SWH-05-20101110_16k-emission_swahili_15h00_-_16h00_tu_20101110_part480
VLOG[2] (compute-mfcc-feats[5.5.883~1-3eea3]:main():compute-mfcc-feats.cc:182) Processed features for key SWH-05-20101110_16k-emission_swahili_15h00_-_16h00_tu_20101110_part481
VLOG[2] (compute-mfcc-feats[5.5.883~1-3eea3]:main():compute-mfcc-feats.cc:182) Processed features for key SWH-05-20101110_16k-emission_swahili_15h00_-_16h00_tu_20101110_part482
VLOG[2] (compute-mfcc-feats[5.5.883~1-3eea3]:main():compute-mfcc-feats.cc:182) Processed features for key SWH-05-20101110_16k-emission_swahili_15h00_-_16h00_tu_20101110_part483
VLOG[2] (compute-mfcc-feats[5.5.883~1-3eea3]:main():compute-mfcc-feats.cc:182) Processed features for key SWH-05-20101110_16k-emission_swahili_15h00_-_16h00_tu_20101110_part484
VLOG[2] (compute-mfcc-feats[5.5.883~1-3eea3]:main():compute-mfcc-feats.cc:182) Processed features for key SWH-05-20101110_16k-emission_swahili_15h00_-_16h00_tu_20101110_part485
VLOG[2] (compute-mfcc-feats[5.5.883~1-3eea3]:main():compute-mfcc-feats.cc:182) Processed features for key SWH-05-20101110_16k-emission_swahili_15h00_-_16h00_tu_20101110_part486
LOG (compute-mfcc-feats[5.5.883~1-3eea3]:main():compute-mfcc-feats.cc:181) Processed 50 utterances
VLOG[2] (compute-mfcc-feats[5.5.883~1-3eea3]:main():compute-mfcc-feats.cc:182) Processed features for key SWH-05-20101110_16k-emission_swahili_15h00_-_16h00_tu_20101110_part487
VLOG[2] (compute-mfcc-feats[5.5.883~1-3eea3]:main():compute-mfcc-feats.cc:182) Processed features for key SWH-05-20101110_16k-emission_swahili_15h00_-_16h00_tu_20101110_part488
VLOG[2] (compute-mfcc-feats[5.5.883~1-3eea3]:main():compute-mfcc-feats.cc:182) Processed features for key SWH-05-20101110_16k-emission_swahili_15h00_-_16h00_tu_20101110_part489
VLOG[2] (compute-mfcc-feats[5.5.883~1-3eea3]:main():compute-mfcc-feats.cc:182) Processed features for key SWH-05-20101110_16k-emission_swahili_15h00_-_16h00_tu_20101110_part49
VLOG[2] (compute-mfcc-feats[5.5.883~1-3eea3]:main():compute-mfcc-feats.cc:182) Processed features for key SWH-05-20101110_16k-emission_swahili_15h00_-_16h00_tu_20101110_part490
VLOG[2] (compute-mfcc-feats[5.5.883~1-3eea3]:main():compute-mfcc-feats.cc:182) Processed features for key SWH-05-20101110_16k-emission_swahili_15h00_-_16h00_tu_20101110_part491
VLOG[2] (compute-mfcc-feats[5.5.883~1-3eea3]:main():compute-mfcc-feats.cc:182) Processed features for key SWH-05-20101110_16k-emission_swahili_15h00_-_16h00_tu_20101110_part492
VLOG[2] (compute-mfcc-feats[5.5.883~1-3eea3]:main():compute-mfcc-feats.cc:182) Processed features for key SWH-05-20101110_16k-emission_swahili_15h00_-_16h00_tu_20101110_part493
VLOG[2] (compute-mfcc-feats[5.5.883~1-3eea3]:main():compute-mfcc-feats.cc:182) Processed features for key SWH-05-20101110_16k-emission_swahili_15h00_-_16h00_tu_20101110_part494
VLOG[2] (compute-mfcc-feats[5.5.883~1-3eea3]:main():compute-mfcc-feats.cc:182) Processed features for key SWH-05-20101110_16k-emission_swahili_15h00_-_16h00_tu_20101110_part495
LOG (compute-mfcc-feats[5.5.883~1-3eea3]:main():compute-mfcc-feats.cc:181) Processed 60 utterances
VLOG[2] (compute-mfcc-feats[5.5.883~1-3eea3]:main():compute-mfcc-feats.cc:182) Processed features for key SWH-05-20101110_16k-emission_swahili_15h00_-_16h00_tu_20101110_part5
VLOG[2] (compute-mfcc-feats[5.5.883~1-3eea3]:main():compute-mfcc-feats.cc:182) Processed features for key SWH-05-20101110_16k-emission_swahili_15h00_-_16h00_tu_20101110_part50
VLOG[2] (compute-mfcc-feats[5.5.883~1-3eea3]:main():compute-mfcc-feats.cc:182) Processed features for key SWH-05-20101110_16k-emission_swahili_15h00_-_16h00_tu_20101110_part51
VLOG[2] (compute-mfcc-feats[5.5.883~1-3eea3]:main():compute-mfcc-feats.cc:182) Processed features for key SWH-05-20101110_16k-emission_swahili_15h00_-_16h00_tu_20101110_part52
VLOG[2] (compute-mfcc-feats[5.5.883~1-3eea3]:main():compute-mfcc-feats.cc:182) Processed features for key SWH-05-20101110_16k-emission_swahili_15h00_-_16h00_tu_20101110_part53
VLOG[2] (compute-mfcc-feats[5.5.883~1-3eea3]:main():compute-mfcc-feats.cc:182) Processed features for key SWH-05-20101110_16k-emission_swahili_15h00_-_16h00_tu_20101110_part54
VLOG[2] (compute-mfcc-feats[5.5.883~1-3eea3]:main():compute-mfcc-feats.cc:182) Processed features for key SWH-05-20101110_16k-emission_swahili_15h00_-_16h00_tu_20101110_part55
VLOG[2] (compute-mfcc-feats[5.5.883~1-3eea3]:main():compute-mfcc-feats.cc:182) Processed features for key SWH-05-20101110_16k-emission_swahili_15h00_-_16h00_tu_20101110_part56
VLOG[2] (compute-mfcc-feats[5.5.883~1-3eea3]:main():compute-mfcc-feats.cc:182) Processed features for key SWH-05-20101110_16k-emission_swahili_15h00_-_16h00_tu_20101110_part57
VLOG[2] (compute-mfcc-feats[5.5.883~1-3eea3]:main():compute-mfcc-feats.cc:182) Processed features for key SWH-05-20101110_16k-emission_swahili_15h00_-_16h00_tu_20101110_part58
LOG (compute-mfcc-feats[5.5.883~1-3eea3]:main():compute-mfcc-feats.cc:181) Processed 70 utterances
VLOG[2] (compute-mfcc-feats[5.5.883~1-3eea3]:main():compute-mfcc-feats.cc:182) Processed features for key SWH-05-20101110_16k-emission_swahili_15h00_-_16h00_tu_20101110_part59
VLOG[2] (compute-mfcc-feats[5.5.883~1-3eea3]:main():compute-mfcc-feats.cc:182) Processed features for key SWH-05-20101110_16k-emission_swahili_15h00_-_16h00_tu_20101110_part6
VLOG[2] (compute-mfcc-feats[5.5.883~1-3eea3]:main():compute-mfcc-feats.cc:182) Processed features for key SWH-05-20101110_16k-emission_swahili_15h00_-_16h00_tu_20101110_part60
VLOG[2] (compute-mfcc-feats[5.5.883~1-3eea3]:main():compute-mfcc-feats.cc:182) Processed features for key SWH-05-20101110_16k-emission_swahili_15h00_-_16h00_tu_20101110_part61
VLOG[2] (compute-mfcc-feats[5.5.883~1-3eea3]:main():compute-mfcc-feats.cc:182) Processed features for key SWH-05-20101110_16k-emission_swahili_15h00_-_16h00_tu_20101110_part62
VLOG[2] (compute-mfcc-feats[5.5.883~1-3eea3]:main():compute-mfcc-feats.cc:182) Processed features for key SWH-05-20101110_16k-emission_swahili_15h00_-_16h00_tu_20101110_part63
VLOG[2] (compute-mfcc-feats[5.5.883~1-3eea3]:main():compute-mfcc-feats.cc:182) Processed features for key SWH-05-20101110_16k-emission_swahili_15h00_-_16h00_tu_20101110_part64
VLOG[2] (compute-mfcc-feats[5.5.883~1-3eea3]:main():compute-mfcc-feats.cc:182) Processed features for key SWH-05-20101110_16k-emission_swahili_15h00_-_16h00_tu_20101110_part65
VLOG[2] (compute-mfcc-feats[5.5.883~1-3eea3]:main():compute-mfcc-feats.cc:182) Processed features for key SWH-05-20101110_16k-emission_swahili_15h00_-_16h00_tu_20101110_part66
VLOG[2] (compute-mfcc-feats[5.5.883~1-3eea3]:main():compute-mfcc-feats.cc:182) Processed features for key SWH-05-20101110_16k-emission_swahili_15h00_-_16h00_tu_20101110_part67
LOG (compute-mfcc-feats[5.5.883~1-3eea3]:main():compute-mfcc-feats.cc:181) Processed 80 utterances
VLOG[2] (compute-mfcc-feats[5.5.883~1-3eea3]:main():compute-mfcc-feats.cc:182) Processed features for key SWH-05-20101110_16k-emission_swahili_15h00_-_16h00_tu_20101110_part68
VLOG[2] (compute-mfcc-feats[5.5.883~1-3eea3]:main():compute-mfcc-feats.cc:182) Processed features for key SWH-05-20101110_16k-emission_swahili_15h00_-_16h00_tu_20101110_part69
VLOG[2] (compute-mfcc-feats[5.5.883~1-3eea3]:main():compute-mfcc-feats.cc:182) Processed features for key SWH-05-20101110_16k-emission_swahili_15h00_-_16h00_tu_20101110_part7
VLOG[2] (compute-mfcc-feats[5.5.883~1-3eea3]:main():compute-mfcc-feats.cc:182) Processed features for key SWH-05-20101110_16k-emission_swahili_15h00_-_16h00_tu_20101110_part70
VLOG[2] (compute-mfcc-feats[5.5.883~1-3eea3]:main():compute-mfcc-feats.cc:182) Processed features for key SWH-05-20101110_16k-emission_swahili_15h00_-_16h00_tu_20101110_part71
VLOG[2] (compute-mfcc-feats[5.5.883~1-3eea3]:main():compute-mfcc-feats.cc:182) Processed features for key SWH-05-20101110_16k-emission_swahili_15h00_-_16h00_tu_20101110_part72
VLOG[2] (compute-mfcc-feats[5.5.883~1-3eea3]:main():compute-mfcc-feats.cc:182) Processed features for key SWH-05-20101110_16k-emission_swahili_15h00_-_16h00_tu_20101110_part73
VLOG[2] (compute-mfcc-feats[5.5.883~1-3eea3]:main():compute-mfcc-feats.cc:182) Processed features for key SWH-05-20101110_16k-emission_swahili_15h00_-_16h00_tu_20101110_part74
VLOG[2] (compute-mfcc-feats[5.5.883~1-3eea3]:main():compute-mfcc-feats.cc:182) Processed features for key SWH-05-20101110_16k-emission_swahili_15h00_-_16h00_tu_20101110_part75
VLOG[2] (compute-mfcc-feats[5.5.883~1-3eea3]:main():compute-mfcc-feats.cc:182) Processed features for key SWH-05-20101110_16k-emission_swahili_15h00_-_16h00_tu_20101110_part76
LOG (compute-mfcc-feats[5.5.883~1-3eea3]:main():compute-mfcc-feats.cc:181) Processed 90 utterances
VLOG[2] (compute-mfcc-feats[5.5.883~1-3eea3]:main():compute-mfcc-feats.cc:182) Processed features for key SWH-05-20101110_16k-emission_swahili_15h00_-_16h00_tu_20101110_part77
VLOG[2] (compute-mfcc-feats[5.5.883~1-3eea3]:main():compute-mfcc-feats.cc:182) Processed features for key SWH-05-20101110_16k-emission_swahili_15h00_-_16h00_tu_20101110_part78
VLOG[2] (compute-mfcc-feats[5.5.883~1-3eea3]:main():compute-mfcc-feats.cc:182) Processed features for key SWH-05-20101110_16k-emission_swahili_15h00_-_16h00_tu_20101110_part79
VLOG[2] (compute-mfcc-feats[5.5.883~1-3eea3]:main():compute-mfcc-feats.cc:182) Processed features for key SWH-05-20101110_16k-emission_swahili_15h00_-_16h00_tu_20101110_part8
VLOG[2] (compute-mfcc-feats[5.5.883~1-3eea3]:main():compute-mfcc-feats.cc:182) Processed features for key SWH-05-20101110_16k-emission_swahili_15h00_-_16h00_tu_20101110_part80
VLOG[2] (compute-mfcc-feats[5.5.883~1-3eea3]:main():compute-mfcc-feats.cc:182) Processed features for key SWH-05-20101110_16k-emission_swahili_15h00_-_16h00_tu_20101110_part81
VLOG[2] (compute-mfcc-feats[5.5.883~1-3eea3]:main():compute-mfcc-feats.cc:182) Processed features for key SWH-05-20101110_16k-emission_swahili_15h00_-_16h00_tu_20101110_part82
VLOG[2] (compute-mfcc-feats[5.5.883~1-3eea3]:main():compute-mfcc-feats.cc:182) Processed features for key SWH-05-20101110_16k-emission_swahili_15h00_-_16h00_tu_20101110_part83
VLOG[2] (compute-mfcc-feats[5.5.883~1-3eea3]:main():compute-mfcc-feats.cc:182) Processed features for key SWH-05-20101110_16k-emission_swahili_15h00_-_16h00_tu_20101110_part84
VLOG[2] (compute-mfcc-feats[5.5.883~1-3eea3]:main():compute-mfcc-feats.cc:182) Processed features for key SWH-05-20101110_16k-emission_swahili_15h00_-_16h00_tu_20101110_part85
LOG (compute-mfcc-feats[5.5.883~1-3eea3]:main():compute-mfcc-feats.cc:181) Processed 100 utterances
VLOG[2] (compute-mfcc-feats[5.5.883~1-3eea3]:main():compute-mfcc-feats.cc:182) Processed features for key SWH-05-20101110_16k-emission_swahili_15h00_-_16h00_tu_20101110_part86
VLOG[2] (compute-mfcc-feats[5.5.883~1-3eea3]:main():compute-mfcc-feats.cc:182) Processed features for key SWH-05-20101110_16k-emission_swahili_15h00_-_16h00_tu_20101110_part87
VLOG[2] (compute-mfcc-feats[5.5.883~1-3eea3]:main():compute-mfcc-feats.cc:182) Processed features for key SWH-05-20101110_16k-emission_swahili_15h00_-_16h00_tu_20101110_part88
VLOG[2] (compute-mfcc-feats[5.5.883~1-3eea3]:main():compute-mfcc-feats.cc:182) Processed features for key SWH-05-20101110_16k-emission_swahili_15h00_-_16h00_tu_20101110_part89
VLOG[2] (compute-mfcc-feats[5.5.883~1-3eea3]:main():compute-mfcc-feats.cc:182) Processed features for key SWH-05-20101110_16k-emission_swahili_15h00_-_16h00_tu_20101110_part9
VLOG[2] (compute-mfcc-feats[5.5.883~1-3eea3]:main():compute-mfcc-feats.cc:182) Processed features for key SWH-05-20101110_16k-emission_swahili_15h00_-_16h00_tu_20101110_part90
VLOG[2] (compute-mfcc-feats[5.5.883~1-3eea3]:main():compute-mfcc-feats.cc:182) Processed features for key SWH-05-20101110_16k-emission_swahili_15h00_-_16h00_tu_20101110_part91
VLOG[2] (compute-mfcc-feats[5.5.883~1-3eea3]:main():compute-mfcc-feats.cc:182) Processed features for key SWH-05-20101110_16k-emission_swahili_15h00_-_16h00_tu_20101110_part92
VLOG[2] (compute-mfcc-feats[5.5.883~1-3eea3]:main():compute-mfcc-feats.cc:182) Processed features for key SWH-05-20101110_16k-emission_swahili_15h00_-_16h00_tu_20101110_part93
VLOG[2] (compute-mfcc-feats[5.5.883~1-3eea3]:main():compute-mfcc-feats.cc:182) Processed features for key SWH-05-20101110_16k-emission_swahili_15h00_-_16h00_tu_20101110_part94
LOG (compute-mfcc-feats[5.5.883~1-3eea3]:main():compute-mfcc-feats.cc:181) Processed 110 utterances
VLOG[2] (compute-mfcc-feats[5.5.883~1-3eea3]:main():compute-mfcc-feats.cc:182) Processed features for key SWH-05-20101110_16k-emission_swahili_15h00_-_16h00_tu_20101110_part95
VLOG[2] (compute-mfcc-feats[5.5.883~1-3eea3]:main():compute-mfcc-feats.cc:182) Processed features for key SWH-05-20101110_16k-emission_swahili_15h00_-_16h00_tu_20101110_part96
VLOG[2] (compute-mfcc-feats[5.5.883~1-3eea3]:main():compute-mfcc-feats.cc:182) Processed features for key SWH-05-20101110_16k-emission_swahili_15h00_-_16h00_tu_20101110_part97
VLOG[2] (compute-mfcc-feats[5.5.883~1-3eea3]:main():compute-mfcc-feats.cc:182) Processed features for key SWH-05-20101110_16k-emission_swahili_15h00_-_16h00_tu_20101110_part98
VLOG[2] (compute-mfcc-feats[5.5.883~1-3eea3]:main():compute-mfcc-feats.cc:182) Processed features for key SWH-05-20101110_16k-emission_swahili_15h00_-_16h00_tu_20101110_part99
sox WARN wav: Length in output .wav header will be wrong since can't seek to fix it
VLOG[1] (compute-mfcc-feats[5.5.883~1-3eea3]:Read():wave-reader.cc:249) Read in RIFF chunk size: 2147479588, data chunk size: 2147479552. Assume 'stream mode' (reading data to EOF).
VLOG[2] (compute-mfcc-feats[5.5.883~1-3eea3]:main():compute-mfcc-feats.cc:182) Processed features for key sp0.9-SWH-05-20101106_16k-emission_swahili_05h30_-_06h00_tu_20101106_part10
sox WARN wav: Length in output .wav header will be wrong since can't seek to fix it
VLOG[1] (compute-mfcc-feats[5.5.883~1-3eea3]:Read():wave-reader.cc:249) Read in RIFF chunk size: 2147479588, data chunk size: 2147479552. Assume 'stream mode' (reading data to EOF).
VLOG[2] (compute-mfcc-feats[5.5.883~1-3eea3]:main():compute-mfcc-feats.cc:182) Processed features for key sp0.9-SWH-05-20101106_16k-emission_swahili_05h30_-_06h00_tu_20101106_part100
sox WARN wav: Length in output .wav header will be wrong since can't seek to fix it
VLOG[1] (compute-mfcc-feats[5.5.883~1-3eea3]:Read():wave-reader.cc:249) Read in RIFF chunk size: 2147479588, data chunk size: 2147479552. Assume 'stream mode' (reading data to EOF).
VLOG[2] (compute-mfcc-feats[5.5.883~1-3eea3]:main():compute-mfcc-feats.cc:182) Processed features for key sp0.9-SWH-05-20101106_16k-emission_swahili_05h30_-_06h00_tu_20101106_part101
sox WARN wav: Length in output .wav header will be wrong since can't seek to fix it
VLOG[1] (compute-mfcc-feats[5.5.883~1-3eea3]:Read():wave-reader.cc:249) Read in RIFF chunk size: 2147479588, data chunk size: 2147479552. Assume 'stream mode' (reading data to EOF).
VLOG[2] (compute-mfcc-feats[5.5.883~1-3eea3]:main():compute-mfcc-feats.cc:182) Processed features for key sp0.9-SWH-05-20101106_16k-emission_swahili_05h30_-_06h00_tu_20101106_part102
sox WARN wav: Length in output .wav header will be wrong since can't seek to fix it
VLOG[1] (compute-mfcc-feats[5.5.883~1-3eea3]:Read():wave-reader.cc:249) Read in RIFF chunk size: 2147479588, data chunk size: 2147479552. Assume 'stream mode' (reading data to EOF).
VLOG[2] (compute-mfcc-feats[5.5.883~1-3eea3]:main():compute-mfcc-feats.cc:182) Processed features for key sp0.9-SWH-05-20101106_16k-emission_swahili_05h30_-_06h00_tu_20101106_part103
sox WARN wav: Length in output .wav header will be wrong since can't seek to fix it
VLOG[1] (compute-mfcc-feats[5.5.883~1-3eea3]:Read():wave-reader.cc:249) Read in RIFF chunk size: 2147479588, data chunk size: 2147479552. Assume 'stream mode' (reading data to EOF).
LOG (compute-mfcc-feats[5.5.883~1-3eea3]:main():compute-mfcc-feats.cc:181) Processed 120 utterances
VLOG[2] (compute-mfcc-feats[5.5.883~1-3eea3]:main():compute-mfcc-feats.cc:182) Processed features for key sp0.9-SWH-05-20101106_16k-emission_swahili_05h30_-_06h00_tu_20101106_part104
sox WARN wav: Length in output .wav header will be wrong since can't seek to fix it
VLOG[1] (compute-mfcc-feats[5.5.883~1-3eea3]:Read():wave-reader.cc:249) Read in RIFF chunk size: 2147479588, data chunk size: 2147479552. Assume 'stream mode' (reading data to EOF).
VLOG[2] (compute-mfcc-feats[5.5.883~1-3eea3]:main():compute-mfcc-feats.cc:182) Processed features for key sp0.9-SWH-05-20101106_16k-emission_swahili_05h30_-_06h00_tu_20101106_part105
sox WARN wav: Length in output .wav header will be wrong since can't seek to fix it
VLOG[1] (compute-mfcc-feats[5.5.883~1-3eea3]:Read():wave-reader.cc:249) Read in RIFF chunk size: 2147479588, data chunk size: 2147479552. Assume 'stream mode' (reading data to EOF).
VLOG[2] (compute-mfcc-feats[5.5.883~1-3eea3]:main():compute-mfcc-feats.cc:182) Processed features for key sp0.9-SWH-05-20101106_16k-emission_swahili_05h30_-_06h00_tu_20101106_part106
sox WARN wav: Length in output .wav header will be wrong since can't seek to fix it
VLOG[1] (compute-mfcc-feats[5.5.883~1-3eea3]:Read():wave-reader.cc:249) Read in RIFF chunk size: 2147479588, data chunk size: 2147479552. Assume 'stream mode' (reading data to EOF).
VLOG[2] (compute-mfcc-feats[5.5.883~1-3eea3]:main():compute-mfcc-feats.cc:182) Processed features for key sp0.9-SWH-05-20101106_16k-emission_swahili_05h30_-_06h00_tu_20101106_part107
sox WARN wav: Length in output .wav header will be wrong since can't seek to fix it
VLOG[1] (compute-mfcc-feats[5.5.883~1-3eea3]:Read():wave-reader.cc:249) Read in RIFF chunk size: 2147479588, data chunk size: 2147479552. Assume 'stream mode' (reading data to EOF).
VLOG[2] (compute-mfcc-feats[5.5.883~1-3eea3]:main():compute-mfcc-feats.cc:182) Processed features for key sp0.9-SWH-05-20101106_16k-emission_swahili_05h30_-_06h00_tu_20101106_part108
sox WARN wav: Length in output .wav header will be wrong since can't seek to fix it
VLOG[1] (compute-mfcc-feats[5.5.883~1-3eea3]:Read():wave-reader.cc:249) Read in RIFF chunk size: 2147479588, data chunk size: 2147479552. Assume 'stream mode' (reading data to EOF).
VLOG[2] (compute-mfcc-feats[5.5.883~1-3eea3]:main():compute-mfcc-feats.cc:182) Processed features for key sp0.9-SWH-05-20101106_16k-emission_swahili_05h30_-_06h00_tu_20101106_part109
sox WARN wav: Length in output .wav header will be wrong since can't seek to fix it
VLOG[1] (compute-mfcc-feats[5.5.883~1-3eea3]:Read():wave-reader.cc:249) Read in RIFF chunk size: 2147479588, data chunk size: 2147479552. Assume 'stream mode' (reading data to EOF).
VLOG[2] (compute-mfcc-feats[5.5.883~1-3eea3]:main():compute-mfcc-feats.cc:182) Processed features for key sp0.9-SWH-05-20101106_16k-emission_swahili_05h30_-_06h00_tu_20101106_part11
sox WARN wav: Length in output .wav header will be wrong since can't seek to fix it
VLOG[1] (compute-mfcc-feats[5.5.883~1-3eea3]:Read():wave-reader.cc:249) Read in RIFF chunk size: 2147479588, data chunk size: 2147479552. Assume 'stream mode' (reading data to EOF).
VLOG[2] (compute-mfcc-feats[5.5.883~1-3eea3]:main():compute-mfcc-feats.cc:182) Processed features for key sp0.9-SWH-05-20101106_16k-emission_swahili_05h30_-_06h00_tu_20101106_part110
sox WARN wav: Length in output .wav header will be wrong since can't seek to fix it
VLOG[1] (compute-mfcc-feats[5.5.883~1-3eea3]:Read():wave-reader.cc:249) Read in RIFF chunk size: 2147479588, data chunk size: 2147479552. Assume 'stream mode' (reading data to EOF).
VLOG[2] (compute-mfcc-feats[5.5.883~1-3eea3]:main():compute-mfcc-feats.cc:182) Processed features for key sp0.9-SWH-05-20101106_16k-emission_swahili_05h30_-_06h00_tu_20101106_part111
sox WARN wav: Length in output .wav header will be wrong since can't seek to fix it
VLOG[1] (compute-mfcc-feats[5.5.883~1-3eea3]:Read():wave-reader.cc:249) Read in RIFF chunk size: 2147479588, data chunk size: 2147479552. Assume 'stream mode' (reading data to EOF).
VLOG[2] (compute-mfcc-feats[5.5.883~1-3eea3]:main():compute-mfcc-feats.cc:182) Processed features for key sp0.9-SWH-05-20101106_16k-emission_swahili_05h30_-_06h00_tu_20101106_part112
sox WARN wav: Length in output .wav header will be wrong since can't seek to fix it
VLOG[1] (compute-mfcc-feats[5.5.883~1-3eea3]:Read():wave-reader.cc:249) Read in RIFF chunk size: 2147479588, data chunk size: 2147479552. Assume 'stream mode' (reading data to EOF).
LOG (compute-mfcc-feats[5.5.883~1-3eea3]:main():compute-mfcc-feats.cc:181) Processed 130 utterances
VLOG[2] (compute-mfcc-feats[5.5.883~1-3eea3]:main():compute-mfcc-feats.cc:182) Processed features for key sp0.9-SWH-05-20101106_16k-emission_swahili_05h30_-_06h00_tu_20101106_part113
sox WARN wav: Length in output .wav header will be wrong since can't seek to fix it
VLOG[1] (compute-mfcc-feats[5.5.883~1-3eea3]:Read():wave-reader.cc:249) Read in RIFF chunk size: 2147479588, data chunk size: 2147479552. Assume 'stream mode' (reading data to EOF).
VLOG[2] (compute-mfcc-feats[5.5.883~1-3eea3]:main():compute-mfcc-feats.cc:182) Processed features for key sp0.9-SWH-05-20101106_16k-emission_swahili_05h30_-_06h00_tu_20101106_part114
sox WARN wav: Length in output .wav header will be wrong since can't seek to fix it
VLOG[1] (compute-mfcc-feats[5.5.883~1-3eea3]:Read():wave-reader.cc:249) Read in RIFF chunk size: 2147479588, data chunk size: 2147479552. Assume 'stream mode' (reading data to EOF).
VLOG[2] (compute-mfcc-feats[5.5.883~1-3eea3]:main():compute-mfcc-feats.cc:182) Processed features for key sp0.9-SWH-05-20101106_16k-emission_swahili_05h30_-_06h00_tu_20101106_part115
sox WARN wav: Length in output .wav header will be wrong since can't seek to fix it
VLOG[1] (compute-mfcc-feats[5.5.883~1-3eea3]:Read():wave-reader.cc:249) Read in RIFF chunk size: 2147479588, data chunk size: 2147479552. Assume 'stream mode' (reading data to EOF).
VLOG[2] (compute-mfcc-feats[5.5.883~1-3eea3]:main():compute-mfcc-feats.cc:182) Processed features for key sp0.9-SWH-05-20101106_16k-emission_swahili_05h30_-_06h00_tu_20101106_part116
sox WARN wav: Length in output .wav header will be wrong since can't seek to fix it
VLOG[1] (compute-mfcc-feats[5.5.883~1-3eea3]:Read():wave-reader.cc:249) Read in RIFF chunk size: 2147479588, data chunk size: 2147479552. Assume 'stream mode' (reading data to EOF).
VLOG[2] (compute-mfcc-feats[5.5.883~1-3eea3]:main():compute-mfcc-feats.cc:182) Processed features for key sp0.9-SWH-05-20101106_16k-emission_swahili_05h30_-_06h00_tu_20101106_part117
sox WARN wav: Length in output .wav header will be wrong since can't seek to fix it
VLOG[1] (compute-mfcc-feats[5.5.883~1-3eea3]:Read():wave-reader.cc:249) Read in RIFF chunk size: 2147479588, data chunk size: 2147479552. Assume 'stream mode' (reading data to EOF).
VLOG[2] (compute-mfcc-feats[5.5.883~1-3eea3]:main():compute-mfcc-feats.cc:182) Processed features for key sp0.9-SWH-05-20101106_16k-emission_swahili_05h30_-_06h00_tu_20101106_part118
sox WARN wav: Length in output .wav header will be wrong since can't seek to fix it
VLOG[1] (compute-mfcc-feats[5.5.883~1-3eea3]:Read():wave-reader.cc:249) Read in RIFF chunk size: 2147479588, data chunk size: 2147479552. Assume 'stream mode' (reading data to EOF).
VLOG[2] (compute-mfcc-feats[5.5.883~1-3eea3]:main():compute-mfcc-feats.cc:182) Processed features for key sp0.9-SWH-05-20101106_16k-emission_swahili_05h30_-_06h00_tu_20101106_part119
sox WARN wav: Length in output .wav header will be wrong since can't seek to fix it
VLOG[1] (compute-mfcc-feats[5.5.883~1-3eea3]:Read():wave-reader.cc:249) Read in RIFF chunk size: 2147479588, data chunk size: 2147479552. Assume 'stream mode' (reading data to EOF).
VLOG[2] (compute-mfcc-feats[5.5.883~1-3eea3]:main():compute-mfcc-feats.cc:182) Processed features for key sp0.9-SWH-05-20101106_16k-emission_swahili_05h30_-_06h00_tu_20101106_part12
sox WARN wav: Length in output .wav header will be wrong since can't seek to fix it
VLOG[1] (compute-mfcc-feats[5.5.883~1-3eea3]:Read():wave-reader.cc:249) Read in RIFF chunk size: 2147479588, data chunk size: 2147479552. Assume 'stream mode' (reading data to EOF).
VLOG[2] (compute-mfcc-feats[5.5.883~1-3eea3]:main():compute-mfcc-feats.cc:182) Processed features for key sp0.9-SWH-05-20101106_16k-emission_swahili_05h30_-_06h00_tu_20101106_part120
sox WARN wav: Length in output .wav header will be wrong since can't seek to fix it
VLOG[1] (compute-mfcc-feats[5.5.883~1-3eea3]:Read():wave-reader.cc:249) Read in RIFF chunk size: 2147479588, data chunk size: 2147479552. Assume 'stream mode' (reading data to EOF).
VLOG[2] (compute-mfcc-feats[5.5.883~1-3eea3]:main():compute-mfcc-feats.cc:182) Processed features for key sp0.9-SWH-05-20101106_16k-emission_swahili_05h30_-_06h00_tu_20101106_part121
sox WARN wav: Length in output .wav header will be wrong since can't seek to fix it
VLOG[1] (compute-mfcc-feats[5.5.883~1-3eea3]:Read():wave-reader.cc:249) Read in RIFF chunk size: 2147479588, data chunk size: 2147479552. Assume 'stream mode' (reading data to EOF).
LOG (compute-mfcc-feats[5.5.883~1-3eea3]:main():compute-mfcc-feats.cc:181) Processed 140 utterances
VLOG[2] (compute-mfcc-feats[5.5.883~1-3eea3]:main():compute-mfcc-feats.cc:182) Processed features for key sp0.9-SWH-05-20101106_16k-emission_swahili_05h30_-_06h00_tu_20101106_part122
sox WARN wav: Length in output .wav header will be wrong since can't seek to fix it
VLOG[1] (compute-mfcc-feats[5.5.883~1-3eea3]:Read():wave-reader.cc:249) Read in RIFF chunk size: 2147479588, data chunk size: 2147479552. Assume 'stream mode' (reading data to EOF).
VLOG[2] (compute-mfcc-feats[5.5.883~1-3eea3]:main():compute-mfcc-feats.cc:182) Processed features for key sp0.9-SWH-05-20101106_16k-emission_swahili_05h30_-_06h00_tu_20101106_part123
sox WARN wav: Length in output .wav header will be wrong since can't seek to fix it
VLOG[1] (compute-mfcc-feats[5.5.883~1-3eea3]:Read():wave-reader.cc:249) Read in RIFF chunk size: 2147479588, data chunk size: 2147479552. Assume 'stream mode' (reading data to EOF).
VLOG[2] (compute-mfcc-feats[5.5.883~1-3eea3]:main():compute-mfcc-feats.cc:182) Processed features for key sp0.9-SWH-05-20101106_16k-emission_swahili_05h30_-_06h00_tu_20101106_part124
sox WARN wav: Length in output .wav header will be wrong since can't seek to fix it
VLOG[1] (compute-mfcc-feats[5.5.883~1-3eea3]:Read():wave-reader.cc:249) Read in RIFF chunk size: 2147479588, data chunk size: 2147479552. Assume 'stream mode' (reading data to EOF).
VLOG[2] (compute-mfcc-feats[5.5.883~1-3eea3]:main():compute-mfcc-feats.cc:182) Processed features for key sp0.9-SWH-05-20101106_16k-emission_swahili_05h30_-_06h00_tu_20101106_part125
sox WARN wav: Length in output .wav header will be wrong since can't seek to fix it
VLOG[1] (compute-mfcc-feats[5.5.883~1-3eea3]:Read():wave-reader.cc:249) Read in RIFF chunk size: 2147479588, data chunk size: 2147479552. Assume 'stream mode' (reading data to EOF).
VLOG[2] (compute-mfcc-feats[5.5.883~1-3eea3]:main():compute-mfcc-feats.cc:182) Processed features for key sp0.9-SWH-05-20101106_16k-emission_swahili_05h30_-_06h00_tu_20101106_part126
sox WARN wav: Length in output .wav header will be wrong since can't seek to fix it
VLOG[1] (compute-mfcc-feats[5.5.883~1-3eea3]:Read():wave-reader.cc:249) Read in RIFF chunk size: 2147479588, data chunk size: 2147479552. Assume 'stream mode' (reading data to EOF).
VLOG[2] (compute-mfcc-feats[5.5.883~1-3eea3]:main():compute-mfcc-feats.cc:182) Processed features for key sp0.9-SWH-05-20101106_16k-emission_swahili_05h30_-_06h00_tu_20101106_part127
sox WARN wav: Length in output .wav header will be wrong since can't seek to fix it
VLOG[1] (compute-mfcc-feats[5.5.883~1-3eea3]:Read():wave-reader.cc:249) Read in RIFF chunk size: 2147479588, data chunk size: 2147479552. Assume 'stream mode' (reading data to EOF).
VLOG[2] (compute-mfcc-feats[5.5.883~1-3eea3]:main():compute-mfcc-feats.cc:182) Processed features for key sp0.9-SWH-05-20101106_16k-emission_swahili_05h30_-_06h00_tu_20101106_part128
sox WARN wav: Length in output .wav header will be wrong since can't seek to fix it
VLOG[1] (compute-mfcc-feats[5.5.883~1-3eea3]:Read():wave-reader.cc:249) Read in RIFF chunk size: 2147479588, data chunk size: 2147479552. Assume 'stream mode' (reading data to EOF).
VLOG[2] (compute-mfcc-feats[5.5.883~1-3eea3]:main():compute-mfcc-feats.cc:182) Processed features for key sp0.9-SWH-05-20101106_16k-emission_swahili_05h30_-_06h00_tu_20101106_part129
sox WARN wav: Length in output .wav header will be wrong since can't seek to fix it
VLOG[1] (compute-mfcc-feats[5.5.883~1-3eea3]:Read():wave-reader.cc:249) Read in RIFF chunk size: 2147479588, data chunk size: 2147479552. Assume 'stream mode' (reading data to EOF).
VLOG[2] (compute-mfcc-feats[5.5.883~1-3eea3]:main():compute-mfcc-feats.cc:182) Processed features for key sp0.9-SWH-05-20101106_16k-emission_swahili_05h30_-_06h00_tu_20101106_part13
sox WARN wav: Length in output .wav header will be wrong since can't seek to fix it
VLOG[1] (compute-mfcc-feats[5.5.883~1-3eea3]:Read():wave-reader.cc:249) Read in RIFF chunk size: 2147479588, data chunk size: 2147479552. Assume 'stream mode' (reading data to EOF).
VLOG[2] (compute-mfcc-feats[5.5.883~1-3eea3]:main():compute-mfcc-feats.cc:182) Processed features for key sp0.9-SWH-05-20101106_16k-emission_swahili_05h30_-_06h00_tu_20101106_part130
sox WARN wav: Length in output .wav header will be wrong since can't seek to fix it
VLOG[1] (compute-mfcc-feats[5.5.883~1-3eea3]:Read():wave-reader.cc:249) Read in RIFF chunk size: 2147479588, data chunk size: 2147479552. Assume 'stream mode' (reading data to EOF).
LOG (compute-mfcc-feats[5.5.883~1-3eea3]:main():compute-mfcc-feats.cc:181) Processed 150 utterances
VLOG[2] (compute-mfcc-feats[5.5.883~1-3eea3]:main():compute-mfcc-feats.cc:182) Processed features for key sp0.9-SWH-05-20101106_16k-emission_swahili_05h30_-_06h00_tu_20101106_part131
sox WARN wav: Length in output .wav header will be wrong since can't seek to fix it
VLOG[1] (compute-mfcc-feats[5.5.883~1-3eea3]:Read():wave-reader.cc:249) Read in RIFF chunk size: 2147479588, data chunk size: 2147479552. Assume 'stream mode' (reading data to EOF).
VLOG[2] (compute-mfcc-feats[5.5.883~1-3eea3]:main():compute-mfcc-feats.cc:182) Processed features for key sp0.9-SWH-05-20101106_16k-emission_swahili_05h30_-_06h00_tu_20101106_part132
sox WARN wav: Length in output .wav header will be wrong since can't seek to fix it
VLOG[1] (compute-mfcc-feats[5.5.883~1-3eea3]:Read():wave-reader.cc:249) Read in RIFF chunk size: 2147479588, data chunk size: 2147479552. Assume 'stream mode' (reading data to EOF).
VLOG[2] (compute-mfcc-feats[5.5.883~1-3eea3]:main():compute-mfcc-feats.cc:182) Processed features for key sp0.9-SWH-05-20101106_16k-emission_swahili_05h30_-_06h00_tu_20101106_part133
sox WARN wav: Length in output .wav header will be wrong since can't seek to fix it
VLOG[1] (compute-mfcc-feats[5.5.883~1-3eea3]:Read():wave-reader.cc:249) Read in RIFF chunk size: 2147479588, data chunk size: 2147479552. Assume 'stream mode' (reading data to EOF).
VLOG[2] (compute-mfcc-feats[5.5.883~1-3eea3]:main():compute-mfcc-feats.cc:182) Processed features for key sp0.9-SWH-05-20101106_16k-emission_swahili_05h30_-_06h00_tu_20101106_part134
sox WARN wav: Length in output .wav header will be wrong since can't seek to fix it
VLOG[1] (compute-mfcc-feats[5.5.883~1-3eea3]:Read():wave-reader.cc:249) Read in RIFF chunk size: 2147479588, data chunk size: 2147479552. Assume 'stream mode' (reading data to EOF).
VLOG[2] (compute-mfcc-feats[5.5.883~1-3eea3]:main():compute-mfcc-feats.cc:182) Processed features for key sp0.9-SWH-05-20101106_16k-emission_swahili_05h30_-_06h00_tu_20101106_part135
sox WARN wav: Length in output .wav header will be wrong since can't seek to fix it
VLOG[1] (compute-mfcc-feats[5.5.883~1-3eea3]:Read():wave-reader.cc:249) Read in RIFF chunk size: 2147479588, data chunk size: 2147479552. Assume 'stream mode' (reading data to EOF).
VLOG[2] (compute-mfcc-feats[5.5.883~1-3eea3]:main():compute-mfcc-feats.cc:182) Processed features for key sp0.9-SWH-05-20101106_16k-emission_swahili_05h30_-_06h00_tu_20101106_part136
sox WARN wav: Length in output .wav header will be wrong since can't seek to fix it
VLOG[1] (compute-mfcc-feats[5.5.883~1-3eea3]:Read():wave-reader.cc:249) Read in RIFF chunk size: 2147479588, data chunk size: 2147479552. Assume 'stream mode' (reading data to EOF).
VLOG[2] (compute-mfcc-feats[5.5.883~1-3eea3]:main():compute-mfcc-feats.cc:182) Processed features for key sp0.9-SWH-05-20101106_16k-emission_swahili_05h30_-_06h00_tu_20101106_part137
sox WARN wav: Length in output .wav header will be wrong since can't seek to fix it
VLOG[1] (compute-mfcc-feats[5.5.883~1-3eea3]:Read():wave-reader.cc:249) Read in RIFF chunk size: 2147479588, data chunk size: 2147479552. Assume 'stream mode' (reading data to EOF).
VLOG[2] (compute-mfcc-feats[5.5.883~1-3eea3]:main():compute-mfcc-feats.cc:182) Processed features for key sp0.9-SWH-05-20101106_16k-emission_swahili_05h30_-_06h00_tu_20101106_part138
sox WARN wav: Length in output .wav header will be wrong since can't seek to fix it
VLOG[1] (compute-mfcc-feats[5.5.883~1-3eea3]:Read():wave-reader.cc:249) Read in RIFF chunk size: 2147479588, data chunk size: 2147479552. Assume 'stream mode' (reading data to EOF).
VLOG[2] (compute-mfcc-feats[5.5.883~1-3eea3]:main():compute-mfcc-feats.cc:182) Processed features for key sp0.9-SWH-05-20101106_16k-emission_swahili_05h30_-_06h00_tu_20101106_part139
sox WARN wav: Length in output .wav header will be wrong since can't seek to fix it
VLOG[1] (compute-mfcc-feats[5.5.883~1-3eea3]:Read():wave-reader.cc:249) Read in RIFF chunk size: 2147479588, data chunk size: 2147479552. Assume 'stream mode' (reading data to EOF).
VLOG[2] (compute-mfcc-feats[5.5.883~1-3eea3]:main():compute-mfcc-feats.cc:182) Processed features for key sp0.9-SWH-05-20101106_16k-emission_swahili_05h30_-_06h00_tu_20101106_part14
sox WARN wav: Length in output .wav header will be wrong since can't seek to fix it
VLOG[1] (compute-mfcc-feats[5.5.883~1-3eea3]:Read():wave-reader.cc:249) Read in RIFF chunk size: 2147479588, data chunk size: 2147479552. Assume 'stream mode' (reading data to EOF).
LOG (compute-mfcc-feats[5.5.883~1-3eea3]:main():compute-mfcc-feats.cc:181) Processed 160 utterances
VLOG[2] (compute-mfcc-feats[5.5.883~1-3eea3]:main():compute-mfcc-feats.cc:182) Processed features for key sp0.9-SWH-05-20101106_16k-emission_swahili_05h30_-_06h00_tu_20101106_part140
sox WARN wav: Length in output .wav header will be wrong since can't seek to fix it
VLOG[1] (compute-mfcc-feats[5.5.883~1-3eea3]:Read():wave-reader.cc:249) Read in RIFF chunk size: 2147479588, data chunk size: 2147479552. Assume 'stream mode' (reading data to EOF).
VLOG[2] (compute-mfcc-feats[5.5.883~1-3eea3]:main():compute-mfcc-feats.cc:182) Processed features for key sp0.9-SWH-05-20101106_16k-emission_swahili_05h30_-_06h00_tu_20101106_part141
sox WARN wav: Length in output .wav header will be wrong since can't seek to fix it
VLOG[1] (compute-mfcc-feats[5.5.883~1-3eea3]:Read():wave-reader.cc:249) Read in RIFF chunk size: 2147479588, data chunk size: 2147479552. Assume 'stream mode' (reading data to EOF).
VLOG[2] (compute-mfcc-feats[5.5.883~1-3eea3]:main():compute-mfcc-feats.cc:182) Processed features for key sp0.9-SWH-05-20101106_16k-emission_swahili_05h30_-_06h00_tu_20101106_part142
sox WARN wav: Length in output .wav header will be wrong since can't seek to fix it
VLOG[1] (compute-mfcc-feats[5.5.883~1-3eea3]:Read():wave-reader.cc:249) Read in RIFF chunk size: 2147479588, data chunk size: 2147479552. Assume 'stream mode' (reading data to EOF).
VLOG[2] (compute-mfcc-feats[5.5.883~1-3eea3]:main():compute-mfcc-feats.cc:182) Processed features for key sp0.9-SWH-05-20101106_16k-emission_swahili_05h30_-_06h00_tu_20101106_part144
sox WARN wav: Length in output .wav header will be wrong since can't seek to fix it
VLOG[1] (compute-mfcc-feats[5.5.883~1-3eea3]:Read():wave-reader.cc:249) Read in RIFF chunk size: 2147479588, data chunk size: 2147479552. Assume 'stream mode' (reading data to EOF).
VLOG[2] (compute-mfcc-feats[5.5.883~1-3eea3]:main():compute-mfcc-feats.cc:182) Processed features for key sp0.9-SWH-05-20101106_16k-emission_swahili_05h30_-_06h00_tu_20101106_part145
sox WARN wav: Length in output .wav header will be wrong since can't seek to fix it
VLOG[1] (compute-mfcc-feats[5.5.883~1-3eea3]:Read():wave-reader.cc:249) Read in RIFF chunk size: 2147479588, data chunk size: 2147479552. Assume 'stream mode' (reading data to EOF).
VLOG[2] (compute-mfcc-feats[5.5.883~1-3eea3]:main():compute-mfcc-feats.cc:182) Processed features for key sp0.9-SWH-05-20101106_16k-emission_swahili_05h30_-_06h00_tu_20101106_part146
sox WARN wav: Length in output .wav header will be wrong since can't seek to fix it
VLOG[1] (compute-mfcc-feats[5.5.883~1-3eea3]:Read():wave-reader.cc:249) Read in RIFF chunk size: 2147479588, data chunk size: 2147479552. Assume 'stream mode' (reading data to EOF).
VLOG[2] (compute-mfcc-feats[5.5.883~1-3eea3]:main():compute-mfcc-feats.cc:182) Processed features for key sp0.9-SWH-05-20101106_16k-emission_swahili_05h30_-_06h00_tu_20101106_part147
sox WARN wav: Length in output .wav header will be wrong since can't seek to fix it
VLOG[1] (compute-mfcc-feats[5.5.883~1-3eea3]:Read():wave-reader.cc:249) Read in RIFF chunk size: 2147479588, data chunk size: 2147479552. Assume 'stream mode' (reading data to EOF).
VLOG[2] (compute-mfcc-feats[5.5.883~1-3eea3]:main():compute-mfcc-feats.cc:182) Processed features for key sp0.9-SWH-05-20101106_16k-emission_swahili_05h30_-_06h00_tu_20101106_part148
sox WARN wav: Length in output .wav header will be wrong since can't seek to fix it
VLOG[1] (compute-mfcc-feats[5.5.883~1-3eea3]:Read():wave-reader.cc:249) Read in RIFF chunk size: 2147479588, data chunk size: 2147479552. Assume 'stream mode' (reading data to EOF).
VLOG[2] (compute-mfcc-feats[5.5.883~1-3eea3]:main():compute-mfcc-feats.cc:182) Processed features for key sp0.9-SWH-05-20101106_16k-emission_swahili_05h30_-_06h00_tu_20101106_part149
sox WARN wav: Length in output .wav header will be wrong since can't seek to fix it
VLOG[1] (compute-mfcc-feats[5.5.883~1-3eea3]:Read():wave-reader.cc:249) Read in RIFF chunk size: 2147479588, data chunk size: 2147479552. Assume 'stream mode' (reading data to EOF).
VLOG[2] (compute-mfcc-feats[5.5.883~1-3eea3]:main():compute-mfcc-feats.cc:182) Processed features for key sp0.9-SWH-05-20101106_16k-emission_swahili_05h30_-_06h00_tu_20101106_part15
sox WARN wav: Length in output .wav header will be wrong since can't seek to fix it
VLOG[1] (compute-mfcc-feats[5.5.883~1-3eea3]:Read():wave-reader.cc:249) Read in RIFF chunk size: 2147479588, data chunk size: 2147479552. Assume 'stream mode' (reading data to EOF).
LOG (compute-mfcc-feats[5.5.883~1-3eea3]:main():compute-mfcc-feats.cc:181) Processed 170 utterances
VLOG[2] (compute-mfcc-feats[5.5.883~1-3eea3]:main():compute-mfcc-feats.cc:182) Processed features for key sp0.9-SWH-05-20101106_16k-emission_swahili_05h30_-_06h00_tu_20101106_part150
sox WARN wav: Length in output .wav header will be wrong since can't seek to fix it
VLOG[1] (compute-mfcc-feats[5.5.883~1-3eea3]:Read():wave-reader.cc:249) Read in RIFF chunk size: 2147479588, data chunk size: 2147479552. Assume 'stream mode' (reading data to EOF).
VLOG[2] (compute-mfcc-feats[5.5.883~1-3eea3]:main():compute-mfcc-feats.cc:182) Processed features for key sp0.9-SWH-05-20101106_16k-emission_swahili_05h30_-_06h00_tu_20101106_part151
sox WARN wav: Length in output .wav header will be wrong since can't seek to fix it
VLOG[1] (compute-mfcc-feats[5.5.883~1-3eea3]:Read():wave-reader.cc:249) Read in RIFF chunk size: 2147479588, data chunk size: 2147479552. Assume 'stream mode' (reading data to EOF).
VLOG[2] (compute-mfcc-feats[5.5.883~1-3eea3]:main():compute-mfcc-feats.cc:182) Processed features for key sp0.9-SWH-05-20101106_16k-emission_swahili_05h30_-_06h00_tu_20101106_part152
LOG (compute-mfcc-feats[5.5.883~1-3eea3]:main():compute-mfcc-feats.cc:185)  Done 172 out of 172 utterances.
LOG (copy-feats[5.5.883~1-3eea3]:main():copy-feats.cc:143) Copied 172 feature matrices.
# Accounting: time=3 threads=1
# Ended (code 0) at Mon Feb 15 00:32:55 IST 2021, elapsed time 3 seconds
