# gmm-acc-stats-ali exp/tri1/21.mdl "ark,s,cs:apply-cmvn  --utt2spk=ark:data/train_sp3/split4/1/utt2spk scp:data/train_sp3/split4/1/cmvn.scp scp:data/train_sp3/split4/1/feats.scp ark:- | add-deltas  ark:- ark:- |" "ark,s,cs:gunzip -c exp/tri1/ali.1.gz|" exp/tri1/21.1.acc 
# Started at Mon Feb 15 00:41:13 IST 2021
#
gmm-acc-stats-ali exp/tri1/21.mdl 'ark,s,cs:apply-cmvn  --utt2spk=ark:data/train_sp3/split4/1/utt2spk scp:data/train_sp3/split4/1/cmvn.scp scp:data/train_sp3/split4/1/feats.scp ark:- | add-deltas  ark:- ark:- |' 'ark,s,cs:gunzip -c exp/tri1/ali.1.gz|' exp/tri1/21.1.acc 
apply-cmvn --utt2spk=ark:data/train_sp3/split4/1/utt2spk scp:data/train_sp3/split4/1/cmvn.scp scp:data/train_sp3/split4/1/feats.scp ark:- 
add-deltas ark:- ark:- 
LOG (gmm-acc-stats-ali[5.5.883~1-3eea3]:main():gmm-acc-stats-ali.cc:105) Processed 50 utterances; for utterance SWH-05-20101106_16k-emission_swahili_05h30_-_06h00_tu_20101106_part145 avg. like is -91.4604 over 348 frames.
LOG (gmm-acc-stats-ali[5.5.883~1-3eea3]:main():gmm-acc-stats-ali.cc:105) Processed 100 utterances; for utterance SWH-05-20101106_16k-emission_swahili_05h30_-_06h00_tu_20101106_part190 avg. like is -101.136 over 362 frames.
WARNING (gmm-acc-stats-ali[5.5.883~1-3eea3]:main():gmm-acc-stats-ali.cc:79) No alignment for utterance SWH-05-20101106_16k-emission_swahili_05h30_-_06h00_tu_20101106_part193
LOG (gmm-acc-stats-ali[5.5.883~1-3eea3]:main():gmm-acc-stats-ali.cc:105) Processed 150 utterances; for utterance SWH-05-20101106_16k-emission_swahili_05h30_-_06h00_tu_20101106_part5 avg. like is -94.93 over 414 frames.
LOG (gmm-acc-stats-ali[5.5.883~1-3eea3]:main():gmm-acc-stats-ali.cc:105) Processed 200 utterances; for utterance SWH-05-20101106_16k-emission_swahili_05h30_-_06h00_tu_20101106_part95 avg. like is -99.0068 over 230 frames.
WARNING (gmm-acc-stats-ali[5.5.883~1-3eea3]:main():gmm-acc-stats-ali.cc:79) No alignment for utterance SWH-05-20101107_16k-emission_swahili_05h30_-_06h00_tu_20101107_part120
LOG (gmm-acc-stats-ali[5.5.883~1-3eea3]:main():gmm-acc-stats-ali.cc:105) Processed 250 utterances; for utterance SWH-05-20101107_16k-emission_swahili_05h30_-_06h00_tu_20101107_part141 avg. like is -104.29 over 334 frames.
LOG (gmm-acc-stats-ali[5.5.883~1-3eea3]:main():gmm-acc-stats-ali.cc:105) Processed 300 utterances; for utterance SWH-05-20101107_16k-emission_swahili_05h30_-_06h00_tu_20101107_part187 avg. like is -99.7611 over 487 frames.
LOG (gmm-acc-stats-ali[5.5.883~1-3eea3]:main():gmm-acc-stats-ali.cc:105) Processed 350 utterances; for utterance SWH-05-20101107_16k-emission_swahili_05h30_-_06h00_tu_20101107_part36 avg. like is -101.029 over 219 frames.
LOG (gmm-acc-stats-ali[5.5.883~1-3eea3]:main():gmm-acc-stats-ali.cc:105) Processed 400 utterances; for utterance SWH-05-20101107_16k-emission_swahili_05h30_-_06h00_tu_20101107_part81 avg. like is -101.649 over 280 frames.
WARNING (gmm-acc-stats-ali[5.5.883~1-3eea3]:main():gmm-acc-stats-ali.cc:79) No alignment for utterance SWH-05-20101107_16k-emission_swahili_05h30_-_06h00_tu_20101107_part82
LOG (gmm-acc-stats-ali[5.5.883~1-3eea3]:main():gmm-acc-stats-ali.cc:105) Processed 450 utterances; for utterance SWH-05-20101109_emission_swahili_05h30_-_06h00_tu_20101109_part127 avg. like is -107.82 over 266 frames.
LOG (gmm-acc-stats-ali[5.5.883~1-3eea3]:main():gmm-acc-stats-ali.cc:105) Processed 500 utterances; for utterance SWH-05-20101109_emission_swahili_05h30_-_06h00_tu_20101109_part172 avg. like is -106.497 over 351 frames.
LOG (gmm-acc-stats-ali[5.5.883~1-3eea3]:main():gmm-acc-stats-ali.cc:105) Processed 550 utterances; for utterance SWH-05-20101109_emission_swahili_05h30_-_06h00_tu_20101109_part217 avg. like is -97.6924 over 371 frames.
LOG (gmm-acc-stats-ali[5.5.883~1-3eea3]:main():gmm-acc-stats-ali.cc:105) Processed 600 utterances; for utterance SWH-05-20101109_emission_swahili_05h30_-_06h00_tu_20101109_part53 avg. like is -99.5501 over 319 frames.
WARNING (gmm-acc-stats-ali[5.5.883~1-3eea3]:main():gmm-acc-stats-ali.cc:79) No alignment for utterance SWH-05-20101109_emission_swahili_05h30_-_06h00_tu_20101109_part94
LOG (apply-cmvn[5.5.883~1-3eea3]:main():apply-cmvn.cc:162) Applied cepstral mean normalization to 653 utterances, errors on 0
LOG (gmm-acc-stats-ali[5.5.883~1-3eea3]:main():gmm-acc-stats-ali.cc:112) Done 649 files, 4 with errors.
LOG (gmm-acc-stats-ali[5.5.883~1-3eea3]:main():gmm-acc-stats-ali.cc:115) Overall avg like per frame (Gaussian only) = -100.225 over 226799 frames.
LOG (gmm-acc-stats-ali[5.5.883~1-3eea3]:main():gmm-acc-stats-ali.cc:123) Written accs.
# Accounting: time=2 threads=1
# Ended (code 0) at Mon Feb 15 00:41:15 IST 2021, elapsed time 2 seconds
