# gmm-acc-stats-ali exp/tri1/14.mdl "ark,s,cs:apply-cmvn  --utt2spk=ark:data/train_sp3/split4/2/utt2spk scp:data/train_sp3/split4/2/cmvn.scp scp:data/train_sp3/split4/2/feats.scp ark:- | add-deltas  ark:- ark:- |" "ark,s,cs:gunzip -c exp/tri1/ali.2.gz|" exp/tri1/14.2.acc 
# Started at Mon Feb 15 00:40:39 IST 2021
#
gmm-acc-stats-ali exp/tri1/14.mdl 'ark,s,cs:apply-cmvn  --utt2spk=ark:data/train_sp3/split4/2/utt2spk scp:data/train_sp3/split4/2/cmvn.scp scp:data/train_sp3/split4/2/feats.scp ark:- | add-deltas  ark:- ark:- |' 'ark,s,cs:gunzip -c exp/tri1/ali.2.gz|' exp/tri1/14.2.acc 
apply-cmvn --utt2spk=ark:data/train_sp3/split4/2/utt2spk scp:data/train_sp3/split4/2/cmvn.scp scp:data/train_sp3/split4/2/feats.scp ark:- 
add-deltas ark:- ark:- 
LOG (gmm-acc-stats-ali[5.5.883~1-3eea3]:main():gmm-acc-stats-ali.cc:105) Processed 50 utterances; for utterance SWH-05-20101110_16k-emission_swahili_15h00_-_16h00_tu_20101110_part144 avg. like is -97.8609 over 531 frames.
LOG (gmm-acc-stats-ali[5.5.883~1-3eea3]:main():gmm-acc-stats-ali.cc:105) Processed 100 utterances; for utterance SWH-05-20101110_16k-emission_swahili_15h00_-_16h00_tu_20101110_part19 avg. like is -101.771 over 280 frames.
LOG (gmm-acc-stats-ali[5.5.883~1-3eea3]:main():gmm-acc-stats-ali.cc:105) Processed 150 utterances; for utterance SWH-05-20101110_16k-emission_swahili_15h00_-_16h00_tu_20101110_part234 avg. like is -98.1346 over 567 frames.
LOG (gmm-acc-stats-ali[5.5.883~1-3eea3]:main():gmm-acc-stats-ali.cc:105) Processed 200 utterances; for utterance SWH-05-20101110_16k-emission_swahili_15h00_-_16h00_tu_20101110_part28 avg. like is -100.295 over 262 frames.
LOG (gmm-acc-stats-ali[5.5.883~1-3eea3]:main():gmm-acc-stats-ali.cc:105) Processed 250 utterances; for utterance SWH-05-20101110_16k-emission_swahili_15h00_-_16h00_tu_20101110_part324 avg. like is -104.72 over 334 frames.
LOG (gmm-acc-stats-ali[5.5.883~1-3eea3]:main():gmm-acc-stats-ali.cc:105) Processed 300 utterances; for utterance SWH-05-20101110_16k-emission_swahili_15h00_-_16h00_tu_20101110_part37 avg. like is -99.3001 over 256 frames.
LOG (gmm-acc-stats-ali[5.5.883~1-3eea3]:main():gmm-acc-stats-ali.cc:105) Processed 350 utterances; for utterance SWH-05-20101110_16k-emission_swahili_15h00_-_16h00_tu_20101110_part414 avg. like is -105.577 over 466 frames.
WARNING (gmm-acc-stats-ali[5.5.883~1-3eea3]:main():gmm-acc-stats-ali.cc:79) No alignment for utterance SWH-05-20101110_16k-emission_swahili_15h00_-_16h00_tu_20101110_part435
WARNING (gmm-acc-stats-ali[5.5.883~1-3eea3]:main():gmm-acc-stats-ali.cc:79) No alignment for utterance SWH-05-20101110_16k-emission_swahili_15h00_-_16h00_tu_20101110_part450
LOG (gmm-acc-stats-ali[5.5.883~1-3eea3]:main():gmm-acc-stats-ali.cc:105) Processed 400 utterances; for utterance SWH-05-20101110_16k-emission_swahili_15h00_-_16h00_tu_20101110_part461 avg. like is -107.759 over 333 frames.
LOG (gmm-acc-stats-ali[5.5.883~1-3eea3]:main():gmm-acc-stats-ali.cc:105) Processed 450 utterances; for utterance SWH-05-20101110_16k-emission_swahili_15h00_-_16h00_tu_20101110_part60 avg. like is -100.58 over 299 frames.
LOG (gmm-acc-stats-ali[5.5.883~1-3eea3]:main():gmm-acc-stats-ali.cc:105) Processed 500 utterances; for utterance sp0.9-SWH-05-20101106_16k-emission_swahili_05h30_-_06h00_tu_20101106_part106 avg. like is -100.753 over 274 frames.
LOG (gmm-acc-stats-ali[5.5.883~1-3eea3]:main():gmm-acc-stats-ali.cc:105) Processed 550 utterances; for utterance sp0.9-SWH-05-20101106_16k-emission_swahili_05h30_-_06h00_tu_20101106_part152 avg. like is -106.573 over 524 frames.
WARNING (gmm-acc-stats-ali[5.5.883~1-3eea3]:main():gmm-acc-stats-ali.cc:79) No alignment for utterance sp0.9-SWH-05-20101106_16k-emission_swahili_05h30_-_06h00_tu_20101106_part17
WARNING (gmm-acc-stats-ali[5.5.883~1-3eea3]:main():gmm-acc-stats-ali.cc:79) No alignment for utterance sp0.9-SWH-05-20101106_16k-emission_swahili_05h30_-_06h00_tu_20101106_part18
WARNING (gmm-acc-stats-ali[5.5.883~1-3eea3]:main():gmm-acc-stats-ali.cc:79) No alignment for utterance sp0.9-SWH-05-20101106_16k-emission_swahili_05h30_-_06h00_tu_20101106_part193
LOG (gmm-acc-stats-ali[5.5.883~1-3eea3]:main():gmm-acc-stats-ali.cc:105) Processed 600 utterances; for utterance sp0.9-SWH-05-20101106_16k-emission_swahili_05h30_-_06h00_tu_20101106_part20 avg. like is -109.095 over 471 frames.
LOG (gmm-acc-stats-ali[5.5.883~1-3eea3]:main():gmm-acc-stats-ali.cc:105) Processed 650 utterances; for utterance sp0.9-SWH-05-20101106_16k-emission_swahili_05h30_-_06h00_tu_20101106_part59 avg. like is -101.801 over 340 frames.
LOG (gmm-acc-stats-ali[5.5.883~1-3eea3]:main():gmm-acc-stats-ali.cc:105) Processed 700 utterances; for utterance sp0.9-SWH-05-20101107_16k-emission_swahili_05h30_-_06h00_tu_20101107_part103 avg. like is -98.5336 over 249 frames.
WARNING (gmm-acc-stats-ali[5.5.883~1-3eea3]:main():gmm-acc-stats-ali.cc:79) No alignment for utterance sp0.9-SWH-05-20101107_16k-emission_swahili_05h30_-_06h00_tu_20101107_part120
LOG (gmm-acc-stats-ali[5.5.883~1-3eea3]:main():gmm-acc-stats-ali.cc:105) Processed 750 utterances; for utterance sp0.9-SWH-05-20101107_16k-emission_swahili_05h30_-_06h00_tu_20101107_part150 avg. like is -104.788 over 254 frames.
LOG (gmm-acc-stats-ali[5.5.883~1-3eea3]:main():gmm-acc-stats-ali.cc:105) Processed 800 utterances; for utterance sp0.9-SWH-05-20101107_16k-emission_swahili_05h30_-_06h00_tu_20101107_part196 avg. like is -104.827 over 478 frames.
LOG (gmm-acc-stats-ali[5.5.883~1-3eea3]:main():gmm-acc-stats-ali.cc:105) Processed 850 utterances; for utterance sp0.9-SWH-05-20101107_16k-emission_swahili_05h30_-_06h00_tu_20101107_part45 avg. like is -101.435 over 384 frames.
LOG (gmm-acc-stats-ali[5.5.883~1-3eea3]:main():gmm-acc-stats-ali.cc:105) Processed 900 utterances; for utterance sp0.9-SWH-05-20101107_16k-emission_swahili_05h30_-_06h00_tu_20101107_part90 avg. like is -105.858 over 241 frames.
LOG (apply-cmvn[5.5.883~1-3eea3]:main():apply-cmvn.cc:162) Applied cepstral mean normalization to 915 utterances, errors on 0
LOG (gmm-acc-stats-ali[5.5.883~1-3eea3]:main():gmm-acc-stats-ali.cc:112) Done 909 files, 6 with errors.
LOG (gmm-acc-stats-ali[5.5.883~1-3eea3]:main():gmm-acc-stats-ali.cc:115) Overall avg like per frame (Gaussian only) = -101.532 over 329226 frames.
LOG (gmm-acc-stats-ali[5.5.883~1-3eea3]:main():gmm-acc-stats-ali.cc:123) Written accs.
# Accounting: time=2 threads=1
# Ended (code 0) at Mon Feb 15 00:40:41 IST 2021, elapsed time 2 seconds
