# gmm-acc-stats-ali exp/tri1/17.mdl "ark,s,cs:apply-cmvn  --utt2spk=ark:data/train_sp3/split4/3/utt2spk scp:data/train_sp3/split4/3/cmvn.scp scp:data/train_sp3/split4/3/feats.scp ark:- | add-deltas  ark:- ark:- |" "ark,s,cs:gunzip -c exp/tri1/ali.3.gz|" exp/tri1/17.3.acc 
# Started at Sat Feb 13 17:53:26 IST 2021
#
gmm-acc-stats-ali exp/tri1/17.mdl 'ark,s,cs:apply-cmvn  --utt2spk=ark:data/train_sp3/split4/3/utt2spk scp:data/train_sp3/split4/3/cmvn.scp scp:data/train_sp3/split4/3/feats.scp ark:- | add-deltas  ark:- ark:- |' 'ark,s,cs:gunzip -c exp/tri1/ali.3.gz|' exp/tri1/17.3.acc 
apply-cmvn --utt2spk=ark:data/train_sp3/split4/3/utt2spk scp:data/train_sp3/split4/3/cmvn.scp scp:data/train_sp3/split4/3/feats.scp ark:- 
add-deltas ark:- ark:- 
LOG (gmm-acc-stats-ali[5.5.883~1-3eea3]:main():gmm-acc-stats-ali.cc:105) Processed 50 utterances; for utterance sp0.9-SWH-05-20101109_emission_swahili_05h30_-_06h00_tu_20101109_part143 avg. like is -95.1277 over 275 frames.
LOG (gmm-acc-stats-ali[5.5.883~1-3eea3]:main():gmm-acc-stats-ali.cc:105) Processed 100 utterances; for utterance sp0.9-SWH-05-20101109_emission_swahili_05h30_-_06h00_tu_20101109_part189 avg. like is -102.561 over 261 frames.
LOG (gmm-acc-stats-ali[5.5.883~1-3eea3]:main():gmm-acc-stats-ali.cc:105) Processed 150 utterances; for utterance sp0.9-SWH-05-20101109_emission_swahili_05h30_-_06h00_tu_20101109_part24 avg. like is -98.6076 over 596 frames.
LOG (gmm-acc-stats-ali[5.5.883~1-3eea3]:main():gmm-acc-stats-ali.cc:105) Processed 200 utterances; for utterance sp0.9-SWH-05-20101109_emission_swahili_05h30_-_06h00_tu_20101109_part7 avg. like is -98.0248 over 277 frames.
LOG (gmm-acc-stats-ali[5.5.883~1-3eea3]:main():gmm-acc-stats-ali.cc:105) Processed 250 utterances; for utterance sp0.9-SWH-05-20101110_16k-emission_swahili_15h00_-_16h00_tu_20101110_part115 avg. like is -93.9123 over 356 frames.
LOG (gmm-acc-stats-ali[5.5.883~1-3eea3]:main():gmm-acc-stats-ali.cc:105) Processed 300 utterances; for utterance sp0.9-SWH-05-20101110_16k-emission_swahili_15h00_-_16h00_tu_20101110_part160 avg. like is -98.6232 over 245 frames.
LOG (gmm-acc-stats-ali[5.5.883~1-3eea3]:main():gmm-acc-stats-ali.cc:105) Processed 350 utterances; for utterance sp0.9-SWH-05-20101110_16k-emission_swahili_15h00_-_16h00_tu_20101110_part205 avg. like is -98.0107 over 284 frames.
LOG (gmm-acc-stats-ali[5.5.883~1-3eea3]:main():gmm-acc-stats-ali.cc:105) Processed 400 utterances; for utterance sp0.9-SWH-05-20101110_16k-emission_swahili_15h00_-_16h00_tu_20101110_part250 avg. like is -95.9352 over 668 frames.
LOG (gmm-acc-stats-ali[5.5.883~1-3eea3]:main():gmm-acc-stats-ali.cc:105) Processed 450 utterances; for utterance sp0.9-SWH-05-20101110_16k-emission_swahili_15h00_-_16h00_tu_20101110_part296 avg. like is -97.9251 over 298 frames.
LOG (gmm-acc-stats-ali[5.5.883~1-3eea3]:main():gmm-acc-stats-ali.cc:105) Processed 500 utterances; for utterance sp0.9-SWH-05-20101110_16k-emission_swahili_15h00_-_16h00_tu_20101110_part340 avg. like is -97.7675 over 282 frames.
LOG (gmm-acc-stats-ali[5.5.883~1-3eea3]:main():gmm-acc-stats-ali.cc:105) Processed 550 utterances; for utterance sp0.9-SWH-05-20101110_16k-emission_swahili_15h00_-_16h00_tu_20101110_part386 avg. like is -98.4292 over 319 frames.
LOG (gmm-acc-stats-ali[5.5.883~1-3eea3]:main():gmm-acc-stats-ali.cc:105) Processed 600 utterances; for utterance sp0.9-SWH-05-20101110_16k-emission_swahili_15h00_-_16h00_tu_20101110_part430 avg. like is -99.8924 over 244 frames.
WARNING (gmm-acc-stats-ali[5.5.883~1-3eea3]:main():gmm-acc-stats-ali.cc:79) No alignment for utterance sp0.9-SWH-05-20101110_16k-emission_swahili_15h00_-_16h00_tu_20101110_part435
LOG (gmm-acc-stats-ali[5.5.883~1-3eea3]:main():gmm-acc-stats-ali.cc:105) Processed 650 utterances; for utterance sp0.9-SWH-05-20101110_16k-emission_swahili_15h00_-_16h00_tu_20101110_part477 avg. like is -98.7892 over 488 frames.
LOG (gmm-acc-stats-ali[5.5.883~1-3eea3]:main():gmm-acc-stats-ali.cc:105) Processed 700 utterances; for utterance sp0.9-SWH-05-20101110_16k-emission_swahili_15h00_-_16h00_tu_20101110_part76 avg. like is -98.2178 over 366 frames.
LOG (gmm-acc-stats-ali[5.5.883~1-3eea3]:main():gmm-acc-stats-ali.cc:105) Processed 750 utterances; for utterance sp1.1-SWH-05-20101106_16k-emission_swahili_05h30_-_06h00_tu_20101106_part121 avg. like is -99.4699 over 309 frames.
LOG (gmm-acc-stats-ali[5.5.883~1-3eea3]:main():gmm-acc-stats-ali.cc:105) Processed 800 utterances; for utterance sp1.1-SWH-05-20101106_16k-emission_swahili_05h30_-_06h00_tu_20101106_part168 avg. like is -99.859 over 257 frames.
WARNING (gmm-acc-stats-ali[5.5.883~1-3eea3]:main():gmm-acc-stats-ali.cc:79) No alignment for utterance sp1.1-SWH-05-20101106_16k-emission_swahili_05h30_-_06h00_tu_20101106_part185
LOG (gmm-acc-stats-ali[5.5.883~1-3eea3]:main():gmm-acc-stats-ali.cc:105) Processed 850 utterances; for utterance sp1.1-SWH-05-20101106_16k-emission_swahili_05h30_-_06h00_tu_20101106_part27 avg. like is -98.6217 over 275 frames.
LOG (gmm-acc-stats-ali[5.5.883~1-3eea3]:main():gmm-acc-stats-ali.cc:105) Processed 900 utterances; for utterance sp1.1-SWH-05-20101106_16k-emission_swahili_05h30_-_06h00_tu_20101106_part72 avg. like is -111.037 over 398 frames.
LOG (apply-cmvn[5.5.883~1-3eea3]:main():apply-cmvn.cc:162) Applied cepstral mean normalization to 931 utterances, errors on 0
LOG (gmm-acc-stats-ali[5.5.883~1-3eea3]:main():gmm-acc-stats-ali.cc:112) Done 929 files, 2 with errors.
LOG (gmm-acc-stats-ali[5.5.883~1-3eea3]:main():gmm-acc-stats-ali.cc:115) Overall avg like per frame (Gaussian only) = -99.558 over 346728 frames.
LOG (gmm-acc-stats-ali[5.5.883~1-3eea3]:main():gmm-acc-stats-ali.cc:123) Written accs.
# Accounting: time=3 threads=1
# Ended (code 0) at Sat Feb 13 17:53:29 IST 2021, elapsed time 3 seconds
