# gmm-align-compiled --transition-scale=1.0 --acoustic-scale=0.1 --self-loop-scale=0.1 --beam=10 --retry-beam=40 --careful=false "gmm-boost-silence --boost=1.25 1 exp/tri1/10.mdl - |" "ark:gunzip -c exp/tri1/fsts.3.gz|" "ark,s,cs:apply-cmvn  --utt2spk=ark:data/train/split4/3/utt2spk scp:data/train/split4/3/cmvn.scp scp:data/train/split4/3/feats.scp ark:- | add-deltas  ark:- ark:- |" "ark:|gzip -c >exp/tri1/ali.3.gz" 
# Started at Mon Feb 15 12:03:26 IST 2021
#
gmm-align-compiled --transition-scale=1.0 --acoustic-scale=0.1 --self-loop-scale=0.1 --beam=10 --retry-beam=40 --careful=false 'gmm-boost-silence --boost=1.25 1 exp/tri1/10.mdl - |' 'ark:gunzip -c exp/tri1/fsts.3.gz|' 'ark,s,cs:apply-cmvn  --utt2spk=ark:data/train/split4/3/utt2spk scp:data/train/split4/3/cmvn.scp scp:data/train/split4/3/feats.scp ark:- | add-deltas  ark:- ark:- |' 'ark:|gzip -c >exp/tri1/ali.3.gz' 
gmm-boost-silence --boost=1.25 1 exp/tri1/10.mdl - 
WARNING (gmm-boost-silence[5.5.883~1-3eea3]:main():gmm-boost-silence.cc:82) The pdfs for the silence phones may be shared by other phones (note: this probably does not matter.)
LOG (gmm-boost-silence[5.5.883~1-3eea3]:main():gmm-boost-silence.cc:93) Boosted weights for 5 pdfs, by factor of 1.25
LOG (gmm-boost-silence[5.5.883~1-3eea3]:main():gmm-boost-silence.cc:103) Wrote model to -
apply-cmvn --utt2spk=ark:data/train/split4/3/utt2spk scp:data/train/split4/3/cmvn.scp scp:data/train/split4/3/feats.scp ark:- 
add-deltas ark:- ark:- 
LOG (gmm-align-compiled[5.5.883~1-3eea3]:main():gmm-align-compiled.cc:127) SWH-05-20101109_emission_swahili_05h30_-_06h00_tu_20101109_part1
LOG (gmm-align-compiled[5.5.883~1-3eea3]:main():gmm-align-compiled.cc:127) SWH-05-20101109_emission_swahili_05h30_-_06h00_tu_20101109_part10
LOG (gmm-align-compiled[5.5.883~1-3eea3]:main():gmm-align-compiled.cc:127) SWH-05-20101109_emission_swahili_05h30_-_06h00_tu_20101109_part100
LOG (gmm-align-compiled[5.5.883~1-3eea3]:main():gmm-align-compiled.cc:127) SWH-05-20101109_emission_swahili_05h30_-_06h00_tu_20101109_part101
LOG (gmm-align-compiled[5.5.883~1-3eea3]:main():gmm-align-compiled.cc:127) SWH-05-20101109_emission_swahili_05h30_-_06h00_tu_20101109_part102
LOG (gmm-align-compiled[5.5.883~1-3eea3]:main():gmm-align-compiled.cc:127) SWH-05-20101109_emission_swahili_05h30_-_06h00_tu_20101109_part103
LOG (gmm-align-compiled[5.5.883~1-3eea3]:main():gmm-align-compiled.cc:127) SWH-05-20101109_emission_swahili_05h30_-_06h00_tu_20101109_part104
LOG (gmm-align-compiled[5.5.883~1-3eea3]:main():gmm-align-compiled.cc:127) SWH-05-20101109_emission_swahili_05h30_-_06h00_tu_20101109_part105
LOG (gmm-align-compiled[5.5.883~1-3eea3]:main():gmm-align-compiled.cc:127) SWH-05-20101109_emission_swahili_05h30_-_06h00_tu_20101109_part106
LOG (gmm-align-compiled[5.5.883~1-3eea3]:main():gmm-align-compiled.cc:127) SWH-05-20101109_emission_swahili_05h30_-_06h00_tu_20101109_part107
LOG (gmm-align-compiled[5.5.883~1-3eea3]:main():gmm-align-compiled.cc:127) SWH-05-20101109_emission_swahili_05h30_-_06h00_tu_20101109_part108
LOG (gmm-align-compiled[5.5.883~1-3eea3]:main():gmm-align-compiled.cc:127) SWH-05-20101109_emission_swahili_05h30_-_06h00_tu_20101109_part109
LOG (gmm-align-compiled[5.5.883~1-3eea3]:main():gmm-align-compiled.cc:127) SWH-05-20101109_emission_swahili_05h30_-_06h00_tu_20101109_part11
LOG (gmm-align-compiled[5.5.883~1-3eea3]:main():gmm-align-compiled.cc:127) SWH-05-20101109_emission_swahili_05h30_-_06h00_tu_20101109_part110
LOG (gmm-align-compiled[5.5.883~1-3eea3]:main():gmm-align-compiled.cc:127) SWH-05-20101109_emission_swahili_05h30_-_06h00_tu_20101109_part111
LOG (gmm-align-compiled[5.5.883~1-3eea3]:main():gmm-align-compiled.cc:127) SWH-05-20101109_emission_swahili_05h30_-_06h00_tu_20101109_part112
LOG (gmm-align-compiled[5.5.883~1-3eea3]:main():gmm-align-compiled.cc:127) SWH-05-20101109_emission_swahili_05h30_-_06h00_tu_20101109_part113
LOG (gmm-align-compiled[5.5.883~1-3eea3]:main():gmm-align-compiled.cc:127) SWH-05-20101109_emission_swahili_05h30_-_06h00_tu_20101109_part114
LOG (gmm-align-compiled[5.5.883~1-3eea3]:main():gmm-align-compiled.cc:127) SWH-05-20101109_emission_swahili_05h30_-_06h00_tu_20101109_part115
WARNING (gmm-align-compiled[5.5.883~1-3eea3]:AlignUtteranceWrapper():decoder-wrappers.cc:617) Retrying utterance SWH-05-20101109_emission_swahili_05h30_-_06h00_tu_20101109_part115 with beam 40
LOG (gmm-align-compiled[5.5.883~1-3eea3]:main():gmm-align-compiled.cc:127) SWH-05-20101109_emission_swahili_05h30_-_06h00_tu_20101109_part116
LOG (gmm-align-compiled[5.5.883~1-3eea3]:main():gmm-align-compiled.cc:127) SWH-05-20101109_emission_swahili_05h30_-_06h00_tu_20101109_part117
LOG (gmm-align-compiled[5.5.883~1-3eea3]:main():gmm-align-compiled.cc:127) SWH-05-20101109_emission_swahili_05h30_-_06h00_tu_20101109_part118
LOG (gmm-align-compiled[5.5.883~1-3eea3]:main():gmm-align-compiled.cc:127) SWH-05-20101109_emission_swahili_05h30_-_06h00_tu_20101109_part119
LOG (gmm-align-compiled[5.5.883~1-3eea3]:main():gmm-align-compiled.cc:127) SWH-05-20101109_emission_swahili_05h30_-_06h00_tu_20101109_part12
LOG (gmm-align-compiled[5.5.883~1-3eea3]:main():gmm-align-compiled.cc:127) SWH-05-20101109_emission_swahili_05h30_-_06h00_tu_20101109_part120
LOG (gmm-align-compiled[5.5.883~1-3eea3]:main():gmm-align-compiled.cc:127) SWH-05-20101109_emission_swahili_05h30_-_06h00_tu_20101109_part121
LOG (gmm-align-compiled[5.5.883~1-3eea3]:main():gmm-align-compiled.cc:127) SWH-05-20101109_emission_swahili_05h30_-_06h00_tu_20101109_part122
LOG (gmm-align-compiled[5.5.883~1-3eea3]:main():gmm-align-compiled.cc:127) SWH-05-20101109_emission_swahili_05h30_-_06h00_tu_20101109_part123
LOG (gmm-align-compiled[5.5.883~1-3eea3]:main():gmm-align-compiled.cc:127) SWH-05-20101109_emission_swahili_05h30_-_06h00_tu_20101109_part124
LOG (gmm-align-compiled[5.5.883~1-3eea3]:main():gmm-align-compiled.cc:127) SWH-05-20101109_emission_swahili_05h30_-_06h00_tu_20101109_part125
LOG (gmm-align-compiled[5.5.883~1-3eea3]:main():gmm-align-compiled.cc:127) SWH-05-20101109_emission_swahili_05h30_-_06h00_tu_20101109_part126
LOG (gmm-align-compiled[5.5.883~1-3eea3]:main():gmm-align-compiled.cc:127) SWH-05-20101109_emission_swahili_05h30_-_06h00_tu_20101109_part127
LOG (gmm-align-compiled[5.5.883~1-3eea3]:main():gmm-align-compiled.cc:127) SWH-05-20101109_emission_swahili_05h30_-_06h00_tu_20101109_part128
LOG (gmm-align-compiled[5.5.883~1-3eea3]:main():gmm-align-compiled.cc:127) SWH-05-20101109_emission_swahili_05h30_-_06h00_tu_20101109_part129
LOG (gmm-align-compiled[5.5.883~1-3eea3]:main():gmm-align-compiled.cc:127) SWH-05-20101109_emission_swahili_05h30_-_06h00_tu_20101109_part13
LOG (gmm-align-compiled[5.5.883~1-3eea3]:main():gmm-align-compiled.cc:127) SWH-05-20101109_emission_swahili_05h30_-_06h00_tu_20101109_part130
LOG (gmm-align-compiled[5.5.883~1-3eea3]:main():gmm-align-compiled.cc:127) SWH-05-20101109_emission_swahili_05h30_-_06h00_tu_20101109_part131
LOG (gmm-align-compiled[5.5.883~1-3eea3]:main():gmm-align-compiled.cc:127) SWH-05-20101109_emission_swahili_05h30_-_06h00_tu_20101109_part132
LOG (gmm-align-compiled[5.5.883~1-3eea3]:main():gmm-align-compiled.cc:127) SWH-05-20101109_emission_swahili_05h30_-_06h00_tu_20101109_part133
LOG (gmm-align-compiled[5.5.883~1-3eea3]:main():gmm-align-compiled.cc:127) SWH-05-20101109_emission_swahili_05h30_-_06h00_tu_20101109_part134
LOG (gmm-align-compiled[5.5.883~1-3eea3]:main():gmm-align-compiled.cc:127) SWH-05-20101109_emission_swahili_05h30_-_06h00_tu_20101109_part135
LOG (gmm-align-compiled[5.5.883~1-3eea3]:main():gmm-align-compiled.cc:127) SWH-05-20101109_emission_swahili_05h30_-_06h00_tu_20101109_part136
LOG (gmm-align-compiled[5.5.883~1-3eea3]:main():gmm-align-compiled.cc:127) SWH-05-20101109_emission_swahili_05h30_-_06h00_tu_20101109_part137
WARNING (gmm-align-compiled[5.5.883~1-3eea3]:AlignUtteranceWrapper():decoder-wrappers.cc:617) Retrying utterance SWH-05-20101109_emission_swahili_05h30_-_06h00_tu_20101109_part137 with beam 40
LOG (gmm-align-compiled[5.5.883~1-3eea3]:main():gmm-align-compiled.cc:127) SWH-05-20101109_emission_swahili_05h30_-_06h00_tu_20101109_part138
LOG (gmm-align-compiled[5.5.883~1-3eea3]:main():gmm-align-compiled.cc:127) SWH-05-20101109_emission_swahili_05h30_-_06h00_tu_20101109_part139
LOG (gmm-align-compiled[5.5.883~1-3eea3]:main():gmm-align-compiled.cc:127) SWH-05-20101109_emission_swahili_05h30_-_06h00_tu_20101109_part14
LOG (gmm-align-compiled[5.5.883~1-3eea3]:main():gmm-align-compiled.cc:127) SWH-05-20101109_emission_swahili_05h30_-_06h00_tu_20101109_part140
LOG (gmm-align-compiled[5.5.883~1-3eea3]:main():gmm-align-compiled.cc:127) SWH-05-20101109_emission_swahili_05h30_-_06h00_tu_20101109_part141
LOG (gmm-align-compiled[5.5.883~1-3eea3]:main():gmm-align-compiled.cc:127) SWH-05-20101109_emission_swahili_05h30_-_06h00_tu_20101109_part142
LOG (gmm-align-compiled[5.5.883~1-3eea3]:main():gmm-align-compiled.cc:127) SWH-05-20101109_emission_swahili_05h30_-_06h00_tu_20101109_part143
LOG (gmm-align-compiled[5.5.883~1-3eea3]:main():gmm-align-compiled.cc:127) SWH-05-20101109_emission_swahili_05h30_-_06h00_tu_20101109_part144
LOG (gmm-align-compiled[5.5.883~1-3eea3]:main():gmm-align-compiled.cc:127) SWH-05-20101109_emission_swahili_05h30_-_06h00_tu_20101109_part145
LOG (gmm-align-compiled[5.5.883~1-3eea3]:main():gmm-align-compiled.cc:127) SWH-05-20101109_emission_swahili_05h30_-_06h00_tu_20101109_part146
LOG (gmm-align-compiled[5.5.883~1-3eea3]:main():gmm-align-compiled.cc:127) SWH-05-20101109_emission_swahili_05h30_-_06h00_tu_20101109_part147
LOG (gmm-align-compiled[5.5.883~1-3eea3]:main():gmm-align-compiled.cc:127) SWH-05-20101109_emission_swahili_05h30_-_06h00_tu_20101109_part148
LOG (gmm-align-compiled[5.5.883~1-3eea3]:main():gmm-align-compiled.cc:127) SWH-05-20101109_emission_swahili_05h30_-_06h00_tu_20101109_part149
LOG (gmm-align-compiled[5.5.883~1-3eea3]:main():gmm-align-compiled.cc:127) SWH-05-20101109_emission_swahili_05h30_-_06h00_tu_20101109_part15
LOG (gmm-align-compiled[5.5.883~1-3eea3]:main():gmm-align-compiled.cc:127) SWH-05-20101109_emission_swahili_05h30_-_06h00_tu_20101109_part150
LOG (gmm-align-compiled[5.5.883~1-3eea3]:main():gmm-align-compiled.cc:127) SWH-05-20101109_emission_swahili_05h30_-_06h00_tu_20101109_part151
LOG (gmm-align-compiled[5.5.883~1-3eea3]:main():gmm-align-compiled.cc:127) SWH-05-20101109_emission_swahili_05h30_-_06h00_tu_20101109_part152
LOG (gmm-align-compiled[5.5.883~1-3eea3]:main():gmm-align-compiled.cc:127) SWH-05-20101109_emission_swahili_05h30_-_06h00_tu_20101109_part153
LOG (gmm-align-compiled[5.5.883~1-3eea3]:main():gmm-align-compiled.cc:127) SWH-05-20101109_emission_swahili_05h30_-_06h00_tu_20101109_part154
LOG (gmm-align-compiled[5.5.883~1-3eea3]:main():gmm-align-compiled.cc:127) SWH-05-20101109_emission_swahili_05h30_-_06h00_tu_20101109_part155
LOG (gmm-align-compiled[5.5.883~1-3eea3]:main():gmm-align-compiled.cc:127) SWH-05-20101109_emission_swahili_05h30_-_06h00_tu_20101109_part156
LOG (gmm-align-compiled[5.5.883~1-3eea3]:main():gmm-align-compiled.cc:127) SWH-05-20101109_emission_swahili_05h30_-_06h00_tu_20101109_part157
LOG (gmm-align-compiled[5.5.883~1-3eea3]:main():gmm-align-compiled.cc:127) SWH-05-20101109_emission_swahili_05h30_-_06h00_tu_20101109_part158
LOG (gmm-align-compiled[5.5.883~1-3eea3]:main():gmm-align-compiled.cc:127) SWH-05-20101109_emission_swahili_05h30_-_06h00_tu_20101109_part159
LOG (gmm-align-compiled[5.5.883~1-3eea3]:main():gmm-align-compiled.cc:127) SWH-05-20101109_emission_swahili_05h30_-_06h00_tu_20101109_part16
LOG (gmm-align-compiled[5.5.883~1-3eea3]:main():gmm-align-compiled.cc:127) SWH-05-20101109_emission_swahili_05h30_-_06h00_tu_20101109_part160
LOG (gmm-align-compiled[5.5.883~1-3eea3]:main():gmm-align-compiled.cc:127) SWH-05-20101109_emission_swahili_05h30_-_06h00_tu_20101109_part161
LOG (gmm-align-compiled[5.5.883~1-3eea3]:main():gmm-align-compiled.cc:127) SWH-05-20101109_emission_swahili_05h30_-_06h00_tu_20101109_part162
LOG (gmm-align-compiled[5.5.883~1-3eea3]:main():gmm-align-compiled.cc:127) SWH-05-20101109_emission_swahili_05h30_-_06h00_tu_20101109_part163
LOG (gmm-align-compiled[5.5.883~1-3eea3]:main():gmm-align-compiled.cc:127) SWH-05-20101109_emission_swahili_05h30_-_06h00_tu_20101109_part164
LOG (gmm-align-compiled[5.5.883~1-3eea3]:main():gmm-align-compiled.cc:127) SWH-05-20101109_emission_swahili_05h30_-_06h00_tu_20101109_part165
LOG (gmm-align-compiled[5.5.883~1-3eea3]:main():gmm-align-compiled.cc:127) SWH-05-20101109_emission_swahili_05h30_-_06h00_tu_20101109_part166
LOG (gmm-align-compiled[5.5.883~1-3eea3]:main():gmm-align-compiled.cc:127) SWH-05-20101109_emission_swahili_05h30_-_06h00_tu_20101109_part167
LOG (gmm-align-compiled[5.5.883~1-3eea3]:main():gmm-align-compiled.cc:127) SWH-05-20101109_emission_swahili_05h30_-_06h00_tu_20101109_part168
LOG (gmm-align-compiled[5.5.883~1-3eea3]:main():gmm-align-compiled.cc:127) SWH-05-20101109_emission_swahili_05h30_-_06h00_tu_20101109_part169
LOG (gmm-align-compiled[5.5.883~1-3eea3]:main():gmm-align-compiled.cc:127) SWH-05-20101109_emission_swahili_05h30_-_06h00_tu_20101109_part17
LOG (gmm-align-compiled[5.5.883~1-3eea3]:main():gmm-align-compiled.cc:127) SWH-05-20101109_emission_swahili_05h30_-_06h00_tu_20101109_part170
LOG (gmm-align-compiled[5.5.883~1-3eea3]:main():gmm-align-compiled.cc:127) SWH-05-20101109_emission_swahili_05h30_-_06h00_tu_20101109_part171
LOG (gmm-align-compiled[5.5.883~1-3eea3]:main():gmm-align-compiled.cc:127) SWH-05-20101109_emission_swahili_05h30_-_06h00_tu_20101109_part172
LOG (gmm-align-compiled[5.5.883~1-3eea3]:main():gmm-align-compiled.cc:127) SWH-05-20101109_emission_swahili_05h30_-_06h00_tu_20101109_part173
LOG (gmm-align-compiled[5.5.883~1-3eea3]:main():gmm-align-compiled.cc:127) SWH-05-20101109_emission_swahili_05h30_-_06h00_tu_20101109_part174
LOG (gmm-align-compiled[5.5.883~1-3eea3]:main():gmm-align-compiled.cc:127) SWH-05-20101109_emission_swahili_05h30_-_06h00_tu_20101109_part175
LOG (gmm-align-compiled[5.5.883~1-3eea3]:main():gmm-align-compiled.cc:127) SWH-05-20101109_emission_swahili_05h30_-_06h00_tu_20101109_part176
LOG (gmm-align-compiled[5.5.883~1-3eea3]:main():gmm-align-compiled.cc:127) SWH-05-20101109_emission_swahili_05h30_-_06h00_tu_20101109_part177
LOG (gmm-align-compiled[5.5.883~1-3eea3]:main():gmm-align-compiled.cc:127) SWH-05-20101109_emission_swahili_05h30_-_06h00_tu_20101109_part178
LOG (gmm-align-compiled[5.5.883~1-3eea3]:main():gmm-align-compiled.cc:127) SWH-05-20101109_emission_swahili_05h30_-_06h00_tu_20101109_part179
LOG (gmm-align-compiled[5.5.883~1-3eea3]:main():gmm-align-compiled.cc:127) SWH-05-20101109_emission_swahili_05h30_-_06h00_tu_20101109_part18
LOG (gmm-align-compiled[5.5.883~1-3eea3]:main():gmm-align-compiled.cc:127) SWH-05-20101109_emission_swahili_05h30_-_06h00_tu_20101109_part180
LOG (gmm-align-compiled[5.5.883~1-3eea3]:main():gmm-align-compiled.cc:127) SWH-05-20101109_emission_swahili_05h30_-_06h00_tu_20101109_part181
LOG (gmm-align-compiled[5.5.883~1-3eea3]:main():gmm-align-compiled.cc:127) SWH-05-20101109_emission_swahili_05h30_-_06h00_tu_20101109_part182
LOG (gmm-align-compiled[5.5.883~1-3eea3]:main():gmm-align-compiled.cc:127) SWH-05-20101109_emission_swahili_05h30_-_06h00_tu_20101109_part183
LOG (gmm-align-compiled[5.5.883~1-3eea3]:main():gmm-align-compiled.cc:127) SWH-05-20101109_emission_swahili_05h30_-_06h00_tu_20101109_part184
LOG (gmm-align-compiled[5.5.883~1-3eea3]:main():gmm-align-compiled.cc:127) SWH-05-20101109_emission_swahili_05h30_-_06h00_tu_20101109_part185
LOG (gmm-align-compiled[5.5.883~1-3eea3]:main():gmm-align-compiled.cc:127) SWH-05-20101109_emission_swahili_05h30_-_06h00_tu_20101109_part186
LOG (gmm-align-compiled[5.5.883~1-3eea3]:main():gmm-align-compiled.cc:127) SWH-05-20101109_emission_swahili_05h30_-_06h00_tu_20101109_part187
LOG (gmm-align-compiled[5.5.883~1-3eea3]:main():gmm-align-compiled.cc:127) SWH-05-20101109_emission_swahili_05h30_-_06h00_tu_20101109_part188
LOG (gmm-align-compiled[5.5.883~1-3eea3]:main():gmm-align-compiled.cc:127) SWH-05-20101109_emission_swahili_05h30_-_06h00_tu_20101109_part189
LOG (gmm-align-compiled[5.5.883~1-3eea3]:main():gmm-align-compiled.cc:127) SWH-05-20101109_emission_swahili_05h30_-_06h00_tu_20101109_part19
LOG (gmm-align-compiled[5.5.883~1-3eea3]:main():gmm-align-compiled.cc:127) SWH-05-20101109_emission_swahili_05h30_-_06h00_tu_20101109_part190
LOG (gmm-align-compiled[5.5.883~1-3eea3]:main():gmm-align-compiled.cc:127) SWH-05-20101109_emission_swahili_05h30_-_06h00_tu_20101109_part191
LOG (gmm-align-compiled[5.5.883~1-3eea3]:main():gmm-align-compiled.cc:127) SWH-05-20101109_emission_swahili_05h30_-_06h00_tu_20101109_part192
LOG (gmm-align-compiled[5.5.883~1-3eea3]:main():gmm-align-compiled.cc:127) SWH-05-20101109_emission_swahili_05h30_-_06h00_tu_20101109_part193
LOG (gmm-align-compiled[5.5.883~1-3eea3]:main():gmm-align-compiled.cc:127) SWH-05-20101109_emission_swahili_05h30_-_06h00_tu_20101109_part194
LOG (gmm-align-compiled[5.5.883~1-3eea3]:main():gmm-align-compiled.cc:127) SWH-05-20101109_emission_swahili_05h30_-_06h00_tu_20101109_part195
WARNING (gmm-align-compiled[5.5.883~1-3eea3]:AlignUtteranceWrapper():decoder-wrappers.cc:617) Retrying utterance SWH-05-20101109_emission_swahili_05h30_-_06h00_tu_20101109_part195 with beam 40
LOG (gmm-align-compiled[5.5.883~1-3eea3]:main():gmm-align-compiled.cc:127) SWH-05-20101109_emission_swahili_05h30_-_06h00_tu_20101109_part196
LOG (gmm-align-compiled[5.5.883~1-3eea3]:main():gmm-align-compiled.cc:127) SWH-05-20101109_emission_swahili_05h30_-_06h00_tu_20101109_part197
LOG (gmm-align-compiled[5.5.883~1-3eea3]:main():gmm-align-compiled.cc:127) SWH-05-20101109_emission_swahili_05h30_-_06h00_tu_20101109_part198
LOG (gmm-align-compiled[5.5.883~1-3eea3]:main():gmm-align-compiled.cc:127) SWH-05-20101109_emission_swahili_05h30_-_06h00_tu_20101109_part199
LOG (gmm-align-compiled[5.5.883~1-3eea3]:main():gmm-align-compiled.cc:127) SWH-05-20101109_emission_swahili_05h30_-_06h00_tu_20101109_part2
LOG (gmm-align-compiled[5.5.883~1-3eea3]:main():gmm-align-compiled.cc:127) SWH-05-20101109_emission_swahili_05h30_-_06h00_tu_20101109_part20
LOG (gmm-align-compiled[5.5.883~1-3eea3]:main():gmm-align-compiled.cc:127) SWH-05-20101109_emission_swahili_05h30_-_06h00_tu_20101109_part200
WARNING (gmm-align-compiled[5.5.883~1-3eea3]:AlignUtteranceWrapper():decoder-wrappers.cc:617) Retrying utterance SWH-05-20101109_emission_swahili_05h30_-_06h00_tu_20101109_part200 with beam 40
LOG (gmm-align-compiled[5.5.883~1-3eea3]:main():gmm-align-compiled.cc:127) SWH-05-20101109_emission_swahili_05h30_-_06h00_tu_20101109_part201
LOG (gmm-align-compiled[5.5.883~1-3eea3]:main():gmm-align-compiled.cc:127) SWH-05-20101109_emission_swahili_05h30_-_06h00_tu_20101109_part202
LOG (gmm-align-compiled[5.5.883~1-3eea3]:main():gmm-align-compiled.cc:127) SWH-05-20101109_emission_swahili_05h30_-_06h00_tu_20101109_part203
LOG (gmm-align-compiled[5.5.883~1-3eea3]:main():gmm-align-compiled.cc:127) SWH-05-20101109_emission_swahili_05h30_-_06h00_tu_20101109_part204
LOG (gmm-align-compiled[5.5.883~1-3eea3]:main():gmm-align-compiled.cc:127) SWH-05-20101109_emission_swahili_05h30_-_06h00_tu_20101109_part205
LOG (gmm-align-compiled[5.5.883~1-3eea3]:main():gmm-align-compiled.cc:127) SWH-05-20101109_emission_swahili_05h30_-_06h00_tu_20101109_part206
LOG (gmm-align-compiled[5.5.883~1-3eea3]:main():gmm-align-compiled.cc:127) SWH-05-20101109_emission_swahili_05h30_-_06h00_tu_20101109_part207
LOG (gmm-align-compiled[5.5.883~1-3eea3]:main():gmm-align-compiled.cc:127) SWH-05-20101109_emission_swahili_05h30_-_06h00_tu_20101109_part208
LOG (gmm-align-compiled[5.5.883~1-3eea3]:main():gmm-align-compiled.cc:127) SWH-05-20101109_emission_swahili_05h30_-_06h00_tu_20101109_part209
LOG (gmm-align-compiled[5.5.883~1-3eea3]:main():gmm-align-compiled.cc:127) SWH-05-20101109_emission_swahili_05h30_-_06h00_tu_20101109_part21
LOG (gmm-align-compiled[5.5.883~1-3eea3]:main():gmm-align-compiled.cc:127) SWH-05-20101109_emission_swahili_05h30_-_06h00_tu_20101109_part210
LOG (gmm-align-compiled[5.5.883~1-3eea3]:main():gmm-align-compiled.cc:127) SWH-05-20101109_emission_swahili_05h30_-_06h00_tu_20101109_part211
LOG (gmm-align-compiled[5.5.883~1-3eea3]:main():gmm-align-compiled.cc:127) SWH-05-20101109_emission_swahili_05h30_-_06h00_tu_20101109_part212
LOG (gmm-align-compiled[5.5.883~1-3eea3]:main():gmm-align-compiled.cc:127) SWH-05-20101109_emission_swahili_05h30_-_06h00_tu_20101109_part213
LOG (gmm-align-compiled[5.5.883~1-3eea3]:main():gmm-align-compiled.cc:127) SWH-05-20101109_emission_swahili_05h30_-_06h00_tu_20101109_part214
LOG (gmm-align-compiled[5.5.883~1-3eea3]:main():gmm-align-compiled.cc:127) SWH-05-20101109_emission_swahili_05h30_-_06h00_tu_20101109_part215
LOG (gmm-align-compiled[5.5.883~1-3eea3]:main():gmm-align-compiled.cc:127) SWH-05-20101109_emission_swahili_05h30_-_06h00_tu_20101109_part216
LOG (gmm-align-compiled[5.5.883~1-3eea3]:main():gmm-align-compiled.cc:127) SWH-05-20101109_emission_swahili_05h30_-_06h00_tu_20101109_part217
LOG (gmm-align-compiled[5.5.883~1-3eea3]:main():gmm-align-compiled.cc:127) SWH-05-20101109_emission_swahili_05h30_-_06h00_tu_20101109_part218
LOG (gmm-align-compiled[5.5.883~1-3eea3]:main():gmm-align-compiled.cc:127) SWH-05-20101109_emission_swahili_05h30_-_06h00_tu_20101109_part219
LOG (gmm-align-compiled[5.5.883~1-3eea3]:main():gmm-align-compiled.cc:127) SWH-05-20101109_emission_swahili_05h30_-_06h00_tu_20101109_part22
LOG (gmm-align-compiled[5.5.883~1-3eea3]:main():gmm-align-compiled.cc:127) SWH-05-20101109_emission_swahili_05h30_-_06h00_tu_20101109_part220
LOG (gmm-align-compiled[5.5.883~1-3eea3]:main():gmm-align-compiled.cc:127) SWH-05-20101109_emission_swahili_05h30_-_06h00_tu_20101109_part221
LOG (gmm-align-compiled[5.5.883~1-3eea3]:main():gmm-align-compiled.cc:127) SWH-05-20101109_emission_swahili_05h30_-_06h00_tu_20101109_part222
LOG (gmm-align-compiled[5.5.883~1-3eea3]:main():gmm-align-compiled.cc:127) SWH-05-20101109_emission_swahili_05h30_-_06h00_tu_20101109_part223
LOG (gmm-align-compiled[5.5.883~1-3eea3]:main():gmm-align-compiled.cc:127) SWH-05-20101109_emission_swahili_05h30_-_06h00_tu_20101109_part224
LOG (gmm-align-compiled[5.5.883~1-3eea3]:main():gmm-align-compiled.cc:127) SWH-05-20101109_emission_swahili_05h30_-_06h00_tu_20101109_part225
LOG (gmm-align-compiled[5.5.883~1-3eea3]:main():gmm-align-compiled.cc:127) SWH-05-20101109_emission_swahili_05h30_-_06h00_tu_20101109_part226
LOG (gmm-align-compiled[5.5.883~1-3eea3]:main():gmm-align-compiled.cc:127) SWH-05-20101109_emission_swahili_05h30_-_06h00_tu_20101109_part227
LOG (gmm-align-compiled[5.5.883~1-3eea3]:main():gmm-align-compiled.cc:127) SWH-05-20101109_emission_swahili_05h30_-_06h00_tu_20101109_part228
LOG (gmm-align-compiled[5.5.883~1-3eea3]:main():gmm-align-compiled.cc:127) SWH-05-20101109_emission_swahili_05h30_-_06h00_tu_20101109_part229
LOG (gmm-align-compiled[5.5.883~1-3eea3]:main():gmm-align-compiled.cc:127) SWH-05-20101109_emission_swahili_05h30_-_06h00_tu_20101109_part23
LOG (gmm-align-compiled[5.5.883~1-3eea3]:main():gmm-align-compiled.cc:127) SWH-05-20101109_emission_swahili_05h30_-_06h00_tu_20101109_part230
LOG (gmm-align-compiled[5.5.883~1-3eea3]:main():gmm-align-compiled.cc:127) SWH-05-20101109_emission_swahili_05h30_-_06h00_tu_20101109_part231
LOG (gmm-align-compiled[5.5.883~1-3eea3]:main():gmm-align-compiled.cc:127) SWH-05-20101109_emission_swahili_05h30_-_06h00_tu_20101109_part232
LOG (gmm-align-compiled[5.5.883~1-3eea3]:main():gmm-align-compiled.cc:127) SWH-05-20101109_emission_swahili_05h30_-_06h00_tu_20101109_part24
LOG (gmm-align-compiled[5.5.883~1-3eea3]:main():gmm-align-compiled.cc:127) SWH-05-20101109_emission_swahili_05h30_-_06h00_tu_20101109_part25
LOG (gmm-align-compiled[5.5.883~1-3eea3]:main():gmm-align-compiled.cc:127) SWH-05-20101109_emission_swahili_05h30_-_06h00_tu_20101109_part26
LOG (gmm-align-compiled[5.5.883~1-3eea3]:main():gmm-align-compiled.cc:127) SWH-05-20101109_emission_swahili_05h30_-_06h00_tu_20101109_part27
LOG (gmm-align-compiled[5.5.883~1-3eea3]:main():gmm-align-compiled.cc:127) SWH-05-20101109_emission_swahili_05h30_-_06h00_tu_20101109_part28
LOG (gmm-align-compiled[5.5.883~1-3eea3]:main():gmm-align-compiled.cc:127) SWH-05-20101109_emission_swahili_05h30_-_06h00_tu_20101109_part29
LOG (gmm-align-compiled[5.5.883~1-3eea3]:main():gmm-align-compiled.cc:127) SWH-05-20101109_emission_swahili_05h30_-_06h00_tu_20101109_part3
LOG (gmm-align-compiled[5.5.883~1-3eea3]:main():gmm-align-compiled.cc:127) SWH-05-20101109_emission_swahili_05h30_-_06h00_tu_20101109_part30
LOG (gmm-align-compiled[5.5.883~1-3eea3]:main():gmm-align-compiled.cc:127) SWH-05-20101109_emission_swahili_05h30_-_06h00_tu_20101109_part31
LOG (gmm-align-compiled[5.5.883~1-3eea3]:main():gmm-align-compiled.cc:127) SWH-05-20101109_emission_swahili_05h30_-_06h00_tu_20101109_part32
LOG (gmm-align-compiled[5.5.883~1-3eea3]:main():gmm-align-compiled.cc:127) SWH-05-20101109_emission_swahili_05h30_-_06h00_tu_20101109_part33
LOG (gmm-align-compiled[5.5.883~1-3eea3]:main():gmm-align-compiled.cc:127) SWH-05-20101109_emission_swahili_05h30_-_06h00_tu_20101109_part34
LOG (gmm-align-compiled[5.5.883~1-3eea3]:main():gmm-align-compiled.cc:127) SWH-05-20101109_emission_swahili_05h30_-_06h00_tu_20101109_part35
LOG (gmm-align-compiled[5.5.883~1-3eea3]:main():gmm-align-compiled.cc:127) SWH-05-20101109_emission_swahili_05h30_-_06h00_tu_20101109_part36
LOG (gmm-align-compiled[5.5.883~1-3eea3]:main():gmm-align-compiled.cc:127) SWH-05-20101109_emission_swahili_05h30_-_06h00_tu_20101109_part37
LOG (gmm-align-compiled[5.5.883~1-3eea3]:main():gmm-align-compiled.cc:127) SWH-05-20101109_emission_swahili_05h30_-_06h00_tu_20101109_part38
LOG (gmm-align-compiled[5.5.883~1-3eea3]:main():gmm-align-compiled.cc:127) SWH-05-20101109_emission_swahili_05h30_-_06h00_tu_20101109_part39
LOG (gmm-align-compiled[5.5.883~1-3eea3]:main():gmm-align-compiled.cc:127) SWH-05-20101109_emission_swahili_05h30_-_06h00_tu_20101109_part4
LOG (gmm-align-compiled[5.5.883~1-3eea3]:main():gmm-align-compiled.cc:127) SWH-05-20101109_emission_swahili_05h30_-_06h00_tu_20101109_part40
LOG (gmm-align-compiled[5.5.883~1-3eea3]:main():gmm-align-compiled.cc:127) SWH-05-20101109_emission_swahili_05h30_-_06h00_tu_20101109_part41
LOG (gmm-align-compiled[5.5.883~1-3eea3]:main():gmm-align-compiled.cc:127) SWH-05-20101109_emission_swahili_05h30_-_06h00_tu_20101109_part42
LOG (gmm-align-compiled[5.5.883~1-3eea3]:main():gmm-align-compiled.cc:127) SWH-05-20101109_emission_swahili_05h30_-_06h00_tu_20101109_part43
LOG (gmm-align-compiled[5.5.883~1-3eea3]:main():gmm-align-compiled.cc:127) SWH-05-20101109_emission_swahili_05h30_-_06h00_tu_20101109_part44
WARNING (gmm-align-compiled[5.5.883~1-3eea3]:AlignUtteranceWrapper():decoder-wrappers.cc:617) Retrying utterance SWH-05-20101109_emission_swahili_05h30_-_06h00_tu_20101109_part44 with beam 40
LOG (gmm-align-compiled[5.5.883~1-3eea3]:main():gmm-align-compiled.cc:127) SWH-05-20101109_emission_swahili_05h30_-_06h00_tu_20101109_part45
LOG (gmm-align-compiled[5.5.883~1-3eea3]:main():gmm-align-compiled.cc:127) SWH-05-20101109_emission_swahili_05h30_-_06h00_tu_20101109_part46
LOG (gmm-align-compiled[5.5.883~1-3eea3]:main():gmm-align-compiled.cc:127) SWH-05-20101109_emission_swahili_05h30_-_06h00_tu_20101109_part47
LOG (gmm-align-compiled[5.5.883~1-3eea3]:main():gmm-align-compiled.cc:127) SWH-05-20101109_emission_swahili_05h30_-_06h00_tu_20101109_part48
LOG (gmm-align-compiled[5.5.883~1-3eea3]:main():gmm-align-compiled.cc:127) SWH-05-20101109_emission_swahili_05h30_-_06h00_tu_20101109_part49
LOG (gmm-align-compiled[5.5.883~1-3eea3]:main():gmm-align-compiled.cc:127) SWH-05-20101109_emission_swahili_05h30_-_06h00_tu_20101109_part5
LOG (gmm-align-compiled[5.5.883~1-3eea3]:main():gmm-align-compiled.cc:127) SWH-05-20101109_emission_swahili_05h30_-_06h00_tu_20101109_part50
LOG (gmm-align-compiled[5.5.883~1-3eea3]:main():gmm-align-compiled.cc:127) SWH-05-20101109_emission_swahili_05h30_-_06h00_tu_20101109_part51
LOG (gmm-align-compiled[5.5.883~1-3eea3]:main():gmm-align-compiled.cc:127) SWH-05-20101109_emission_swahili_05h30_-_06h00_tu_20101109_part52
LOG (gmm-align-compiled[5.5.883~1-3eea3]:main():gmm-align-compiled.cc:127) SWH-05-20101109_emission_swahili_05h30_-_06h00_tu_20101109_part53
LOG (gmm-align-compiled[5.5.883~1-3eea3]:main():gmm-align-compiled.cc:127) SWH-05-20101109_emission_swahili_05h30_-_06h00_tu_20101109_part54
LOG (gmm-align-compiled[5.5.883~1-3eea3]:main():gmm-align-compiled.cc:127) SWH-05-20101109_emission_swahili_05h30_-_06h00_tu_20101109_part55
LOG (gmm-align-compiled[5.5.883~1-3eea3]:main():gmm-align-compiled.cc:127) SWH-05-20101109_emission_swahili_05h30_-_06h00_tu_20101109_part56
LOG (gmm-align-compiled[5.5.883~1-3eea3]:main():gmm-align-compiled.cc:127) SWH-05-20101109_emission_swahili_05h30_-_06h00_tu_20101109_part57
LOG (gmm-align-compiled[5.5.883~1-3eea3]:main():gmm-align-compiled.cc:127) SWH-05-20101109_emission_swahili_05h30_-_06h00_tu_20101109_part58
LOG (gmm-align-compiled[5.5.883~1-3eea3]:main():gmm-align-compiled.cc:127) SWH-05-20101109_emission_swahili_05h30_-_06h00_tu_20101109_part59
LOG (gmm-align-compiled[5.5.883~1-3eea3]:main():gmm-align-compiled.cc:127) SWH-05-20101109_emission_swahili_05h30_-_06h00_tu_20101109_part6
LOG (gmm-align-compiled[5.5.883~1-3eea3]:main():gmm-align-compiled.cc:127) SWH-05-20101109_emission_swahili_05h30_-_06h00_tu_20101109_part60
LOG (gmm-align-compiled[5.5.883~1-3eea3]:main():gmm-align-compiled.cc:127) SWH-05-20101109_emission_swahili_05h30_-_06h00_tu_20101109_part61
LOG (gmm-align-compiled[5.5.883~1-3eea3]:main():gmm-align-compiled.cc:127) SWH-05-20101109_emission_swahili_05h30_-_06h00_tu_20101109_part62
LOG (gmm-align-compiled[5.5.883~1-3eea3]:main():gmm-align-compiled.cc:127) SWH-05-20101109_emission_swahili_05h30_-_06h00_tu_20101109_part63
LOG (gmm-align-compiled[5.5.883~1-3eea3]:main():gmm-align-compiled.cc:127) SWH-05-20101109_emission_swahili_05h30_-_06h00_tu_20101109_part64
LOG (gmm-align-compiled[5.5.883~1-3eea3]:main():gmm-align-compiled.cc:127) SWH-05-20101109_emission_swahili_05h30_-_06h00_tu_20101109_part65
LOG (gmm-align-compiled[5.5.883~1-3eea3]:main():gmm-align-compiled.cc:127) SWH-05-20101109_emission_swahili_05h30_-_06h00_tu_20101109_part66
LOG (gmm-align-compiled[5.5.883~1-3eea3]:main():gmm-align-compiled.cc:127) SWH-05-20101109_emission_swahili_05h30_-_06h00_tu_20101109_part67
LOG (gmm-align-compiled[5.5.883~1-3eea3]:main():gmm-align-compiled.cc:127) SWH-05-20101109_emission_swahili_05h30_-_06h00_tu_20101109_part68
LOG (gmm-align-compiled[5.5.883~1-3eea3]:main():gmm-align-compiled.cc:127) SWH-05-20101109_emission_swahili_05h30_-_06h00_tu_20101109_part69
LOG (gmm-align-compiled[5.5.883~1-3eea3]:main():gmm-align-compiled.cc:127) SWH-05-20101109_emission_swahili_05h30_-_06h00_tu_20101109_part7
LOG (gmm-align-compiled[5.5.883~1-3eea3]:main():gmm-align-compiled.cc:127) SWH-05-20101109_emission_swahili_05h30_-_06h00_tu_20101109_part70
LOG (gmm-align-compiled[5.5.883~1-3eea3]:main():gmm-align-compiled.cc:127) SWH-05-20101109_emission_swahili_05h30_-_06h00_tu_20101109_part71
LOG (gmm-align-compiled[5.5.883~1-3eea3]:main():gmm-align-compiled.cc:127) SWH-05-20101109_emission_swahili_05h30_-_06h00_tu_20101109_part72
LOG (gmm-align-compiled[5.5.883~1-3eea3]:main():gmm-align-compiled.cc:127) SWH-05-20101109_emission_swahili_05h30_-_06h00_tu_20101109_part73
LOG (gmm-align-compiled[5.5.883~1-3eea3]:main():gmm-align-compiled.cc:127) SWH-05-20101109_emission_swahili_05h30_-_06h00_tu_20101109_part74
LOG (gmm-align-compiled[5.5.883~1-3eea3]:main():gmm-align-compiled.cc:127) SWH-05-20101109_emission_swahili_05h30_-_06h00_tu_20101109_part75
LOG (gmm-align-compiled[5.5.883~1-3eea3]:main():gmm-align-compiled.cc:127) SWH-05-20101109_emission_swahili_05h30_-_06h00_tu_20101109_part76
LOG (gmm-align-compiled[5.5.883~1-3eea3]:main():gmm-align-compiled.cc:127) SWH-05-20101109_emission_swahili_05h30_-_06h00_tu_20101109_part77
LOG (gmm-align-compiled[5.5.883~1-3eea3]:main():gmm-align-compiled.cc:127) SWH-05-20101109_emission_swahili_05h30_-_06h00_tu_20101109_part78
LOG (gmm-align-compiled[5.5.883~1-3eea3]:main():gmm-align-compiled.cc:127) SWH-05-20101109_emission_swahili_05h30_-_06h00_tu_20101109_part79
LOG (gmm-align-compiled[5.5.883~1-3eea3]:main():gmm-align-compiled.cc:127) SWH-05-20101109_emission_swahili_05h30_-_06h00_tu_20101109_part8
LOG (gmm-align-compiled[5.5.883~1-3eea3]:main():gmm-align-compiled.cc:127) SWH-05-20101109_emission_swahili_05h30_-_06h00_tu_20101109_part80
LOG (gmm-align-compiled[5.5.883~1-3eea3]:main():gmm-align-compiled.cc:127) SWH-05-20101109_emission_swahili_05h30_-_06h00_tu_20101109_part81
LOG (gmm-align-compiled[5.5.883~1-3eea3]:main():gmm-align-compiled.cc:127) SWH-05-20101109_emission_swahili_05h30_-_06h00_tu_20101109_part82
LOG (gmm-align-compiled[5.5.883~1-3eea3]:main():gmm-align-compiled.cc:127) SWH-05-20101109_emission_swahili_05h30_-_06h00_tu_20101109_part83
WARNING (gmm-align-compiled[5.5.883~1-3eea3]:AlignUtteranceWrapper():decoder-wrappers.cc:617) Retrying utterance SWH-05-20101109_emission_swahili_05h30_-_06h00_tu_20101109_part83 with beam 40
LOG (gmm-align-compiled[5.5.883~1-3eea3]:main():gmm-align-compiled.cc:127) SWH-05-20101109_emission_swahili_05h30_-_06h00_tu_20101109_part84
LOG (gmm-align-compiled[5.5.883~1-3eea3]:main():gmm-align-compiled.cc:127) SWH-05-20101109_emission_swahili_05h30_-_06h00_tu_20101109_part85
LOG (gmm-align-compiled[5.5.883~1-3eea3]:main():gmm-align-compiled.cc:127) SWH-05-20101109_emission_swahili_05h30_-_06h00_tu_20101109_part86
LOG (gmm-align-compiled[5.5.883~1-3eea3]:main():gmm-align-compiled.cc:127) SWH-05-20101109_emission_swahili_05h30_-_06h00_tu_20101109_part87
LOG (gmm-align-compiled[5.5.883~1-3eea3]:main():gmm-align-compiled.cc:127) SWH-05-20101109_emission_swahili_05h30_-_06h00_tu_20101109_part88
LOG (gmm-align-compiled[5.5.883~1-3eea3]:main():gmm-align-compiled.cc:127) SWH-05-20101109_emission_swahili_05h30_-_06h00_tu_20101109_part89
LOG (gmm-align-compiled[5.5.883~1-3eea3]:main():gmm-align-compiled.cc:127) SWH-05-20101109_emission_swahili_05h30_-_06h00_tu_20101109_part9
LOG (gmm-align-compiled[5.5.883~1-3eea3]:main():gmm-align-compiled.cc:127) SWH-05-20101109_emission_swahili_05h30_-_06h00_tu_20101109_part90
LOG (gmm-align-compiled[5.5.883~1-3eea3]:main():gmm-align-compiled.cc:127) SWH-05-20101109_emission_swahili_05h30_-_06h00_tu_20101109_part91
LOG (gmm-align-compiled[5.5.883~1-3eea3]:main():gmm-align-compiled.cc:127) SWH-05-20101109_emission_swahili_05h30_-_06h00_tu_20101109_part92
LOG (gmm-align-compiled[5.5.883~1-3eea3]:main():gmm-align-compiled.cc:127) SWH-05-20101109_emission_swahili_05h30_-_06h00_tu_20101109_part93
LOG (gmm-align-compiled[5.5.883~1-3eea3]:main():gmm-align-compiled.cc:127) SWH-05-20101109_emission_swahili_05h30_-_06h00_tu_20101109_part94
WARNING (gmm-align-compiled[5.5.883~1-3eea3]:AlignUtteranceWrapper():decoder-wrappers.cc:617) Retrying utterance SWH-05-20101109_emission_swahili_05h30_-_06h00_tu_20101109_part94 with beam 40
LOG (apply-cmvn[5.5.883~1-3eea3]:main():apply-cmvn.cc:162) Applied cepstral mean normalization to 232 utterances, errors on 0
LOG (gmm-align-compiled[5.5.883~1-3eea3]:main():gmm-align-compiled.cc:127) SWH-05-20101109_emission_swahili_05h30_-_06h00_tu_20101109_part95
LOG (gmm-align-compiled[5.5.883~1-3eea3]:main():gmm-align-compiled.cc:127) SWH-05-20101109_emission_swahili_05h30_-_06h00_tu_20101109_part96
LOG (gmm-align-compiled[5.5.883~1-3eea3]:main():gmm-align-compiled.cc:127) SWH-05-20101109_emission_swahili_05h30_-_06h00_tu_20101109_part97
LOG (gmm-align-compiled[5.5.883~1-3eea3]:main():gmm-align-compiled.cc:127) SWH-05-20101109_emission_swahili_05h30_-_06h00_tu_20101109_part98
LOG (gmm-align-compiled[5.5.883~1-3eea3]:main():gmm-align-compiled.cc:127) SWH-05-20101109_emission_swahili_05h30_-_06h00_tu_20101109_part99
LOG (gmm-align-compiled[5.5.883~1-3eea3]:main():gmm-align-compiled.cc:135) Overall log-likelihood per frame is -100.914 over 84299 frames.
LOG (gmm-align-compiled[5.5.883~1-3eea3]:main():gmm-align-compiled.cc:137) Retried 7 out of 232 utterances.
LOG (gmm-align-compiled[5.5.883~1-3eea3]:main():gmm-align-compiled.cc:139) Done 232, errors on 0
# Accounting: time=4 threads=1
# Ended (code 0) at Mon Feb 15 12:03:30 IST 2021, elapsed time 4 seconds
