# gmm-align-compiled --transition-scale=1.0 --acoustic-scale=0.1 --self-loop-scale=0.1 --beam=10 --retry-beam=40 --careful=false "gmm-boost-silence --boost=1.25 1 exp/tri1/10.mdl - |" "ark:gunzip -c exp/tri1/fsts.1.gz|" "ark,s,cs:apply-cmvn  --utt2spk=ark:data/train/split4/1/utt2spk scp:data/train/split4/1/cmvn.scp scp:data/train/split4/1/feats.scp ark:- | add-deltas  ark:- ark:- |" "ark:|gzip -c >exp/tri1/ali.1.gz" 
# Started at Mon Feb 15 12:03:26 IST 2021
#
gmm-align-compiled --transition-scale=1.0 --acoustic-scale=0.1 --self-loop-scale=0.1 --beam=10 --retry-beam=40 --careful=false 'gmm-boost-silence --boost=1.25 1 exp/tri1/10.mdl - |' 'ark:gunzip -c exp/tri1/fsts.1.gz|' 'ark,s,cs:apply-cmvn  --utt2spk=ark:data/train/split4/1/utt2spk scp:data/train/split4/1/cmvn.scp scp:data/train/split4/1/feats.scp ark:- | add-deltas  ark:- ark:- |' 'ark:|gzip -c >exp/tri1/ali.1.gz' 
gmm-boost-silence --boost=1.25 1 exp/tri1/10.mdl - 
WARNING (gmm-boost-silence[5.5.883~1-3eea3]:main():gmm-boost-silence.cc:82) The pdfs for the silence phones may be shared by other phones (note: this probably does not matter.)
LOG (gmm-boost-silence[5.5.883~1-3eea3]:main():gmm-boost-silence.cc:93) Boosted weights for 5 pdfs, by factor of 1.25
LOG (gmm-boost-silence[5.5.883~1-3eea3]:main():gmm-boost-silence.cc:103) Wrote model to -
apply-cmvn --utt2spk=ark:data/train/split4/1/utt2spk scp:data/train/split4/1/cmvn.scp scp:data/train/split4/1/feats.scp ark:- 
add-deltas ark:- ark:- 
LOG (gmm-align-compiled[5.5.883~1-3eea3]:main():gmm-align-compiled.cc:127) SWH-05-20101106_16k-emission_swahili_05h30_-_06h00_tu_20101106_part10
LOG (gmm-align-compiled[5.5.883~1-3eea3]:main():gmm-align-compiled.cc:127) SWH-05-20101106_16k-emission_swahili_05h30_-_06h00_tu_20101106_part100
LOG (gmm-align-compiled[5.5.883~1-3eea3]:main():gmm-align-compiled.cc:127) SWH-05-20101106_16k-emission_swahili_05h30_-_06h00_tu_20101106_part101
LOG (gmm-align-compiled[5.5.883~1-3eea3]:main():gmm-align-compiled.cc:127) SWH-05-20101106_16k-emission_swahili_05h30_-_06h00_tu_20101106_part102
LOG (gmm-align-compiled[5.5.883~1-3eea3]:main():gmm-align-compiled.cc:127) SWH-05-20101106_16k-emission_swahili_05h30_-_06h00_tu_20101106_part103
LOG (gmm-align-compiled[5.5.883~1-3eea3]:main():gmm-align-compiled.cc:127) SWH-05-20101106_16k-emission_swahili_05h30_-_06h00_tu_20101106_part104
LOG (gmm-align-compiled[5.5.883~1-3eea3]:main():gmm-align-compiled.cc:127) SWH-05-20101106_16k-emission_swahili_05h30_-_06h00_tu_20101106_part105
LOG (gmm-align-compiled[5.5.883~1-3eea3]:main():gmm-align-compiled.cc:127) SWH-05-20101106_16k-emission_swahili_05h30_-_06h00_tu_20101106_part106
LOG (gmm-align-compiled[5.5.883~1-3eea3]:main():gmm-align-compiled.cc:127) SWH-05-20101106_16k-emission_swahili_05h30_-_06h00_tu_20101106_part107
LOG (gmm-align-compiled[5.5.883~1-3eea3]:main():gmm-align-compiled.cc:127) SWH-05-20101106_16k-emission_swahili_05h30_-_06h00_tu_20101106_part108
LOG (gmm-align-compiled[5.5.883~1-3eea3]:main():gmm-align-compiled.cc:127) SWH-05-20101106_16k-emission_swahili_05h30_-_06h00_tu_20101106_part109
LOG (gmm-align-compiled[5.5.883~1-3eea3]:main():gmm-align-compiled.cc:127) SWH-05-20101106_16k-emission_swahili_05h30_-_06h00_tu_20101106_part11
LOG (gmm-align-compiled[5.5.883~1-3eea3]:main():gmm-align-compiled.cc:127) SWH-05-20101106_16k-emission_swahili_05h30_-_06h00_tu_20101106_part110
LOG (gmm-align-compiled[5.5.883~1-3eea3]:main():gmm-align-compiled.cc:127) SWH-05-20101106_16k-emission_swahili_05h30_-_06h00_tu_20101106_part111
LOG (gmm-align-compiled[5.5.883~1-3eea3]:main():gmm-align-compiled.cc:127) SWH-05-20101106_16k-emission_swahili_05h30_-_06h00_tu_20101106_part112
LOG (gmm-align-compiled[5.5.883~1-3eea3]:main():gmm-align-compiled.cc:127) SWH-05-20101106_16k-emission_swahili_05h30_-_06h00_tu_20101106_part113
LOG (gmm-align-compiled[5.5.883~1-3eea3]:main():gmm-align-compiled.cc:127) SWH-05-20101106_16k-emission_swahili_05h30_-_06h00_tu_20101106_part114
LOG (gmm-align-compiled[5.5.883~1-3eea3]:main():gmm-align-compiled.cc:127) SWH-05-20101106_16k-emission_swahili_05h30_-_06h00_tu_20101106_part115
LOG (gmm-align-compiled[5.5.883~1-3eea3]:main():gmm-align-compiled.cc:127) SWH-05-20101106_16k-emission_swahili_05h30_-_06h00_tu_20101106_part116
LOG (gmm-align-compiled[5.5.883~1-3eea3]:main():gmm-align-compiled.cc:127) SWH-05-20101106_16k-emission_swahili_05h30_-_06h00_tu_20101106_part117
LOG (gmm-align-compiled[5.5.883~1-3eea3]:main():gmm-align-compiled.cc:127) SWH-05-20101106_16k-emission_swahili_05h30_-_06h00_tu_20101106_part118
LOG (gmm-align-compiled[5.5.883~1-3eea3]:main():gmm-align-compiled.cc:127) SWH-05-20101106_16k-emission_swahili_05h30_-_06h00_tu_20101106_part119
LOG (gmm-align-compiled[5.5.883~1-3eea3]:main():gmm-align-compiled.cc:127) SWH-05-20101106_16k-emission_swahili_05h30_-_06h00_tu_20101106_part12
WARNING (gmm-align-compiled[5.5.883~1-3eea3]:AlignUtteranceWrapper():decoder-wrappers.cc:617) Retrying utterance SWH-05-20101106_16k-emission_swahili_05h30_-_06h00_tu_20101106_part12 with beam 40
LOG (gmm-align-compiled[5.5.883~1-3eea3]:main():gmm-align-compiled.cc:127) SWH-05-20101106_16k-emission_swahili_05h30_-_06h00_tu_20101106_part120
LOG (gmm-align-compiled[5.5.883~1-3eea3]:main():gmm-align-compiled.cc:127) SWH-05-20101106_16k-emission_swahili_05h30_-_06h00_tu_20101106_part121
LOG (gmm-align-compiled[5.5.883~1-3eea3]:main():gmm-align-compiled.cc:127) SWH-05-20101106_16k-emission_swahili_05h30_-_06h00_tu_20101106_part122
LOG (gmm-align-compiled[5.5.883~1-3eea3]:main():gmm-align-compiled.cc:127) SWH-05-20101106_16k-emission_swahili_05h30_-_06h00_tu_20101106_part123
LOG (gmm-align-compiled[5.5.883~1-3eea3]:main():gmm-align-compiled.cc:127) SWH-05-20101106_16k-emission_swahili_05h30_-_06h00_tu_20101106_part124
LOG (gmm-align-compiled[5.5.883~1-3eea3]:main():gmm-align-compiled.cc:127) SWH-05-20101106_16k-emission_swahili_05h30_-_06h00_tu_20101106_part125
LOG (gmm-align-compiled[5.5.883~1-3eea3]:main():gmm-align-compiled.cc:127) SWH-05-20101106_16k-emission_swahili_05h30_-_06h00_tu_20101106_part126
LOG (gmm-align-compiled[5.5.883~1-3eea3]:main():gmm-align-compiled.cc:127) SWH-05-20101106_16k-emission_swahili_05h30_-_06h00_tu_20101106_part127
LOG (gmm-align-compiled[5.5.883~1-3eea3]:main():gmm-align-compiled.cc:127) SWH-05-20101106_16k-emission_swahili_05h30_-_06h00_tu_20101106_part128
LOG (gmm-align-compiled[5.5.883~1-3eea3]:main():gmm-align-compiled.cc:127) SWH-05-20101106_16k-emission_swahili_05h30_-_06h00_tu_20101106_part129
LOG (gmm-align-compiled[5.5.883~1-3eea3]:main():gmm-align-compiled.cc:127) SWH-05-20101106_16k-emission_swahili_05h30_-_06h00_tu_20101106_part13
LOG (gmm-align-compiled[5.5.883~1-3eea3]:main():gmm-align-compiled.cc:127) SWH-05-20101106_16k-emission_swahili_05h30_-_06h00_tu_20101106_part130
LOG (gmm-align-compiled[5.5.883~1-3eea3]:main():gmm-align-compiled.cc:127) SWH-05-20101106_16k-emission_swahili_05h30_-_06h00_tu_20101106_part131
LOG (gmm-align-compiled[5.5.883~1-3eea3]:main():gmm-align-compiled.cc:127) SWH-05-20101106_16k-emission_swahili_05h30_-_06h00_tu_20101106_part132
LOG (gmm-align-compiled[5.5.883~1-3eea3]:main():gmm-align-compiled.cc:127) SWH-05-20101106_16k-emission_swahili_05h30_-_06h00_tu_20101106_part133
LOG (gmm-align-compiled[5.5.883~1-3eea3]:main():gmm-align-compiled.cc:127) SWH-05-20101106_16k-emission_swahili_05h30_-_06h00_tu_20101106_part134
LOG (gmm-align-compiled[5.5.883~1-3eea3]:main():gmm-align-compiled.cc:127) SWH-05-20101106_16k-emission_swahili_05h30_-_06h00_tu_20101106_part135
LOG (gmm-align-compiled[5.5.883~1-3eea3]:main():gmm-align-compiled.cc:127) SWH-05-20101106_16k-emission_swahili_05h30_-_06h00_tu_20101106_part136
LOG (gmm-align-compiled[5.5.883~1-3eea3]:main():gmm-align-compiled.cc:127) SWH-05-20101106_16k-emission_swahili_05h30_-_06h00_tu_20101106_part137
LOG (gmm-align-compiled[5.5.883~1-3eea3]:main():gmm-align-compiled.cc:127) SWH-05-20101106_16k-emission_swahili_05h30_-_06h00_tu_20101106_part138
LOG (gmm-align-compiled[5.5.883~1-3eea3]:main():gmm-align-compiled.cc:127) SWH-05-20101106_16k-emission_swahili_05h30_-_06h00_tu_20101106_part139
LOG (gmm-align-compiled[5.5.883~1-3eea3]:main():gmm-align-compiled.cc:127) SWH-05-20101106_16k-emission_swahili_05h30_-_06h00_tu_20101106_part14
LOG (gmm-align-compiled[5.5.883~1-3eea3]:main():gmm-align-compiled.cc:127) SWH-05-20101106_16k-emission_swahili_05h30_-_06h00_tu_20101106_part140
LOG (gmm-align-compiled[5.5.883~1-3eea3]:main():gmm-align-compiled.cc:127) SWH-05-20101106_16k-emission_swahili_05h30_-_06h00_tu_20101106_part141
LOG (gmm-align-compiled[5.5.883~1-3eea3]:main():gmm-align-compiled.cc:127) SWH-05-20101106_16k-emission_swahili_05h30_-_06h00_tu_20101106_part142
LOG (gmm-align-compiled[5.5.883~1-3eea3]:main():gmm-align-compiled.cc:127) SWH-05-20101106_16k-emission_swahili_05h30_-_06h00_tu_20101106_part144
LOG (gmm-align-compiled[5.5.883~1-3eea3]:main():gmm-align-compiled.cc:127) SWH-05-20101106_16k-emission_swahili_05h30_-_06h00_tu_20101106_part145
LOG (gmm-align-compiled[5.5.883~1-3eea3]:main():gmm-align-compiled.cc:127) SWH-05-20101106_16k-emission_swahili_05h30_-_06h00_tu_20101106_part146
LOG (gmm-align-compiled[5.5.883~1-3eea3]:main():gmm-align-compiled.cc:127) SWH-05-20101106_16k-emission_swahili_05h30_-_06h00_tu_20101106_part147
LOG (gmm-align-compiled[5.5.883~1-3eea3]:main():gmm-align-compiled.cc:127) SWH-05-20101106_16k-emission_swahili_05h30_-_06h00_tu_20101106_part148
LOG (gmm-align-compiled[5.5.883~1-3eea3]:main():gmm-align-compiled.cc:127) SWH-05-20101106_16k-emission_swahili_05h30_-_06h00_tu_20101106_part149
LOG (gmm-align-compiled[5.5.883~1-3eea3]:main():gmm-align-compiled.cc:127) SWH-05-20101106_16k-emission_swahili_05h30_-_06h00_tu_20101106_part15
LOG (gmm-align-compiled[5.5.883~1-3eea3]:main():gmm-align-compiled.cc:127) SWH-05-20101106_16k-emission_swahili_05h30_-_06h00_tu_20101106_part150
LOG (gmm-align-compiled[5.5.883~1-3eea3]:main():gmm-align-compiled.cc:127) SWH-05-20101106_16k-emission_swahili_05h30_-_06h00_tu_20101106_part151
LOG (gmm-align-compiled[5.5.883~1-3eea3]:main():gmm-align-compiled.cc:127) SWH-05-20101106_16k-emission_swahili_05h30_-_06h00_tu_20101106_part152
LOG (gmm-align-compiled[5.5.883~1-3eea3]:main():gmm-align-compiled.cc:127) SWH-05-20101106_16k-emission_swahili_05h30_-_06h00_tu_20101106_part153
LOG (gmm-align-compiled[5.5.883~1-3eea3]:main():gmm-align-compiled.cc:127) SWH-05-20101106_16k-emission_swahili_05h30_-_06h00_tu_20101106_part154
LOG (gmm-align-compiled[5.5.883~1-3eea3]:main():gmm-align-compiled.cc:127) SWH-05-20101106_16k-emission_swahili_05h30_-_06h00_tu_20101106_part155
LOG (gmm-align-compiled[5.5.883~1-3eea3]:main():gmm-align-compiled.cc:127) SWH-05-20101106_16k-emission_swahili_05h30_-_06h00_tu_20101106_part156
LOG (gmm-align-compiled[5.5.883~1-3eea3]:main():gmm-align-compiled.cc:127) SWH-05-20101106_16k-emission_swahili_05h30_-_06h00_tu_20101106_part157
LOG (gmm-align-compiled[5.5.883~1-3eea3]:main():gmm-align-compiled.cc:127) SWH-05-20101106_16k-emission_swahili_05h30_-_06h00_tu_20101106_part158
LOG (gmm-align-compiled[5.5.883~1-3eea3]:main():gmm-align-compiled.cc:127) SWH-05-20101106_16k-emission_swahili_05h30_-_06h00_tu_20101106_part159
LOG (gmm-align-compiled[5.5.883~1-3eea3]:main():gmm-align-compiled.cc:127) SWH-05-20101106_16k-emission_swahili_05h30_-_06h00_tu_20101106_part16
LOG (gmm-align-compiled[5.5.883~1-3eea3]:main():gmm-align-compiled.cc:127) SWH-05-20101106_16k-emission_swahili_05h30_-_06h00_tu_20101106_part160
LOG (gmm-align-compiled[5.5.883~1-3eea3]:main():gmm-align-compiled.cc:127) SWH-05-20101106_16k-emission_swahili_05h30_-_06h00_tu_20101106_part161
LOG (gmm-align-compiled[5.5.883~1-3eea3]:main():gmm-align-compiled.cc:127) SWH-05-20101106_16k-emission_swahili_05h30_-_06h00_tu_20101106_part162
LOG (gmm-align-compiled[5.5.883~1-3eea3]:main():gmm-align-compiled.cc:127) SWH-05-20101106_16k-emission_swahili_05h30_-_06h00_tu_20101106_part163
LOG (gmm-align-compiled[5.5.883~1-3eea3]:main():gmm-align-compiled.cc:127) SWH-05-20101106_16k-emission_swahili_05h30_-_06h00_tu_20101106_part164
LOG (gmm-align-compiled[5.5.883~1-3eea3]:main():gmm-align-compiled.cc:127) SWH-05-20101106_16k-emission_swahili_05h30_-_06h00_tu_20101106_part165
LOG (gmm-align-compiled[5.5.883~1-3eea3]:main():gmm-align-compiled.cc:127) SWH-05-20101106_16k-emission_swahili_05h30_-_06h00_tu_20101106_part166
LOG (gmm-align-compiled[5.5.883~1-3eea3]:main():gmm-align-compiled.cc:127) SWH-05-20101106_16k-emission_swahili_05h30_-_06h00_tu_20101106_part167
LOG (gmm-align-compiled[5.5.883~1-3eea3]:main():gmm-align-compiled.cc:127) SWH-05-20101106_16k-emission_swahili_05h30_-_06h00_tu_20101106_part168
LOG (gmm-align-compiled[5.5.883~1-3eea3]:main():gmm-align-compiled.cc:127) SWH-05-20101106_16k-emission_swahili_05h30_-_06h00_tu_20101106_part169
LOG (gmm-align-compiled[5.5.883~1-3eea3]:main():gmm-align-compiled.cc:127) SWH-05-20101106_16k-emission_swahili_05h30_-_06h00_tu_20101106_part17
LOG (gmm-align-compiled[5.5.883~1-3eea3]:main():gmm-align-compiled.cc:127) SWH-05-20101106_16k-emission_swahili_05h30_-_06h00_tu_20101106_part170
LOG (gmm-align-compiled[5.5.883~1-3eea3]:main():gmm-align-compiled.cc:127) SWH-05-20101106_16k-emission_swahili_05h30_-_06h00_tu_20101106_part171
LOG (gmm-align-compiled[5.5.883~1-3eea3]:main():gmm-align-compiled.cc:127) SWH-05-20101106_16k-emission_swahili_05h30_-_06h00_tu_20101106_part172
LOG (gmm-align-compiled[5.5.883~1-3eea3]:main():gmm-align-compiled.cc:127) SWH-05-20101106_16k-emission_swahili_05h30_-_06h00_tu_20101106_part173
LOG (gmm-align-compiled[5.5.883~1-3eea3]:main():gmm-align-compiled.cc:127) SWH-05-20101106_16k-emission_swahili_05h30_-_06h00_tu_20101106_part174
LOG (gmm-align-compiled[5.5.883~1-3eea3]:main():gmm-align-compiled.cc:127) SWH-05-20101106_16k-emission_swahili_05h30_-_06h00_tu_20101106_part175
LOG (gmm-align-compiled[5.5.883~1-3eea3]:main():gmm-align-compiled.cc:127) SWH-05-20101106_16k-emission_swahili_05h30_-_06h00_tu_20101106_part176
LOG (gmm-align-compiled[5.5.883~1-3eea3]:main():gmm-align-compiled.cc:127) SWH-05-20101106_16k-emission_swahili_05h30_-_06h00_tu_20101106_part177
LOG (gmm-align-compiled[5.5.883~1-3eea3]:main():gmm-align-compiled.cc:127) SWH-05-20101106_16k-emission_swahili_05h30_-_06h00_tu_20101106_part178
LOG (gmm-align-compiled[5.5.883~1-3eea3]:main():gmm-align-compiled.cc:127) SWH-05-20101106_16k-emission_swahili_05h30_-_06h00_tu_20101106_part179
LOG (gmm-align-compiled[5.5.883~1-3eea3]:main():gmm-align-compiled.cc:127) SWH-05-20101106_16k-emission_swahili_05h30_-_06h00_tu_20101106_part18
LOG (gmm-align-compiled[5.5.883~1-3eea3]:main():gmm-align-compiled.cc:127) SWH-05-20101106_16k-emission_swahili_05h30_-_06h00_tu_20101106_part180
LOG (gmm-align-compiled[5.5.883~1-3eea3]:main():gmm-align-compiled.cc:127) SWH-05-20101106_16k-emission_swahili_05h30_-_06h00_tu_20101106_part181
LOG (gmm-align-compiled[5.5.883~1-3eea3]:main():gmm-align-compiled.cc:127) SWH-05-20101106_16k-emission_swahili_05h30_-_06h00_tu_20101106_part182
LOG (gmm-align-compiled[5.5.883~1-3eea3]:main():gmm-align-compiled.cc:127) SWH-05-20101106_16k-emission_swahili_05h30_-_06h00_tu_20101106_part183
LOG (gmm-align-compiled[5.5.883~1-3eea3]:main():gmm-align-compiled.cc:127) SWH-05-20101106_16k-emission_swahili_05h30_-_06h00_tu_20101106_part184
LOG (gmm-align-compiled[5.5.883~1-3eea3]:main():gmm-align-compiled.cc:127) SWH-05-20101106_16k-emission_swahili_05h30_-_06h00_tu_20101106_part185
WARNING (gmm-align-compiled[5.5.883~1-3eea3]:AlignUtteranceWrapper():decoder-wrappers.cc:617) Retrying utterance SWH-05-20101106_16k-emission_swahili_05h30_-_06h00_tu_20101106_part185 with beam 40
LOG (gmm-align-compiled[5.5.883~1-3eea3]:main():gmm-align-compiled.cc:127) SWH-05-20101106_16k-emission_swahili_05h30_-_06h00_tu_20101106_part186
LOG (gmm-align-compiled[5.5.883~1-3eea3]:main():gmm-align-compiled.cc:127) SWH-05-20101106_16k-emission_swahili_05h30_-_06h00_tu_20101106_part187
LOG (gmm-align-compiled[5.5.883~1-3eea3]:main():gmm-align-compiled.cc:127) SWH-05-20101106_16k-emission_swahili_05h30_-_06h00_tu_20101106_part188
LOG (gmm-align-compiled[5.5.883~1-3eea3]:main():gmm-align-compiled.cc:127) SWH-05-20101106_16k-emission_swahili_05h30_-_06h00_tu_20101106_part189
LOG (gmm-align-compiled[5.5.883~1-3eea3]:main():gmm-align-compiled.cc:127) SWH-05-20101106_16k-emission_swahili_05h30_-_06h00_tu_20101106_part19
LOG (gmm-align-compiled[5.5.883~1-3eea3]:main():gmm-align-compiled.cc:127) SWH-05-20101106_16k-emission_swahili_05h30_-_06h00_tu_20101106_part190
WARNING (gmm-align-compiled[5.5.883~1-3eea3]:AlignUtteranceWrapper():decoder-wrappers.cc:617) Retrying utterance SWH-05-20101106_16k-emission_swahili_05h30_-_06h00_tu_20101106_part190 with beam 40
LOG (gmm-align-compiled[5.5.883~1-3eea3]:main():gmm-align-compiled.cc:127) SWH-05-20101106_16k-emission_swahili_05h30_-_06h00_tu_20101106_part191
LOG (gmm-align-compiled[5.5.883~1-3eea3]:main():gmm-align-compiled.cc:127) SWH-05-20101106_16k-emission_swahili_05h30_-_06h00_tu_20101106_part192
LOG (gmm-align-compiled[5.5.883~1-3eea3]:main():gmm-align-compiled.cc:127) SWH-05-20101106_16k-emission_swahili_05h30_-_06h00_tu_20101106_part193
WARNING (gmm-align-compiled[5.5.883~1-3eea3]:AlignUtteranceWrapper():decoder-wrappers.cc:617) Retrying utterance SWH-05-20101106_16k-emission_swahili_05h30_-_06h00_tu_20101106_part193 with beam 40
WARNING (gmm-align-compiled[5.5.883~1-3eea3]:AlignUtteranceWrapper():decoder-wrappers.cc:626) Did not successfully decode file SWH-05-20101106_16k-emission_swahili_05h30_-_06h00_tu_20101106_part193, len = 239
LOG (gmm-align-compiled[5.5.883~1-3eea3]:main():gmm-align-compiled.cc:127) SWH-05-20101106_16k-emission_swahili_05h30_-_06h00_tu_20101106_part194
LOG (gmm-align-compiled[5.5.883~1-3eea3]:main():gmm-align-compiled.cc:127) SWH-05-20101106_16k-emission_swahili_05h30_-_06h00_tu_20101106_part195
LOG (gmm-align-compiled[5.5.883~1-3eea3]:main():gmm-align-compiled.cc:127) SWH-05-20101106_16k-emission_swahili_05h30_-_06h00_tu_20101106_part196
LOG (gmm-align-compiled[5.5.883~1-3eea3]:main():gmm-align-compiled.cc:127) SWH-05-20101106_16k-emission_swahili_05h30_-_06h00_tu_20101106_part197
LOG (gmm-align-compiled[5.5.883~1-3eea3]:main():gmm-align-compiled.cc:127) SWH-05-20101106_16k-emission_swahili_05h30_-_06h00_tu_20101106_part198
LOG (gmm-align-compiled[5.5.883~1-3eea3]:main():gmm-align-compiled.cc:127) SWH-05-20101106_16k-emission_swahili_05h30_-_06h00_tu_20101106_part199
LOG (gmm-align-compiled[5.5.883~1-3eea3]:main():gmm-align-compiled.cc:127) SWH-05-20101106_16k-emission_swahili_05h30_-_06h00_tu_20101106_part2
LOG (gmm-align-compiled[5.5.883~1-3eea3]:main():gmm-align-compiled.cc:127) SWH-05-20101106_16k-emission_swahili_05h30_-_06h00_tu_20101106_part20
LOG (gmm-align-compiled[5.5.883~1-3eea3]:main():gmm-align-compiled.cc:127) SWH-05-20101106_16k-emission_swahili_05h30_-_06h00_tu_20101106_part200
LOG (gmm-align-compiled[5.5.883~1-3eea3]:main():gmm-align-compiled.cc:127) SWH-05-20101106_16k-emission_swahili_05h30_-_06h00_tu_20101106_part201
LOG (gmm-align-compiled[5.5.883~1-3eea3]:main():gmm-align-compiled.cc:127) SWH-05-20101106_16k-emission_swahili_05h30_-_06h00_tu_20101106_part202
LOG (gmm-align-compiled[5.5.883~1-3eea3]:main():gmm-align-compiled.cc:127) SWH-05-20101106_16k-emission_swahili_05h30_-_06h00_tu_20101106_part203
LOG (gmm-align-compiled[5.5.883~1-3eea3]:main():gmm-align-compiled.cc:127) SWH-05-20101106_16k-emission_swahili_05h30_-_06h00_tu_20101106_part204
LOG (gmm-align-compiled[5.5.883~1-3eea3]:main():gmm-align-compiled.cc:127) SWH-05-20101106_16k-emission_swahili_05h30_-_06h00_tu_20101106_part205
LOG (gmm-align-compiled[5.5.883~1-3eea3]:main():gmm-align-compiled.cc:127) SWH-05-20101106_16k-emission_swahili_05h30_-_06h00_tu_20101106_part206
LOG (gmm-align-compiled[5.5.883~1-3eea3]:main():gmm-align-compiled.cc:127) SWH-05-20101106_16k-emission_swahili_05h30_-_06h00_tu_20101106_part207
LOG (gmm-align-compiled[5.5.883~1-3eea3]:main():gmm-align-compiled.cc:127) SWH-05-20101106_16k-emission_swahili_05h30_-_06h00_tu_20101106_part21
LOG (gmm-align-compiled[5.5.883~1-3eea3]:main():gmm-align-compiled.cc:127) SWH-05-20101106_16k-emission_swahili_05h30_-_06h00_tu_20101106_part22
LOG (gmm-align-compiled[5.5.883~1-3eea3]:main():gmm-align-compiled.cc:127) SWH-05-20101106_16k-emission_swahili_05h30_-_06h00_tu_20101106_part23
LOG (gmm-align-compiled[5.5.883~1-3eea3]:main():gmm-align-compiled.cc:127) SWH-05-20101106_16k-emission_swahili_05h30_-_06h00_tu_20101106_part24
LOG (gmm-align-compiled[5.5.883~1-3eea3]:main():gmm-align-compiled.cc:127) SWH-05-20101106_16k-emission_swahili_05h30_-_06h00_tu_20101106_part25
LOG (gmm-align-compiled[5.5.883~1-3eea3]:main():gmm-align-compiled.cc:127) SWH-05-20101106_16k-emission_swahili_05h30_-_06h00_tu_20101106_part26
LOG (gmm-align-compiled[5.5.883~1-3eea3]:main():gmm-align-compiled.cc:127) SWH-05-20101106_16k-emission_swahili_05h30_-_06h00_tu_20101106_part27
LOG (gmm-align-compiled[5.5.883~1-3eea3]:main():gmm-align-compiled.cc:127) SWH-05-20101106_16k-emission_swahili_05h30_-_06h00_tu_20101106_part28
LOG (gmm-align-compiled[5.5.883~1-3eea3]:main():gmm-align-compiled.cc:127) SWH-05-20101106_16k-emission_swahili_05h30_-_06h00_tu_20101106_part29
LOG (gmm-align-compiled[5.5.883~1-3eea3]:main():gmm-align-compiled.cc:127) SWH-05-20101106_16k-emission_swahili_05h30_-_06h00_tu_20101106_part3
LOG (gmm-align-compiled[5.5.883~1-3eea3]:main():gmm-align-compiled.cc:127) SWH-05-20101106_16k-emission_swahili_05h30_-_06h00_tu_20101106_part30
LOG (gmm-align-compiled[5.5.883~1-3eea3]:main():gmm-align-compiled.cc:127) SWH-05-20101106_16k-emission_swahili_05h30_-_06h00_tu_20101106_part31
LOG (gmm-align-compiled[5.5.883~1-3eea3]:main():gmm-align-compiled.cc:127) SWH-05-20101106_16k-emission_swahili_05h30_-_06h00_tu_20101106_part32
LOG (gmm-align-compiled[5.5.883~1-3eea3]:main():gmm-align-compiled.cc:127) SWH-05-20101106_16k-emission_swahili_05h30_-_06h00_tu_20101106_part33
LOG (gmm-align-compiled[5.5.883~1-3eea3]:main():gmm-align-compiled.cc:127) SWH-05-20101106_16k-emission_swahili_05h30_-_06h00_tu_20101106_part34
LOG (gmm-align-compiled[5.5.883~1-3eea3]:main():gmm-align-compiled.cc:127) SWH-05-20101106_16k-emission_swahili_05h30_-_06h00_tu_20101106_part35
LOG (gmm-align-compiled[5.5.883~1-3eea3]:main():gmm-align-compiled.cc:127) SWH-05-20101106_16k-emission_swahili_05h30_-_06h00_tu_20101106_part36
LOG (gmm-align-compiled[5.5.883~1-3eea3]:main():gmm-align-compiled.cc:127) SWH-05-20101106_16k-emission_swahili_05h30_-_06h00_tu_20101106_part37
LOG (gmm-align-compiled[5.5.883~1-3eea3]:main():gmm-align-compiled.cc:127) SWH-05-20101106_16k-emission_swahili_05h30_-_06h00_tu_20101106_part38
LOG (gmm-align-compiled[5.5.883~1-3eea3]:main():gmm-align-compiled.cc:127) SWH-05-20101106_16k-emission_swahili_05h30_-_06h00_tu_20101106_part39
LOG (gmm-align-compiled[5.5.883~1-3eea3]:main():gmm-align-compiled.cc:127) SWH-05-20101106_16k-emission_swahili_05h30_-_06h00_tu_20101106_part4
LOG (gmm-align-compiled[5.5.883~1-3eea3]:main():gmm-align-compiled.cc:127) SWH-05-20101106_16k-emission_swahili_05h30_-_06h00_tu_20101106_part40
LOG (gmm-align-compiled[5.5.883~1-3eea3]:main():gmm-align-compiled.cc:127) SWH-05-20101106_16k-emission_swahili_05h30_-_06h00_tu_20101106_part41
LOG (gmm-align-compiled[5.5.883~1-3eea3]:main():gmm-align-compiled.cc:127) SWH-05-20101106_16k-emission_swahili_05h30_-_06h00_tu_20101106_part42
LOG (gmm-align-compiled[5.5.883~1-3eea3]:main():gmm-align-compiled.cc:127) SWH-05-20101106_16k-emission_swahili_05h30_-_06h00_tu_20101106_part43
LOG (gmm-align-compiled[5.5.883~1-3eea3]:main():gmm-align-compiled.cc:127) SWH-05-20101106_16k-emission_swahili_05h30_-_06h00_tu_20101106_part44
LOG (gmm-align-compiled[5.5.883~1-3eea3]:main():gmm-align-compiled.cc:127) SWH-05-20101106_16k-emission_swahili_05h30_-_06h00_tu_20101106_part45
LOG (gmm-align-compiled[5.5.883~1-3eea3]:main():gmm-align-compiled.cc:127) SWH-05-20101106_16k-emission_swahili_05h30_-_06h00_tu_20101106_part46
LOG (gmm-align-compiled[5.5.883~1-3eea3]:main():gmm-align-compiled.cc:127) SWH-05-20101106_16k-emission_swahili_05h30_-_06h00_tu_20101106_part47
LOG (gmm-align-compiled[5.5.883~1-3eea3]:main():gmm-align-compiled.cc:127) SWH-05-20101106_16k-emission_swahili_05h30_-_06h00_tu_20101106_part48
LOG (gmm-align-compiled[5.5.883~1-3eea3]:main():gmm-align-compiled.cc:127) SWH-05-20101106_16k-emission_swahili_05h30_-_06h00_tu_20101106_part49
LOG (gmm-align-compiled[5.5.883~1-3eea3]:main():gmm-align-compiled.cc:127) SWH-05-20101106_16k-emission_swahili_05h30_-_06h00_tu_20101106_part5
LOG (gmm-align-compiled[5.5.883~1-3eea3]:main():gmm-align-compiled.cc:127) SWH-05-20101106_16k-emission_swahili_05h30_-_06h00_tu_20101106_part50
LOG (gmm-align-compiled[5.5.883~1-3eea3]:main():gmm-align-compiled.cc:127) SWH-05-20101106_16k-emission_swahili_05h30_-_06h00_tu_20101106_part51
LOG (gmm-align-compiled[5.5.883~1-3eea3]:main():gmm-align-compiled.cc:127) SWH-05-20101106_16k-emission_swahili_05h30_-_06h00_tu_20101106_part52
LOG (gmm-align-compiled[5.5.883~1-3eea3]:main():gmm-align-compiled.cc:127) SWH-05-20101106_16k-emission_swahili_05h30_-_06h00_tu_20101106_part53
WARNING (gmm-align-compiled[5.5.883~1-3eea3]:AlignUtteranceWrapper():decoder-wrappers.cc:617) Retrying utterance SWH-05-20101106_16k-emission_swahili_05h30_-_06h00_tu_20101106_part53 with beam 40
LOG (gmm-align-compiled[5.5.883~1-3eea3]:main():gmm-align-compiled.cc:127) SWH-05-20101106_16k-emission_swahili_05h30_-_06h00_tu_20101106_part54
LOG (gmm-align-compiled[5.5.883~1-3eea3]:main():gmm-align-compiled.cc:127) SWH-05-20101106_16k-emission_swahili_05h30_-_06h00_tu_20101106_part55
LOG (gmm-align-compiled[5.5.883~1-3eea3]:main():gmm-align-compiled.cc:127) SWH-05-20101106_16k-emission_swahili_05h30_-_06h00_tu_20101106_part56
LOG (gmm-align-compiled[5.5.883~1-3eea3]:main():gmm-align-compiled.cc:127) SWH-05-20101106_16k-emission_swahili_05h30_-_06h00_tu_20101106_part57
LOG (gmm-align-compiled[5.5.883~1-3eea3]:main():gmm-align-compiled.cc:127) SWH-05-20101106_16k-emission_swahili_05h30_-_06h00_tu_20101106_part58
LOG (gmm-align-compiled[5.5.883~1-3eea3]:main():gmm-align-compiled.cc:127) SWH-05-20101106_16k-emission_swahili_05h30_-_06h00_tu_20101106_part59
LOG (gmm-align-compiled[5.5.883~1-3eea3]:main():gmm-align-compiled.cc:127) SWH-05-20101106_16k-emission_swahili_05h30_-_06h00_tu_20101106_part6
LOG (gmm-align-compiled[5.5.883~1-3eea3]:main():gmm-align-compiled.cc:127) SWH-05-20101106_16k-emission_swahili_05h30_-_06h00_tu_20101106_part60
LOG (gmm-align-compiled[5.5.883~1-3eea3]:main():gmm-align-compiled.cc:127) SWH-05-20101106_16k-emission_swahili_05h30_-_06h00_tu_20101106_part61
LOG (gmm-align-compiled[5.5.883~1-3eea3]:main():gmm-align-compiled.cc:127) SWH-05-20101106_16k-emission_swahili_05h30_-_06h00_tu_20101106_part62
LOG (gmm-align-compiled[5.5.883~1-3eea3]:main():gmm-align-compiled.cc:127) SWH-05-20101106_16k-emission_swahili_05h30_-_06h00_tu_20101106_part63
LOG (gmm-align-compiled[5.5.883~1-3eea3]:main():gmm-align-compiled.cc:127) SWH-05-20101106_16k-emission_swahili_05h30_-_06h00_tu_20101106_part64
LOG (gmm-align-compiled[5.5.883~1-3eea3]:main():gmm-align-compiled.cc:127) SWH-05-20101106_16k-emission_swahili_05h30_-_06h00_tu_20101106_part65
LOG (gmm-align-compiled[5.5.883~1-3eea3]:main():gmm-align-compiled.cc:127) SWH-05-20101106_16k-emission_swahili_05h30_-_06h00_tu_20101106_part66
LOG (gmm-align-compiled[5.5.883~1-3eea3]:main():gmm-align-compiled.cc:127) SWH-05-20101106_16k-emission_swahili_05h30_-_06h00_tu_20101106_part67
LOG (gmm-align-compiled[5.5.883~1-3eea3]:main():gmm-align-compiled.cc:127) SWH-05-20101106_16k-emission_swahili_05h30_-_06h00_tu_20101106_part68
LOG (gmm-align-compiled[5.5.883~1-3eea3]:main():gmm-align-compiled.cc:127) SWH-05-20101106_16k-emission_swahili_05h30_-_06h00_tu_20101106_part69
LOG (gmm-align-compiled[5.5.883~1-3eea3]:main():gmm-align-compiled.cc:127) SWH-05-20101106_16k-emission_swahili_05h30_-_06h00_tu_20101106_part7
LOG (gmm-align-compiled[5.5.883~1-3eea3]:main():gmm-align-compiled.cc:127) SWH-05-20101106_16k-emission_swahili_05h30_-_06h00_tu_20101106_part70
LOG (gmm-align-compiled[5.5.883~1-3eea3]:main():gmm-align-compiled.cc:127) SWH-05-20101106_16k-emission_swahili_05h30_-_06h00_tu_20101106_part71
LOG (gmm-align-compiled[5.5.883~1-3eea3]:main():gmm-align-compiled.cc:127) SWH-05-20101106_16k-emission_swahili_05h30_-_06h00_tu_20101106_part72
WARNING (gmm-align-compiled[5.5.883~1-3eea3]:AlignUtteranceWrapper():decoder-wrappers.cc:617) Retrying utterance SWH-05-20101106_16k-emission_swahili_05h30_-_06h00_tu_20101106_part72 with beam 40
LOG (gmm-align-compiled[5.5.883~1-3eea3]:main():gmm-align-compiled.cc:127) SWH-05-20101106_16k-emission_swahili_05h30_-_06h00_tu_20101106_part73
LOG (gmm-align-compiled[5.5.883~1-3eea3]:main():gmm-align-compiled.cc:127) SWH-05-20101106_16k-emission_swahili_05h30_-_06h00_tu_20101106_part74
LOG (gmm-align-compiled[5.5.883~1-3eea3]:main():gmm-align-compiled.cc:127) SWH-05-20101106_16k-emission_swahili_05h30_-_06h00_tu_20101106_part75
LOG (gmm-align-compiled[5.5.883~1-3eea3]:main():gmm-align-compiled.cc:127) SWH-05-20101106_16k-emission_swahili_05h30_-_06h00_tu_20101106_part76
LOG (gmm-align-compiled[5.5.883~1-3eea3]:main():gmm-align-compiled.cc:127) SWH-05-20101106_16k-emission_swahili_05h30_-_06h00_tu_20101106_part77
LOG (gmm-align-compiled[5.5.883~1-3eea3]:main():gmm-align-compiled.cc:127) SWH-05-20101106_16k-emission_swahili_05h30_-_06h00_tu_20101106_part78
WARNING (gmm-align-compiled[5.5.883~1-3eea3]:AlignUtteranceWrapper():decoder-wrappers.cc:617) Retrying utterance SWH-05-20101106_16k-emission_swahili_05h30_-_06h00_tu_20101106_part78 with beam 40
LOG (gmm-align-compiled[5.5.883~1-3eea3]:main():gmm-align-compiled.cc:127) SWH-05-20101106_16k-emission_swahili_05h30_-_06h00_tu_20101106_part79
LOG (gmm-align-compiled[5.5.883~1-3eea3]:main():gmm-align-compiled.cc:127) SWH-05-20101106_16k-emission_swahili_05h30_-_06h00_tu_20101106_part8
LOG (gmm-align-compiled[5.5.883~1-3eea3]:main():gmm-align-compiled.cc:127) SWH-05-20101106_16k-emission_swahili_05h30_-_06h00_tu_20101106_part80
LOG (gmm-align-compiled[5.5.883~1-3eea3]:main():gmm-align-compiled.cc:127) SWH-05-20101106_16k-emission_swahili_05h30_-_06h00_tu_20101106_part81
LOG (gmm-align-compiled[5.5.883~1-3eea3]:main():gmm-align-compiled.cc:127) SWH-05-20101106_16k-emission_swahili_05h30_-_06h00_tu_20101106_part82
LOG (gmm-align-compiled[5.5.883~1-3eea3]:main():gmm-align-compiled.cc:127) SWH-05-20101106_16k-emission_swahili_05h30_-_06h00_tu_20101106_part83
LOG (gmm-align-compiled[5.5.883~1-3eea3]:main():gmm-align-compiled.cc:127) SWH-05-20101106_16k-emission_swahili_05h30_-_06h00_tu_20101106_part84
LOG (gmm-align-compiled[5.5.883~1-3eea3]:main():gmm-align-compiled.cc:127) SWH-05-20101106_16k-emission_swahili_05h30_-_06h00_tu_20101106_part85
LOG (gmm-align-compiled[5.5.883~1-3eea3]:main():gmm-align-compiled.cc:127) SWH-05-20101106_16k-emission_swahili_05h30_-_06h00_tu_20101106_part86
LOG (gmm-align-compiled[5.5.883~1-3eea3]:main():gmm-align-compiled.cc:127) SWH-05-20101106_16k-emission_swahili_05h30_-_06h00_tu_20101106_part87
LOG (gmm-align-compiled[5.5.883~1-3eea3]:main():gmm-align-compiled.cc:127) SWH-05-20101106_16k-emission_swahili_05h30_-_06h00_tu_20101106_part88
LOG (gmm-align-compiled[5.5.883~1-3eea3]:main():gmm-align-compiled.cc:127) SWH-05-20101106_16k-emission_swahili_05h30_-_06h00_tu_20101106_part89
LOG (gmm-align-compiled[5.5.883~1-3eea3]:main():gmm-align-compiled.cc:127) SWH-05-20101106_16k-emission_swahili_05h30_-_06h00_tu_20101106_part9
LOG (gmm-align-compiled[5.5.883~1-3eea3]:main():gmm-align-compiled.cc:127) SWH-05-20101106_16k-emission_swahili_05h30_-_06h00_tu_20101106_part90
LOG (gmm-align-compiled[5.5.883~1-3eea3]:main():gmm-align-compiled.cc:127) SWH-05-20101106_16k-emission_swahili_05h30_-_06h00_tu_20101106_part91
LOG (gmm-align-compiled[5.5.883~1-3eea3]:main():gmm-align-compiled.cc:127) SWH-05-20101106_16k-emission_swahili_05h30_-_06h00_tu_20101106_part92
LOG (gmm-align-compiled[5.5.883~1-3eea3]:main():gmm-align-compiled.cc:127) SWH-05-20101106_16k-emission_swahili_05h30_-_06h00_tu_20101106_part93
LOG (apply-cmvn[5.5.883~1-3eea3]:main():apply-cmvn.cc:162) Applied cepstral mean normalization to 205 utterances, errors on 0
LOG (gmm-align-compiled[5.5.883~1-3eea3]:main():gmm-align-compiled.cc:127) SWH-05-20101106_16k-emission_swahili_05h30_-_06h00_tu_20101106_part94
LOG (gmm-align-compiled[5.5.883~1-3eea3]:main():gmm-align-compiled.cc:127) SWH-05-20101106_16k-emission_swahili_05h30_-_06h00_tu_20101106_part95
LOG (gmm-align-compiled[5.5.883~1-3eea3]:main():gmm-align-compiled.cc:127) SWH-05-20101106_16k-emission_swahili_05h30_-_06h00_tu_20101106_part96
LOG (gmm-align-compiled[5.5.883~1-3eea3]:main():gmm-align-compiled.cc:127) SWH-05-20101106_16k-emission_swahili_05h30_-_06h00_tu_20101106_part97
LOG (gmm-align-compiled[5.5.883~1-3eea3]:main():gmm-align-compiled.cc:127) SWH-05-20101106_16k-emission_swahili_05h30_-_06h00_tu_20101106_part98
LOG (gmm-align-compiled[5.5.883~1-3eea3]:main():gmm-align-compiled.cc:127) SWH-05-20101106_16k-emission_swahili_05h30_-_06h00_tu_20101106_part99
LOG (gmm-align-compiled[5.5.883~1-3eea3]:main():gmm-align-compiled.cc:135) Overall log-likelihood per frame is -99.7259 over 69115 frames.
LOG (gmm-align-compiled[5.5.883~1-3eea3]:main():gmm-align-compiled.cc:137) Retried 7 out of 205 utterances.
LOG (gmm-align-compiled[5.5.883~1-3eea3]:main():gmm-align-compiled.cc:139) Done 204, errors on 1
# Accounting: time=4 threads=1
# Ended (code 0) at Mon Feb 15 12:03:30 IST 2021, elapsed time 4 seconds
