# gmm-align-compiled --transition-scale=1.0 --acoustic-scale=0.1 --self-loop-scale=0.1 --beam=10 --retry-beam=40 --careful=false "gmm-boost-silence --boost=1.25 1 exp/tri1/20.mdl - |" "ark:gunzip -c exp/tri1/fsts.2.gz|" "ark,s,cs:apply-cmvn  --utt2spk=ark:data/train/split4/2/utt2spk scp:data/train/split4/2/cmvn.scp scp:data/train/split4/2/feats.scp ark:- | add-deltas  ark:- ark:- |" "ark:|gzip -c >exp/tri1/ali.2.gz" 
# Started at Mon Feb 15 12:03:52 IST 2021
#
gmm-align-compiled --transition-scale=1.0 --acoustic-scale=0.1 --self-loop-scale=0.1 --beam=10 --retry-beam=40 --careful=false 'gmm-boost-silence --boost=1.25 1 exp/tri1/20.mdl - |' 'ark:gunzip -c exp/tri1/fsts.2.gz|' 'ark,s,cs:apply-cmvn  --utt2spk=ark:data/train/split4/2/utt2spk scp:data/train/split4/2/cmvn.scp scp:data/train/split4/2/feats.scp ark:- | add-deltas  ark:- ark:- |' 'ark:|gzip -c >exp/tri1/ali.2.gz' 
gmm-boost-silence --boost=1.25 1 exp/tri1/20.mdl - 
WARNING (gmm-boost-silence[5.5.883~1-3eea3]:main():gmm-boost-silence.cc:82) The pdfs for the silence phones may be shared by other phones (note: this probably does not matter.)
LOG (gmm-boost-silence[5.5.883~1-3eea3]:main():gmm-boost-silence.cc:93) Boosted weights for 5 pdfs, by factor of 1.25
LOG (gmm-boost-silence[5.5.883~1-3eea3]:main():gmm-boost-silence.cc:103) Wrote model to -
apply-cmvn --utt2spk=ark:data/train/split4/2/utt2spk scp:data/train/split4/2/cmvn.scp scp:data/train/split4/2/feats.scp ark:- 
add-deltas ark:- ark:- 
LOG (gmm-align-compiled[5.5.883~1-3eea3]:main():gmm-align-compiled.cc:127) SWH-05-20101107_16k-emission_swahili_05h30_-_06h00_tu_20101107_part1
LOG (gmm-align-compiled[5.5.883~1-3eea3]:main():gmm-align-compiled.cc:127) SWH-05-20101107_16k-emission_swahili_05h30_-_06h00_tu_20101107_part10
LOG (gmm-align-compiled[5.5.883~1-3eea3]:main():gmm-align-compiled.cc:127) SWH-05-20101107_16k-emission_swahili_05h30_-_06h00_tu_20101107_part100
LOG (gmm-align-compiled[5.5.883~1-3eea3]:main():gmm-align-compiled.cc:127) SWH-05-20101107_16k-emission_swahili_05h30_-_06h00_tu_20101107_part101
LOG (gmm-align-compiled[5.5.883~1-3eea3]:main():gmm-align-compiled.cc:127) SWH-05-20101107_16k-emission_swahili_05h30_-_06h00_tu_20101107_part102
LOG (gmm-align-compiled[5.5.883~1-3eea3]:main():gmm-align-compiled.cc:127) SWH-05-20101107_16k-emission_swahili_05h30_-_06h00_tu_20101107_part103
LOG (gmm-align-compiled[5.5.883~1-3eea3]:main():gmm-align-compiled.cc:127) SWH-05-20101107_16k-emission_swahili_05h30_-_06h00_tu_20101107_part104
LOG (gmm-align-compiled[5.5.883~1-3eea3]:main():gmm-align-compiled.cc:127) SWH-05-20101107_16k-emission_swahili_05h30_-_06h00_tu_20101107_part105
LOG (gmm-align-compiled[5.5.883~1-3eea3]:main():gmm-align-compiled.cc:127) SWH-05-20101107_16k-emission_swahili_05h30_-_06h00_tu_20101107_part106
LOG (gmm-align-compiled[5.5.883~1-3eea3]:main():gmm-align-compiled.cc:127) SWH-05-20101107_16k-emission_swahili_05h30_-_06h00_tu_20101107_part107
LOG (gmm-align-compiled[5.5.883~1-3eea3]:main():gmm-align-compiled.cc:127) SWH-05-20101107_16k-emission_swahili_05h30_-_06h00_tu_20101107_part108
LOG (gmm-align-compiled[5.5.883~1-3eea3]:main():gmm-align-compiled.cc:127) SWH-05-20101107_16k-emission_swahili_05h30_-_06h00_tu_20101107_part109
WARNING (gmm-align-compiled[5.5.883~1-3eea3]:AlignUtteranceWrapper():decoder-wrappers.cc:617) Retrying utterance SWH-05-20101107_16k-emission_swahili_05h30_-_06h00_tu_20101107_part109 with beam 40
LOG (gmm-align-compiled[5.5.883~1-3eea3]:main():gmm-align-compiled.cc:127) SWH-05-20101107_16k-emission_swahili_05h30_-_06h00_tu_20101107_part11
LOG (gmm-align-compiled[5.5.883~1-3eea3]:main():gmm-align-compiled.cc:127) SWH-05-20101107_16k-emission_swahili_05h30_-_06h00_tu_20101107_part110
WARNING (gmm-align-compiled[5.5.883~1-3eea3]:AlignUtteranceWrapper():decoder-wrappers.cc:617) Retrying utterance SWH-05-20101107_16k-emission_swahili_05h30_-_06h00_tu_20101107_part110 with beam 40
LOG (gmm-align-compiled[5.5.883~1-3eea3]:main():gmm-align-compiled.cc:127) SWH-05-20101107_16k-emission_swahili_05h30_-_06h00_tu_20101107_part111
LOG (gmm-align-compiled[5.5.883~1-3eea3]:main():gmm-align-compiled.cc:127) SWH-05-20101107_16k-emission_swahili_05h30_-_06h00_tu_20101107_part112
LOG (gmm-align-compiled[5.5.883~1-3eea3]:main():gmm-align-compiled.cc:127) SWH-05-20101107_16k-emission_swahili_05h30_-_06h00_tu_20101107_part113
LOG (gmm-align-compiled[5.5.883~1-3eea3]:main():gmm-align-compiled.cc:127) SWH-05-20101107_16k-emission_swahili_05h30_-_06h00_tu_20101107_part114
LOG (gmm-align-compiled[5.5.883~1-3eea3]:main():gmm-align-compiled.cc:127) SWH-05-20101107_16k-emission_swahili_05h30_-_06h00_tu_20101107_part115
LOG (gmm-align-compiled[5.5.883~1-3eea3]:main():gmm-align-compiled.cc:127) SWH-05-20101107_16k-emission_swahili_05h30_-_06h00_tu_20101107_part116
LOG (gmm-align-compiled[5.5.883~1-3eea3]:main():gmm-align-compiled.cc:127) SWH-05-20101107_16k-emission_swahili_05h30_-_06h00_tu_20101107_part117
LOG (gmm-align-compiled[5.5.883~1-3eea3]:main():gmm-align-compiled.cc:127) SWH-05-20101107_16k-emission_swahili_05h30_-_06h00_tu_20101107_part118
LOG (gmm-align-compiled[5.5.883~1-3eea3]:main():gmm-align-compiled.cc:127) SWH-05-20101107_16k-emission_swahili_05h30_-_06h00_tu_20101107_part119
LOG (gmm-align-compiled[5.5.883~1-3eea3]:main():gmm-align-compiled.cc:127) SWH-05-20101107_16k-emission_swahili_05h30_-_06h00_tu_20101107_part12
LOG (gmm-align-compiled[5.5.883~1-3eea3]:main():gmm-align-compiled.cc:127) SWH-05-20101107_16k-emission_swahili_05h30_-_06h00_tu_20101107_part120
WARNING (gmm-align-compiled[5.5.883~1-3eea3]:AlignUtteranceWrapper():decoder-wrappers.cc:617) Retrying utterance SWH-05-20101107_16k-emission_swahili_05h30_-_06h00_tu_20101107_part120 with beam 40
WARNING (gmm-align-compiled[5.5.883~1-3eea3]:AlignUtteranceWrapper():decoder-wrappers.cc:626) Did not successfully decode file SWH-05-20101107_16k-emission_swahili_05h30_-_06h00_tu_20101107_part120, len = 439
LOG (gmm-align-compiled[5.5.883~1-3eea3]:main():gmm-align-compiled.cc:127) SWH-05-20101107_16k-emission_swahili_05h30_-_06h00_tu_20101107_part121
LOG (gmm-align-compiled[5.5.883~1-3eea3]:main():gmm-align-compiled.cc:127) SWH-05-20101107_16k-emission_swahili_05h30_-_06h00_tu_20101107_part122
LOG (gmm-align-compiled[5.5.883~1-3eea3]:main():gmm-align-compiled.cc:127) SWH-05-20101107_16k-emission_swahili_05h30_-_06h00_tu_20101107_part123
LOG (gmm-align-compiled[5.5.883~1-3eea3]:main():gmm-align-compiled.cc:127) SWH-05-20101107_16k-emission_swahili_05h30_-_06h00_tu_20101107_part124
LOG (gmm-align-compiled[5.5.883~1-3eea3]:main():gmm-align-compiled.cc:127) SWH-05-20101107_16k-emission_swahili_05h30_-_06h00_tu_20101107_part125
LOG (gmm-align-compiled[5.5.883~1-3eea3]:main():gmm-align-compiled.cc:127) SWH-05-20101107_16k-emission_swahili_05h30_-_06h00_tu_20101107_part126
LOG (gmm-align-compiled[5.5.883~1-3eea3]:main():gmm-align-compiled.cc:127) SWH-05-20101107_16k-emission_swahili_05h30_-_06h00_tu_20101107_part127
LOG (gmm-align-compiled[5.5.883~1-3eea3]:main():gmm-align-compiled.cc:127) SWH-05-20101107_16k-emission_swahili_05h30_-_06h00_tu_20101107_part128
LOG (gmm-align-compiled[5.5.883~1-3eea3]:main():gmm-align-compiled.cc:127) SWH-05-20101107_16k-emission_swahili_05h30_-_06h00_tu_20101107_part129
LOG (gmm-align-compiled[5.5.883~1-3eea3]:main():gmm-align-compiled.cc:127) SWH-05-20101107_16k-emission_swahili_05h30_-_06h00_tu_20101107_part13
LOG (gmm-align-compiled[5.5.883~1-3eea3]:main():gmm-align-compiled.cc:127) SWH-05-20101107_16k-emission_swahili_05h30_-_06h00_tu_20101107_part130
LOG (gmm-align-compiled[5.5.883~1-3eea3]:main():gmm-align-compiled.cc:127) SWH-05-20101107_16k-emission_swahili_05h30_-_06h00_tu_20101107_part131
LOG (gmm-align-compiled[5.5.883~1-3eea3]:main():gmm-align-compiled.cc:127) SWH-05-20101107_16k-emission_swahili_05h30_-_06h00_tu_20101107_part132
LOG (gmm-align-compiled[5.5.883~1-3eea3]:main():gmm-align-compiled.cc:127) SWH-05-20101107_16k-emission_swahili_05h30_-_06h00_tu_20101107_part133
LOG (gmm-align-compiled[5.5.883~1-3eea3]:main():gmm-align-compiled.cc:127) SWH-05-20101107_16k-emission_swahili_05h30_-_06h00_tu_20101107_part134
LOG (gmm-align-compiled[5.5.883~1-3eea3]:main():gmm-align-compiled.cc:127) SWH-05-20101107_16k-emission_swahili_05h30_-_06h00_tu_20101107_part135
LOG (gmm-align-compiled[5.5.883~1-3eea3]:main():gmm-align-compiled.cc:127) SWH-05-20101107_16k-emission_swahili_05h30_-_06h00_tu_20101107_part136
LOG (gmm-align-compiled[5.5.883~1-3eea3]:main():gmm-align-compiled.cc:127) SWH-05-20101107_16k-emission_swahili_05h30_-_06h00_tu_20101107_part137
LOG (gmm-align-compiled[5.5.883~1-3eea3]:main():gmm-align-compiled.cc:127) SWH-05-20101107_16k-emission_swahili_05h30_-_06h00_tu_20101107_part138
LOG (gmm-align-compiled[5.5.883~1-3eea3]:main():gmm-align-compiled.cc:127) SWH-05-20101107_16k-emission_swahili_05h30_-_06h00_tu_20101107_part14
LOG (gmm-align-compiled[5.5.883~1-3eea3]:main():gmm-align-compiled.cc:127) SWH-05-20101107_16k-emission_swahili_05h30_-_06h00_tu_20101107_part140
LOG (gmm-align-compiled[5.5.883~1-3eea3]:main():gmm-align-compiled.cc:127) SWH-05-20101107_16k-emission_swahili_05h30_-_06h00_tu_20101107_part141
LOG (gmm-align-compiled[5.5.883~1-3eea3]:main():gmm-align-compiled.cc:127) SWH-05-20101107_16k-emission_swahili_05h30_-_06h00_tu_20101107_part142
LOG (gmm-align-compiled[5.5.883~1-3eea3]:main():gmm-align-compiled.cc:127) SWH-05-20101107_16k-emission_swahili_05h30_-_06h00_tu_20101107_part143
LOG (gmm-align-compiled[5.5.883~1-3eea3]:main():gmm-align-compiled.cc:127) SWH-05-20101107_16k-emission_swahili_05h30_-_06h00_tu_20101107_part144
LOG (gmm-align-compiled[5.5.883~1-3eea3]:main():gmm-align-compiled.cc:127) SWH-05-20101107_16k-emission_swahili_05h30_-_06h00_tu_20101107_part145
LOG (gmm-align-compiled[5.5.883~1-3eea3]:main():gmm-align-compiled.cc:127) SWH-05-20101107_16k-emission_swahili_05h30_-_06h00_tu_20101107_part146
LOG (gmm-align-compiled[5.5.883~1-3eea3]:main():gmm-align-compiled.cc:127) SWH-05-20101107_16k-emission_swahili_05h30_-_06h00_tu_20101107_part147
LOG (gmm-align-compiled[5.5.883~1-3eea3]:main():gmm-align-compiled.cc:127) SWH-05-20101107_16k-emission_swahili_05h30_-_06h00_tu_20101107_part148
LOG (gmm-align-compiled[5.5.883~1-3eea3]:main():gmm-align-compiled.cc:127) SWH-05-20101107_16k-emission_swahili_05h30_-_06h00_tu_20101107_part149
LOG (gmm-align-compiled[5.5.883~1-3eea3]:main():gmm-align-compiled.cc:127) SWH-05-20101107_16k-emission_swahili_05h30_-_06h00_tu_20101107_part15
LOG (gmm-align-compiled[5.5.883~1-3eea3]:main():gmm-align-compiled.cc:127) SWH-05-20101107_16k-emission_swahili_05h30_-_06h00_tu_20101107_part150
LOG (gmm-align-compiled[5.5.883~1-3eea3]:main():gmm-align-compiled.cc:127) SWH-05-20101107_16k-emission_swahili_05h30_-_06h00_tu_20101107_part151
LOG (gmm-align-compiled[5.5.883~1-3eea3]:main():gmm-align-compiled.cc:127) SWH-05-20101107_16k-emission_swahili_05h30_-_06h00_tu_20101107_part152
LOG (gmm-align-compiled[5.5.883~1-3eea3]:main():gmm-align-compiled.cc:127) SWH-05-20101107_16k-emission_swahili_05h30_-_06h00_tu_20101107_part153
LOG (gmm-align-compiled[5.5.883~1-3eea3]:main():gmm-align-compiled.cc:127) SWH-05-20101107_16k-emission_swahili_05h30_-_06h00_tu_20101107_part154
LOG (gmm-align-compiled[5.5.883~1-3eea3]:main():gmm-align-compiled.cc:127) SWH-05-20101107_16k-emission_swahili_05h30_-_06h00_tu_20101107_part155
LOG (gmm-align-compiled[5.5.883~1-3eea3]:main():gmm-align-compiled.cc:127) SWH-05-20101107_16k-emission_swahili_05h30_-_06h00_tu_20101107_part156
LOG (gmm-align-compiled[5.5.883~1-3eea3]:main():gmm-align-compiled.cc:127) SWH-05-20101107_16k-emission_swahili_05h30_-_06h00_tu_20101107_part157
LOG (gmm-align-compiled[5.5.883~1-3eea3]:main():gmm-align-compiled.cc:127) SWH-05-20101107_16k-emission_swahili_05h30_-_06h00_tu_20101107_part158
LOG (gmm-align-compiled[5.5.883~1-3eea3]:main():gmm-align-compiled.cc:127) SWH-05-20101107_16k-emission_swahili_05h30_-_06h00_tu_20101107_part159
LOG (gmm-align-compiled[5.5.883~1-3eea3]:main():gmm-align-compiled.cc:127) SWH-05-20101107_16k-emission_swahili_05h30_-_06h00_tu_20101107_part16
LOG (gmm-align-compiled[5.5.883~1-3eea3]:main():gmm-align-compiled.cc:127) SWH-05-20101107_16k-emission_swahili_05h30_-_06h00_tu_20101107_part160
LOG (gmm-align-compiled[5.5.883~1-3eea3]:main():gmm-align-compiled.cc:127) SWH-05-20101107_16k-emission_swahili_05h30_-_06h00_tu_20101107_part161
LOG (gmm-align-compiled[5.5.883~1-3eea3]:main():gmm-align-compiled.cc:127) SWH-05-20101107_16k-emission_swahili_05h30_-_06h00_tu_20101107_part162
LOG (gmm-align-compiled[5.5.883~1-3eea3]:main():gmm-align-compiled.cc:127) SWH-05-20101107_16k-emission_swahili_05h30_-_06h00_tu_20101107_part163
LOG (gmm-align-compiled[5.5.883~1-3eea3]:main():gmm-align-compiled.cc:127) SWH-05-20101107_16k-emission_swahili_05h30_-_06h00_tu_20101107_part164
LOG (gmm-align-compiled[5.5.883~1-3eea3]:main():gmm-align-compiled.cc:127) SWH-05-20101107_16k-emission_swahili_05h30_-_06h00_tu_20101107_part165
LOG (gmm-align-compiled[5.5.883~1-3eea3]:main():gmm-align-compiled.cc:127) SWH-05-20101107_16k-emission_swahili_05h30_-_06h00_tu_20101107_part166
LOG (gmm-align-compiled[5.5.883~1-3eea3]:main():gmm-align-compiled.cc:127) SWH-05-20101107_16k-emission_swahili_05h30_-_06h00_tu_20101107_part167
LOG (gmm-align-compiled[5.5.883~1-3eea3]:main():gmm-align-compiled.cc:127) SWH-05-20101107_16k-emission_swahili_05h30_-_06h00_tu_20101107_part168
LOG (gmm-align-compiled[5.5.883~1-3eea3]:main():gmm-align-compiled.cc:127) SWH-05-20101107_16k-emission_swahili_05h30_-_06h00_tu_20101107_part169
LOG (gmm-align-compiled[5.5.883~1-3eea3]:main():gmm-align-compiled.cc:127) SWH-05-20101107_16k-emission_swahili_05h30_-_06h00_tu_20101107_part17
LOG (gmm-align-compiled[5.5.883~1-3eea3]:main():gmm-align-compiled.cc:127) SWH-05-20101107_16k-emission_swahili_05h30_-_06h00_tu_20101107_part170
LOG (gmm-align-compiled[5.5.883~1-3eea3]:main():gmm-align-compiled.cc:127) SWH-05-20101107_16k-emission_swahili_05h30_-_06h00_tu_20101107_part171
LOG (gmm-align-compiled[5.5.883~1-3eea3]:main():gmm-align-compiled.cc:127) SWH-05-20101107_16k-emission_swahili_05h30_-_06h00_tu_20101107_part172
LOG (gmm-align-compiled[5.5.883~1-3eea3]:main():gmm-align-compiled.cc:127) SWH-05-20101107_16k-emission_swahili_05h30_-_06h00_tu_20101107_part173
LOG (gmm-align-compiled[5.5.883~1-3eea3]:main():gmm-align-compiled.cc:127) SWH-05-20101107_16k-emission_swahili_05h30_-_06h00_tu_20101107_part174
LOG (gmm-align-compiled[5.5.883~1-3eea3]:main():gmm-align-compiled.cc:127) SWH-05-20101107_16k-emission_swahili_05h30_-_06h00_tu_20101107_part175
LOG (gmm-align-compiled[5.5.883~1-3eea3]:main():gmm-align-compiled.cc:127) SWH-05-20101107_16k-emission_swahili_05h30_-_06h00_tu_20101107_part176
LOG (gmm-align-compiled[5.5.883~1-3eea3]:main():gmm-align-compiled.cc:127) SWH-05-20101107_16k-emission_swahili_05h30_-_06h00_tu_20101107_part177
LOG (gmm-align-compiled[5.5.883~1-3eea3]:main():gmm-align-compiled.cc:127) SWH-05-20101107_16k-emission_swahili_05h30_-_06h00_tu_20101107_part178
LOG (gmm-align-compiled[5.5.883~1-3eea3]:main():gmm-align-compiled.cc:127) SWH-05-20101107_16k-emission_swahili_05h30_-_06h00_tu_20101107_part179
LOG (gmm-align-compiled[5.5.883~1-3eea3]:main():gmm-align-compiled.cc:127) SWH-05-20101107_16k-emission_swahili_05h30_-_06h00_tu_20101107_part18
LOG (gmm-align-compiled[5.5.883~1-3eea3]:main():gmm-align-compiled.cc:127) SWH-05-20101107_16k-emission_swahili_05h30_-_06h00_tu_20101107_part180
LOG (gmm-align-compiled[5.5.883~1-3eea3]:main():gmm-align-compiled.cc:127) SWH-05-20101107_16k-emission_swahili_05h30_-_06h00_tu_20101107_part181
LOG (gmm-align-compiled[5.5.883~1-3eea3]:main():gmm-align-compiled.cc:127) SWH-05-20101107_16k-emission_swahili_05h30_-_06h00_tu_20101107_part182
LOG (gmm-align-compiled[5.5.883~1-3eea3]:main():gmm-align-compiled.cc:127) SWH-05-20101107_16k-emission_swahili_05h30_-_06h00_tu_20101107_part183
LOG (gmm-align-compiled[5.5.883~1-3eea3]:main():gmm-align-compiled.cc:127) SWH-05-20101107_16k-emission_swahili_05h30_-_06h00_tu_20101107_part184
LOG (gmm-align-compiled[5.5.883~1-3eea3]:main():gmm-align-compiled.cc:127) SWH-05-20101107_16k-emission_swahili_05h30_-_06h00_tu_20101107_part185
LOG (gmm-align-compiled[5.5.883~1-3eea3]:main():gmm-align-compiled.cc:127) SWH-05-20101107_16k-emission_swahili_05h30_-_06h00_tu_20101107_part186
LOG (gmm-align-compiled[5.5.883~1-3eea3]:main():gmm-align-compiled.cc:127) SWH-05-20101107_16k-emission_swahili_05h30_-_06h00_tu_20101107_part187
LOG (gmm-align-compiled[5.5.883~1-3eea3]:main():gmm-align-compiled.cc:127) SWH-05-20101107_16k-emission_swahili_05h30_-_06h00_tu_20101107_part188
LOG (gmm-align-compiled[5.5.883~1-3eea3]:main():gmm-align-compiled.cc:127) SWH-05-20101107_16k-emission_swahili_05h30_-_06h00_tu_20101107_part189
LOG (gmm-align-compiled[5.5.883~1-3eea3]:main():gmm-align-compiled.cc:127) SWH-05-20101107_16k-emission_swahili_05h30_-_06h00_tu_20101107_part19
LOG (gmm-align-compiled[5.5.883~1-3eea3]:main():gmm-align-compiled.cc:127) SWH-05-20101107_16k-emission_swahili_05h30_-_06h00_tu_20101107_part190
LOG (gmm-align-compiled[5.5.883~1-3eea3]:main():gmm-align-compiled.cc:127) SWH-05-20101107_16k-emission_swahili_05h30_-_06h00_tu_20101107_part191
LOG (gmm-align-compiled[5.5.883~1-3eea3]:main():gmm-align-compiled.cc:127) SWH-05-20101107_16k-emission_swahili_05h30_-_06h00_tu_20101107_part192
LOG (gmm-align-compiled[5.5.883~1-3eea3]:main():gmm-align-compiled.cc:127) SWH-05-20101107_16k-emission_swahili_05h30_-_06h00_tu_20101107_part193
LOG (gmm-align-compiled[5.5.883~1-3eea3]:main():gmm-align-compiled.cc:127) SWH-05-20101107_16k-emission_swahili_05h30_-_06h00_tu_20101107_part194
LOG (gmm-align-compiled[5.5.883~1-3eea3]:main():gmm-align-compiled.cc:127) SWH-05-20101107_16k-emission_swahili_05h30_-_06h00_tu_20101107_part195
LOG (gmm-align-compiled[5.5.883~1-3eea3]:main():gmm-align-compiled.cc:127) SWH-05-20101107_16k-emission_swahili_05h30_-_06h00_tu_20101107_part196
LOG (gmm-align-compiled[5.5.883~1-3eea3]:main():gmm-align-compiled.cc:127) SWH-05-20101107_16k-emission_swahili_05h30_-_06h00_tu_20101107_part197
LOG (gmm-align-compiled[5.5.883~1-3eea3]:main():gmm-align-compiled.cc:127) SWH-05-20101107_16k-emission_swahili_05h30_-_06h00_tu_20101107_part198
LOG (gmm-align-compiled[5.5.883~1-3eea3]:main():gmm-align-compiled.cc:127) SWH-05-20101107_16k-emission_swahili_05h30_-_06h00_tu_20101107_part199
LOG (gmm-align-compiled[5.5.883~1-3eea3]:main():gmm-align-compiled.cc:127) SWH-05-20101107_16k-emission_swahili_05h30_-_06h00_tu_20101107_part2
LOG (gmm-align-compiled[5.5.883~1-3eea3]:main():gmm-align-compiled.cc:127) SWH-05-20101107_16k-emission_swahili_05h30_-_06h00_tu_20101107_part20
LOG (gmm-align-compiled[5.5.883~1-3eea3]:main():gmm-align-compiled.cc:127) SWH-05-20101107_16k-emission_swahili_05h30_-_06h00_tu_20101107_part200
LOG (gmm-align-compiled[5.5.883~1-3eea3]:main():gmm-align-compiled.cc:127) SWH-05-20101107_16k-emission_swahili_05h30_-_06h00_tu_20101107_part201
LOG (gmm-align-compiled[5.5.883~1-3eea3]:main():gmm-align-compiled.cc:127) SWH-05-20101107_16k-emission_swahili_05h30_-_06h00_tu_20101107_part202
LOG (gmm-align-compiled[5.5.883~1-3eea3]:main():gmm-align-compiled.cc:127) SWH-05-20101107_16k-emission_swahili_05h30_-_06h00_tu_20101107_part203
LOG (gmm-align-compiled[5.5.883~1-3eea3]:main():gmm-align-compiled.cc:127) SWH-05-20101107_16k-emission_swahili_05h30_-_06h00_tu_20101107_part204
LOG (gmm-align-compiled[5.5.883~1-3eea3]:main():gmm-align-compiled.cc:127) SWH-05-20101107_16k-emission_swahili_05h30_-_06h00_tu_20101107_part205
LOG (gmm-align-compiled[5.5.883~1-3eea3]:main():gmm-align-compiled.cc:127) SWH-05-20101107_16k-emission_swahili_05h30_-_06h00_tu_20101107_part206
LOG (gmm-align-compiled[5.5.883~1-3eea3]:main():gmm-align-compiled.cc:127) SWH-05-20101107_16k-emission_swahili_05h30_-_06h00_tu_20101107_part207
LOG (gmm-align-compiled[5.5.883~1-3eea3]:main():gmm-align-compiled.cc:127) SWH-05-20101107_16k-emission_swahili_05h30_-_06h00_tu_20101107_part208
LOG (gmm-align-compiled[5.5.883~1-3eea3]:main():gmm-align-compiled.cc:127) SWH-05-20101107_16k-emission_swahili_05h30_-_06h00_tu_20101107_part209
LOG (gmm-align-compiled[5.5.883~1-3eea3]:main():gmm-align-compiled.cc:127) SWH-05-20101107_16k-emission_swahili_05h30_-_06h00_tu_20101107_part21
LOG (gmm-align-compiled[5.5.883~1-3eea3]:main():gmm-align-compiled.cc:127) SWH-05-20101107_16k-emission_swahili_05h30_-_06h00_tu_20101107_part210
LOG (gmm-align-compiled[5.5.883~1-3eea3]:main():gmm-align-compiled.cc:127) SWH-05-20101107_16k-emission_swahili_05h30_-_06h00_tu_20101107_part211
LOG (gmm-align-compiled[5.5.883~1-3eea3]:main():gmm-align-compiled.cc:127) SWH-05-20101107_16k-emission_swahili_05h30_-_06h00_tu_20101107_part212
LOG (gmm-align-compiled[5.5.883~1-3eea3]:main():gmm-align-compiled.cc:127) SWH-05-20101107_16k-emission_swahili_05h30_-_06h00_tu_20101107_part213
LOG (gmm-align-compiled[5.5.883~1-3eea3]:main():gmm-align-compiled.cc:127) SWH-05-20101107_16k-emission_swahili_05h30_-_06h00_tu_20101107_part214
LOG (gmm-align-compiled[5.5.883~1-3eea3]:main():gmm-align-compiled.cc:127) SWH-05-20101107_16k-emission_swahili_05h30_-_06h00_tu_20101107_part215
LOG (gmm-align-compiled[5.5.883~1-3eea3]:main():gmm-align-compiled.cc:127) SWH-05-20101107_16k-emission_swahili_05h30_-_06h00_tu_20101107_part216
LOG (gmm-align-compiled[5.5.883~1-3eea3]:main():gmm-align-compiled.cc:127) SWH-05-20101107_16k-emission_swahili_05h30_-_06h00_tu_20101107_part217
LOG (gmm-align-compiled[5.5.883~1-3eea3]:main():gmm-align-compiled.cc:127) SWH-05-20101107_16k-emission_swahili_05h30_-_06h00_tu_20101107_part22
LOG (gmm-align-compiled[5.5.883~1-3eea3]:main():gmm-align-compiled.cc:127) SWH-05-20101107_16k-emission_swahili_05h30_-_06h00_tu_20101107_part23
LOG (gmm-align-compiled[5.5.883~1-3eea3]:main():gmm-align-compiled.cc:127) SWH-05-20101107_16k-emission_swahili_05h30_-_06h00_tu_20101107_part24
LOG (gmm-align-compiled[5.5.883~1-3eea3]:main():gmm-align-compiled.cc:127) SWH-05-20101107_16k-emission_swahili_05h30_-_06h00_tu_20101107_part25
LOG (gmm-align-compiled[5.5.883~1-3eea3]:main():gmm-align-compiled.cc:127) SWH-05-20101107_16k-emission_swahili_05h30_-_06h00_tu_20101107_part26
LOG (gmm-align-compiled[5.5.883~1-3eea3]:main():gmm-align-compiled.cc:127) SWH-05-20101107_16k-emission_swahili_05h30_-_06h00_tu_20101107_part27
LOG (gmm-align-compiled[5.5.883~1-3eea3]:main():gmm-align-compiled.cc:127) SWH-05-20101107_16k-emission_swahili_05h30_-_06h00_tu_20101107_part28
LOG (gmm-align-compiled[5.5.883~1-3eea3]:main():gmm-align-compiled.cc:127) SWH-05-20101107_16k-emission_swahili_05h30_-_06h00_tu_20101107_part29
LOG (gmm-align-compiled[5.5.883~1-3eea3]:main():gmm-align-compiled.cc:127) SWH-05-20101107_16k-emission_swahili_05h30_-_06h00_tu_20101107_part3
LOG (gmm-align-compiled[5.5.883~1-3eea3]:main():gmm-align-compiled.cc:127) SWH-05-20101107_16k-emission_swahili_05h30_-_06h00_tu_20101107_part30
LOG (gmm-align-compiled[5.5.883~1-3eea3]:main():gmm-align-compiled.cc:127) SWH-05-20101107_16k-emission_swahili_05h30_-_06h00_tu_20101107_part31
LOG (gmm-align-compiled[5.5.883~1-3eea3]:main():gmm-align-compiled.cc:127) SWH-05-20101107_16k-emission_swahili_05h30_-_06h00_tu_20101107_part32
LOG (gmm-align-compiled[5.5.883~1-3eea3]:main():gmm-align-compiled.cc:127) SWH-05-20101107_16k-emission_swahili_05h30_-_06h00_tu_20101107_part33
LOG (gmm-align-compiled[5.5.883~1-3eea3]:main():gmm-align-compiled.cc:127) SWH-05-20101107_16k-emission_swahili_05h30_-_06h00_tu_20101107_part34
LOG (gmm-align-compiled[5.5.883~1-3eea3]:main():gmm-align-compiled.cc:127) SWH-05-20101107_16k-emission_swahili_05h30_-_06h00_tu_20101107_part35
LOG (gmm-align-compiled[5.5.883~1-3eea3]:main():gmm-align-compiled.cc:127) SWH-05-20101107_16k-emission_swahili_05h30_-_06h00_tu_20101107_part36
LOG (gmm-align-compiled[5.5.883~1-3eea3]:main():gmm-align-compiled.cc:127) SWH-05-20101107_16k-emission_swahili_05h30_-_06h00_tu_20101107_part37
LOG (gmm-align-compiled[5.5.883~1-3eea3]:main():gmm-align-compiled.cc:127) SWH-05-20101107_16k-emission_swahili_05h30_-_06h00_tu_20101107_part38
LOG (gmm-align-compiled[5.5.883~1-3eea3]:main():gmm-align-compiled.cc:127) SWH-05-20101107_16k-emission_swahili_05h30_-_06h00_tu_20101107_part39
LOG (gmm-align-compiled[5.5.883~1-3eea3]:main():gmm-align-compiled.cc:127) SWH-05-20101107_16k-emission_swahili_05h30_-_06h00_tu_20101107_part4
LOG (gmm-align-compiled[5.5.883~1-3eea3]:main():gmm-align-compiled.cc:127) SWH-05-20101107_16k-emission_swahili_05h30_-_06h00_tu_20101107_part40
LOG (gmm-align-compiled[5.5.883~1-3eea3]:main():gmm-align-compiled.cc:127) SWH-05-20101107_16k-emission_swahili_05h30_-_06h00_tu_20101107_part41
LOG (gmm-align-compiled[5.5.883~1-3eea3]:main():gmm-align-compiled.cc:127) SWH-05-20101107_16k-emission_swahili_05h30_-_06h00_tu_20101107_part42
LOG (gmm-align-compiled[5.5.883~1-3eea3]:main():gmm-align-compiled.cc:127) SWH-05-20101107_16k-emission_swahili_05h30_-_06h00_tu_20101107_part43
LOG (gmm-align-compiled[5.5.883~1-3eea3]:main():gmm-align-compiled.cc:127) SWH-05-20101107_16k-emission_swahili_05h30_-_06h00_tu_20101107_part44
LOG (gmm-align-compiled[5.5.883~1-3eea3]:main():gmm-align-compiled.cc:127) SWH-05-20101107_16k-emission_swahili_05h30_-_06h00_tu_20101107_part45
LOG (gmm-align-compiled[5.5.883~1-3eea3]:main():gmm-align-compiled.cc:127) SWH-05-20101107_16k-emission_swahili_05h30_-_06h00_tu_20101107_part46
LOG (gmm-align-compiled[5.5.883~1-3eea3]:main():gmm-align-compiled.cc:127) SWH-05-20101107_16k-emission_swahili_05h30_-_06h00_tu_20101107_part47
LOG (gmm-align-compiled[5.5.883~1-3eea3]:main():gmm-align-compiled.cc:127) SWH-05-20101107_16k-emission_swahili_05h30_-_06h00_tu_20101107_part48
LOG (gmm-align-compiled[5.5.883~1-3eea3]:main():gmm-align-compiled.cc:127) SWH-05-20101107_16k-emission_swahili_05h30_-_06h00_tu_20101107_part49
LOG (gmm-align-compiled[5.5.883~1-3eea3]:main():gmm-align-compiled.cc:127) SWH-05-20101107_16k-emission_swahili_05h30_-_06h00_tu_20101107_part5
LOG (gmm-align-compiled[5.5.883~1-3eea3]:main():gmm-align-compiled.cc:127) SWH-05-20101107_16k-emission_swahili_05h30_-_06h00_tu_20101107_part50
LOG (gmm-align-compiled[5.5.883~1-3eea3]:main():gmm-align-compiled.cc:127) SWH-05-20101107_16k-emission_swahili_05h30_-_06h00_tu_20101107_part51
LOG (gmm-align-compiled[5.5.883~1-3eea3]:main():gmm-align-compiled.cc:127) SWH-05-20101107_16k-emission_swahili_05h30_-_06h00_tu_20101107_part52
LOG (gmm-align-compiled[5.5.883~1-3eea3]:main():gmm-align-compiled.cc:127) SWH-05-20101107_16k-emission_swahili_05h30_-_06h00_tu_20101107_part53
LOG (gmm-align-compiled[5.5.883~1-3eea3]:main():gmm-align-compiled.cc:127) SWH-05-20101107_16k-emission_swahili_05h30_-_06h00_tu_20101107_part54
LOG (gmm-align-compiled[5.5.883~1-3eea3]:main():gmm-align-compiled.cc:127) SWH-05-20101107_16k-emission_swahili_05h30_-_06h00_tu_20101107_part55
LOG (gmm-align-compiled[5.5.883~1-3eea3]:main():gmm-align-compiled.cc:127) SWH-05-20101107_16k-emission_swahili_05h30_-_06h00_tu_20101107_part56
LOG (gmm-align-compiled[5.5.883~1-3eea3]:main():gmm-align-compiled.cc:127) SWH-05-20101107_16k-emission_swahili_05h30_-_06h00_tu_20101107_part57
LOG (gmm-align-compiled[5.5.883~1-3eea3]:main():gmm-align-compiled.cc:127) SWH-05-20101107_16k-emission_swahili_05h30_-_06h00_tu_20101107_part58
LOG (gmm-align-compiled[5.5.883~1-3eea3]:main():gmm-align-compiled.cc:127) SWH-05-20101107_16k-emission_swahili_05h30_-_06h00_tu_20101107_part59
LOG (gmm-align-compiled[5.5.883~1-3eea3]:main():gmm-align-compiled.cc:127) SWH-05-20101107_16k-emission_swahili_05h30_-_06h00_tu_20101107_part6
LOG (gmm-align-compiled[5.5.883~1-3eea3]:main():gmm-align-compiled.cc:127) SWH-05-20101107_16k-emission_swahili_05h30_-_06h00_tu_20101107_part60
LOG (gmm-align-compiled[5.5.883~1-3eea3]:main():gmm-align-compiled.cc:127) SWH-05-20101107_16k-emission_swahili_05h30_-_06h00_tu_20101107_part61
LOG (gmm-align-compiled[5.5.883~1-3eea3]:main():gmm-align-compiled.cc:127) SWH-05-20101107_16k-emission_swahili_05h30_-_06h00_tu_20101107_part62
LOG (gmm-align-compiled[5.5.883~1-3eea3]:main():gmm-align-compiled.cc:127) SWH-05-20101107_16k-emission_swahili_05h30_-_06h00_tu_20101107_part63
LOG (gmm-align-compiled[5.5.883~1-3eea3]:main():gmm-align-compiled.cc:127) SWH-05-20101107_16k-emission_swahili_05h30_-_06h00_tu_20101107_part64
LOG (gmm-align-compiled[5.5.883~1-3eea3]:main():gmm-align-compiled.cc:127) SWH-05-20101107_16k-emission_swahili_05h30_-_06h00_tu_20101107_part65
LOG (gmm-align-compiled[5.5.883~1-3eea3]:main():gmm-align-compiled.cc:127) SWH-05-20101107_16k-emission_swahili_05h30_-_06h00_tu_20101107_part66
LOG (gmm-align-compiled[5.5.883~1-3eea3]:main():gmm-align-compiled.cc:127) SWH-05-20101107_16k-emission_swahili_05h30_-_06h00_tu_20101107_part67
LOG (gmm-align-compiled[5.5.883~1-3eea3]:main():gmm-align-compiled.cc:127) SWH-05-20101107_16k-emission_swahili_05h30_-_06h00_tu_20101107_part68
LOG (gmm-align-compiled[5.5.883~1-3eea3]:main():gmm-align-compiled.cc:127) SWH-05-20101107_16k-emission_swahili_05h30_-_06h00_tu_20101107_part69
LOG (gmm-align-compiled[5.5.883~1-3eea3]:main():gmm-align-compiled.cc:127) SWH-05-20101107_16k-emission_swahili_05h30_-_06h00_tu_20101107_part7
LOG (gmm-align-compiled[5.5.883~1-3eea3]:main():gmm-align-compiled.cc:127) SWH-05-20101107_16k-emission_swahili_05h30_-_06h00_tu_20101107_part70
LOG (gmm-align-compiled[5.5.883~1-3eea3]:main():gmm-align-compiled.cc:127) SWH-05-20101107_16k-emission_swahili_05h30_-_06h00_tu_20101107_part71
LOG (gmm-align-compiled[5.5.883~1-3eea3]:main():gmm-align-compiled.cc:127) SWH-05-20101107_16k-emission_swahili_05h30_-_06h00_tu_20101107_part72
LOG (gmm-align-compiled[5.5.883~1-3eea3]:main():gmm-align-compiled.cc:127) SWH-05-20101107_16k-emission_swahili_05h30_-_06h00_tu_20101107_part73
LOG (gmm-align-compiled[5.5.883~1-3eea3]:main():gmm-align-compiled.cc:127) SWH-05-20101107_16k-emission_swahili_05h30_-_06h00_tu_20101107_part74
LOG (gmm-align-compiled[5.5.883~1-3eea3]:main():gmm-align-compiled.cc:127) SWH-05-20101107_16k-emission_swahili_05h30_-_06h00_tu_20101107_part75
LOG (gmm-align-compiled[5.5.883~1-3eea3]:main():gmm-align-compiled.cc:127) SWH-05-20101107_16k-emission_swahili_05h30_-_06h00_tu_20101107_part76
LOG (gmm-align-compiled[5.5.883~1-3eea3]:main():gmm-align-compiled.cc:127) SWH-05-20101107_16k-emission_swahili_05h30_-_06h00_tu_20101107_part77
LOG (gmm-align-compiled[5.5.883~1-3eea3]:main():gmm-align-compiled.cc:127) SWH-05-20101107_16k-emission_swahili_05h30_-_06h00_tu_20101107_part78
LOG (gmm-align-compiled[5.5.883~1-3eea3]:main():gmm-align-compiled.cc:127) SWH-05-20101107_16k-emission_swahili_05h30_-_06h00_tu_20101107_part79
LOG (gmm-align-compiled[5.5.883~1-3eea3]:main():gmm-align-compiled.cc:127) SWH-05-20101107_16k-emission_swahili_05h30_-_06h00_tu_20101107_part8
LOG (gmm-align-compiled[5.5.883~1-3eea3]:main():gmm-align-compiled.cc:127) SWH-05-20101107_16k-emission_swahili_05h30_-_06h00_tu_20101107_part80
LOG (gmm-align-compiled[5.5.883~1-3eea3]:main():gmm-align-compiled.cc:127) SWH-05-20101107_16k-emission_swahili_05h30_-_06h00_tu_20101107_part81
LOG (gmm-align-compiled[5.5.883~1-3eea3]:main():gmm-align-compiled.cc:127) SWH-05-20101107_16k-emission_swahili_05h30_-_06h00_tu_20101107_part82
LOG (gmm-align-compiled[5.5.883~1-3eea3]:main():gmm-align-compiled.cc:127) SWH-05-20101107_16k-emission_swahili_05h30_-_06h00_tu_20101107_part83
LOG (gmm-align-compiled[5.5.883~1-3eea3]:main():gmm-align-compiled.cc:127) SWH-05-20101107_16k-emission_swahili_05h30_-_06h00_tu_20101107_part84
LOG (gmm-align-compiled[5.5.883~1-3eea3]:main():gmm-align-compiled.cc:127) SWH-05-20101107_16k-emission_swahili_05h30_-_06h00_tu_20101107_part85
LOG (gmm-align-compiled[5.5.883~1-3eea3]:main():gmm-align-compiled.cc:127) SWH-05-20101107_16k-emission_swahili_05h30_-_06h00_tu_20101107_part86
LOG (gmm-align-compiled[5.5.883~1-3eea3]:main():gmm-align-compiled.cc:127) SWH-05-20101107_16k-emission_swahili_05h30_-_06h00_tu_20101107_part87
LOG (gmm-align-compiled[5.5.883~1-3eea3]:main():gmm-align-compiled.cc:127) SWH-05-20101107_16k-emission_swahili_05h30_-_06h00_tu_20101107_part88
LOG (gmm-align-compiled[5.5.883~1-3eea3]:main():gmm-align-compiled.cc:127) SWH-05-20101107_16k-emission_swahili_05h30_-_06h00_tu_20101107_part89
LOG (gmm-align-compiled[5.5.883~1-3eea3]:main():gmm-align-compiled.cc:127) SWH-05-20101107_16k-emission_swahili_05h30_-_06h00_tu_20101107_part9
WARNING (gmm-align-compiled[5.5.883~1-3eea3]:AlignUtteranceWrapper():decoder-wrappers.cc:617) Retrying utterance SWH-05-20101107_16k-emission_swahili_05h30_-_06h00_tu_20101107_part9 with beam 40
LOG (gmm-align-compiled[5.5.883~1-3eea3]:main():gmm-align-compiled.cc:127) SWH-05-20101107_16k-emission_swahili_05h30_-_06h00_tu_20101107_part90
LOG (gmm-align-compiled[5.5.883~1-3eea3]:main():gmm-align-compiled.cc:127) SWH-05-20101107_16k-emission_swahili_05h30_-_06h00_tu_20101107_part91
LOG (gmm-align-compiled[5.5.883~1-3eea3]:main():gmm-align-compiled.cc:127) SWH-05-20101107_16k-emission_swahili_05h30_-_06h00_tu_20101107_part92
LOG (gmm-align-compiled[5.5.883~1-3eea3]:main():gmm-align-compiled.cc:127) SWH-05-20101107_16k-emission_swahili_05h30_-_06h00_tu_20101107_part93
LOG (apply-cmvn[5.5.883~1-3eea3]:main():apply-cmvn.cc:162) Applied cepstral mean normalization to 216 utterances, errors on 0
LOG (gmm-align-compiled[5.5.883~1-3eea3]:main():gmm-align-compiled.cc:127) SWH-05-20101107_16k-emission_swahili_05h30_-_06h00_tu_20101107_part94
LOG (gmm-align-compiled[5.5.883~1-3eea3]:main():gmm-align-compiled.cc:127) SWH-05-20101107_16k-emission_swahili_05h30_-_06h00_tu_20101107_part95
LOG (gmm-align-compiled[5.5.883~1-3eea3]:main():gmm-align-compiled.cc:127) SWH-05-20101107_16k-emission_swahili_05h30_-_06h00_tu_20101107_part96
LOG (gmm-align-compiled[5.5.883~1-3eea3]:main():gmm-align-compiled.cc:127) SWH-05-20101107_16k-emission_swahili_05h30_-_06h00_tu_20101107_part97
LOG (gmm-align-compiled[5.5.883~1-3eea3]:main():gmm-align-compiled.cc:127) SWH-05-20101107_16k-emission_swahili_05h30_-_06h00_tu_20101107_part98
LOG (gmm-align-compiled[5.5.883~1-3eea3]:main():gmm-align-compiled.cc:127) SWH-05-20101107_16k-emission_swahili_05h30_-_06h00_tu_20101107_part99
LOG (gmm-align-compiled[5.5.883~1-3eea3]:main():gmm-align-compiled.cc:135) Overall log-likelihood per frame is -96.7232 over 74242 frames.
LOG (gmm-align-compiled[5.5.883~1-3eea3]:main():gmm-align-compiled.cc:137) Retried 4 out of 216 utterances.
LOG (gmm-align-compiled[5.5.883~1-3eea3]:main():gmm-align-compiled.cc:139) Done 215, errors on 1
# Accounting: time=9 threads=1
# Ended (code 0) at Mon Feb 15 12:04:01 IST 2021, elapsed time 9 seconds
