# gmm-init-model --write-occs=exp/tri1/1.occs exp/tri1/tree exp/tri1/treeacc data/lang/topo exp/tri1/1.mdl 
# Started at Sat Feb 13 17:52:10 IST 2021
#
gmm-init-model --write-occs=exp/tri1/1.occs exp/tri1/tree exp/tri1/treeacc data/lang/topo exp/tri1/1.mdl 
LOG (gmm-init-model[5.5.883~1-3eea3]:main():gmm-init-model.cc:271) Number of separate statistics is 20624
WARNING (gmm-init-model[5.5.883~1-3eea3]:InitAmGmm():gmm-init-model.cc:55) Tree has pdf-id 15 with no stats; corresponding phone list: 65 66 67 68 
WARNING (gmm-init-model[5.5.883~1-3eea3]:InitAmGmm():gmm-init-model.cc:83) Very small count for state 9: 60; corresponding phone list: 41 42 43 44 
WARNING (gmm-init-model[5.5.883~1-3eea3]:InitAmGmm():gmm-init-model.cc:83) Very small count for state 10: 14; corresponding phone list: 45 46 47 48 
WARNING (gmm-init-model[5.5.883~1-3eea3]:InitAmGmm():gmm-init-model.cc:83) Very small count for state 13: 51; corresponding phone list: 57 58 59 60 
WARNING (gmm-init-model[5.5.883~1-3eea3]:InitAmGmm():gmm-init-model.cc:83) Very small count for state 14: 16; corresponding phone list: 61 62 63 64 
WARNING (gmm-init-model[5.5.883~1-3eea3]:InitAmGmm():gmm-init-model.cc:83) Very small count for state 44: 73; corresponding phone list: 101 102 103 104 
WARNING (gmm-init-model[5.5.883~1-3eea3]:InitAmGmm():gmm-init-model.cc:83) Very small count for state 45: 78; corresponding phone list: 73 74 75 76 
WARNING (gmm-init-model[5.5.883~1-3eea3]:InitAmGmm():gmm-init-model.cc:83) Very small count for state 46: 85; corresponding phone list: 137 138 139 140 
WARNING (gmm-init-model[5.5.883~1-3eea3]:InitAmGmm():gmm-init-model.cc:83) Very small count for state 59: 95; corresponding phone list: 101 102 103 104 
WARNING (gmm-init-model[5.5.883~1-3eea3]:InitAmGmm():gmm-init-model.cc:83) Very small count for state 60: 51; corresponding phone list: 141 142 143 144 
WARNING (gmm-init-model[5.5.883~1-3eea3]:InitAmGmm():gmm-init-model.cc:83) Very small count for state 62: 49; corresponding phone list: 101 102 103 104 
WARNING (gmm-init-model[5.5.883~1-3eea3]:InitAmGmm():gmm-init-model.cc:83) Very small count for state 67: 78; corresponding phone list: 137 138 139 140 
WARNING (gmm-init-model[5.5.883~1-3eea3]:InitAmGmm():gmm-init-model.cc:83) Very small count for state 73: 72; corresponding phone list: 145 146 147 148 
WARNING (gmm-init-model[5.5.883~1-3eea3]:InitAmGmm():gmm-init-model.cc:83) Very small count for state 105: 48; corresponding phone list: 95 
WARNING (gmm-init-model[5.5.883~1-3eea3]:InitAmGmm():gmm-init-model.cc:83) Very small count for state 108: 42; corresponding phone list: 145 146 147 148 
WARNING (gmm-init-model[5.5.883~1-3eea3]:InitAmGmm():gmm-init-model.cc:83) Very small count for state 111: 57; corresponding phone list: 53 54 55 56 
WARNING (gmm-init-model[5.5.883~1-3eea3]:InitAmGmm():gmm-init-model.cc:83) Very small count for state 114: 58; corresponding phone list: 125 126 127 128 
WARNING (gmm-init-model[5.5.883~1-3eea3]:InitAmGmm():gmm-init-model.cc:83) Very small count for state 124: 65; corresponding phone list: 125 126 127 128 
WARNING (gmm-init-model[5.5.883~1-3eea3]:InitAmGmm():gmm-init-model.cc:83) Very small count for state 127: 29; corresponding phone list: 73 74 75 76 
WARNING (gmm-init-model[5.5.883~1-3eea3]:InitAmGmm():gmm-init-model.cc:83) Very small count for state 135: 48; corresponding phone list: 122 
WARNING (gmm-init-model[5.5.883~1-3eea3]:InitAmGmm():gmm-init-model.cc:83) Very small count for state 137: 78; corresponding phone list: 101 102 103 104 
WARNING (gmm-init-model[5.5.883~1-3eea3]:InitAmGmm():gmm-init-model.cc:83) Very small count for state 140: 76; corresponding phone list: 141 142 143 144 
WARNING (gmm-init-model[5.5.883~1-3eea3]:InitAmGmm():gmm-init-model.cc:83) Very small count for state 159: 27; corresponding phone list: 73 74 75 76 
WARNING (gmm-init-model[5.5.883~1-3eea3]:InitAmGmm():gmm-init-model.cc:83) Very small count for state 176: 51; corresponding phone list: 134 
WARNING (gmm-init-model[5.5.883~1-3eea3]:InitAmGmm():gmm-init-model.cc:83) Very small count for state 185: 28; corresponding phone list: 110 
WARNING (gmm-init-model[5.5.883~1-3eea3]:InitAmGmm():gmm-init-model.cc:83) Very small count for state 190: 47; corresponding phone list: 101 102 103 104 
WARNING (gmm-init-model[5.5.883~1-3eea3]:InitAmGmm():gmm-init-model.cc:83) Very small count for state 196: 38; corresponding phone list: 145 146 147 148 
WARNING (gmm-init-model[5.5.883~1-3eea3]:InitAmGmm():gmm-init-model.cc:83) Very small count for state 199: 77; corresponding phone list: 125 126 127 128 
WARNING (gmm-init-model[5.5.883~1-3eea3]:InitAmGmm():gmm-init-model.cc:83) Very small count for state 203: 24; corresponding phone list: 133 134 135 136 
WARNING (gmm-init-model[5.5.883~1-3eea3]:InitAmGmm():gmm-init-model.cc:83) Very small count for state 204: 85; corresponding phone list: 145 146 147 148 
WARNING (gmm-init-model[5.5.883~1-3eea3]:InitAmGmm():gmm-init-model.cc:83) Very small count for state 208: 53; corresponding phone list: 73 74 75 76 
WARNING (gmm-init-model[5.5.883~1-3eea3]:InitAmGmm():gmm-init-model.cc:83) Very small count for state 218: 31; corresponding phone list: 161 162 163 164 
WARNING (gmm-init-model[5.5.883~1-3eea3]:InitAmGmm():gmm-init-model.cc:83) Very small count for state 223: 54; corresponding phone list: 129 130 131 132 
WARNING (gmm-init-model[5.5.883~1-3eea3]:InitAmGmm():gmm-init-model.cc:83) Very small count for state 227: 52; corresponding phone list: 89 90 91 92 
WARNING (gmm-init-model[5.5.883~1-3eea3]:InitAmGmm():gmm-init-model.cc:83) Very small count for state 228: 95; corresponding phone list: 73 74 76 
WARNING (gmm-init-model[5.5.883~1-3eea3]:InitAmGmm():gmm-init-model.cc:83) Very small count for state 235: 61; corresponding phone list: 145 146 147 148 
WARNING (gmm-init-model[5.5.883~1-3eea3]:InitAmGmm():gmm-init-model.cc:83) Very small count for state 237: 47; corresponding phone list: 101 102 103 104 
WARNING (gmm-init-model[5.5.883~1-3eea3]:InitAmGmm():gmm-init-model.cc:83) Very small count for state 243: 17; corresponding phone list: 101 102 103 104 
WARNING (gmm-init-model[5.5.883~1-3eea3]:InitAmGmm():gmm-init-model.cc:83) Very small count for state 249: 71; corresponding phone list: 101 102 103 104 
WARNING (gmm-init-model[5.5.883~1-3eea3]:InitAmGmm():gmm-init-model.cc:83) Very small count for state 251: 28; corresponding phone list: 145 146 147 148 
WARNING (gmm-init-model[5.5.883~1-3eea3]:InitAmGmm():gmm-init-model.cc:83) Very small count for state 254: 44; corresponding phone list: 133 134 135 136 
WARNING (gmm-init-model[5.5.883~1-3eea3]:InitAmGmm():gmm-init-model.cc:83) Very small count for state 261: 21; corresponding phone list: 117 118 119 120 
WARNING (gmm-init-model[5.5.883~1-3eea3]:InitAmGmm():gmm-init-model.cc:83) Very small count for state 264: 86; corresponding phone list: 117 118 119 120 
WARNING (gmm-init-model[5.5.883~1-3eea3]:InitAmGmm():gmm-init-model.cc:83) Very small count for state 270: 47; corresponding phone list: 102 
WARNING (gmm-init-model[5.5.883~1-3eea3]:InitAmGmm():gmm-init-model.cc:83) Very small count for state 272: 84; corresponding phone list: 137 138 139 140 
WARNING (gmm-init-model[5.5.883~1-3eea3]:InitAmGmm():gmm-init-model.cc:83) Very small count for state 276: 35; corresponding phone list: 85 86 87 88 
WARNING (gmm-init-model[5.5.883~1-3eea3]:InitAmGmm():gmm-init-model.cc:83) Very small count for state 287: 87; corresponding phone list: 21 22 23 24 
WARNING (gmm-init-model[5.5.883~1-3eea3]:InitAmGmm():gmm-init-model.cc:83) Very small count for state 289: 96; corresponding phone list: 153 154 155 156 
WARNING (gmm-init-model[5.5.883~1-3eea3]:InitAmGmm():gmm-init-model.cc:83) Very small count for state 298: 61; corresponding phone list: 73 74 75 76 
WARNING (gmm-init-model[5.5.883~1-3eea3]:InitAmGmm():gmm-init-model.cc:83) Very small count for state 304: 88; corresponding phone list: 134 
WARNING (gmm-init-model[5.5.883~1-3eea3]:InitAmGmm():gmm-init-model.cc:83) Very small count for state 316: 64; corresponding phone list: 97 98 99 100 
WARNING (gmm-init-model[5.5.883~1-3eea3]:InitAmGmm():gmm-init-model.cc:83) Very small count for state 324: 40; corresponding phone list: 122 
WARNING (gmm-init-model[5.5.883~1-3eea3]:InitAmGmm():gmm-init-model.cc:83) Very small count for state 325: 93; corresponding phone list: 145 146 147 148 
WARNING (gmm-init-model[5.5.883~1-3eea3]:InitAmGmm():gmm-init-model.cc:83) Very small count for state 329: 73; corresponding phone list: 75 
WARNING (gmm-init-model[5.5.883~1-3eea3]:InitAmGmm():gmm-init-model.cc:83) Very small count for state 330: 45; corresponding phone list: 73 75 76 
WARNING (gmm-init-model[5.5.883~1-3eea3]:InitAmGmm():gmm-init-model.cc:83) Very small count for state 336: 76; corresponding phone list: 73 74 75 76 
WARNING (gmm-init-model[5.5.883~1-3eea3]:InitAmGmm():gmm-init-model.cc:83) Very small count for state 344: 34; corresponding phone list: 81 82 83 84 
WARNING (gmm-init-model[5.5.883~1-3eea3]:InitAmGmm():gmm-init-model.cc:83) Very small count for state 345: 84; corresponding phone list: 77 78 79 80 
WARNING (gmm-init-model[5.5.883~1-3eea3]:InitAmGmm():gmm-init-model.cc:83) Very small count for state 347: 16; corresponding phone list: 149 150 151 152 
WARNING (gmm-init-model[5.5.883~1-3eea3]:InitAmGmm():gmm-init-model.cc:83) Very small count for state 358: 54; corresponding phone list: 101 102 103 104 
WARNING (gmm-init-model[5.5.883~1-3eea3]:InitAmGmm():gmm-init-model.cc:83) Very small count for state 359: 43; corresponding phone list: 125 126 127 128 
WARNING (gmm-init-model[5.5.883~1-3eea3]:InitAmGmm():gmm-init-model.cc:83) Very small count for state 361: 48; corresponding phone list: 121 122 123 124 
WARNING (gmm-init-model[5.5.883~1-3eea3]:InitAmGmm():gmm-init-model.cc:83) Very small count for state 363: 72; corresponding phone list: 75 
WARNING (gmm-init-model[5.5.883~1-3eea3]:InitAmGmm():gmm-init-model.cc:83) Very small count for state 370: 73; corresponding phone list: 93 94 95 96 
WARNING (gmm-init-model[5.5.883~1-3eea3]:InitAmGmm():gmm-init-model.cc:83) Very small count for state 373: 73; corresponding phone list: 53 54 55 56 
WARNING (gmm-init-model[5.5.883~1-3eea3]:InitAmGmm():gmm-init-model.cc:83) Very small count for state 381: 46; corresponding phone list: 77 
WARNING (gmm-init-model[5.5.883~1-3eea3]:InitAmGmm():gmm-init-model.cc:83) Very small count for state 391: 71; corresponding phone list: 73 74 75 76 
WARNING (gmm-init-model[5.5.883~1-3eea3]:InitAmGmm():gmm-init-model.cc:83) Very small count for state 401: 25; corresponding phone list: 121 122 123 124 
WARNING (gmm-init-model[5.5.883~1-3eea3]:InitAmGmm():gmm-init-model.cc:83) Very small count for state 404: 71; corresponding phone list: 158 159 160 
WARNING (gmm-init-model[5.5.883~1-3eea3]:InitAmGmm():gmm-init-model.cc:83) Very small count for state 405: 64; corresponding phone list: 73 74 75 76 
WARNING (gmm-init-model[5.5.883~1-3eea3]:InitAmGmm():gmm-init-model.cc:83) Very small count for state 412: 76; corresponding phone list: 145 146 147 148 
WARNING (gmm-init-model[5.5.883~1-3eea3]:InitAmGmm():gmm-init-model.cc:83) Very small count for state 413: 61; corresponding phone list: 33 34 35 36 
WARNING (gmm-init-model[5.5.883~1-3eea3]:InitAmGmm():gmm-init-model.cc:83) Very small count for state 416: 58; corresponding phone list: 145 146 147 148 
WARNING (gmm-init-model[5.5.883~1-3eea3]:InitAmGmm():gmm-init-model.cc:83) Very small count for state 417: 30; corresponding phone list: 73 74 75 76 
WARNING (gmm-init-model[5.5.883~1-3eea3]:InitAmGmm():gmm-init-model.cc:83) Very small count for state 418: 29; corresponding phone list: 73 74 75 76 
WARNING (gmm-init-model[5.5.883~1-3eea3]:InitAmGmm():gmm-init-model.cc:83) Very small count for state 419: 43; corresponding phone list: 113 114 115 116 
WARNING (gmm-init-model[5.5.883~1-3eea3]:InitAmGmm():gmm-init-model.cc:83) Very small count for state 432: 72; corresponding phone list: 125 126 127 128 
WARNING (gmm-init-model[5.5.883~1-3eea3]:InitAmGmm():gmm-init-model.cc:83) Very small count for state 448: 32; corresponding phone list: 101 102 103 104 
WARNING (gmm-init-model[5.5.883~1-3eea3]:InitAmGmm():gmm-init-model.cc:83) Very small count for state 453: 89; corresponding phone list: 157 158 159 160 
WARNING (gmm-init-model[5.5.883~1-3eea3]:InitAmGmm():gmm-init-model.cc:83) Very small count for state 462: 41; corresponding phone list: 53 54 55 56 
WARNING (gmm-init-model[5.5.883~1-3eea3]:InitAmGmm():gmm-init-model.cc:83) Very small count for state 475: 78; corresponding phone list: 73 75 76 
WARNING (gmm-init-model[5.5.883~1-3eea3]:InitAmGmm():gmm-init-model.cc:83) Very small count for state 476: 65; corresponding phone list: 85 86 87 88 
WARNING (gmm-init-model[5.5.883~1-3eea3]:InitAmGmm():gmm-init-model.cc:83) Very small count for state 477: 55; corresponding phone list: 109 110 111 112 
WARNING (gmm-init-model[5.5.883~1-3eea3]:InitAmGmm():gmm-init-model.cc:83) Very small count for state 484: 20; corresponding phone list: 145 146 147 148 
WARNING (gmm-init-model[5.5.883~1-3eea3]:InitAmGmm():gmm-init-model.cc:83) Very small count for state 497: 85; corresponding phone list: 145 146 147 148 
WARNING (gmm-init-model[5.5.883~1-3eea3]:InitAmGmm():gmm-init-model.cc:83) Very small count for state 504: 85; corresponding phone list: 125 126 127 128 
WARNING (gmm-init-model[5.5.883~1-3eea3]:InitAmGmm():gmm-init-model.cc:83) Very small count for state 507: 42; corresponding phone list: 73 74 75 76 
WARNING (gmm-init-model[5.5.883~1-3eea3]:InitAmGmm():gmm-init-model.cc:83) Very small count for state 521: 69; corresponding phone list: 145 146 147 148 
WARNING (gmm-init-model[5.5.883~1-3eea3]:InitAmGmm():gmm-init-model.cc:83) Very small count for state 524: 59; corresponding phone list: 85 86 87 88 
WARNING (gmm-init-model[5.5.883~1-3eea3]:InitAmGmm():gmm-init-model.cc:83) Very small count for state 528: 26; corresponding phone list: 101 102 103 104 
WARNING (gmm-init-model[5.5.883~1-3eea3]:InitAmGmm():gmm-init-model.cc:83) Very small count for state 538: 92; corresponding phone list: 149 150 151 152 
WARNING (gmm-init-model[5.5.883~1-3eea3]:InitAmGmm():gmm-init-model.cc:83) Very small count for state 544: 91; corresponding phone list: 157 158 159 160 
WARNING (gmm-init-model[5.5.883~1-3eea3]:InitAmGmm():gmm-init-model.cc:83) Very small count for state 547: 54; corresponding phone list: 73 75 76 
WARNING (gmm-init-model[5.5.883~1-3eea3]:InitAmGmm():gmm-init-model.cc:83) Very small count for state 548: 84; corresponding phone list: 33 34 35 36 
WARNING (gmm-init-model[5.5.883~1-3eea3]:InitAmGmm():gmm-init-model.cc:83) Very small count for state 552: 41; corresponding phone list: 73 74 75 76 
WARNING (gmm-init-model[5.5.883~1-3eea3]:InitAmGmm():gmm-init-model.cc:83) Very small count for state 556: 41; corresponding phone list: 53 54 55 56 
WARNING (gmm-init-model[5.5.883~1-3eea3]:InitAmGmm():gmm-init-model.cc:83) Very small count for state 558: 47; corresponding phone list: 145 146 147 148 
WARNING (gmm-init-model[5.5.883~1-3eea3]:InitAmGmm():gmm-init-model.cc:83) Very small count for state 559: 50; corresponding phone list: 157 158 159 160 
WARNING (gmm-init-model[5.5.883~1-3eea3]:InitAmGmm():gmm-init-model.cc:83) Very small count for state 575: 16; corresponding phone list: 101 103 104 
WARNING (gmm-init-model[5.5.883~1-3eea3]:InitAmGmm():gmm-init-model.cc:83) Very small count for state 576: 44; corresponding phone list: 117 118 119 120 
WARNING (gmm-init-model[5.5.883~1-3eea3]:InitAmGmm():gmm-init-model.cc:83) Very small count for state 583: 38; corresponding phone list: 93 94 95 96 
WARNING (gmm-init-model[5.5.883~1-3eea3]:InitAmGmm():gmm-init-model.cc:83) Very small count for state 586: 55; corresponding phone list: 97 98 99 100 
WARNING (gmm-init-model[5.5.883~1-3eea3]:InitAmGmm():gmm-init-model.cc:83) Very small count for state 587: 99; corresponding phone list: 117 118 119 120 
WARNING (gmm-init-model[5.5.883~1-3eea3]:InitAmGmm():gmm-init-model.cc:83) Very small count for state 596: 64; corresponding phone list: 125 126 127 128 
WARNING (gmm-init-model[5.5.883~1-3eea3]:InitAmGmm():gmm-init-model.cc:83) Very small count for state 597: 42; corresponding phone list: 73 74 75 76 
WARNING (gmm-init-model[5.5.883~1-3eea3]:InitAmGmm():gmm-init-model.cc:83) Very small count for state 599: 42; corresponding phone list: 133 134 135 136 
WARNING (gmm-init-model[5.5.883~1-3eea3]:InitAmGmm():gmm-init-model.cc:83) Very small count for state 608: 31; corresponding phone list: 73 74 75 76 
WARNING (gmm-init-model[5.5.883~1-3eea3]:InitAmGmm():gmm-init-model.cc:83) Very small count for state 616: 62; corresponding phone list: 29 30 31 32 
WARNING (gmm-init-model[5.5.883~1-3eea3]:InitAmGmm():gmm-init-model.cc:83) Very small count for state 625: 77; corresponding phone list: 145 146 147 148 
WARNING (gmm-init-model[5.5.883~1-3eea3]:InitAmGmm():gmm-init-model.cc:83) Very small count for state 639: 90; corresponding phone list: 85 86 87 88 
WARNING (gmm-init-model[5.5.883~1-3eea3]:InitAmGmm():gmm-init-model.cc:83) Very small count for state 642: 48; corresponding phone list: 153 154 155 156 
WARNING (gmm-init-model[5.5.883~1-3eea3]:InitAmGmm():gmm-init-model.cc:83) Very small count for state 646: 70; corresponding phone list: 101 102 104 
WARNING (gmm-init-model[5.5.883~1-3eea3]:InitAmGmm():gmm-init-model.cc:83) Very small count for state 647: 41; corresponding phone list: 77 78 79 80 
WARNING (gmm-init-model[5.5.883~1-3eea3]:InitAmGmm():gmm-init-model.cc:83) Very small count for state 657: 30; corresponding phone list: 125 126 127 128 
WARNING (gmm-init-model[5.5.883~1-3eea3]:InitAmGmm():gmm-init-model.cc:83) Very small count for state 686: 11; corresponding phone list: 53 54 55 56 
WARNING (gmm-init-model[5.5.883~1-3eea3]:InitAmGmm():gmm-init-model.cc:83) Very small count for state 696: 49; corresponding phone list: 125 126 127 128 
WARNING (gmm-init-model[5.5.883~1-3eea3]:InitAmGmm():gmm-init-model.cc:83) Very small count for state 709: 21; corresponding phone list: 105 106 107 108 
WARNING (gmm-init-model[5.5.883~1-3eea3]:InitAmGmm():gmm-init-model.cc:83) Very small count for state 713: 34; corresponding phone list: 81 82 83 84 
WARNING (gmm-init-model[5.5.883~1-3eea3]:InitAmGmm():gmm-init-model.cc:83) Very small count for state 729: 48; corresponding phone list: 85 86 87 88 
WARNING (gmm-init-model[5.5.883~1-3eea3]:InitAmGmm():gmm-init-model.cc:83) Very small count for state 734: 82; corresponding phone list: 125 126 127 128 
WARNING (gmm-init-model[5.5.883~1-3eea3]:InitAmGmm():gmm-init-model.cc:83) Very small count for state 743: 74; corresponding phone list: 73 75 76 
WARNING (gmm-init-model[5.5.883~1-3eea3]:InitAmGmm():gmm-init-model.cc:83) Very small count for state 749: 54; corresponding phone list: 161 162 163 164 
WARNING (gmm-init-model[5.5.883~1-3eea3]:InitAmGmm():gmm-init-model.cc:83) Very small count for state 763: 48; corresponding phone list: 133 134 135 136 
WARNING (gmm-init-model[5.5.883~1-3eea3]:InitAmGmm():gmm-init-model.cc:83) Very small count for state 764: 85; corresponding phone list: 73 74 75 76 
WARNING (gmm-init-model[5.5.883~1-3eea3]:InitAmGmm():gmm-init-model.cc:83) Very small count for state 767: 62; corresponding phone list: 101 102 103 104 
WARNING (gmm-init-model[5.5.883~1-3eea3]:InitAmGmm():gmm-init-model.cc:83) Very small count for state 769: 79; corresponding phone list: 161 162 163 164 
WARNING (gmm-init-model[5.5.883~1-3eea3]:InitAmGmm():gmm-init-model.cc:83) Very small count for state 774: 45; corresponding phone list: 113 114 115 116 
WARNING (gmm-init-model[5.5.883~1-3eea3]:InitAmGmm():gmm-init-model.cc:83) Very small count for state 778: 32; corresponding phone list: 101 102 103 104 
WARNING (gmm-init-model[5.5.883~1-3eea3]:InitAmGmm():gmm-init-model.cc:83) Very small count for state 802: 43; corresponding phone list: 101 102 103 104 
WARNING (gmm-init-model[5.5.883~1-3eea3]:InitAmGmm():gmm-init-model.cc:83) Very small count for state 828: 46; corresponding phone list: 49 50 51 52 
WARNING (gmm-init-model[5.5.883~1-3eea3]:InitAmGmm():gmm-init-model.cc:83) Very small count for state 836: 66; corresponding phone list: 133 134 135 136 
WARNING (gmm-init-model[5.5.883~1-3eea3]:InitAmGmm():gmm-init-model.cc:83) Very small count for state 865: 18; corresponding phone list: 117 118 119 120 
WARNING (gmm-init-model[5.5.883~1-3eea3]:InitAmGmm():gmm-init-model.cc:83) Very small count for state 874: 35; corresponding phone list: 33 34 35 36 
WARNING (gmm-init-model[5.5.883~1-3eea3]:InitAmGmm():gmm-init-model.cc:83) Very small count for state 876: 82; corresponding phone list: 117 118 119 120 
WARNING (gmm-init-model[5.5.883~1-3eea3]:InitAmGmm():gmm-init-model.cc:83) Very small count for state 886: 41; corresponding phone list: 101 102 103 104 
WARNING (gmm-init-model[5.5.883~1-3eea3]:InitAmGmm():gmm-init-model.cc:83) Very small count for state 890: 29; corresponding phone list: 117 118 119 120 
WARNING (gmm-init-model[5.5.883~1-3eea3]:InitAmGmm():gmm-init-model.cc:83) Very small count for state 892: 93; corresponding phone list: 125 126 127 128 
WARNING (gmm-init-model[5.5.883~1-3eea3]:InitAmGmm():gmm-init-model.cc:83) Very small count for state 906: 10; corresponding phone list: 121 122 123 124 
WARNING (gmm-init-model[5.5.883~1-3eea3]:InitAmGmm():gmm-init-model.cc:83) Very small count for state 908: 68; corresponding phone list: 129 130 132 
WARNING (gmm-init-model[5.5.883~1-3eea3]:InitAmGmm():gmm-init-model.cc:83) Very small count for state 924: 58; corresponding phone list: 73 75 76 
WARNING (gmm-init-model[5.5.883~1-3eea3]:InitAmGmm():gmm-init-model.cc:83) Very small count for state 926: 99; corresponding phone list: 97 98 99 100 
WARNING (gmm-init-model[5.5.883~1-3eea3]:InitAmGmm():gmm-init-model.cc:83) Very small count for state 928: 29; corresponding phone list: 101 102 103 104 
WARNING (gmm-init-model[5.5.883~1-3eea3]:InitAmGmm():gmm-init-model.cc:83) Very small count for state 937: 21; corresponding phone list: 37 38 39 40 
WARNING (gmm-init-model[5.5.883~1-3eea3]:InitAmGmm():gmm-init-model.cc:83) Very small count for state 956: 68; corresponding phone list: 33 34 35 36 
WARNING (gmm-init-model[5.5.883~1-3eea3]:InitAmGmm():gmm-init-model.cc:83) Very small count for state 971: 71; corresponding phone list: 85 86 87 88 
WARNING (gmm-init-model[5.5.883~1-3eea3]:InitAmGmm():gmm-init-model.cc:83) Very small count for state 991: 95; corresponding phone list: 73 74 75 76 
WARNING (gmm-init-model[5.5.883~1-3eea3]:InitAmGmm():gmm-init-model.cc:83) Very small count for state 996: 73; corresponding phone list: 97 98 99 100 
WARNING (gmm-init-model[5.5.883~1-3eea3]:InitAmGmm():gmm-init-model.cc:83) Very small count for state 1001: 20; corresponding phone list: 97 98 99 100 
WARNING (gmm-init-model[5.5.883~1-3eea3]:InitAmGmm():gmm-init-model.cc:83) Very small count for state 1009: 53; corresponding phone list: 149 150 151 152 
WARNING (gmm-init-model[5.5.883~1-3eea3]:InitAmGmm():gmm-init-model.cc:83) Very small count for state 1020: 58; corresponding phone list: 145 146 147 148 
WARNING (gmm-init-model[5.5.883~1-3eea3]:InitAmGmm():gmm-init-model.cc:83) Very small count for state 1024: 79; corresponding phone list: 85 86 87 88 
WARNING (gmm-init-model[5.5.883~1-3eea3]:InitAmGmm():gmm-init-model.cc:83) Very small count for state 1027: 91; corresponding phone list: 73 75 76 
WARNING (gmm-init-model[5.5.883~1-3eea3]:InitAmGmm():gmm-init-model.cc:83) Very small count for state 1039: 82; corresponding phone list: 29 30 31 32 
WARNING (gmm-init-model[5.5.883~1-3eea3]:InitAmGmm():gmm-init-model.cc:83) Very small count for state 1047: 38; corresponding phone list: 129 130 131 132 
WARNING (gmm-init-model[5.5.883~1-3eea3]:InitAmGmm():gmm-init-model.cc:83) Very small count for state 1052: 94; corresponding phone list: 93 94 95 96 
WARNING (gmm-init-model[5.5.883~1-3eea3]:InitAmGmm():gmm-init-model.cc:83) Very small count for state 1054: 34; corresponding phone list: 158 159 160 
WARNING (gmm-init-model[5.5.883~1-3eea3]:InitAmGmm():gmm-init-model.cc:83) Very small count for state 1066: 56; corresponding phone list: 73 74 75 76 
WARNING (gmm-init-model[5.5.883~1-3eea3]:InitAmGmm():gmm-init-model.cc:83) Very small count for state 1074: 67; corresponding phone list: 125 126 127 128 
WARNING (gmm-init-model[5.5.883~1-3eea3]:InitAmGmm():gmm-init-model.cc:83) Very small count for state 1075: 68; corresponding phone list: 78 79 80 
WARNING (gmm-init-model[5.5.883~1-3eea3]:InitAmGmm():gmm-init-model.cc:83) Very small count for state 1077: 65; corresponding phone list: 145 146 147 148 
WARNING (gmm-init-model[5.5.883~1-3eea3]:InitAmGmm():gmm-init-model.cc:83) Very small count for state 1083: 67; corresponding phone list: 161 162 163 164 
WARNING (gmm-init-model[5.5.883~1-3eea3]:InitAmGmm():gmm-init-model.cc:83) Very small count for state 1097: 82; corresponding phone list: 101 102 103 104 
WARNING (gmm-init-model[5.5.883~1-3eea3]:InitAmGmm():gmm-init-model.cc:83) Very small count for state 1154: 86; corresponding phone list: 73 74 75 76 
WARNING (gmm-init-model[5.5.883~1-3eea3]:InitAmGmm():gmm-init-model.cc:83) Very small count for state 1160: 36; corresponding phone list: 145 146 147 148 
WARNING (gmm-init-model[5.5.883~1-3eea3]:InitAmGmm():gmm-init-model.cc:83) Very small count for state 1169: 43; corresponding phone list: 41 42 43 44 
WARNING (gmm-init-model[5.5.883~1-3eea3]:InitAmGmm():gmm-init-model.cc:83) Very small count for state 1181: 99; corresponding phone list: 117 118 119 120 
WARNING (gmm-init-model[5.5.883~1-3eea3]:InitAmGmm():gmm-init-model.cc:83) Very small count for state 1201: 95; corresponding phone list: 101 102 103 104 
WARNING (gmm-init-model[5.5.883~1-3eea3]:InitAmGmm():gmm-init-model.cc:83) Very small count for state 1209: 56; corresponding phone list: 86 
WARNING (gmm-init-model[5.5.883~1-3eea3]:InitAmGmm():gmm-init-model.cc:83) Very small count for state 1217: 60; corresponding phone list: 85 86 87 88 
WARNING (gmm-init-model[5.5.883~1-3eea3]:InitAmGmm():gmm-init-model.cc:83) Very small count for state 1228: 95; corresponding phone list: 154 155 156 
WARNING (gmm-init-model[5.5.883~1-3eea3]:InitAmGmm():gmm-init-model.cc:83) Very small count for state 1234: 57; corresponding phone list: 141 142 143 144 
WARNING (gmm-init-model[5.5.883~1-3eea3]:InitAmGmm():gmm-init-model.cc:83) Very small count for state 1293: 59; corresponding phone list: 101 102 103 104 
WARNING (gmm-init-model[5.5.883~1-3eea3]:InitAmGmm():gmm-init-model.cc:83) Very small count for state 1328: 66; corresponding phone list: 21 22 23 24 
WARNING (gmm-init-model[5.5.883~1-3eea3]:InitAmGmm():gmm-init-model.cc:83) Very small count for state 1334: 45; corresponding phone list: 97 98 99 100 
WARNING (gmm-init-model[5.5.883~1-3eea3]:InitAmGmm():gmm-init-model.cc:83) Very small count for state 1356: 78; corresponding phone list: 101 102 103 104 
WARNING (gmm-init-model[5.5.883~1-3eea3]:InitAmGmm():gmm-init-model.cc:83) Very small count for state 1366: 76; corresponding phone list: 53 54 55 56 
WARNING (gmm-init-model[5.5.883~1-3eea3]:InitAmGmm():gmm-init-model.cc:83) Very small count for state 1375: 80; corresponding phone list: 81 82 83 84 
WARNING (gmm-init-model[5.5.883~1-3eea3]:InitAmGmm():gmm-init-model.cc:83) Very small count for state 1401: 40; corresponding phone list: 21 22 23 24 
WARNING (gmm-init-model[5.5.883~1-3eea3]:InitAmGmm():gmm-init-model.cc:83) Very small count for state 1419: 88; corresponding phone list: 85 86 87 88 
WARNING (gmm-init-model[5.5.883~1-3eea3]:InitAmGmm():gmm-init-model.cc:83) Very small count for state 1441: 79; corresponding phone list: 101 102 103 104 
WARNING (gmm-init-model[5.5.883~1-3eea3]:InitAmGmm():gmm-init-model.cc:83) Very small count for state 1449: 78; corresponding phone list: 73 75 76 
WARNING (gmm-init-model[5.5.883~1-3eea3]:InitAmGmm():gmm-init-model.cc:83) Very small count for state 1452: 74; corresponding phone list: 129 130 131 132 
WARNING (gmm-init-model[5.5.883~1-3eea3]:InitAmGmm():gmm-init-model.cc:83) Very small count for state 1476: 20; corresponding phone list: 85 86 87 88 
WARNING (gmm-init-model[5.5.883~1-3eea3]:InitAmGmm():gmm-init-model.cc:83) Very small count for state 1487: 42; corresponding phone list: 33 34 35 36 
WARNING (gmm-init-model[5.5.883~1-3eea3]:InitAmGmm():gmm-init-model.cc:83) Very small count for state 1489: 68; corresponding phone list: 146 
WARNING (gmm-init-model[5.5.883~1-3eea3]:InitAmGmm():gmm-init-model.cc:83) Very small count for state 1492: 77; corresponding phone list: 125 126 127 128 
WARNING (gmm-init-model[5.5.883~1-3eea3]:InitAmGmm():gmm-init-model.cc:83) Very small count for state 1509: 58; corresponding phone list: 93 94 95 96 
WARNING (gmm-init-model[5.5.883~1-3eea3]:InitAmGmm():gmm-init-model.cc:83) Very small count for state 1514: 93; corresponding phone list: 85 86 87 88 
WARNING (gmm-init-model[5.5.883~1-3eea3]:InitAmGmm():gmm-init-model.cc:83) Very small count for state 1553: 66; corresponding phone list: 125 126 127 128 
WARNING (gmm-init-model[5.5.883~1-3eea3]:InitAmGmm():gmm-init-model.cc:83) Very small count for state 1570: 96; corresponding phone list: 125 126 127 128 
WARNING (gmm-init-model[5.5.883~1-3eea3]:InitAmGmm():gmm-init-model.cc:83) Very small count for state 1586: 88; corresponding phone list: 113 114 115 116 
WARNING (gmm-init-model[5.5.883~1-3eea3]:InitAmGmm():gmm-init-model.cc:83) Very small count for state 1637: 82; corresponding phone list: 73 74 75 76 
WARNING (gmm-init-model[5.5.883~1-3eea3]:InitAmGmm():gmm-init-model.cc:83) Very small count for state 1647: 48; corresponding phone list: 57 58 59 60 
WARNING (gmm-init-model[5.5.883~1-3eea3]:InitAmGmm():gmm-init-model.cc:83) Very small count for state 1652: 45; corresponding phone list: 73 74 75 76 
WARNING (gmm-init-model[5.5.883~1-3eea3]:InitAmGmm():gmm-init-model.cc:83) Very small count for state 1671: 69; corresponding phone list: 53 54 55 56 
WARNING (gmm-init-model[5.5.883~1-3eea3]:InitAmGmm():gmm-init-model.cc:83) Very small count for state 1702: 88; corresponding phone list: 109 110 111 112 
WARNING (gmm-init-model[5.5.883~1-3eea3]:InitAmGmm():gmm-init-model.cc:83) Very small count for state 1703: 78; corresponding phone list: 21 22 23 24 
WARNING (gmm-init-model[5.5.883~1-3eea3]:InitAmGmm():gmm-init-model.cc:83) Very small count for state 1707: 20; corresponding phone list: 109 110 111 112 
WARNING (gmm-init-model[5.5.883~1-3eea3]:InitAmGmm():gmm-init-model.cc:83) Very small count for state 1730: 57; corresponding phone list: 117 118 119 120 
WARNING (gmm-init-model[5.5.883~1-3eea3]:InitAmGmm():gmm-init-model.cc:83) Very small count for state 1748: 85; corresponding phone list: 73 74 75 76 
WARNING (gmm-init-model[5.5.883~1-3eea3]:InitAmGmm():gmm-init-model.cc:83) Very small count for state 1796: 78; corresponding phone list: 113 114 116 
WARNING (gmm-init-model[5.5.883~1-3eea3]:InitAmGmm():gmm-init-model.cc:83) Very small count for state 1798: 96; corresponding phone list: 21 22 23 24 
WARNING (gmm-init-model[5.5.883~1-3eea3]:InitAmGmm():gmm-init-model.cc:83) Very small count for state 1803: 74; corresponding phone list: 101 102 103 104 
WARNING (gmm-init-model[5.5.883~1-3eea3]:InitAmGmm():gmm-init-model.cc:83) Very small count for state 1815: 81; corresponding phone list: 41 42 43 44 
WARNING (gmm-init-model[5.5.883~1-3eea3]:InitAmGmm():gmm-init-model.cc:83) Very small count for state 1830: 61; corresponding phone list: 93 94 95 96 
WARNING (gmm-init-model[5.5.883~1-3eea3]:InitAmGmm():gmm-init-model.cc:83) Very small count for state 1839: 96; corresponding phone list: 85 86 87 88 
WARNING (gmm-init-model[5.5.883~1-3eea3]:InitAmGmm():gmm-init-model.cc:83) Very small count for state 1874: 27; corresponding phone list: 77 78 79 80 
WARNING (gmm-init-model[5.5.883~1-3eea3]:InitAmGmm():gmm-init-model.cc:83) Very small count for state 1887: 54; corresponding phone list: 77 78 79 80 
WARNING (gmm-init-model[5.5.883~1-3eea3]:InitAmGmm():gmm-init-model.cc:83) Very small count for state 1906: 89; corresponding phone list: 133 134 135 136 
WARNING (gmm-init-model[5.5.883~1-3eea3]:InitAmGmm():gmm-init-model.cc:83) Very small count for state 1908: 83; corresponding phone list: 77 78 79 80 
WARNING (gmm-init-model[5.5.883~1-3eea3]:InitAmGmm():gmm-init-model.cc:83) Very small count for state 1922: 37; corresponding phone list: 93 94 95 96 
WARNING (gmm-init-model[5.5.883~1-3eea3]:InitAmGmm():gmm-init-model.cc:83) Very small count for state 1925: 13; corresponding phone list: 149 150 151 152 
WARNING (gmm-init-model[5.5.883~1-3eea3]:InitAmGmm():gmm-init-model.cc:83) Very small count for state 1943: 26; corresponding phone list: 69 70 71 72 
WARNING (gmm-init-model[5.5.883~1-3eea3]:InitAmGmm():gmm-init-model.cc:83) Very small count for state 1947: 74; corresponding phone list: 149 150 151 152 
WARNING (gmm-init-model[5.5.883~1-3eea3]:InitAmGmm():gmm-init-model.cc:83) Very small count for state 1965: 91; corresponding phone list: 57 58 59 60 
LOG (gmm-init-model[5.5.883~1-3eea3]:main():gmm-init-model.cc:306) Wrote model.
# Accounting: time=0 threads=1
# Ended (code 0) at Sat Feb 13 17:52:10 IST 2021, elapsed time 0 seconds
