# gmm-est --mix-up=27840 --power=0.25 --write-occs=exp/tri1/25.occs exp/tri1/24.mdl "gmm-sum-accs - exp/tri1/24.*.acc |" exp/tri1/25.mdl 
# Started at Sat Feb 13 17:54:15 IST 2021
#
gmm-est --mix-up=27840 --power=0.25 --write-occs=exp/tri1/25.occs exp/tri1/24.mdl 'gmm-sum-accs - exp/tri1/24.*.acc |' exp/tri1/25.mdl 
gmm-sum-accs - exp/tri1/24.1.acc exp/tri1/24.2.acc exp/tri1/24.3.acc exp/tri1/24.4.acc 
LOG (gmm-sum-accs[5.5.883~1-3eea3]:main():gmm-sum-accs.cc:63) Summed 4 stats, total count 1.20263e+06, avg like/frame -97.7755
LOG (gmm-sum-accs[5.5.883~1-3eea3]:main():gmm-sum-accs.cc:66) Total count of stats is 1.20263e+06
LOG (gmm-sum-accs[5.5.883~1-3eea3]:main():gmm-sum-accs.cc:67) Written stats to -
LOG (gmm-est[5.5.883~1-3eea3]:MleUpdate():transition-model.cc:528) TransitionModel::Update, objf change is 0 per frame over 1.20263e+06 frames. 
LOG (gmm-est[5.5.883~1-3eea3]:MleUpdate():transition-model.cc:531) 213 probabilities floored, 4394 out of 8137 transition-states skipped due to insuffient data (it is normal to have some skipped.)
LOG (gmm-est[5.5.883~1-3eea3]:main():gmm-est.cc:102) Transition model update: Overall 0 log-like improvement per frame over 1.20263e+06 frames.
WARNING (gmm-est[5.5.883~1-3eea3]:MleDiagGmmUpdate():mle-diag-gmm.cc:365) Gaussian has too little data but not removing it because it is the last Gaussian: i = 0, occ = 10, weight = 1
WARNING (gmm-est[5.5.883~1-3eea3]:MleDiagGmmUpdate():mle-diag-gmm.cc:365) Gaussian has too little data but not removing it because it is the last Gaussian: i = 0, occ = 0, weight = 1
WARNING (gmm-est[5.5.883~1-3eea3]:MleDiagGmmUpdate():mle-diag-gmm.cc:359) Too little data - removing Gaussian (weight 0.041849, occupation count 9.792713, vector size 39)
WARNING (gmm-est[5.5.883~1-3eea3]:MleDiagGmmUpdate():mle-diag-gmm.cc:359) Too little data - removing Gaussian (weight 0.039865, occupation count 9.487898, vector size 39)
WARNING (gmm-est[5.5.883~1-3eea3]:MleDiagGmmUpdate():mle-diag-gmm.cc:359) Too little data - removing Gaussian (weight 0.036603, occupation count 9.992679, vector size 39)
WARNING (gmm-est[5.5.883~1-3eea3]:MleDiagGmmUpdate():mle-diag-gmm.cc:359) Too little data - removing Gaussian (weight 0.038023, occupation count 10.000000, vector size 39)
WARNING (gmm-est[5.5.883~1-3eea3]:MleDiagGmmUpdate():mle-diag-gmm.cc:359) Too little data - removing Gaussian (weight 0.041667, occupation count 10.000000, vector size 39)
WARNING (gmm-est[5.5.883~1-3eea3]:MleDiagGmmUpdate():mle-diag-gmm.cc:359) Too little data - removing Gaussian (weight 0.045249, occupation count 9.999999, vector size 39)
LOG (gmm-est[5.5.883~1-3eea3]:MleAmDiagGmmUpdate():mle-am-diag-gmm.cc:225) 4 variance elements floored in 4 Gaussians, out of 26762
LOG (gmm-est[5.5.883~1-3eea3]:MleAmDiagGmmUpdate():mle-am-diag-gmm.cc:229) Removed 6 Gaussians due to counts < --min-gaussian-occupancy=10 and --remove-low-count-gaussians=true
LOG (gmm-est[5.5.883~1-3eea3]:main():gmm-est.cc:113) GMM update: Overall 0.108151 objective function improvement per frame over 1.20263e+06 frames
LOG (gmm-est[5.5.883~1-3eea3]:main():gmm-est.cc:116) GMM update: Overall avg like per frame = -97.7755 over 1.20263e+06 frames.
LOG (gmm-est[5.5.883~1-3eea3]:SplitByCount():am-diag-gmm.cc:116) Split 1968 states with target = 27840, power = 0.25, perturb_factor = 0.01 and min_count = 20, split #Gauss from 26762 to 27848
LOG (gmm-est[5.5.883~1-3eea3]:main():gmm-est.cc:146) Written model to exp/tri1/25.mdl
# Accounting: time=0 threads=1
# Ended (code 0) at Sat Feb 13 17:54:15 IST 2021, elapsed time 0 seconds
