# gmm-est --mix-up=7320 --power=0.25 --write-occs=exp/tri1/6.occs exp/tri1/5.mdl "gmm-sum-accs - exp/tri1/5.*.acc |" exp/tri1/6.mdl 
# Started at Mon Feb 15 12:03:21 IST 2021
#
gmm-est --mix-up=7320 --power=0.25 --write-occs=exp/tri1/6.occs exp/tri1/5.mdl 'gmm-sum-accs - exp/tri1/5.*.acc |' exp/tri1/6.mdl 
gmm-sum-accs - exp/tri1/5.1.acc exp/tri1/5.2.acc exp/tri1/5.3.acc exp/tri1/5.4.acc 
LOG (gmm-sum-accs[5.5.883~1-3eea3]:main():gmm-sum-accs.cc:63) Summed 4 stats, total count 399014, avg like/frame -102.885
LOG (gmm-sum-accs[5.5.883~1-3eea3]:main():gmm-sum-accs.cc:66) Total count of stats is 399014
LOG (gmm-sum-accs[5.5.883~1-3eea3]:main():gmm-sum-accs.cc:67) Written stats to -
LOG (gmm-est[5.5.883~1-3eea3]:MleUpdate():transition-model.cc:528) TransitionModel::Update, objf change is 0 per frame over 399014 frames. 
LOG (gmm-est[5.5.883~1-3eea3]:MleUpdate():transition-model.cc:531) 54 probabilities floored, 1724 out of 3493 transition-states skipped due to insuffient data (it is normal to have some skipped.)
LOG (gmm-est[5.5.883~1-3eea3]:main():gmm-est.cc:102) Transition model update: Overall 0 log-like improvement per frame over 399014 frames.
WARNING (gmm-est[5.5.883~1-3eea3]:MleDiagGmmUpdate():mle-diag-gmm.cc:365) Gaussian has too little data but not removing it because it is the last Gaussian: i = 0, occ = 3, weight = 1
WARNING (gmm-est[5.5.883~1-3eea3]:MleDiagGmmUpdate():mle-diag-gmm.cc:365) Gaussian has too little data but not removing it because it is the last Gaussian: i = 0, occ = 3, weight = 1
WARNING (gmm-est[5.5.883~1-3eea3]:MleDiagGmmUpdate():mle-diag-gmm.cc:365) Gaussian has too little data but not removing it because it is the last Gaussian: i = 0, occ = 0, weight = 1
WARNING (gmm-est[5.5.883~1-3eea3]:MleDiagGmmUpdate():mle-diag-gmm.cc:359) Too little data - removing Gaussian (weight 0.080488, occupation count 9.739022, vector size 39)
WARNING (gmm-est[5.5.883~1-3eea3]:MleDiagGmmUpdate():mle-diag-gmm.cc:359) Too little data - removing Gaussian (weight 0.065147, occupation count 7.361562, vector size 39)
WARNING (gmm-est[5.5.883~1-3eea3]:MleDiagGmmUpdate():mle-diag-gmm.cc:359) Too little data - removing Gaussian (weight 0.090664, occupation count 9.791695, vector size 39)
WARNING (gmm-est[5.5.883~1-3eea3]:MleDiagGmmUpdate():mle-diag-gmm.cc:359) Too little data - removing Gaussian (weight 0.123647, occupation count 9.026211, vector size 39)
WARNING (gmm-est[5.5.883~1-3eea3]:MleDiagGmmUpdate():mle-diag-gmm.cc:365) Gaussian has too little data but not removing it because it is the last Gaussian: i = 0, occ = 9, weight = 1
WARNING (gmm-est[5.5.883~1-3eea3]:MleDiagGmmUpdate():mle-diag-gmm.cc:359) Too little data - removing Gaussian (weight 0.053407, occupation count 9.666724, vector size 39)
WARNING (gmm-est[5.5.883~1-3eea3]:MleDiagGmmUpdate():mle-diag-gmm.cc:359) Too little data - removing Gaussian (weight 0.054918, occupation count 9.940228, vector size 39)
WARNING (gmm-est[5.5.883~1-3eea3]:MleDiagGmmUpdate():mle-diag-gmm.cc:359) Too little data - removing Gaussian (weight 0.067943, occupation count 9.172241, vector size 39)
WARNING (gmm-est[5.5.883~1-3eea3]:MleDiagGmmUpdate():mle-diag-gmm.cc:359) Too little data - removing Gaussian (weight 0.108686, occupation count 9.999090, vector size 39)
LOG (gmm-est[5.5.883~1-3eea3]:MleAmDiagGmmUpdate():mle-am-diag-gmm.cc:225) 0 variance elements floored in 0 Gaussians, out of 6232
LOG (gmm-est[5.5.883~1-3eea3]:MleAmDiagGmmUpdate():mle-am-diag-gmm.cc:229) Removed 8 Gaussians due to counts < --min-gaussian-occupancy=10 and --remove-low-count-gaussians=true
LOG (gmm-est[5.5.883~1-3eea3]:main():gmm-est.cc:113) GMM update: Overall 0.39168 objective function improvement per frame over 399014 frames
LOG (gmm-est[5.5.883~1-3eea3]:main():gmm-est.cc:116) GMM update: Overall avg like per frame = -102.885 over 399014 frames.
LOG (gmm-est[5.5.883~1-3eea3]:SplitByCount():am-diag-gmm.cc:116) Split 816 states with target = 7320, power = 0.25, perturb_factor = 0.01 and min_count = 20, split #Gauss from 6232 to 7320
LOG (gmm-est[5.5.883~1-3eea3]:main():gmm-est.cc:146) Written model to exp/tri1/6.mdl
# Accounting: time=0 threads=1
# Ended (code 0) at Mon Feb 15 12:03:21 IST 2021, elapsed time 0 seconds
