# gmm-est --mix-up=30000 --power=0.25 --write-occs=exp/tri1/29.occs exp/tri1/28.mdl "gmm-sum-accs - exp/tri1/28.*.acc |" exp/tri1/29.mdl 
# Started at Sat Feb 13 17:54:31 IST 2021
#
gmm-est --mix-up=30000 --power=0.25 --write-occs=exp/tri1/29.occs exp/tri1/28.mdl 'gmm-sum-accs - exp/tri1/28.*.acc |' exp/tri1/29.mdl 
gmm-sum-accs - exp/tri1/28.1.acc exp/tri1/28.2.acc exp/tri1/28.3.acc exp/tri1/28.4.acc 
LOG (gmm-sum-accs[5.5.883~1-3eea3]:main():gmm-sum-accs.cc:63) Summed 4 stats, total count 1.20263e+06, avg like/frame -97.0583
LOG (gmm-sum-accs[5.5.883~1-3eea3]:main():gmm-sum-accs.cc:66) Total count of stats is 1.20263e+06
LOG (gmm-sum-accs[5.5.883~1-3eea3]:main():gmm-sum-accs.cc:67) Written stats to -
LOG (gmm-est[5.5.883~1-3eea3]:MleUpdate():transition-model.cc:528) TransitionModel::Update, objf change is 0 per frame over 1.20263e+06 frames. 
LOG (gmm-est[5.5.883~1-3eea3]:MleUpdate():transition-model.cc:531) 213 probabilities floored, 4394 out of 8137 transition-states skipped due to insuffient data (it is normal to have some skipped.)
LOG (gmm-est[5.5.883~1-3eea3]:main():gmm-est.cc:102) Transition model update: Overall 0 log-like improvement per frame over 1.20263e+06 frames.
WARNING (gmm-est[5.5.883~1-3eea3]:MleDiagGmmUpdate():mle-diag-gmm.cc:365) Gaussian has too little data but not removing it because it is the last Gaussian: i = 0, occ = 10, weight = 1
WARNING (gmm-est[5.5.883~1-3eea3]:MleDiagGmmUpdate():mle-diag-gmm.cc:365) Gaussian has too little data but not removing it because it is the last Gaussian: i = 0, occ = 0, weight = 1
WARNING (gmm-est[5.5.883~1-3eea3]:MleDiagGmmUpdate():mle-diag-gmm.cc:359) Too little data - removing Gaussian (weight 0.033547, occupation count 9.963405, vector size 39)
WARNING (gmm-est[5.5.883~1-3eea3]:MleDiagGmmUpdate():mle-diag-gmm.cc:359) Too little data - removing Gaussian (weight 0.033646, occupation count 9.992964, vector size 39)
WARNING (gmm-est[5.5.883~1-3eea3]:MleDiagGmmUpdate():mle-diag-gmm.cc:359) Too little data - removing Gaussian (weight 0.029062, occupation count 9.910010, vector size 39)
WARNING (gmm-est[5.5.883~1-3eea3]:MleDiagGmmUpdate():mle-diag-gmm.cc:359) Too little data - removing Gaussian (weight 0.026507, occupation count 8.880000, vector size 39)
WARNING (gmm-est[5.5.883~1-3eea3]:MleDiagGmmUpdate():mle-diag-gmm.cc:359) Too little data - removing Gaussian (weight 0.020767, occupation count 9.968275, vector size 39)
WARNING (gmm-est[5.5.883~1-3eea3]:MleDiagGmmUpdate():mle-diag-gmm.cc:359) Too little data - removing Gaussian (weight 0.026329, occupation count 8.636048, vector size 39)
WARNING (gmm-est[5.5.883~1-3eea3]:MleDiagGmmUpdate():mle-diag-gmm.cc:359) Too little data - removing Gaussian (weight 0.027455, occupation count 9.554172, vector size 39)
WARNING (gmm-est[5.5.883~1-3eea3]:MleDiagGmmUpdate():mle-diag-gmm.cc:359) Too little data - removing Gaussian (weight 0.031056, occupation count 10.000000, vector size 39)
LOG (gmm-est[5.5.883~1-3eea3]:MleAmDiagGmmUpdate():mle-am-diag-gmm.cc:225) 5 variance elements floored in 5 Gaussians, out of 30001
LOG (gmm-est[5.5.883~1-3eea3]:MleAmDiagGmmUpdate():mle-am-diag-gmm.cc:229) Removed 8 Gaussians due to counts < --min-gaussian-occupancy=10 and --remove-low-count-gaussians=true
LOG (gmm-est[5.5.883~1-3eea3]:main():gmm-est.cc:113) GMM update: Overall 0.102761 objective function improvement per frame over 1.20263e+06 frames
LOG (gmm-est[5.5.883~1-3eea3]:main():gmm-est.cc:116) GMM update: Overall avg like per frame = -97.0583 over 1.20263e+06 frames.
LOG (gmm-est[5.5.883~1-3eea3]:SplitByCount():am-diag-gmm.cc:116) Split 1968 states with target = 30000, power = 0.25, perturb_factor = 0.01 and min_count = 20, split #Gauss from 30001 to 30009
LOG (gmm-est[5.5.883~1-3eea3]:main():gmm-est.cc:146) Written model to exp/tri1/29.mdl
# Accounting: time=0 threads=1
# Ended (code 0) at Sat Feb 13 17:54:31 IST 2021, elapsed time 0 seconds
