# gmm-est --mix-up=15960 --power=0.25 --write-occs=exp/tri1/14.occs exp/tri1/13.mdl "gmm-sum-accs - exp/tri1/13.*.acc |" exp/tri1/14.mdl 
# Started at Mon Feb 15 12:03:38 IST 2021
#
gmm-est --mix-up=15960 --power=0.25 --write-occs=exp/tri1/14.occs exp/tri1/13.mdl 'gmm-sum-accs - exp/tri1/13.*.acc |' exp/tri1/14.mdl 
gmm-sum-accs - exp/tri1/13.1.acc exp/tri1/13.2.acc exp/tri1/13.3.acc exp/tri1/13.4.acc 
LOG (gmm-sum-accs[5.5.883~1-3eea3]:main():gmm-sum-accs.cc:63) Summed 4 stats, total count 399014, avg like/frame -97.9814
LOG (gmm-sum-accs[5.5.883~1-3eea3]:main():gmm-sum-accs.cc:66) Total count of stats is 399014
LOG (gmm-sum-accs[5.5.883~1-3eea3]:main():gmm-sum-accs.cc:67) Written stats to -
LOG (gmm-est[5.5.883~1-3eea3]:MleUpdate():transition-model.cc:528) TransitionModel::Update, objf change is 0 per frame over 399014 frames. 
LOG (gmm-est[5.5.883~1-3eea3]:MleUpdate():transition-model.cc:531) 106 probabilities floored, 1723 out of 3493 transition-states skipped due to insuffient data (it is normal to have some skipped.)
LOG (gmm-est[5.5.883~1-3eea3]:main():gmm-est.cc:102) Transition model update: Overall 0 log-like improvement per frame over 399014 frames.
WARNING (gmm-est[5.5.883~1-3eea3]:MleDiagGmmUpdate():mle-diag-gmm.cc:365) Gaussian has too little data but not removing it because it is the last Gaussian: i = 0, occ = 3, weight = 1
WARNING (gmm-est[5.5.883~1-3eea3]:MleDiagGmmUpdate():mle-diag-gmm.cc:365) Gaussian has too little data but not removing it because it is the last Gaussian: i = 0, occ = 3, weight = 1
WARNING (gmm-est[5.5.883~1-3eea3]:MleDiagGmmUpdate():mle-diag-gmm.cc:365) Gaussian has too little data but not removing it because it is the last Gaussian: i = 0, occ = 0, weight = 1
WARNING (gmm-est[5.5.883~1-3eea3]:MleDiagGmmUpdate():mle-diag-gmm.cc:359) Too little data - removing Gaussian (weight 0.026580, occupation count 7.920955, vector size 39)
WARNING (gmm-est[5.5.883~1-3eea3]:MleDiagGmmUpdate():mle-diag-gmm.cc:359) Too little data - removing Gaussian (weight 0.023617, occupation count 9.588482, vector size 39)
WARNING (gmm-est[5.5.883~1-3eea3]:MleDiagGmmUpdate():mle-diag-gmm.cc:359) Too little data - removing Gaussian (weight 0.033914, occupation count 9.868984, vector size 39)
WARNING (gmm-est[5.5.883~1-3eea3]:MleDiagGmmUpdate():mle-diag-gmm.cc:359) Too little data - removing Gaussian (weight 0.021729, occupation count 8.539431, vector size 39)
WARNING (gmm-est[5.5.883~1-3eea3]:MleDiagGmmUpdate():mle-diag-gmm.cc:359) Too little data - removing Gaussian (weight 0.024250, occupation count 9.990977, vector size 39)
WARNING (gmm-est[5.5.883~1-3eea3]:MleDiagGmmUpdate():mle-diag-gmm.cc:359) Too little data - removing Gaussian (weight 0.024203, occupation count 9.729802, vector size 39)
WARNING (gmm-est[5.5.883~1-3eea3]:MleDiagGmmUpdate():mle-diag-gmm.cc:359) Too little data - removing Gaussian (weight 0.029343, occupation count 9.917885, vector size 39)
WARNING (gmm-est[5.5.883~1-3eea3]:MleDiagGmmUpdate():mle-diag-gmm.cc:359) Too little data - removing Gaussian (weight 0.023292, occupation count 9.223651, vector size 39)
WARNING (gmm-est[5.5.883~1-3eea3]:MleDiagGmmUpdate():mle-diag-gmm.cc:359) Too little data - removing Gaussian (weight 0.025975, occupation count 9.403061, vector size 39)
WARNING (gmm-est[5.5.883~1-3eea3]:MleDiagGmmUpdate():mle-diag-gmm.cc:359) Too little data - removing Gaussian (weight 0.024548, occupation count 9.230149, vector size 39)
WARNING (gmm-est[5.5.883~1-3eea3]:MleDiagGmmUpdate():mle-diag-gmm.cc:359) Too little data - removing Gaussian (weight 0.032720, occupation count 9.063346, vector size 39)
WARNING (gmm-est[5.5.883~1-3eea3]:MleDiagGmmUpdate():mle-diag-gmm.cc:365) Gaussian has too little data but not removing it because it is the last Gaussian: i = 0, occ = 9, weight = 1
WARNING (gmm-est[5.5.883~1-3eea3]:MleDiagGmmUpdate():mle-diag-gmm.cc:359) Too little data - removing Gaussian (weight 0.035962, occupation count 9.781717, vector size 39)
WARNING (gmm-est[5.5.883~1-3eea3]:MleDiagGmmUpdate():mle-diag-gmm.cc:359) Too little data - removing Gaussian (weight 0.017946, occupation count 9.278106, vector size 39)
WARNING (gmm-est[5.5.883~1-3eea3]:MleDiagGmmUpdate():mle-diag-gmm.cc:359) Too little data - removing Gaussian (weight 0.022610, occupation count 7.732501, vector size 39)
WARNING (gmm-est[5.5.883~1-3eea3]:MleDiagGmmUpdate():mle-diag-gmm.cc:359) Too little data - removing Gaussian (weight 0.033477, occupation count 9.507518, vector size 39)
WARNING (gmm-est[5.5.883~1-3eea3]:MleDiagGmmUpdate():mle-diag-gmm.cc:359) Too little data - removing Gaussian (weight 0.042310, occupation count 9.985183, vector size 39)
LOG (gmm-est[5.5.883~1-3eea3]:MleAmDiagGmmUpdate():mle-am-diag-gmm.cc:225) 0 variance elements floored in 0 Gaussians, out of 14878
LOG (gmm-est[5.5.883~1-3eea3]:MleAmDiagGmmUpdate():mle-am-diag-gmm.cc:229) Removed 16 Gaussians due to counts < --min-gaussian-occupancy=10 and --remove-low-count-gaussians=true
LOG (gmm-est[5.5.883~1-3eea3]:main():gmm-est.cc:113) GMM update: Overall 0.231373 objective function improvement per frame over 399014 frames
LOG (gmm-est[5.5.883~1-3eea3]:main():gmm-est.cc:116) GMM update: Overall avg like per frame = -97.9814 over 399014 frames.
LOG (gmm-est[5.5.883~1-3eea3]:SplitByCount():am-diag-gmm.cc:116) Split 816 states with target = 15960, power = 0.25, perturb_factor = 0.01 and min_count = 20, split #Gauss from 14878 to 15973
LOG (gmm-est[5.5.883~1-3eea3]:main():gmm-est.cc:146) Written model to exp/tri1/14.mdl
# Accounting: time=0 threads=1
# Ended (code 0) at Mon Feb 15 12:03:38 IST 2021, elapsed time 0 seconds
